[1.049s] Invoking command in '/home/andre/Desktop/Git/ROS_estudo/Modulo_basico/Parameters_class/src/python_parameters': PYTHONPATH=/home/andre/Desktop/Git/ROS_estudo/Modulo_basico/Parameters_class/src/build/python_parameters/prefix_override:/home/andre/Desktop/Git/ROS_estudo/Modulo_basico/Parameters_class/src/install/python_parameters/lib/python3.10/site-packages:${PYTHONPATH} /usr/bin/python3 setup.py egg_info --egg-base ../build/python_parameters build --build-base /home/andre/Desktop/Git/ROS_estudo/Modulo_basico/Parameters_class/src/build/python_parameters/build install --record /home/andre/Desktop/Git/ROS_estudo/Modulo_basico/Parameters_class/src/build/python_parameters/install.log --single-version-externally-managed
[1.460s] running egg_info
[1.461s] writing ../build/python_parameters/python_parameters.egg-info/PKG-INFO
[1.462s] writing dependency_links to ../build/python_parameters/python_parameters.egg-info/dependency_links.txt
[1.462s] writing entry points to ../build/python_parameters/python_parameters.egg-info/entry_points.txt
[1.462s] writing requirements to ../build/python_parameters/python_parameters.egg-info/requires.txt
[1.462s] writing top-level names to ../build/python_parameters/python_parameters.egg-info/top_level.txt
[1.465s] reading manifest file '../build/python_parameters/python_parameters.egg-info/SOURCES.txt'
[1.467s] writing manifest file '../build/python_parameters/python_parameters.egg-info/SOURCES.txt'
[1.467s] running build
[1.467s] running build_py
[1.468s] running install
[1.468s] /usr/lib/python3/dist-packages/setuptools/command/install.py:34: SetuptoolsDeprecationWarning: setup.py install is deprecated. Use build and pip and other standards-based tools.
[1.468s]   warnings.warn(
[1.469s] running install_lib
[1.470s] running install_data
[1.471s] running install_egg_info
[1.474s] removing '/home/andre/Desktop/Git/ROS_estudo/Modulo_basico/Parameters_class/src/install/python_parameters/lib/python3.10/site-packages/python_parameters-0.0.0-py3.10.egg-info' (and everything under it)
[1.474s] Copying ../build/python_parameters/python_parameters.egg-info to /home/andre/Desktop/Git/ROS_estudo/Modulo_basico/Parameters_class/src/install/python_parameters/lib/python3.10/site-packages/python_parameters-0.0.0-py3.10.egg-info
[1.476s] running install_scripts
[1.509s] Installing minimal_param_node script to /home/andre/Desktop/Git/ROS_estudo/Modulo_basico/Parameters_class/src/install/python_parameters/lib/python_parameters
[1.510s] writing list of installed files to '/home/andre/Desktop/Git/ROS_estudo/Modulo_basico/Parameters_class/src/build/python_parameters/install.log'
[1.551s] Invoked command in '/home/andre/Desktop/Git/ROS_estudo/Modulo_basico/Parameters_class/src/python_parameters' returned '0': PYTHONPATH=/home/andre/Desktop/Git/ROS_estudo/Modulo_basico/Parameters_class/src/build/python_parameters/prefix_override:/home/andre/Desktop/Git/ROS_estudo/Modulo_basico/Parameters_class/src/install/python_parameters/lib/python3.10/site-packages:${PYTHONPATH} /usr/bin/python3 setup.py egg_info --egg-base ../build/python_parameters build --build-base /home/andre/Desktop/Git/ROS_estudo/Modulo_basico/Parameters_class/src/build/python_parameters/build install --record /home/andre/Desktop/Git/ROS_estudo/Modulo_basico/Parameters_class/src/build/python_parameters/install.log --single-version-externally-managed
