[1.799s] Invoking command in '/home/andre/Desktop/Git/ROS_estudo/Service_custom/src/py_srvcli': PYTHONPATH=/home/andre/Desktop/Git/ROS_estudo/Service_custom/src/build/py_srvcli/prefix_override:/home/andre/Desktop/Git/ROS_estudo/Service_custom/src/install/py_srvcli/lib/python3.10/site-packages:${PYTHONPATH} /usr/bin/python3 setup.py egg_info --egg-base ../build/py_srvcli build --build-base /home/andre/Desktop/Git/ROS_estudo/Service_custom/src/build/py_srvcli/build install --record /home/andre/Desktop/Git/ROS_estudo/Service_custom/src/build/py_srvcli/install.log --single-version-externally-managed
[2.544s] running egg_info
[2.546s] creating ../build/py_srvcli/py_srvcli.egg-info
[2.547s] writing ../build/py_srvcli/py_srvcli.egg-info/PKG-INFO
[2.549s] writing dependency_links to ../build/py_srvcli/py_srvcli.egg-info/dependency_links.txt
[2.550s] writing entry points to ../build/py_srvcli/py_srvcli.egg-info/entry_points.txt
[2.551s] writing requirements to ../build/py_srvcli/py_srvcli.egg-info/requires.txt
[2.552s] writing top-level names to ../build/py_srvcli/py_srvcli.egg-info/top_level.txt
[2.553s] writing manifest file '../build/py_srvcli/py_srvcli.egg-info/SOURCES.txt'
[2.558s] reading manifest file '../build/py_srvcli/py_srvcli.egg-info/SOURCES.txt'
[2.560s] writing manifest file '../build/py_srvcli/py_srvcli.egg-info/SOURCES.txt'
[2.560s] running build
[2.560s] running build_py
[2.561s] creating /home/andre/Desktop/Git/ROS_estudo/Service_custom/src/build/py_srvcli/build
[2.561s] creating /home/andre/Desktop/Git/ROS_estudo/Service_custom/src/build/py_srvcli/build/lib
[2.561s] creating /home/andre/Desktop/Git/ROS_estudo/Service_custom/src/build/py_srvcli/build/lib/py_srvcli
[2.562s] copying py_srvcli/client.py -> /home/andre/Desktop/Git/ROS_estudo/Service_custom/src/build/py_srvcli/build/lib/py_srvcli
[2.562s] copying py_srvcli/__init__.py -> /home/andre/Desktop/Git/ROS_estudo/Service_custom/src/build/py_srvcli/build/lib/py_srvcli
[2.562s] copying py_srvcli/service.py -> /home/andre/Desktop/Git/ROS_estudo/Service_custom/src/build/py_srvcli/build/lib/py_srvcli
[2.562s] running install
[2.577s] /usr/lib/python3/dist-packages/setuptools/command/install.py:34: SetuptoolsDeprecationWarning: setup.py install is deprecated. Use build and pip and other standards-based tools.
[2.577s]   warnings.warn(
[2.578s] running install_lib
[2.579s] creating /home/andre/Desktop/Git/ROS_estudo/Service_custom/src/install/py_srvcli/lib/python3.10/site-packages/py_srvcli
[2.579s] copying /home/andre/Desktop/Git/ROS_estudo/Service_custom/src/build/py_srvcli/build/lib/py_srvcli/client.py -> /home/andre/Desktop/Git/ROS_estudo/Service_custom/src/install/py_srvcli/lib/python3.10/site-packages/py_srvcli
[2.580s] copying /home/andre/Desktop/Git/ROS_estudo/Service_custom/src/build/py_srvcli/build/lib/py_srvcli/__init__.py -> /home/andre/Desktop/Git/ROS_estudo/Service_custom/src/install/py_srvcli/lib/python3.10/site-packages/py_srvcli
[2.580s] copying /home/andre/Desktop/Git/ROS_estudo/Service_custom/src/build/py_srvcli/build/lib/py_srvcli/service.py -> /home/andre/Desktop/Git/ROS_estudo/Service_custom/src/install/py_srvcli/lib/python3.10/site-packages/py_srvcli
[2.581s] byte-compiling /home/andre/Desktop/Git/ROS_estudo/Service_custom/src/install/py_srvcli/lib/python3.10/site-packages/py_srvcli/client.py to client.cpython-310.pyc
[2.583s] byte-compiling /home/andre/Desktop/Git/ROS_estudo/Service_custom/src/install/py_srvcli/lib/python3.10/site-packages/py_srvcli/__init__.py to __init__.cpython-310.pyc
[2.583s] byte-compiling /home/andre/Desktop/Git/ROS_estudo/Service_custom/src/install/py_srvcli/lib/python3.10/site-packages/py_srvcli/service.py to service.cpython-310.pyc
[2.584s] running install_data
[2.585s] creating /home/andre/Desktop/Git/ROS_estudo/Service_custom/src/install/py_srvcli/share/ament_index
[2.585s] creating /home/andre/Desktop/Git/ROS_estudo/Service_custom/src/install/py_srvcli/share/ament_index/resource_index
[2.586s] creating /home/andre/Desktop/Git/ROS_estudo/Service_custom/src/install/py_srvcli/share/ament_index/resource_index/packages
[2.586s] copying resource/py_srvcli -> /home/andre/Desktop/Git/ROS_estudo/Service_custom/src/install/py_srvcli/share/ament_index/resource_index/packages
[2.586s] copying package.xml -> /home/andre/Desktop/Git/ROS_estudo/Service_custom/src/install/py_srvcli/share/py_srvcli
[2.586s] running install_egg_info
[2.589s] Copying ../build/py_srvcli/py_srvcli.egg-info to /home/andre/Desktop/Git/ROS_estudo/Service_custom/src/install/py_srvcli/lib/python3.10/site-packages/py_srvcli-0.0.0-py3.10.egg-info
[2.591s] running install_scripts
[2.633s] Installing client script to /home/andre/Desktop/Git/ROS_estudo/Service_custom/src/install/py_srvcli/lib/py_srvcli
[2.634s] Installing service script to /home/andre/Desktop/Git/ROS_estudo/Service_custom/src/install/py_srvcli/lib/py_srvcli
[2.635s] writing list of installed files to '/home/andre/Desktop/Git/ROS_estudo/Service_custom/src/build/py_srvcli/install.log'
[2.692s] Invoked command in '/home/andre/Desktop/Git/ROS_estudo/Service_custom/src/py_srvcli' returned '0': PYTHONPATH=/home/andre/Desktop/Git/ROS_estudo/Service_custom/src/build/py_srvcli/prefix_override:/home/andre/Desktop/Git/ROS_estudo/Service_custom/src/install/py_srvcli/lib/python3.10/site-packages:${PYTHONPATH} /usr/bin/python3 setup.py egg_info --egg-base ../build/py_srvcli build --build-base /home/andre/Desktop/Git/ROS_estudo/Service_custom/src/build/py_srvcli/build install --record /home/andre/Desktop/Git/ROS_estudo/Service_custom/src/build/py_srvcli/install.log --single-version-externally-managed
