[2.056s] Invoking command in '/home/andre/Desktop/Git/ROS_estudo/Simulacao_ROS2/src/ros2_gazebo_estudo': PYTHONPATH=/home/andre/Desktop/Git/ROS_estudo/Simulacao_ROS2/build/ros2_gazebo_estudo/prefix_override:/home/andre/Desktop/Git/ROS_estudo/Simulacao_ROS2/install/ros2_gazebo_estudo/lib/python3.10/site-packages:${PYTHONPATH} /usr/bin/python3 setup.py egg_info --egg-base ../../build/ros2_gazebo_estudo build --build-base /home/andre/Desktop/Git/ROS_estudo/Simulacao_ROS2/build/ros2_gazebo_estudo/build install --record /home/andre/Desktop/Git/ROS_estudo/Simulacao_ROS2/build/ros2_gazebo_estudo/install.log --single-version-externally-managed
[2.833s] running egg_info
[2.835s] writing ../../build/ros2_gazebo_estudo/ros2_gazebo_estudo.egg-info/PKG-INFO
[2.836s] writing dependency_links to ../../build/ros2_gazebo_estudo/ros2_gazebo_estudo.egg-info/dependency_links.txt
[2.836s] writing entry points to ../../build/ros2_gazebo_estudo/ros2_gazebo_estudo.egg-info/entry_points.txt
[2.836s] writing requirements to ../../build/ros2_gazebo_estudo/ros2_gazebo_estudo.egg-info/requires.txt
[2.837s] writing top-level names to ../../build/ros2_gazebo_estudo/ros2_gazebo_estudo.egg-info/top_level.txt
[2.843s] reading manifest file '../../build/ros2_gazebo_estudo/ros2_gazebo_estudo.egg-info/SOURCES.txt'
[2.848s] writing manifest file '../../build/ros2_gazebo_estudo/ros2_gazebo_estudo.egg-info/SOURCES.txt'
[2.849s] running build
[2.849s] running build_py
[2.849s] copying ros2_gazebo_estudo/cmd_vel_clt.py -> /home/andre/Desktop/Git/ROS_estudo/Simulacao_ROS2/build/ros2_gazebo_estudo/build/lib/ros2_gazebo_estudo
[2.849s] running install
[2.850s] /usr/lib/python3/dist-packages/setuptools/command/install.py:34: SetuptoolsDeprecationWarning: setup.py install is deprecated. Use build and pip and other standards-based tools.
[2.850s]   warnings.warn(
[2.850s] running install_lib
[2.851s] copying /home/andre/Desktop/Git/ROS_estudo/Simulacao_ROS2/build/ros2_gazebo_estudo/build/lib/ros2_gazebo_estudo/cmd_vel_clt.py -> /home/andre/Desktop/Git/ROS_estudo/Simulacao_ROS2/install/ros2_gazebo_estudo/lib/python3.10/site-packages/ros2_gazebo_estudo
[2.853s] byte-compiling /home/andre/Desktop/Git/ROS_estudo/Simulacao_ROS2/install/ros2_gazebo_estudo/lib/python3.10/site-packages/ros2_gazebo_estudo/cmd_vel_clt.py to cmd_vel_clt.cpython-310.pyc
[2.856s] running install_data
[2.858s] running install_egg_info
[2.863s] removing '/home/andre/Desktop/Git/ROS_estudo/Simulacao_ROS2/install/ros2_gazebo_estudo/lib/python3.10/site-packages/ros2_gazebo_estudo-0.0.0-py3.10.egg-info' (and everything under it)
[2.863s] Copying ../../build/ros2_gazebo_estudo/ros2_gazebo_estudo.egg-info to /home/andre/Desktop/Git/ROS_estudo/Simulacao_ROS2/install/ros2_gazebo_estudo/lib/python3.10/site-packages/ros2_gazebo_estudo-0.0.0-py3.10.egg-info
[2.865s] running install_scripts
[2.921s] Installing CmdVel_client script to /home/andre/Desktop/Git/ROS_estudo/Simulacao_ROS2/install/ros2_gazebo_estudo/lib/ros2_gazebo_estudo
[2.921s] Installing LaserScan_service script to /home/andre/Desktop/Git/ROS_estudo/Simulacao_ROS2/install/ros2_gazebo_estudo/lib/ros2_gazebo_estudo
[2.923s] writing list of installed files to '/home/andre/Desktop/Git/ROS_estudo/Simulacao_ROS2/build/ros2_gazebo_estudo/install.log'
[3.021s] Invoked command in '/home/andre/Desktop/Git/ROS_estudo/Simulacao_ROS2/src/ros2_gazebo_estudo' returned '0': PYTHONPATH=/home/andre/Desktop/Git/ROS_estudo/Simulacao_ROS2/build/ros2_gazebo_estudo/prefix_override:/home/andre/Desktop/Git/ROS_estudo/Simulacao_ROS2/install/ros2_gazebo_estudo/lib/python3.10/site-packages:${PYTHONPATH} /usr/bin/python3 setup.py egg_info --egg-base ../../build/ros2_gazebo_estudo build --build-base /home/andre/Desktop/Git/ROS_estudo/Simulacao_ROS2/build/ros2_gazebo_estudo/build install --record /home/andre/Desktop/Git/ROS_estudo/Simulacao_ROS2/build/ros2_gazebo_estudo/install.log --single-version-externally-managed
