[2.581s] Invoking command in '/home/andre/Desktop/Git/ROS_estudo/Simulacao_ROS2/src/ros2_gazebo_estudo': PYTHONPATH=/home/andre/Desktop/Git/ROS_estudo/Simulacao_ROS2/build/ros2_gazebo_estudo/prefix_override:/home/andre/Desktop/Git/ROS_estudo/Simulacao_ROS2/install/ros2_gazebo_estudo/lib/python3.10/site-packages:${PYTHONPATH} /usr/bin/python3 setup.py egg_info --egg-base ../../build/ros2_gazebo_estudo build --build-base /home/andre/Desktop/Git/ROS_estudo/Simulacao_ROS2/build/ros2_gazebo_estudo/build install --record /home/andre/Desktop/Git/ROS_estudo/Simulacao_ROS2/build/ros2_gazebo_estudo/install.log --single-version-externally-managed
[3.535s] running egg_info
[3.538s] writing ../../build/ros2_gazebo_estudo/ros2_gazebo_estudo.egg-info/PKG-INFO
[3.541s] writing dependency_links to ../../build/ros2_gazebo_estudo/ros2_gazebo_estudo.egg-info/dependency_links.txt
[3.541s] writing entry points to ../../build/ros2_gazebo_estudo/ros2_gazebo_estudo.egg-info/entry_points.txt
[3.541s] writing requirements to ../../build/ros2_gazebo_estudo/ros2_gazebo_estudo.egg-info/requires.txt
[3.542s] writing top-level names to ../../build/ros2_gazebo_estudo/ros2_gazebo_estudo.egg-info/top_level.txt
[3.546s] reading manifest file '../../build/ros2_gazebo_estudo/ros2_gazebo_estudo.egg-info/SOURCES.txt'
[3.548s] writing manifest file '../../build/ros2_gazebo_estudo/ros2_gazebo_estudo.egg-info/SOURCES.txt'
[3.550s] /usr/lib/python3/dist-packages/setuptools/command/install.py:34: SetuptoolsDeprecationWarning: setup.py install is deprecated. Use build and pip and other standards-based tools.
[3.550s]   warnings.warn(
[3.552s] running build
[3.552s] running build_py
[3.553s] copying ros2_gazebo_estudo/cmd_vel_clt.py -> /home/andre/Desktop/Git/ROS_estudo/Simulacao_ROS2/build/ros2_gazebo_estudo/build/lib/ros2_gazebo_estudo
[3.553s] running install
[3.553s] running install_lib
[3.555s] copying /home/andre/Desktop/Git/ROS_estudo/Simulacao_ROS2/build/ros2_gazebo_estudo/build/lib/ros2_gazebo_estudo/cmd_vel_clt.py -> /home/andre/Desktop/Git/ROS_estudo/Simulacao_ROS2/install/ros2_gazebo_estudo/lib/python3.10/site-packages/ros2_gazebo_estudo
[3.555s] byte-compiling /home/andre/Desktop/Git/ROS_estudo/Simulacao_ROS2/install/ros2_gazebo_estudo/lib/python3.10/site-packages/ros2_gazebo_estudo/cmd_vel_clt.py to cmd_vel_clt.cpython-310.pyc
[3.558s] running install_data
[3.559s] running install_egg_info
[3.563s] removing '/home/andre/Desktop/Git/ROS_estudo/Simulacao_ROS2/install/ros2_gazebo_estudo/lib/python3.10/site-packages/ros2_gazebo_estudo-0.0.0-py3.10.egg-info' (and everything under it)
[3.574s] Copying ../../build/ros2_gazebo_estudo/ros2_gazebo_estudo.egg-info to /home/andre/Desktop/Git/ROS_estudo/Simulacao_ROS2/install/ros2_gazebo_estudo/lib/python3.10/site-packages/ros2_gazebo_estudo-0.0.0-py3.10.egg-info
[3.574s] running install_scripts
[3.653s] Installing CmdVel_client script to /home/andre/Desktop/Git/ROS_estudo/Simulacao_ROS2/install/ros2_gazebo_estudo/lib/ros2_gazebo_estudo
[3.656s] Installing LaserScan_service script to /home/andre/Desktop/Git/ROS_estudo/Simulacao_ROS2/install/ros2_gazebo_estudo/lib/ros2_gazebo_estudo
[3.656s] writing list of installed files to '/home/andre/Desktop/Git/ROS_estudo/Simulacao_ROS2/build/ros2_gazebo_estudo/install.log'
[3.759s] Invoked command in '/home/andre/Desktop/Git/ROS_estudo/Simulacao_ROS2/src/ros2_gazebo_estudo' returned '0': PYTHONPATH=/home/andre/Desktop/Git/ROS_estudo/Simulacao_ROS2/build/ros2_gazebo_estudo/prefix_override:/home/andre/Desktop/Git/ROS_estudo/Simulacao_ROS2/install/ros2_gazebo_estudo/lib/python3.10/site-packages:${PYTHONPATH} /usr/bin/python3 setup.py egg_info --egg-base ../../build/ros2_gazebo_estudo build --build-base /home/andre/Desktop/Git/ROS_estudo/Simulacao_ROS2/build/ros2_gazebo_estudo/build install --record /home/andre/Desktop/Git/ROS_estudo/Simulacao_ROS2/build/ros2_gazebo_estudo/install.log --single-version-externally-managed
