[0.085s] Invoking command in '/home/andre/Desktop/Git/ROS_estudo/Simulacao_ROS2/src/build/interfaces_to_gazebo': CMAKE_PREFIX_PATH=${CMAKE_PREFIX_PATH}:/home/andre/Desktop/Git/ROS_estudo/Simulacao_ROS2/src/install/ros2_gazebo_estudo:/home/andre/Desktop/Git/ROS_estudo/Simulacao_ROS2/install/ros2_gazebo_estudo:/opt/ros/humble /usr/bin/cmake --build /home/andre/Desktop/Git/ROS_estudo/Simulacao_ROS2/src/build/interfaces_to_gazebo -- -j4 -l4
[0.293s] [  9%] Built target interfaces_to_gazebo__rosidl_generator_c
[0.305s] [ 12%] Built target interfaces_to_gazebo__cpp
[0.439s] [ 12%] Built target ament_cmake_python_copy_interfaces_to_gazebo
[0.454s] [ 22%] Built target interfaces_to_gazebo__rosidl_typesupport_introspection_c
[0.475s] [ 32%] Built target interfaces_to_gazebo__rosidl_typesupport_fastrtps_c
[0.488s] [ 41%] Built target interfaces_to_gazebo__rosidl_typesupport_c
[0.566s] [ 51%] Built target interfaces_to_gazebo__rosidl_typesupport_introspection_cpp
[0.604s] [ 61%] Built target interfaces_to_gazebo__rosidl_typesupport_fastrtps_cpp
[0.640s] [ 70%] Built target interfaces_to_gazebo__rosidl_typesupport_cpp
[0.711s] [ 70%] Built target interfaces_to_gazebo
[0.813s] [ 74%] Built target interfaces_to_gazebo__py
[0.925s] [ 80%] Built target interfaces_to_gazebo__rosidl_generator_py
[1.100s] [ 87%] Built target interfaces_to_gazebo__rosidl_typesupport_introspection_c__pyext
[1.138s] [ 93%] Built target interfaces_to_gazebo__rosidl_typesupport_fastrtps_c__pyext
[1.138s] [100%] Built target interfaces_to_gazebo__rosidl_typesupport_c__pyext
[2.066s] running egg_info
[2.070s] writing interfaces_to_gazebo.egg-info/PKG-INFO
[2.073s] writing dependency_links to interfaces_to_gazebo.egg-info/dependency_links.txt
[2.074s] writing top-level names to interfaces_to_gazebo.egg-info/top_level.txt
[2.083s] reading manifest file 'interfaces_to_gazebo.egg-info/SOURCES.txt'
[2.087s] writing manifest file 'interfaces_to_gazebo.egg-info/SOURCES.txt'
[2.189s] [100%] Built target ament_cmake_python_build_interfaces_to_gazebo_egg
[2.222s] Invoked command in '/home/andre/Desktop/Git/ROS_estudo/Simulacao_ROS2/src/build/interfaces_to_gazebo' returned '0': CMAKE_PREFIX_PATH=${CMAKE_PREFIX_PATH}:/home/andre/Desktop/Git/ROS_estudo/Simulacao_ROS2/src/install/ros2_gazebo_estudo:/home/andre/Desktop/Git/ROS_estudo/Simulacao_ROS2/install/ros2_gazebo_estudo:/opt/ros/humble /usr/bin/cmake --build /home/andre/Desktop/Git/ROS_estudo/Simulacao_ROS2/src/build/interfaces_to_gazebo -- -j4 -l4
[2.485s] Invoking command in '/home/andre/Desktop/Git/ROS_estudo/Simulacao_ROS2/src/build/interfaces_to_gazebo': CMAKE_PREFIX_PATH=${CMAKE_PREFIX_PATH}:/home/andre/Desktop/Git/ROS_estudo/Simulacao_ROS2/src/install/ros2_gazebo_estudo:/home/andre/Desktop/Git/ROS_estudo/Simulacao_ROS2/install/ros2_gazebo_estudo:/opt/ros/humble /usr/bin/cmake --install /home/andre/Desktop/Git/ROS_estudo/Simulacao_ROS2/src/build/interfaces_to_gazebo
[2.512s] -- Install configuration: ""
[2.515s] -- Up-to-date: /home/andre/Desktop/Git/ROS_estudo/Simulacao_ROS2/src/install/interfaces_to_gazebo/share/ament_index/resource_index/rosidl_interfaces/interfaces_to_gazebo
[2.516s] -- Up-to-date: /home/andre/Desktop/Git/ROS_estudo/Simulacao_ROS2/src/install/interfaces_to_gazebo/include/interfaces_to_gazebo/interfaces_to_gazebo
[2.521s] -- Up-to-date: /home/andre/Desktop/Git/ROS_estudo/Simulacao_ROS2/src/install/interfaces_to_gazebo/include/interfaces_to_gazebo/interfaces_to_gazebo/srv
[2.524s] -- Up-to-date: /home/andre/Desktop/Git/ROS_estudo/Simulacao_ROS2/src/install/interfaces_to_gazebo/include/interfaces_to_gazebo/interfaces_to_gazebo/srv/detail
[2.527s] -- Up-to-date: /home/andre/Desktop/Git/ROS_estudo/Simulacao_ROS2/src/install/interfaces_to_gazebo/include/interfaces_to_gazebo/interfaces_to_gazebo/srv/detail/rqt_laser_scan__functions.h
[2.528s] -- Up-to-date: /home/andre/Desktop/Git/ROS_estudo/Simulacao_ROS2/src/install/interfaces_to_gazebo/include/interfaces_to_gazebo/interfaces_to_gazebo/srv/detail/rqt_laser_scan__type_support.h
[2.532s] -- Up-to-date: /home/andre/Desktop/Git/ROS_estudo/Simulacao_ROS2/src/install/interfaces_to_gazebo/include/interfaces_to_gazebo/interfaces_to_gazebo/srv/detail/rqt_laser_scan__functions.c
[2.533s] -- Up-to-date: /home/andre/Desktop/Git/ROS_estudo/Simulacao_ROS2/src/install/interfaces_to_gazebo/include/interfaces_to_gazebo/interfaces_to_gazebo/srv/detail/rqt_laser_scan__struct.h
[2.537s] -- Up-to-date: /home/andre/Desktop/Git/ROS_estudo/Simulacao_ROS2/src/install/interfaces_to_gazebo/include/interfaces_to_gazebo/interfaces_to_gazebo/srv/rqt_laser_scan.h
[2.538s] -- Up-to-date: /home/andre/Desktop/Git/ROS_estudo/Simulacao_ROS2/src/install/interfaces_to_gazebo/include/interfaces_to_gazebo/interfaces_to_gazebo/msg
[2.539s] -- Up-to-date: /home/andre/Desktop/Git/ROS_estudo/Simulacao_ROS2/src/install/interfaces_to_gazebo/include/interfaces_to_gazebo/interfaces_to_gazebo/msg/rosidl_generator_c__visibility_control.h
[2.540s] -- Up-to-date: /home/andre/Desktop/Git/ROS_estudo/Simulacao_ROS2/src/install/interfaces_to_gazebo/share/interfaces_to_gazebo/environment/library_path.sh
[2.541s] -- Up-to-date: /home/andre/Desktop/Git/ROS_estudo/Simulacao_ROS2/src/install/interfaces_to_gazebo/share/interfaces_to_gazebo/environment/library_path.dsv
[2.553s] -- Up-to-date: /home/andre/Desktop/Git/ROS_estudo/Simulacao_ROS2/src/install/interfaces_to_gazebo/lib/libinterfaces_to_gazebo__rosidl_generator_c.so
[2.556s] -- Up-to-date: /home/andre/Desktop/Git/ROS_estudo/Simulacao_ROS2/src/install/interfaces_to_gazebo/include/interfaces_to_gazebo/interfaces_to_gazebo
[2.561s] -- Up-to-date: /home/andre/Desktop/Git/ROS_estudo/Simulacao_ROS2/src/install/interfaces_to_gazebo/include/interfaces_to_gazebo/interfaces_to_gazebo/srv
[2.562s] -- Up-to-date: /home/andre/Desktop/Git/ROS_estudo/Simulacao_ROS2/src/install/interfaces_to_gazebo/include/interfaces_to_gazebo/interfaces_to_gazebo/srv/detail
[2.562s] -- Up-to-date: /home/andre/Desktop/Git/ROS_estudo/Simulacao_ROS2/src/install/interfaces_to_gazebo/include/interfaces_to_gazebo/interfaces_to_gazebo/srv/detail/rqt_laser_scan__rosidl_typesupport_fastrtps_c.h
[2.563s] -- Up-to-date: /home/andre/Desktop/Git/ROS_estudo/Simulacao_ROS2/src/install/interfaces_to_gazebo/include/interfaces_to_gazebo/interfaces_to_gazebo/msg
[2.564s] -- Up-to-date: /home/andre/Desktop/Git/ROS_estudo/Simulacao_ROS2/src/install/interfaces_to_gazebo/include/interfaces_to_gazebo/interfaces_to_gazebo/msg/rosidl_typesupport_fastrtps_c__visibility_control.h
[2.569s] -- Up-to-date: /home/andre/Desktop/Git/ROS_estudo/Simulacao_ROS2/src/install/interfaces_to_gazebo/lib/libinterfaces_to_gazebo__rosidl_typesupport_fastrtps_c.so
[2.570s] -- Up-to-date: /home/andre/Desktop/Git/ROS_estudo/Simulacao_ROS2/src/install/interfaces_to_gazebo/include/interfaces_to_gazebo/interfaces_to_gazebo
[2.571s] -- Up-to-date: /home/andre/Desktop/Git/ROS_estudo/Simulacao_ROS2/src/install/interfaces_to_gazebo/include/interfaces_to_gazebo/interfaces_to_gazebo/srv
[2.571s] -- Up-to-date: /home/andre/Desktop/Git/ROS_estudo/Simulacao_ROS2/src/install/interfaces_to_gazebo/include/interfaces_to_gazebo/interfaces_to_gazebo/srv/rqt_laser_scan.hpp
[2.574s] -- Up-to-date: /home/andre/Desktop/Git/ROS_estudo/Simulacao_ROS2/src/install/interfaces_to_gazebo/include/interfaces_to_gazebo/interfaces_to_gazebo/srv/detail
[2.575s] -- Up-to-date: /home/andre/Desktop/Git/ROS_estudo/Simulacao_ROS2/src/install/interfaces_to_gazebo/include/interfaces_to_gazebo/interfaces_to_gazebo/srv/detail/rqt_laser_scan__struct.hpp
[2.576s] -- Up-to-date: /home/andre/Desktop/Git/ROS_estudo/Simulacao_ROS2/src/install/interfaces_to_gazebo/include/interfaces_to_gazebo/interfaces_to_gazebo/srv/detail/rqt_laser_scan__builder.hpp
[2.582s] -- Up-to-date: /home/andre/Desktop/Git/ROS_estudo/Simulacao_ROS2/src/install/interfaces_to_gazebo/include/interfaces_to_gazebo/interfaces_to_gazebo/srv/detail/rqt_laser_scan__traits.hpp
[2.582s] -- Up-to-date: /home/andre/Desktop/Git/ROS_estudo/Simulacao_ROS2/src/install/interfaces_to_gazebo/include/interfaces_to_gazebo/interfaces_to_gazebo
[2.583s] -- Up-to-date: /home/andre/Desktop/Git/ROS_estudo/Simulacao_ROS2/src/install/interfaces_to_gazebo/include/interfaces_to_gazebo/interfaces_to_gazebo/srv
[2.583s] -- Up-to-date: /home/andre/Desktop/Git/ROS_estudo/Simulacao_ROS2/src/install/interfaces_to_gazebo/include/interfaces_to_gazebo/interfaces_to_gazebo/srv/detail
[2.584s] -- Up-to-date: /home/andre/Desktop/Git/ROS_estudo/Simulacao_ROS2/src/install/interfaces_to_gazebo/include/interfaces_to_gazebo/interfaces_to_gazebo/srv/detail/rqt_laser_scan__rosidl_typesupport_fastrtps_cpp.hpp
[2.584s] -- Up-to-date: /home/andre/Desktop/Git/ROS_estudo/Simulacao_ROS2/src/install/interfaces_to_gazebo/include/interfaces_to_gazebo/interfaces_to_gazebo/srv/detail/dds_fastrtps
[2.584s] -- Up-to-date: /home/andre/Desktop/Git/ROS_estudo/Simulacao_ROS2/src/install/interfaces_to_gazebo/include/interfaces_to_gazebo/interfaces_to_gazebo/msg
[2.585s] -- Up-to-date: /home/andre/Desktop/Git/ROS_estudo/Simulacao_ROS2/src/install/interfaces_to_gazebo/include/interfaces_to_gazebo/interfaces_to_gazebo/msg/rosidl_typesupport_fastrtps_cpp__visibility_control.h
[2.585s] -- Up-to-date: /home/andre/Desktop/Git/ROS_estudo/Simulacao_ROS2/src/install/interfaces_to_gazebo/lib/libinterfaces_to_gazebo__rosidl_typesupport_fastrtps_cpp.so
[2.585s] -- Up-to-date: /home/andre/Desktop/Git/ROS_estudo/Simulacao_ROS2/src/install/interfaces_to_gazebo/include/interfaces_to_gazebo/interfaces_to_gazebo
[2.585s] -- Up-to-date: /home/andre/Desktop/Git/ROS_estudo/Simulacao_ROS2/src/install/interfaces_to_gazebo/include/interfaces_to_gazebo/interfaces_to_gazebo/srv
[2.586s] -- Up-to-date: /home/andre/Desktop/Git/ROS_estudo/Simulacao_ROS2/src/install/interfaces_to_gazebo/include/interfaces_to_gazebo/interfaces_to_gazebo/srv/detail
[2.586s] -- Up-to-date: /home/andre/Desktop/Git/ROS_estudo/Simulacao_ROS2/src/install/interfaces_to_gazebo/include/interfaces_to_gazebo/interfaces_to_gazebo/srv/detail/rqt_laser_scan__type_support.c
[2.594s] -- Up-to-date: /home/andre/Desktop/Git/ROS_estudo/Simulacao_ROS2/src/install/interfaces_to_gazebo/include/interfaces_to_gazebo/interfaces_to_gazebo/srv/detail/rqt_laser_scan__rosidl_typesupport_introspection_c.h
[2.594s] -- Up-to-date: /home/andre/Desktop/Git/ROS_estudo/Simulacao_ROS2/src/install/interfaces_to_gazebo/include/interfaces_to_gazebo/interfaces_to_gazebo/msg
[2.594s] -- Up-to-date: /home/andre/Desktop/Git/ROS_estudo/Simulacao_ROS2/src/install/interfaces_to_gazebo/include/interfaces_to_gazebo/interfaces_to_gazebo/msg/rosidl_typesupport_introspection_c__visibility_control.h
[2.595s] -- Up-to-date: /home/andre/Desktop/Git/ROS_estudo/Simulacao_ROS2/src/install/interfaces_to_gazebo/lib/libinterfaces_to_gazebo__rosidl_typesupport_introspection_c.so
[2.595s] -- Up-to-date: /home/andre/Desktop/Git/ROS_estudo/Simulacao_ROS2/src/install/interfaces_to_gazebo/lib/libinterfaces_to_gazebo__rosidl_typesupport_c.so
[2.595s] -- Up-to-date: /home/andre/Desktop/Git/ROS_estudo/Simulacao_ROS2/src/install/interfaces_to_gazebo/include/interfaces_to_gazebo/interfaces_to_gazebo
[2.595s] -- Up-to-date: /home/andre/Desktop/Git/ROS_estudo/Simulacao_ROS2/src/install/interfaces_to_gazebo/include/interfaces_to_gazebo/interfaces_to_gazebo/srv
[2.596s] -- Up-to-date: /home/andre/Desktop/Git/ROS_estudo/Simulacao_ROS2/src/install/interfaces_to_gazebo/include/interfaces_to_gazebo/interfaces_to_gazebo/srv/detail
[2.596s] -- Up-to-date: /home/andre/Desktop/Git/ROS_estudo/Simulacao_ROS2/src/install/interfaces_to_gazebo/include/interfaces_to_gazebo/interfaces_to_gazebo/srv/detail/rqt_laser_scan__rosidl_typesupport_introspection_cpp.hpp
[2.596s] -- Up-to-date: /home/andre/Desktop/Git/ROS_estudo/Simulacao_ROS2/src/install/interfaces_to_gazebo/include/interfaces_to_gazebo/interfaces_to_gazebo/srv/detail/rqt_laser_scan__type_support.cpp
[2.596s] -- Up-to-date: /home/andre/Desktop/Git/ROS_estudo/Simulacao_ROS2/src/install/interfaces_to_gazebo/lib/libinterfaces_to_gazebo__rosidl_typesupport_introspection_cpp.so
[2.605s] -- Up-to-date: /home/andre/Desktop/Git/ROS_estudo/Simulacao_ROS2/src/install/interfaces_to_gazebo/lib/libinterfaces_to_gazebo__rosidl_typesupport_cpp.so
[2.606s] -- Up-to-date: /home/andre/Desktop/Git/ROS_estudo/Simulacao_ROS2/src/install/interfaces_to_gazebo/share/interfaces_to_gazebo/environment/pythonpath.sh
[2.606s] -- Up-to-date: /home/andre/Desktop/Git/ROS_estudo/Simulacao_ROS2/src/install/interfaces_to_gazebo/share/interfaces_to_gazebo/environment/pythonpath.dsv
[2.606s] -- Up-to-date: /home/andre/Desktop/Git/ROS_estudo/Simulacao_ROS2/src/install/interfaces_to_gazebo/local/lib/python3.10/dist-packages/interfaces_to_gazebo-0.0.0-py3.10.egg-info
[2.606s] -- Installing: /home/andre/Desktop/Git/ROS_estudo/Simulacao_ROS2/src/install/interfaces_to_gazebo/local/lib/python3.10/dist-packages/interfaces_to_gazebo-0.0.0-py3.10.egg-info/dependency_links.txt
[2.607s] -- Installing: /home/andre/Desktop/Git/ROS_estudo/Simulacao_ROS2/src/install/interfaces_to_gazebo/local/lib/python3.10/dist-packages/interfaces_to_gazebo-0.0.0-py3.10.egg-info/top_level.txt
[2.607s] -- Installing: /home/andre/Desktop/Git/ROS_estudo/Simulacao_ROS2/src/install/interfaces_to_gazebo/local/lib/python3.10/dist-packages/interfaces_to_gazebo-0.0.0-py3.10.egg-info/PKG-INFO
[2.607s] -- Installing: /home/andre/Desktop/Git/ROS_estudo/Simulacao_ROS2/src/install/interfaces_to_gazebo/local/lib/python3.10/dist-packages/interfaces_to_gazebo-0.0.0-py3.10.egg-info/SOURCES.txt
[2.607s] -- Up-to-date: /home/andre/Desktop/Git/ROS_estudo/Simulacao_ROS2/src/install/interfaces_to_gazebo/local/lib/python3.10/dist-packages/interfaces_to_gazebo
[2.608s] -- Up-to-date: /home/andre/Desktop/Git/ROS_estudo/Simulacao_ROS2/src/install/interfaces_to_gazebo/local/lib/python3.10/dist-packages/interfaces_to_gazebo/srv
[2.608s] -- Up-to-date: /home/andre/Desktop/Git/ROS_estudo/Simulacao_ROS2/src/install/interfaces_to_gazebo/local/lib/python3.10/dist-packages/interfaces_to_gazebo/srv/__init__.py
[2.608s] -- Up-to-date: /home/andre/Desktop/Git/ROS_estudo/Simulacao_ROS2/src/install/interfaces_to_gazebo/local/lib/python3.10/dist-packages/interfaces_to_gazebo/srv/_rqt_laser_scan_s.c
[2.615s] -- Up-to-date: /home/andre/Desktop/Git/ROS_estudo/Simulacao_ROS2/src/install/interfaces_to_gazebo/local/lib/python3.10/dist-packages/interfaces_to_gazebo/srv/_rqt_laser_scan.py
[2.615s] -- Up-to-date: /home/andre/Desktop/Git/ROS_estudo/Simulacao_ROS2/src/install/interfaces_to_gazebo/local/lib/python3.10/dist-packages/interfaces_to_gazebo/interfaces_to_gazebo_s__rosidl_typesupport_introspection_c.cpython-310-x86_64-linux-gnu.so
[2.616s] -- Up-to-date: /home/andre/Desktop/Git/ROS_estudo/Simulacao_ROS2/src/install/interfaces_to_gazebo/local/lib/python3.10/dist-packages/interfaces_to_gazebo/__init__.py
[2.616s] -- Up-to-date: /home/andre/Desktop/Git/ROS_estudo/Simulacao_ROS2/src/install/interfaces_to_gazebo/local/lib/python3.10/dist-packages/interfaces_to_gazebo/libinterfaces_to_gazebo__rosidl_generator_py.so
[2.616s] -- Up-to-date: /home/andre/Desktop/Git/ROS_estudo/Simulacao_ROS2/src/install/interfaces_to_gazebo/local/lib/python3.10/dist-packages/interfaces_to_gazebo/interfaces_to_gazebo_s__rosidl_typesupport_c.cpython-310-x86_64-linux-gnu.so
[2.617s] -- Up-to-date: /home/andre/Desktop/Git/ROS_estudo/Simulacao_ROS2/src/install/interfaces_to_gazebo/local/lib/python3.10/dist-packages/interfaces_to_gazebo/interfaces_to_gazebo_s__rosidl_typesupport_fastrtps_c.cpython-310-x86_64-linux-gnu.so
[2.617s] -- Up-to-date: /home/andre/Desktop/Git/ROS_estudo/Simulacao_ROS2/src/install/interfaces_to_gazebo/local/lib/python3.10/dist-packages/interfaces_to_gazebo/_interfaces_to_gazebo_s.ep.rosidl_typesupport_c.c
[2.617s] -- Up-to-date: /home/andre/Desktop/Git/ROS_estudo/Simulacao_ROS2/src/install/interfaces_to_gazebo/local/lib/python3.10/dist-packages/interfaces_to_gazebo/_interfaces_to_gazebo_s.ep.rosidl_typesupport_fastrtps_c.c
[2.618s] -- Up-to-date: /home/andre/Desktop/Git/ROS_estudo/Simulacao_ROS2/src/install/interfaces_to_gazebo/local/lib/python3.10/dist-packages/interfaces_to_gazebo/_interfaces_to_gazebo_s.ep.rosidl_typesupport_introspection_c.c
[2.788s] Listing '/home/andre/Desktop/Git/ROS_estudo/Simulacao_ROS2/src/install/interfaces_to_gazebo/local/lib/python3.10/dist-packages/interfaces_to_gazebo'...
[2.791s] Listing '/home/andre/Desktop/Git/ROS_estudo/Simulacao_ROS2/src/install/interfaces_to_gazebo/local/lib/python3.10/dist-packages/interfaces_to_gazebo/srv'...
[2.815s] -- Up-to-date: /home/andre/Desktop/Git/ROS_estudo/Simulacao_ROS2/src/install/interfaces_to_gazebo/local/lib/python3.10/dist-packages/interfaces_to_gazebo/interfaces_to_gazebo_s__rosidl_typesupport_fastrtps_c.cpython-310-x86_64-linux-gnu.so
[2.821s] -- Up-to-date: /home/andre/Desktop/Git/ROS_estudo/Simulacao_ROS2/src/install/interfaces_to_gazebo/local/lib/python3.10/dist-packages/interfaces_to_gazebo/interfaces_to_gazebo_s__rosidl_typesupport_introspection_c.cpython-310-x86_64-linux-gnu.so
[2.824s] -- Up-to-date: /home/andre/Desktop/Git/ROS_estudo/Simulacao_ROS2/src/install/interfaces_to_gazebo/local/lib/python3.10/dist-packages/interfaces_to_gazebo/interfaces_to_gazebo_s__rosidl_typesupport_c.cpython-310-x86_64-linux-gnu.so
[2.840s] -- Up-to-date: /home/andre/Desktop/Git/ROS_estudo/Simulacao_ROS2/src/install/interfaces_to_gazebo/lib/libinterfaces_to_gazebo__rosidl_generator_py.so
[2.841s] -- Up-to-date: /home/andre/Desktop/Git/ROS_estudo/Simulacao_ROS2/src/install/interfaces_to_gazebo/share/interfaces_to_gazebo/srv/RqtLaserScan.idl
[2.841s] -- Up-to-date: /home/andre/Desktop/Git/ROS_estudo/Simulacao_ROS2/src/install/interfaces_to_gazebo/share/interfaces_to_gazebo/srv/RqtLaserScan.srv
[2.841s] -- Up-to-date: /home/andre/Desktop/Git/ROS_estudo/Simulacao_ROS2/src/install/interfaces_to_gazebo/share/interfaces_to_gazebo/srv/RqtLaserScan_Request.msg
[2.842s] -- Up-to-date: /home/andre/Desktop/Git/ROS_estudo/Simulacao_ROS2/src/install/interfaces_to_gazebo/share/interfaces_to_gazebo/srv/RqtLaserScan_Response.msg
[2.842s] -- Up-to-date: /home/andre/Desktop/Git/ROS_estudo/Simulacao_ROS2/src/install/interfaces_to_gazebo/share/ament_index/resource_index/package_run_dependencies/interfaces_to_gazebo
[2.842s] -- Up-to-date: /home/andre/Desktop/Git/ROS_estudo/Simulacao_ROS2/src/install/interfaces_to_gazebo/share/ament_index/resource_index/parent_prefix_path/interfaces_to_gazebo
[2.843s] -- Up-to-date: /home/andre/Desktop/Git/ROS_estudo/Simulacao_ROS2/src/install/interfaces_to_gazebo/share/interfaces_to_gazebo/environment/ament_prefix_path.sh
[2.843s] -- Up-to-date: /home/andre/Desktop/Git/ROS_estudo/Simulacao_ROS2/src/install/interfaces_to_gazebo/share/interfaces_to_gazebo/environment/ament_prefix_path.dsv
[2.843s] -- Up-to-date: /home/andre/Desktop/Git/ROS_estudo/Simulacao_ROS2/src/install/interfaces_to_gazebo/share/interfaces_to_gazebo/environment/path.sh
[2.844s] -- Up-to-date: /home/andre/Desktop/Git/ROS_estudo/Simulacao_ROS2/src/install/interfaces_to_gazebo/share/interfaces_to_gazebo/environment/path.dsv
[2.844s] -- Up-to-date: /home/andre/Desktop/Git/ROS_estudo/Simulacao_ROS2/src/install/interfaces_to_gazebo/share/interfaces_to_gazebo/local_setup.bash
[2.844s] -- Up-to-date: /home/andre/Desktop/Git/ROS_estudo/Simulacao_ROS2/src/install/interfaces_to_gazebo/share/interfaces_to_gazebo/local_setup.sh
[2.844s] -- Up-to-date: /home/andre/Desktop/Git/ROS_estudo/Simulacao_ROS2/src/install/interfaces_to_gazebo/share/interfaces_to_gazebo/local_setup.zsh
[2.845s] -- Up-to-date: /home/andre/Desktop/Git/ROS_estudo/Simulacao_ROS2/src/install/interfaces_to_gazebo/share/interfaces_to_gazebo/local_setup.dsv
[2.846s] -- Installing: /home/andre/Desktop/Git/ROS_estudo/Simulacao_ROS2/src/install/interfaces_to_gazebo/share/interfaces_to_gazebo/package.dsv
[2.847s] -- Up-to-date: /home/andre/Desktop/Git/ROS_estudo/Simulacao_ROS2/src/install/interfaces_to_gazebo/share/ament_index/resource_index/packages/interfaces_to_gazebo
[2.847s] -- Up-to-date: /home/andre/Desktop/Git/ROS_estudo/Simulacao_ROS2/src/install/interfaces_to_gazebo/share/interfaces_to_gazebo/cmake/export_interfaces_to_gazebo__rosidl_generator_cExport.cmake
[2.847s] -- Up-to-date: /home/andre/Desktop/Git/ROS_estudo/Simulacao_ROS2/src/install/interfaces_to_gazebo/share/interfaces_to_gazebo/cmake/export_interfaces_to_gazebo__rosidl_generator_cExport-noconfig.cmake
[2.848s] -- Up-to-date: /home/andre/Desktop/Git/ROS_estudo/Simulacao_ROS2/src/install/interfaces_to_gazebo/share/interfaces_to_gazebo/cmake/export_interfaces_to_gazebo__rosidl_typesupport_fastrtps_cExport.cmake
[2.848s] -- Up-to-date: /home/andre/Desktop/Git/ROS_estudo/Simulacao_ROS2/src/install/interfaces_to_gazebo/share/interfaces_to_gazebo/cmake/export_interfaces_to_gazebo__rosidl_typesupport_fastrtps_cExport-noconfig.cmake
[2.848s] -- Up-to-date: /home/andre/Desktop/Git/ROS_estudo/Simulacao_ROS2/src/install/interfaces_to_gazebo/share/interfaces_to_gazebo/cmake/export_interfaces_to_gazebo__rosidl_generator_cppExport.cmake
[2.849s] -- Up-to-date: /home/andre/Desktop/Git/ROS_estudo/Simulacao_ROS2/src/install/interfaces_to_gazebo/share/interfaces_to_gazebo/cmake/export_interfaces_to_gazebo__rosidl_typesupport_fastrtps_cppExport.cmake
[2.849s] -- Up-to-date: /home/andre/Desktop/Git/ROS_estudo/Simulacao_ROS2/src/install/interfaces_to_gazebo/share/interfaces_to_gazebo/cmake/export_interfaces_to_gazebo__rosidl_typesupport_fastrtps_cppExport-noconfig.cmake
[2.849s] -- Up-to-date: /home/andre/Desktop/Git/ROS_estudo/Simulacao_ROS2/src/install/interfaces_to_gazebo/share/interfaces_to_gazebo/cmake/interfaces_to_gazebo__rosidl_typesupport_introspection_cExport.cmake
[2.850s] -- Up-to-date: /home/andre/Desktop/Git/ROS_estudo/Simulacao_ROS2/src/install/interfaces_to_gazebo/share/interfaces_to_gazebo/cmake/interfaces_to_gazebo__rosidl_typesupport_introspection_cExport-noconfig.cmake
[2.850s] -- Up-to-date: /home/andre/Desktop/Git/ROS_estudo/Simulacao_ROS2/src/install/interfaces_to_gazebo/share/interfaces_to_gazebo/cmake/interfaces_to_gazebo__rosidl_typesupport_cExport.cmake
[2.850s] -- Up-to-date: /home/andre/Desktop/Git/ROS_estudo/Simulacao_ROS2/src/install/interfaces_to_gazebo/share/interfaces_to_gazebo/cmake/interfaces_to_gazebo__rosidl_typesupport_cExport-noconfig.cmake
[2.850s] -- Up-to-date: /home/andre/Desktop/Git/ROS_estudo/Simulacao_ROS2/src/install/interfaces_to_gazebo/share/interfaces_to_gazebo/cmake/interfaces_to_gazebo__rosidl_typesupport_introspection_cppExport.cmake
[2.853s] -- Up-to-date: /home/andre/Desktop/Git/ROS_estudo/Simulacao_ROS2/src/install/interfaces_to_gazebo/share/interfaces_to_gazebo/cmake/interfaces_to_gazebo__rosidl_typesupport_introspection_cppExport-noconfig.cmake
[2.859s] -- Up-to-date: /home/andre/Desktop/Git/ROS_estudo/Simulacao_ROS2/src/install/interfaces_to_gazebo/share/interfaces_to_gazebo/cmake/interfaces_to_gazebo__rosidl_typesupport_cppExport.cmake
[2.860s] -- Up-to-date: /home/andre/Desktop/Git/ROS_estudo/Simulacao_ROS2/src/install/interfaces_to_gazebo/share/interfaces_to_gazebo/cmake/interfaces_to_gazebo__rosidl_typesupport_cppExport-noconfig.cmake
[2.864s] -- Up-to-date: /home/andre/Desktop/Git/ROS_estudo/Simulacao_ROS2/src/install/interfaces_to_gazebo/share/interfaces_to_gazebo/cmake/export_interfaces_to_gazebo__rosidl_generator_pyExport.cmake
[2.864s] -- Up-to-date: /home/andre/Desktop/Git/ROS_estudo/Simulacao_ROS2/src/install/interfaces_to_gazebo/share/interfaces_to_gazebo/cmake/export_interfaces_to_gazebo__rosidl_generator_pyExport-noconfig.cmake
[2.864s] -- Up-to-date: /home/andre/Desktop/Git/ROS_estudo/Simulacao_ROS2/src/install/interfaces_to_gazebo/share/interfaces_to_gazebo/cmake/rosidl_cmake-extras.cmake
[2.865s] -- Up-to-date: /home/andre/Desktop/Git/ROS_estudo/Simulacao_ROS2/src/install/interfaces_to_gazebo/share/interfaces_to_gazebo/cmake/ament_cmake_export_dependencies-extras.cmake
[2.904s] -- Up-to-date: /home/andre/Desktop/Git/ROS_estudo/Simulacao_ROS2/src/install/interfaces_to_gazebo/share/interfaces_to_gazebo/cmake/ament_cmake_export_include_directories-extras.cmake
[2.905s] -- Up-to-date: /home/andre/Desktop/Git/ROS_estudo/Simulacao_ROS2/src/install/interfaces_to_gazebo/share/interfaces_to_gazebo/cmake/ament_cmake_export_libraries-extras.cmake
[2.905s] -- Up-to-date: /home/andre/Desktop/Git/ROS_estudo/Simulacao_ROS2/src/install/interfaces_to_gazebo/share/interfaces_to_gazebo/cmake/ament_cmake_export_targets-extras.cmake
[2.905s] -- Up-to-date: /home/andre/Desktop/Git/ROS_estudo/Simulacao_ROS2/src/install/interfaces_to_gazebo/share/interfaces_to_gazebo/cmake/rosidl_cmake_export_typesupport_targets-extras.cmake
[2.906s] -- Up-to-date: /home/andre/Desktop/Git/ROS_estudo/Simulacao_ROS2/src/install/interfaces_to_gazebo/share/interfaces_to_gazebo/cmake/rosidl_cmake_export_typesupport_libraries-extras.cmake
[2.906s] -- Up-to-date: /home/andre/Desktop/Git/ROS_estudo/Simulacao_ROS2/src/install/interfaces_to_gazebo/share/interfaces_to_gazebo/cmake/interfaces_to_gazeboConfig.cmake
[2.908s] -- Up-to-date: /home/andre/Desktop/Git/ROS_estudo/Simulacao_ROS2/src/install/interfaces_to_gazebo/share/interfaces_to_gazebo/cmake/interfaces_to_gazeboConfig-version.cmake
[2.908s] -- Up-to-date: /home/andre/Desktop/Git/ROS_estudo/Simulacao_ROS2/src/install/interfaces_to_gazebo/share/interfaces_to_gazebo/package.xml
[2.908s] Invoked command in '/home/andre/Desktop/Git/ROS_estudo/Simulacao_ROS2/src/build/interfaces_to_gazebo' returned '0': CMAKE_PREFIX_PATH=${CMAKE_PREFIX_PATH}:/home/andre/Desktop/Git/ROS_estudo/Simulacao_ROS2/src/install/ros2_gazebo_estudo:/home/andre/Desktop/Git/ROS_estudo/Simulacao_ROS2/install/ros2_gazebo_estudo:/opt/ros/humble /usr/bin/cmake --install /home/andre/Desktop/Git/ROS_estudo/Simulacao_ROS2/src/build/interfaces_to_gazebo
