[1.136s] Invoking command in '/home/andre/Documents/codes/ros/Pub_sub_simples/src/py_pubsub': PYTHONPATH=/home/andre/Documents/codes/ros/Pub_sub_simples/src/build/py_pubsub/prefix_override:/home/andre/Documents/codes/ros/Pub_sub_simples/src/install/py_pubsub/lib/python3.10/site-packages:${PYTHONPATH} /usr/bin/python3 setup.py egg_info --egg-base ../build/py_pubsub build --build-base /home/andre/Documents/codes/ros/Pub_sub_simples/src/build/py_pubsub/build install --record /home/andre/Documents/codes/ros/Pub_sub_simples/src/build/py_pubsub/install.log --single-version-externally-managed
[1.581s] running egg_info
[1.582s] writing ../build/py_pubsub/py_pubsub.egg-info/PKG-INFO
[1.582s] writing dependency_links to ../build/py_pubsub/py_pubsub.egg-info/dependency_links.txt
[1.583s] writing entry points to ../build/py_pubsub/py_pubsub.egg-info/entry_points.txt
[1.583s] writing requirements to ../build/py_pubsub/py_pubsub.egg-info/requires.txt
[1.584s] writing top-level names to ../build/py_pubsub/py_pubsub.egg-info/top_level.txt
[1.588s] reading manifest file '../build/py_pubsub/py_pubsub.egg-info/SOURCES.txt'
[1.605s] writing manifest file '../build/py_pubsub/py_pubsub.egg-info/SOURCES.txt'
[1.605s] running build
[1.606s] running build_py
[1.607s] running install
[1.607s] /usr/lib/python3/dist-packages/setuptools/command/install.py:34: SetuptoolsDeprecationWarning: setup.py install is deprecated. Use build and pip and other standards-based tools.
[1.608s]   warnings.warn(
[1.608s] running install_lib
[1.612s] running install_data
[1.613s] running install_egg_info
[1.618s] removing '/home/andre/Documents/codes/ros/Pub_sub_simples/src/install/py_pubsub/lib/python3.10/site-packages/py_pubsub-0.0.0-py3.10.egg-info' (and everything under it)
[1.618s] Copying ../build/py_pubsub/py_pubsub.egg-info to /home/andre/Documents/codes/ros/Pub_sub_simples/src/install/py_pubsub/lib/python3.10/site-packages/py_pubsub-0.0.0-py3.10.egg-info
[1.622s] running install_scripts
[1.689s] Installing listener script to /home/andre/Documents/codes/ros/Pub_sub_simples/src/install/py_pubsub/lib/py_pubsub
[1.690s] Installing talker script to /home/andre/Documents/codes/ros/Pub_sub_simples/src/install/py_pubsub/lib/py_pubsub
[1.690s] writing list of installed files to '/home/andre/Documents/codes/ros/Pub_sub_simples/src/build/py_pubsub/install.log'
[1.733s] Invoked command in '/home/andre/Documents/codes/ros/Pub_sub_simples/src/py_pubsub' returned '0': PYTHONPATH=/home/andre/Documents/codes/ros/Pub_sub_simples/src/build/py_pubsub/prefix_override:/home/andre/Documents/codes/ros/Pub_sub_simples/src/install/py_pubsub/lib/python3.10/site-packages:${PYTHONPATH} /usr/bin/python3 setup.py egg_info --egg-base ../build/py_pubsub build --build-base /home/andre/Documents/codes/ros/Pub_sub_simples/src/build/py_pubsub/build install --record /home/andre/Documents/codes/ros/Pub_sub_simples/src/build/py_pubsub/install.log --single-version-externally-managed
