[0.159s] Invoking command in '/home/andre/Desktop/Git/ROS_estudo/Simulacao_ROS2/src/build/interfaces_to_gazebo': CMAKE_PREFIX_PATH=${CMAKE_PREFIX_PATH}:/home/andre/Desktop/Git/ROS_estudo/Simulacao_ROS2/src/install/ros2_gazebo_estudo:/home/andre/Desktop/Git/ROS_estudo/Simulacao_ROS2/install/ros2_gazebo_estudo:/opt/ros/humble /usr/bin/cmake --build /home/andre/Desktop/Git/ROS_estudo/Simulacao_ROS2/src/build/interfaces_to_gazebo -- -j4 -l4
[0.409s] [  3%] Built target interfaces_to_gazebo__cpp
[0.415s] [ 12%] Built target interfaces_to_gazebo__rosidl_generator_c
[0.569s] [ 22%] Built target interfaces_to_gazebo__rosidl_typesupport_fastrtps_cpp
[0.605s] [ 22%] Built target ament_cmake_python_copy_interfaces_to_gazebo
[0.666s] [ 32%] Built target interfaces_to_gazebo__rosidl_typesupport_introspection_cpp
[0.701s] [ 41%] Built target interfaces_to_gazebo__rosidl_typesupport_fastrtps_c
[0.786s] [ 51%] Built target interfaces_to_gazebo__rosidl_typesupport_introspection_c
[0.789s] [ 61%] Built target interfaces_to_gazebo__rosidl_typesupport_c
[0.964s] [ 70%] Built target interfaces_to_gazebo__rosidl_typesupport_cpp
[2.120s] running egg_info
[2.123s] writing interfaces_to_gazebo.egg-info/PKG-INFO
[2.123s] writing dependency_links to interfaces_to_gazebo.egg-info/dependency_links.txt
[2.124s] writing top-level names to interfaces_to_gazebo.egg-info/top_level.txt
[2.135s] reading manifest file 'interfaces_to_gazebo.egg-info/SOURCES.txt'
[2.137s] writing manifest file 'interfaces_to_gazebo.egg-info/SOURCES.txt'
[2.246s] [ 70%] Built target ament_cmake_python_build_interfaces_to_gazebo_egg
[2.308s] [ 70%] Built target interfaces_to_gazebo
[2.375s] [ 74%] Built target interfaces_to_gazebo__py
[2.471s] [ 80%] Built target interfaces_to_gazebo__rosidl_generator_py
[2.553s] [ 87%] Built target interfaces_to_gazebo__rosidl_typesupport_fastrtps_c__pyext
[2.643s] [ 93%] Built target interfaces_to_gazebo__rosidl_typesupport_c__pyext
[2.717s] [100%] Built target interfaces_to_gazebo__rosidl_typesupport_introspection_c__pyext
[2.807s] Invoked command in '/home/andre/Desktop/Git/ROS_estudo/Simulacao_ROS2/src/build/interfaces_to_gazebo' returned '0': CMAKE_PREFIX_PATH=${CMAKE_PREFIX_PATH}:/home/andre/Desktop/Git/ROS_estudo/Simulacao_ROS2/src/install/ros2_gazebo_estudo:/home/andre/Desktop/Git/ROS_estudo/Simulacao_ROS2/install/ros2_gazebo_estudo:/opt/ros/humble /usr/bin/cmake --build /home/andre/Desktop/Git/ROS_estudo/Simulacao_ROS2/src/build/interfaces_to_gazebo -- -j4 -l4
[3.288s] Invoking command in '/home/andre/Desktop/Git/ROS_estudo/Simulacao_ROS2/src/build/interfaces_to_gazebo': CMAKE_PREFIX_PATH=${CMAKE_PREFIX_PATH}:/home/andre/Desktop/Git/ROS_estudo/Simulacao_ROS2/src/install/ros2_gazebo_estudo:/home/andre/Desktop/Git/ROS_estudo/Simulacao_ROS2/install/ros2_gazebo_estudo:/opt/ros/humble /usr/bin/cmake --install /home/andre/Desktop/Git/ROS_estudo/Simulacao_ROS2/src/build/interfaces_to_gazebo
[3.295s] -- Install configuration: ""
[3.296s] -- Up-to-date: /home/andre/Desktop/Git/ROS_estudo/Simulacao_ROS2/src/install/interfaces_to_gazebo/share/ament_index/resource_index/rosidl_interfaces/interfaces_to_gazebo
[3.301s] -- Up-to-date: /home/andre/Desktop/Git/ROS_estudo/Simulacao_ROS2/src/install/interfaces_to_gazebo/include/interfaces_to_gazebo/interfaces_to_gazebo
[3.305s] -- Up-to-date: /home/andre/Desktop/Git/ROS_estudo/Simulacao_ROS2/src/install/interfaces_to_gazebo/include/interfaces_to_gazebo/interfaces_to_gazebo/srv
[3.306s] -- Up-to-date: /home/andre/Desktop/Git/ROS_estudo/Simulacao_ROS2/src/install/interfaces_to_gazebo/include/interfaces_to_gazebo/interfaces_to_gazebo/srv/detail
[3.306s] -- Up-to-date: /home/andre/Desktop/Git/ROS_estudo/Simulacao_ROS2/src/install/interfaces_to_gazebo/include/interfaces_to_gazebo/interfaces_to_gazebo/srv/detail/rqt_laser_scan__functions.h
[3.307s] -- Up-to-date: /home/andre/Desktop/Git/ROS_estudo/Simulacao_ROS2/src/install/interfaces_to_gazebo/include/interfaces_to_gazebo/interfaces_to_gazebo/srv/detail/rqt_laser_scan__type_support.h
[3.307s] -- Up-to-date: /home/andre/Desktop/Git/ROS_estudo/Simulacao_ROS2/src/install/interfaces_to_gazebo/include/interfaces_to_gazebo/interfaces_to_gazebo/srv/detail/rqt_laser_scan__functions.c
[3.307s] -- Up-to-date: /home/andre/Desktop/Git/ROS_estudo/Simulacao_ROS2/src/install/interfaces_to_gazebo/include/interfaces_to_gazebo/interfaces_to_gazebo/srv/detail/rqt_laser_scan__struct.h
[3.307s] -- Up-to-date: /home/andre/Desktop/Git/ROS_estudo/Simulacao_ROS2/src/install/interfaces_to_gazebo/include/interfaces_to_gazebo/interfaces_to_gazebo/srv/rqt_laser_scan.h
[3.308s] -- Up-to-date: /home/andre/Desktop/Git/ROS_estudo/Simulacao_ROS2/src/install/interfaces_to_gazebo/include/interfaces_to_gazebo/interfaces_to_gazebo/msg
[3.308s] -- Up-to-date: /home/andre/Desktop/Git/ROS_estudo/Simulacao_ROS2/src/install/interfaces_to_gazebo/include/interfaces_to_gazebo/interfaces_to_gazebo/msg/rosidl_generator_c__visibility_control.h
[3.308s] -- Up-to-date: /home/andre/Desktop/Git/ROS_estudo/Simulacao_ROS2/src/install/interfaces_to_gazebo/share/interfaces_to_gazebo/environment/library_path.sh
[3.308s] -- Up-to-date: /home/andre/Desktop/Git/ROS_estudo/Simulacao_ROS2/src/install/interfaces_to_gazebo/share/interfaces_to_gazebo/environment/library_path.dsv
[3.310s] -- Up-to-date: /home/andre/Desktop/Git/ROS_estudo/Simulacao_ROS2/src/install/interfaces_to_gazebo/lib/libinterfaces_to_gazebo__rosidl_generator_c.so
[3.312s] -- Up-to-date: /home/andre/Desktop/Git/ROS_estudo/Simulacao_ROS2/src/install/interfaces_to_gazebo/include/interfaces_to_gazebo/interfaces_to_gazebo
[3.322s] -- Up-to-date: /home/andre/Desktop/Git/ROS_estudo/Simulacao_ROS2/src/install/interfaces_to_gazebo/include/interfaces_to_gazebo/interfaces_to_gazebo/srv
[3.323s] -- Up-to-date: /home/andre/Desktop/Git/ROS_estudo/Simulacao_ROS2/src/install/interfaces_to_gazebo/include/interfaces_to_gazebo/interfaces_to_gazebo/srv/detail
[3.328s] -- Up-to-date: /home/andre/Desktop/Git/ROS_estudo/Simulacao_ROS2/src/install/interfaces_to_gazebo/include/interfaces_to_gazebo/interfaces_to_gazebo/srv/detail/rqt_laser_scan__rosidl_typesupport_fastrtps_c.h
[3.328s] -- Up-to-date: /home/andre/Desktop/Git/ROS_estudo/Simulacao_ROS2/src/install/interfaces_to_gazebo/include/interfaces_to_gazebo/interfaces_to_gazebo/msg
[3.335s] -- Up-to-date: /home/andre/Desktop/Git/ROS_estudo/Simulacao_ROS2/src/install/interfaces_to_gazebo/include/interfaces_to_gazebo/interfaces_to_gazebo/msg/rosidl_typesupport_fastrtps_c__visibility_control.h
[3.337s] -- Up-to-date: /home/andre/Desktop/Git/ROS_estudo/Simulacao_ROS2/src/install/interfaces_to_gazebo/lib/libinterfaces_to_gazebo__rosidl_typesupport_fastrtps_c.so
[3.342s] -- Up-to-date: /home/andre/Desktop/Git/ROS_estudo/Simulacao_ROS2/src/install/interfaces_to_gazebo/include/interfaces_to_gazebo/interfaces_to_gazebo
[3.343s] -- Up-to-date: /home/andre/Desktop/Git/ROS_estudo/Simulacao_ROS2/src/install/interfaces_to_gazebo/include/interfaces_to_gazebo/interfaces_to_gazebo/srv
[3.344s] -- Up-to-date: /home/andre/Desktop/Git/ROS_estudo/Simulacao_ROS2/src/install/interfaces_to_gazebo/include/interfaces_to_gazebo/interfaces_to_gazebo/srv/rqt_laser_scan.hpp
[3.346s] -- Up-to-date: /home/andre/Desktop/Git/ROS_estudo/Simulacao_ROS2/src/install/interfaces_to_gazebo/include/interfaces_to_gazebo/interfaces_to_gazebo/srv/detail
[3.348s] -- Up-to-date: /home/andre/Desktop/Git/ROS_estudo/Simulacao_ROS2/src/install/interfaces_to_gazebo/include/interfaces_to_gazebo/interfaces_to_gazebo/srv/detail/rqt_laser_scan__struct.hpp
[3.350s] -- Up-to-date: /home/andre/Desktop/Git/ROS_estudo/Simulacao_ROS2/src/install/interfaces_to_gazebo/include/interfaces_to_gazebo/interfaces_to_gazebo/srv/detail/rqt_laser_scan__builder.hpp
[3.350s] -- Up-to-date: /home/andre/Desktop/Git/ROS_estudo/Simulacao_ROS2/src/install/interfaces_to_gazebo/include/interfaces_to_gazebo/interfaces_to_gazebo/srv/detail/rqt_laser_scan__traits.hpp
[3.352s] -- Up-to-date: /home/andre/Desktop/Git/ROS_estudo/Simulacao_ROS2/src/install/interfaces_to_gazebo/include/interfaces_to_gazebo/interfaces_to_gazebo
[3.353s] -- Up-to-date: /home/andre/Desktop/Git/ROS_estudo/Simulacao_ROS2/src/install/interfaces_to_gazebo/include/interfaces_to_gazebo/interfaces_to_gazebo/srv
[3.353s] -- Up-to-date: /home/andre/Desktop/Git/ROS_estudo/Simulacao_ROS2/src/install/interfaces_to_gazebo/include/interfaces_to_gazebo/interfaces_to_gazebo/srv/detail
[3.354s] -- Up-to-date: /home/andre/Desktop/Git/ROS_estudo/Simulacao_ROS2/src/install/interfaces_to_gazebo/include/interfaces_to_gazebo/interfaces_to_gazebo/srv/detail/rqt_laser_scan__rosidl_typesupport_fastrtps_cpp.hpp
[3.354s] -- Up-to-date: /home/andre/Desktop/Git/ROS_estudo/Simulacao_ROS2/src/install/interfaces_to_gazebo/include/interfaces_to_gazebo/interfaces_to_gazebo/srv/detail/dds_fastrtps
[3.393s] -- Up-to-date: /home/andre/Desktop/Git/ROS_estudo/Simulacao_ROS2/src/install/interfaces_to_gazebo/include/interfaces_to_gazebo/interfaces_to_gazebo/msg
[3.401s] -- Up-to-date: /home/andre/Desktop/Git/ROS_estudo/Simulacao_ROS2/src/install/interfaces_to_gazebo/include/interfaces_to_gazebo/interfaces_to_gazebo/msg/rosidl_typesupport_fastrtps_cpp__visibility_control.h
[3.401s] -- Up-to-date: /home/andre/Desktop/Git/ROS_estudo/Simulacao_ROS2/src/install/interfaces_to_gazebo/lib/libinterfaces_to_gazebo__rosidl_typesupport_fastrtps_cpp.so
[3.402s] -- Up-to-date: /home/andre/Desktop/Git/ROS_estudo/Simulacao_ROS2/src/install/interfaces_to_gazebo/include/interfaces_to_gazebo/interfaces_to_gazebo
[3.402s] -- Up-to-date: /home/andre/Desktop/Git/ROS_estudo/Simulacao_ROS2/src/install/interfaces_to_gazebo/include/interfaces_to_gazebo/interfaces_to_gazebo/srv
[3.402s] -- Up-to-date: /home/andre/Desktop/Git/ROS_estudo/Simulacao_ROS2/src/install/interfaces_to_gazebo/include/interfaces_to_gazebo/interfaces_to_gazebo/srv/detail
[3.407s] -- Up-to-date: /home/andre/Desktop/Git/ROS_estudo/Simulacao_ROS2/src/install/interfaces_to_gazebo/include/interfaces_to_gazebo/interfaces_to_gazebo/srv/detail/rqt_laser_scan__type_support.c
[3.407s] -- Up-to-date: /home/andre/Desktop/Git/ROS_estudo/Simulacao_ROS2/src/install/interfaces_to_gazebo/include/interfaces_to_gazebo/interfaces_to_gazebo/srv/detail/rqt_laser_scan__rosidl_typesupport_introspection_c.h
[3.407s] -- Up-to-date: /home/andre/Desktop/Git/ROS_estudo/Simulacao_ROS2/src/install/interfaces_to_gazebo/include/interfaces_to_gazebo/interfaces_to_gazebo/msg
[3.408s] -- Up-to-date: /home/andre/Desktop/Git/ROS_estudo/Simulacao_ROS2/src/install/interfaces_to_gazebo/include/interfaces_to_gazebo/interfaces_to_gazebo/msg/rosidl_typesupport_introspection_c__visibility_control.h
[3.408s] -- Up-to-date: /home/andre/Desktop/Git/ROS_estudo/Simulacao_ROS2/src/install/interfaces_to_gazebo/lib/libinterfaces_to_gazebo__rosidl_typesupport_introspection_c.so
[3.408s] -- Up-to-date: /home/andre/Desktop/Git/ROS_estudo/Simulacao_ROS2/src/install/interfaces_to_gazebo/lib/libinterfaces_to_gazebo__rosidl_typesupport_c.so
[3.408s] -- Up-to-date: /home/andre/Desktop/Git/ROS_estudo/Simulacao_ROS2/src/install/interfaces_to_gazebo/include/interfaces_to_gazebo/interfaces_to_gazebo
[3.408s] -- Up-to-date: /home/andre/Desktop/Git/ROS_estudo/Simulacao_ROS2/src/install/interfaces_to_gazebo/include/interfaces_to_gazebo/interfaces_to_gazebo/srv
[3.409s] -- Up-to-date: /home/andre/Desktop/Git/ROS_estudo/Simulacao_ROS2/src/install/interfaces_to_gazebo/include/interfaces_to_gazebo/interfaces_to_gazebo/srv/detail
[3.409s] -- Up-to-date: /home/andre/Desktop/Git/ROS_estudo/Simulacao_ROS2/src/install/interfaces_to_gazebo/include/interfaces_to_gazebo/interfaces_to_gazebo/srv/detail/rqt_laser_scan__rosidl_typesupport_introspection_cpp.hpp
[3.421s] -- Up-to-date: /home/andre/Desktop/Git/ROS_estudo/Simulacao_ROS2/src/install/interfaces_to_gazebo/include/interfaces_to_gazebo/interfaces_to_gazebo/srv/detail/rqt_laser_scan__type_support.cpp
[3.421s] -- Up-to-date: /home/andre/Desktop/Git/ROS_estudo/Simulacao_ROS2/src/install/interfaces_to_gazebo/lib/libinterfaces_to_gazebo__rosidl_typesupport_introspection_cpp.so
[3.422s] -- Up-to-date: /home/andre/Desktop/Git/ROS_estudo/Simulacao_ROS2/src/install/interfaces_to_gazebo/lib/libinterfaces_to_gazebo__rosidl_typesupport_cpp.so
[3.426s] -- Up-to-date: /home/andre/Desktop/Git/ROS_estudo/Simulacao_ROS2/src/install/interfaces_to_gazebo/share/interfaces_to_gazebo/environment/pythonpath.sh
[3.447s] -- Up-to-date: /home/andre/Desktop/Git/ROS_estudo/Simulacao_ROS2/src/install/interfaces_to_gazebo/share/interfaces_to_gazebo/environment/pythonpath.dsv
[3.447s] -- Up-to-date: /home/andre/Desktop/Git/ROS_estudo/Simulacao_ROS2/src/install/interfaces_to_gazebo/local/lib/python3.10/dist-packages/interfaces_to_gazebo-0.0.0-py3.10.egg-info
[3.447s] -- Installing: /home/andre/Desktop/Git/ROS_estudo/Simulacao_ROS2/src/install/interfaces_to_gazebo/local/lib/python3.10/dist-packages/interfaces_to_gazebo-0.0.0-py3.10.egg-info/dependency_links.txt
[3.448s] -- Installing: /home/andre/Desktop/Git/ROS_estudo/Simulacao_ROS2/src/install/interfaces_to_gazebo/local/lib/python3.10/dist-packages/interfaces_to_gazebo-0.0.0-py3.10.egg-info/top_level.txt
[3.448s] -- Installing: /home/andre/Desktop/Git/ROS_estudo/Simulacao_ROS2/src/install/interfaces_to_gazebo/local/lib/python3.10/dist-packages/interfaces_to_gazebo-0.0.0-py3.10.egg-info/PKG-INFO
[3.448s] -- Installing: /home/andre/Desktop/Git/ROS_estudo/Simulacao_ROS2/src/install/interfaces_to_gazebo/local/lib/python3.10/dist-packages/interfaces_to_gazebo-0.0.0-py3.10.egg-info/SOURCES.txt
[3.452s] -- Up-to-date: /home/andre/Desktop/Git/ROS_estudo/Simulacao_ROS2/src/install/interfaces_to_gazebo/local/lib/python3.10/dist-packages/interfaces_to_gazebo
[3.453s] -- Up-to-date: /home/andre/Desktop/Git/ROS_estudo/Simulacao_ROS2/src/install/interfaces_to_gazebo/local/lib/python3.10/dist-packages/interfaces_to_gazebo/srv
[3.455s] -- Up-to-date: /home/andre/Desktop/Git/ROS_estudo/Simulacao_ROS2/src/install/interfaces_to_gazebo/local/lib/python3.10/dist-packages/interfaces_to_gazebo/srv/__init__.py
[3.456s] -- Up-to-date: /home/andre/Desktop/Git/ROS_estudo/Simulacao_ROS2/src/install/interfaces_to_gazebo/local/lib/python3.10/dist-packages/interfaces_to_gazebo/srv/_rqt_laser_scan_s.c
[3.456s] -- Up-to-date: /home/andre/Desktop/Git/ROS_estudo/Simulacao_ROS2/src/install/interfaces_to_gazebo/local/lib/python3.10/dist-packages/interfaces_to_gazebo/srv/_rqt_laser_scan.py
[3.456s] -- Up-to-date: /home/andre/Desktop/Git/ROS_estudo/Simulacao_ROS2/src/install/interfaces_to_gazebo/local/lib/python3.10/dist-packages/interfaces_to_gazebo/interfaces_to_gazebo_s__rosidl_typesupport_introspection_c.cpython-310-x86_64-linux-gnu.so
[3.458s] -- Up-to-date: /home/andre/Desktop/Git/ROS_estudo/Simulacao_ROS2/src/install/interfaces_to_gazebo/local/lib/python3.10/dist-packages/interfaces_to_gazebo/__init__.py
[3.458s] -- Up-to-date: /home/andre/Desktop/Git/ROS_estudo/Simulacao_ROS2/src/install/interfaces_to_gazebo/local/lib/python3.10/dist-packages/interfaces_to_gazebo/libinterfaces_to_gazebo__rosidl_generator_py.so
[3.459s] -- Up-to-date: /home/andre/Desktop/Git/ROS_estudo/Simulacao_ROS2/src/install/interfaces_to_gazebo/local/lib/python3.10/dist-packages/interfaces_to_gazebo/interfaces_to_gazebo_s__rosidl_typesupport_c.cpython-310-x86_64-linux-gnu.so
[3.459s] -- Up-to-date: /home/andre/Desktop/Git/ROS_estudo/Simulacao_ROS2/src/install/interfaces_to_gazebo/local/lib/python3.10/dist-packages/interfaces_to_gazebo/interfaces_to_gazebo_s__rosidl_typesupport_fastrtps_c.cpython-310-x86_64-linux-gnu.so
[3.460s] -- Up-to-date: /home/andre/Desktop/Git/ROS_estudo/Simulacao_ROS2/src/install/interfaces_to_gazebo/local/lib/python3.10/dist-packages/interfaces_to_gazebo/_interfaces_to_gazebo_s.ep.rosidl_typesupport_c.c
[3.460s] -- Up-to-date: /home/andre/Desktop/Git/ROS_estudo/Simulacao_ROS2/src/install/interfaces_to_gazebo/local/lib/python3.10/dist-packages/interfaces_to_gazebo/_interfaces_to_gazebo_s.ep.rosidl_typesupport_fastrtps_c.c
[3.461s] -- Up-to-date: /home/andre/Desktop/Git/ROS_estudo/Simulacao_ROS2/src/install/interfaces_to_gazebo/local/lib/python3.10/dist-packages/interfaces_to_gazebo/_interfaces_to_gazebo_s.ep.rosidl_typesupport_introspection_c.c
[3.747s] Listing '/home/andre/Desktop/Git/ROS_estudo/Simulacao_ROS2/src/install/interfaces_to_gazebo/local/lib/python3.10/dist-packages/interfaces_to_gazebo'...
[3.758s] Listing '/home/andre/Desktop/Git/ROS_estudo/Simulacao_ROS2/src/install/interfaces_to_gazebo/local/lib/python3.10/dist-packages/interfaces_to_gazebo/srv'...
[3.789s] -- Up-to-date: /home/andre/Desktop/Git/ROS_estudo/Simulacao_ROS2/src/install/interfaces_to_gazebo/local/lib/python3.10/dist-packages/interfaces_to_gazebo/interfaces_to_gazebo_s__rosidl_typesupport_fastrtps_c.cpython-310-x86_64-linux-gnu.so
[3.794s] -- Up-to-date: /home/andre/Desktop/Git/ROS_estudo/Simulacao_ROS2/src/install/interfaces_to_gazebo/local/lib/python3.10/dist-packages/interfaces_to_gazebo/interfaces_to_gazebo_s__rosidl_typesupport_introspection_c.cpython-310-x86_64-linux-gnu.so
[3.794s] -- Up-to-date: /home/andre/Desktop/Git/ROS_estudo/Simulacao_ROS2/src/install/interfaces_to_gazebo/local/lib/python3.10/dist-packages/interfaces_to_gazebo/interfaces_to_gazebo_s__rosidl_typesupport_c.cpython-310-x86_64-linux-gnu.so
[3.795s] -- Up-to-date: /home/andre/Desktop/Git/ROS_estudo/Simulacao_ROS2/src/install/interfaces_to_gazebo/lib/libinterfaces_to_gazebo__rosidl_generator_py.so
[3.795s] -- Up-to-date: /home/andre/Desktop/Git/ROS_estudo/Simulacao_ROS2/src/install/interfaces_to_gazebo/share/interfaces_to_gazebo/srv/RqtLaserScan.idl
[3.796s] -- Up-to-date: /home/andre/Desktop/Git/ROS_estudo/Simulacao_ROS2/src/install/interfaces_to_gazebo/share/interfaces_to_gazebo/srv/RqtLaserScan.srv
[3.796s] -- Up-to-date: /home/andre/Desktop/Git/ROS_estudo/Simulacao_ROS2/src/install/interfaces_to_gazebo/share/interfaces_to_gazebo/srv/RqtLaserScan_Request.msg
[3.797s] -- Up-to-date: /home/andre/Desktop/Git/ROS_estudo/Simulacao_ROS2/src/install/interfaces_to_gazebo/share/interfaces_to_gazebo/srv/RqtLaserScan_Response.msg
[3.797s] -- Up-to-date: /home/andre/Desktop/Git/ROS_estudo/Simulacao_ROS2/src/install/interfaces_to_gazebo/share/ament_index/resource_index/package_run_dependencies/interfaces_to_gazebo
[3.798s] -- Up-to-date: /home/andre/Desktop/Git/ROS_estudo/Simulacao_ROS2/src/install/interfaces_to_gazebo/share/ament_index/resource_index/parent_prefix_path/interfaces_to_gazebo
[3.800s] -- Up-to-date: /home/andre/Desktop/Git/ROS_estudo/Simulacao_ROS2/src/install/interfaces_to_gazebo/share/interfaces_to_gazebo/environment/ament_prefix_path.sh
[3.801s] -- Up-to-date: /home/andre/Desktop/Git/ROS_estudo/Simulacao_ROS2/src/install/interfaces_to_gazebo/share/interfaces_to_gazebo/environment/ament_prefix_path.dsv
[3.802s] -- Up-to-date: /home/andre/Desktop/Git/ROS_estudo/Simulacao_ROS2/src/install/interfaces_to_gazebo/share/interfaces_to_gazebo/environment/path.sh
[3.803s] -- Up-to-date: /home/andre/Desktop/Git/ROS_estudo/Simulacao_ROS2/src/install/interfaces_to_gazebo/share/interfaces_to_gazebo/environment/path.dsv
[3.804s] -- Up-to-date: /home/andre/Desktop/Git/ROS_estudo/Simulacao_ROS2/src/install/interfaces_to_gazebo/share/interfaces_to_gazebo/local_setup.bash
[3.804s] -- Up-to-date: /home/andre/Desktop/Git/ROS_estudo/Simulacao_ROS2/src/install/interfaces_to_gazebo/share/interfaces_to_gazebo/local_setup.sh
[3.805s] -- Up-to-date: /home/andre/Desktop/Git/ROS_estudo/Simulacao_ROS2/src/install/interfaces_to_gazebo/share/interfaces_to_gazebo/local_setup.zsh
[3.806s] -- Up-to-date: /home/andre/Desktop/Git/ROS_estudo/Simulacao_ROS2/src/install/interfaces_to_gazebo/share/interfaces_to_gazebo/local_setup.dsv
[3.807s] -- Installing: /home/andre/Desktop/Git/ROS_estudo/Simulacao_ROS2/src/install/interfaces_to_gazebo/share/interfaces_to_gazebo/package.dsv
[3.808s] -- Up-to-date: /home/andre/Desktop/Git/ROS_estudo/Simulacao_ROS2/src/install/interfaces_to_gazebo/share/ament_index/resource_index/packages/interfaces_to_gazebo
[3.809s] -- Up-to-date: /home/andre/Desktop/Git/ROS_estudo/Simulacao_ROS2/src/install/interfaces_to_gazebo/share/interfaces_to_gazebo/cmake/export_interfaces_to_gazebo__rosidl_generator_cExport.cmake
[3.809s] -- Up-to-date: /home/andre/Desktop/Git/ROS_estudo/Simulacao_ROS2/src/install/interfaces_to_gazebo/share/interfaces_to_gazebo/cmake/export_interfaces_to_gazebo__rosidl_generator_cExport-noconfig.cmake
[3.810s] -- Up-to-date: /home/andre/Desktop/Git/ROS_estudo/Simulacao_ROS2/src/install/interfaces_to_gazebo/share/interfaces_to_gazebo/cmake/export_interfaces_to_gazebo__rosidl_typesupport_fastrtps_cExport.cmake
[3.811s] -- Up-to-date: /home/andre/Desktop/Git/ROS_estudo/Simulacao_ROS2/src/install/interfaces_to_gazebo/share/interfaces_to_gazebo/cmake/export_interfaces_to_gazebo__rosidl_typesupport_fastrtps_cExport-noconfig.cmake
[3.812s] -- Up-to-date: /home/andre/Desktop/Git/ROS_estudo/Simulacao_ROS2/src/install/interfaces_to_gazebo/share/interfaces_to_gazebo/cmake/export_interfaces_to_gazebo__rosidl_generator_cppExport.cmake
[3.814s] -- Up-to-date: /home/andre/Desktop/Git/ROS_estudo/Simulacao_ROS2/src/install/interfaces_to_gazebo/share/interfaces_to_gazebo/cmake/export_interfaces_to_gazebo__rosidl_typesupport_fastrtps_cppExport.cmake
[3.816s] -- Up-to-date: /home/andre/Desktop/Git/ROS_estudo/Simulacao_ROS2/src/install/interfaces_to_gazebo/share/interfaces_to_gazebo/cmake/export_interfaces_to_gazebo__rosidl_typesupport_fastrtps_cppExport-noconfig.cmake
[3.817s] -- Up-to-date: /home/andre/Desktop/Git/ROS_estudo/Simulacao_ROS2/src/install/interfaces_to_gazebo/share/interfaces_to_gazebo/cmake/interfaces_to_gazebo__rosidl_typesupport_introspection_cExport.cmake
[3.818s] -- Up-to-date: /home/andre/Desktop/Git/ROS_estudo/Simulacao_ROS2/src/install/interfaces_to_gazebo/share/interfaces_to_gazebo/cmake/interfaces_to_gazebo__rosidl_typesupport_introspection_cExport-noconfig.cmake
[3.819s] -- Up-to-date: /home/andre/Desktop/Git/ROS_estudo/Simulacao_ROS2/src/install/interfaces_to_gazebo/share/interfaces_to_gazebo/cmake/interfaces_to_gazebo__rosidl_typesupport_cExport.cmake
[3.821s] -- Up-to-date: /home/andre/Desktop/Git/ROS_estudo/Simulacao_ROS2/src/install/interfaces_to_gazebo/share/interfaces_to_gazebo/cmake/interfaces_to_gazebo__rosidl_typesupport_cExport-noconfig.cmake
[3.821s] -- Up-to-date: /home/andre/Desktop/Git/ROS_estudo/Simulacao_ROS2/src/install/interfaces_to_gazebo/share/interfaces_to_gazebo/cmake/interfaces_to_gazebo__rosidl_typesupport_introspection_cppExport.cmake
[3.821s] -- Up-to-date: /home/andre/Desktop/Git/ROS_estudo/Simulacao_ROS2/src/install/interfaces_to_gazebo/share/interfaces_to_gazebo/cmake/interfaces_to_gazebo__rosidl_typesupport_introspection_cppExport-noconfig.cmake
[3.822s] -- Up-to-date: /home/andre/Desktop/Git/ROS_estudo/Simulacao_ROS2/src/install/interfaces_to_gazebo/share/interfaces_to_gazebo/cmake/interfaces_to_gazebo__rosidl_typesupport_cppExport.cmake
[3.824s] -- Up-to-date: /home/andre/Desktop/Git/ROS_estudo/Simulacao_ROS2/src/install/interfaces_to_gazebo/share/interfaces_to_gazebo/cmake/interfaces_to_gazebo__rosidl_typesupport_cppExport-noconfig.cmake
[3.824s] -- Up-to-date: /home/andre/Desktop/Git/ROS_estudo/Simulacao_ROS2/src/install/interfaces_to_gazebo/share/interfaces_to_gazebo/cmake/export_interfaces_to_gazebo__rosidl_generator_pyExport.cmake
[3.827s] -- Up-to-date: /home/andre/Desktop/Git/ROS_estudo/Simulacao_ROS2/src/install/interfaces_to_gazebo/share/interfaces_to_gazebo/cmake/export_interfaces_to_gazebo__rosidl_generator_pyExport-noconfig.cmake
[3.827s] -- Up-to-date: /home/andre/Desktop/Git/ROS_estudo/Simulacao_ROS2/src/install/interfaces_to_gazebo/share/interfaces_to_gazebo/cmake/rosidl_cmake-extras.cmake
[3.828s] -- Up-to-date: /home/andre/Desktop/Git/ROS_estudo/Simulacao_ROS2/src/install/interfaces_to_gazebo/share/interfaces_to_gazebo/cmake/ament_cmake_export_dependencies-extras.cmake
[3.828s] -- Up-to-date: /home/andre/Desktop/Git/ROS_estudo/Simulacao_ROS2/src/install/interfaces_to_gazebo/share/interfaces_to_gazebo/cmake/ament_cmake_export_include_directories-extras.cmake
[3.828s] -- Up-to-date: /home/andre/Desktop/Git/ROS_estudo/Simulacao_ROS2/src/install/interfaces_to_gazebo/share/interfaces_to_gazebo/cmake/ament_cmake_export_libraries-extras.cmake
[3.828s] -- Up-to-date: /home/andre/Desktop/Git/ROS_estudo/Simulacao_ROS2/src/install/interfaces_to_gazebo/share/interfaces_to_gazebo/cmake/ament_cmake_export_targets-extras.cmake
[3.829s] -- Up-to-date: /home/andre/Desktop/Git/ROS_estudo/Simulacao_ROS2/src/install/interfaces_to_gazebo/share/interfaces_to_gazebo/cmake/rosidl_cmake_export_typesupport_targets-extras.cmake
[3.829s] -- Up-to-date: /home/andre/Desktop/Git/ROS_estudo/Simulacao_ROS2/src/install/interfaces_to_gazebo/share/interfaces_to_gazebo/cmake/rosidl_cmake_export_typesupport_libraries-extras.cmake
[3.829s] -- Up-to-date: /home/andre/Desktop/Git/ROS_estudo/Simulacao_ROS2/src/install/interfaces_to_gazebo/share/interfaces_to_gazebo/cmake/interfaces_to_gazeboConfig.cmake
[3.829s] -- Up-to-date: /home/andre/Desktop/Git/ROS_estudo/Simulacao_ROS2/src/install/interfaces_to_gazebo/share/interfaces_to_gazebo/cmake/interfaces_to_gazeboConfig-version.cmake
[3.830s] -- Up-to-date: /home/andre/Desktop/Git/ROS_estudo/Simulacao_ROS2/src/install/interfaces_to_gazebo/share/interfaces_to_gazebo/package.xml
[3.899s] Invoked command in '/home/andre/Desktop/Git/ROS_estudo/Simulacao_ROS2/src/build/interfaces_to_gazebo' returned '0': CMAKE_PREFIX_PATH=${CMAKE_PREFIX_PATH}:/home/andre/Desktop/Git/ROS_estudo/Simulacao_ROS2/src/install/ros2_gazebo_estudo:/home/andre/Desktop/Git/ROS_estudo/Simulacao_ROS2/install/ros2_gazebo_estudo:/opt/ros/humble /usr/bin/cmake --install /home/andre/Desktop/Git/ROS_estudo/Simulacao_ROS2/src/build/interfaces_to_gazebo
