[0.040s] Invoking command in '/home/andre/Desktop/Git/ROS_estudo/Simulacao_ROS2/src/interfaces_to_gazebo/build/interfaces_to_gazebo': CMAKE_PREFIX_PATH=/home/andre/Desktop/Git/ROS_estudo/Simulacao_ROS2/install/ros2_gazebo_estudo:/opt/ros/humble /usr/bin/cmake /home/andre/Desktop/Git/ROS_estudo/Simulacao_ROS2/src/interfaces_to_gazebo -DCMAKE_INSTALL_PREFIX=/home/andre/Desktop/Git/ROS_estudo/Simulacao_ROS2/src/interfaces_to_gazebo/install/interfaces_to_gazebo
[0.189s] -- The C compiler identification is GNU 11.3.0
[0.354s] -- The CXX compiler identification is GNU 11.3.0
[0.374s] -- Detecting C compiler ABI info
[0.539s] -- Detecting C compiler ABI info - done
[0.563s] -- Check for working C compiler: /usr/bin/cc - skipped
[0.564s] -- Detecting C compile features
[0.565s] -- Detecting C compile features - done
[0.573s] -- Detecting CXX compiler ABI info
[0.748s] -- Detecting CXX compiler ABI info - done
[0.774s] -- Check for working CXX compiler: /usr/bin/c++ - skipped
[0.775s] -- Detecting CXX compile features
[0.777s] -- Detecting CXX compile features - done
[0.783s] -- Found ament_cmake: 1.3.3 (/opt/ros/humble/share/ament_cmake/cmake)
[1.270s] -- Found Python3: /usr/bin/python3.10 (found version "3.10.6") found components: Interpreter 
[1.496s] -- Found ament_lint_auto: 0.12.5 (/opt/ros/humble/share/ament_lint_auto/cmake)
[1.696s] -- Found geometry_msgs: 4.2.3 (/opt/ros/humble/share/geometry_msgs/cmake)
[1.785s] -- Found rosidl_generator_c: 3.1.4 (/opt/ros/humble/share/rosidl_generator_c/cmake)
[1.796s] -- Found rosidl_adapter: 3.1.4 (/opt/ros/humble/share/rosidl_adapter/cmake)
[1.819s] -- Found rosidl_generator_cpp: 3.1.4 (/opt/ros/humble/share/rosidl_generator_cpp/cmake)
[1.862s] -- Using all available rosidl_typesupport_c: rosidl_typesupport_fastrtps_c;rosidl_typesupport_introspection_c
[1.921s] -- Using all available rosidl_typesupport_cpp: rosidl_typesupport_fastrtps_cpp;rosidl_typesupport_introspection_cpp
[2.291s] -- Found rosidl_default_generators: 1.2.0 (/opt/ros/humble/share/rosidl_default_generators/cmake)
[2.758s] [31mCMake Error at /opt/ros/humble/share/rosidl_adapter/cmake/rosidl_adapt_interfaces.cmake:59 (message):
[2.758s]   execute_process(/usr/bin/python3.10 -m rosidl_adapter --package-name
[2.759s]   interfaces_to_gazebo --arguments-file
[2.759s]   /home/andre/Desktop/Git/ROS_estudo/Simulacao_ROS2/src/interfaces_to_gazebo/build/interfaces_to_gazebo/rosidl_adapter__arguments__interfaces_to_gazebo.json
[2.759s]   --output-dir
[2.759s]   /home/andre/Desktop/Git/ROS_estudo/Simulacao_ROS2/src/interfaces_to_gazebo/build/interfaces_to_gazebo/rosidl_adapter/interfaces_to_gazebo
[2.759s]   --output-file
[2.760s]   /home/andre/Desktop/Git/ROS_estudo/Simulacao_ROS2/src/interfaces_to_gazebo/build/interfaces_to_gazebo/rosidl_adapter/interfaces_to_gazebo.idls)
[2.760s]   returned error code 1:
[2.760s] 
[2.760s]   Traceback (most recent call last):
[2.760s] 
[2.760s]     File "/usr/lib/python3.10/runpy.py", line 196, in _run_module_as_main
[2.761s]       return _run_code(code, main_globals, None,
[2.761s]     File "/usr/lib/python3.10/runpy.py", line 86, in _run_code
[2.761s]       exec(code, run_globals)
[2.761s]     File "/opt/ros/humble/local/lib/python3.10/dist-packages/rosidl_adapter/__main__.py", line 19, in <module>
[2.761s]       sys.exit(main())
[2.762s]     File "/opt/ros/humble/local/lib/python3.10/dist-packages/rosidl_adapter/main.py", line 53, in main
[2.762s]       abs_idl_file = convert_to_idl(
[2.762s]     File "/opt/ros/humble/local/lib/python3.10/dist-packages/rosidl_adapter/__init__.py", line 24, in convert_to_idl
[2.762s]       return convert_srv_to_idl(
[2.762s]     File "/opt/ros/humble/local/lib/python3.10/dist-packages/rosidl_adapter/srv/__init__.py", line 28, in convert_srv_to_idl
[2.763s]       srv = parse_service_string(package_name, input_file.stem, content)
[2.763s]     File "/opt/ros/humble/local/lib/python3.10/dist-packages/rosidl_adapter/parser.py", line 859, in parse_service_string
[2.763s]       request_message = parse_message_string(
[2.763s]     File "/opt/ros/humble/local/lib/python3.10/dist-packages/rosidl_adapter/parser.py", line 544, in parse_message_string
[2.763s]       msg = MessageSpecification(pkg_name, msg_name, fields, constants)
[2.764s]     File "/opt/ros/humble/local/lib/python3.10/dist-packages/rosidl_adapter/parser.py", line 388, in __init__
[2.764s]       self.base_type = BaseType(
[2.764s]     File "/opt/ros/humble/local/lib/python3.10/dist-packages/rosidl_adapter/parser.py", line 205, in __init__
[2.765s]       raise InvalidResourceName(
[2.765s] 
[2.765s]   rosidl_adapter.parser.InvalidResourceName: 'Rqt_LaserScan_Request' is an
[2.765s]   invalid message name.  It should have the pattern '^[A-Z][A-Za-z0-9]*$'
[2.766s] 
[2.766s] Call Stack (most recent call first):
[2.766s]   /opt/ros/humble/share/rosidl_cmake/cmake/rosidl_generate_interfaces.cmake:130 (rosidl_adapt_interfaces)
[2.766s]   CMakeLists.txt:29 (rosidl_generate_interfaces)
[2.766s] 
[2.767s] [0m
[2.767s] -- Configuring incomplete, errors occurred!
[2.767s] See also "/home/andre/Desktop/Git/ROS_estudo/Simulacao_ROS2/src/interfaces_to_gazebo/build/interfaces_to_gazebo/CMakeFiles/CMakeOutput.log".
[2.776s] Invoked command in '/home/andre/Desktop/Git/ROS_estudo/Simulacao_ROS2/src/interfaces_to_gazebo/build/interfaces_to_gazebo' returned '1': CMAKE_PREFIX_PATH=/home/andre/Desktop/Git/ROS_estudo/Simulacao_ROS2/install/ros2_gazebo_estudo:/opt/ros/humble /usr/bin/cmake /home/andre/Desktop/Git/ROS_estudo/Simulacao_ROS2/src/interfaces_to_gazebo -DCMAKE_INSTALL_PREFIX=/home/andre/Desktop/Git/ROS_estudo/Simulacao_ROS2/src/interfaces_to_gazebo/install/interfaces_to_gazebo
