[0.757s] DEBUG:colcon:Command line arguments: ['/usr/bin/colcon', 'build', '--packages-select', 'ros2_gazebo_estudo']
[0.757s] DEBUG:colcon:Parsed command line arguments: Namespace(log_base=None, log_level=None, verb_name='build', build_base='build', install_base='install', merge_install=False, symlink_install=False, test_result_base=None, continue_on_error=False, executor='parallel', parallel_workers=4, event_handlers=None, ignore_user_meta=False, metas=['./colcon.meta'], base_paths=['.'], packages_ignore=None, packages_ignore_regex=None, paths=None, packages_up_to=None, packages_up_to_regex=None, packages_above=None, packages_above_and_dependencies=None, packages_above_depth=None, packages_select_by_dep=None, packages_skip_by_dep=None, packages_skip_up_to=None, packages_select_build_failed=False, packages_skip_build_finished=False, packages_select_test_failures=False, packages_skip_test_passed=False, packages_select=['ros2_gazebo_estudo'], packages_skip=None, packages_select_regex=None, packages_skip_regex=None, packages_start=None, packages_end=None, allow_overriding=[], cmake_args=None, cmake_target=None, cmake_target_skip_unavailable=False, cmake_clean_cache=False, cmake_clean_first=False, cmake_force_configure=False, ament_cmake_args=None, catkin_cmake_args=None, catkin_skip_building_tests=False, verb_parser=<colcon_defaults.argument_parser.defaults.DefaultArgumentsDecorator object at 0x7fe5079e6f80>, verb_extension=<colcon_core.verb.build.BuildVerb object at 0x7fe508153bb0>, main=<bound method BuildVerb.main of <colcon_core.verb.build.BuildVerb object at 0x7fe508153bb0>>)
[0.819s] Level 1:colcon.colcon_core.package_discovery:discover_packages(colcon_meta) check parameters
[0.819s] Level 1:colcon.colcon_core.package_discovery:discover_packages(recursive) check parameters
[0.820s] Level 1:colcon.colcon_core.package_discovery:discover_packages(ignore) check parameters
[0.820s] Level 1:colcon.colcon_core.package_discovery:discover_packages(path) check parameters
[0.820s] Level 1:colcon.colcon_core.package_discovery:discover_packages(colcon_meta) discover
[0.820s] Level 1:colcon.colcon_core.package_discovery:discover_packages(recursive) discover
[0.820s] INFO:colcon.colcon_core.package_discovery:Crawling recursively for packages in '/home/andre/Desktop/Git/ROS_estudo/Simulacao_ROS2'
[0.820s] Level 1:colcon.colcon_core.package_identification:_identify(.) by extensions ['ignore', 'ignore_ament_install']
[0.820s] Level 1:colcon.colcon_core.package_identification:_identify(.) by extension 'ignore'
[0.820s] Level 1:colcon.colcon_core.package_identification:_identify(.) by extension 'ignore_ament_install'
[0.821s] Level 1:colcon.colcon_core.package_identification:_identify(.) by extensions ['colcon_pkg']
[0.821s] Level 1:colcon.colcon_core.package_identification:_identify(.) by extension 'colcon_pkg'
[0.821s] Level 1:colcon.colcon_core.package_identification:_identify(.) by extensions ['colcon_meta']
[0.821s] Level 1:colcon.colcon_core.package_identification:_identify(.) by extension 'colcon_meta'
[0.821s] Level 1:colcon.colcon_core.package_identification:_identify(.) by extensions ['ros']
[0.821s] Level 1:colcon.colcon_core.package_identification:_identify(.) by extension 'ros'
[0.844s] Level 1:colcon.colcon_core.package_identification:_identify(.) by extensions ['cmake', 'python']
[0.844s] Level 1:colcon.colcon_core.package_identification:_identify(.) by extension 'cmake'
[0.844s] Level 1:colcon.colcon_core.package_identification:_identify(.) by extension 'python'
[0.844s] Level 1:colcon.colcon_core.package_identification:_identify(.) by extensions ['python_setup_py']
[0.844s] Level 1:colcon.colcon_core.package_identification:_identify(.) by extension 'python_setup_py'
[0.845s] Level 1:colcon.colcon_core.package_identification:_identify(build) by extensions ['ignore', 'ignore_ament_install']
[0.845s] Level 1:colcon.colcon_core.package_identification:_identify(build) by extension 'ignore'
[0.845s] Level 1:colcon.colcon_core.package_identification:_identify(build) ignored
[0.846s] Level 1:colcon.colcon_core.package_identification:_identify(install) by extensions ['ignore', 'ignore_ament_install']
[0.846s] Level 1:colcon.colcon_core.package_identification:_identify(install) by extension 'ignore'
[0.846s] Level 1:colcon.colcon_core.package_identification:_identify(install) ignored
[0.846s] Level 1:colcon.colcon_core.package_identification:_identify(log) by extensions ['ignore', 'ignore_ament_install']
[0.847s] Level 1:colcon.colcon_core.package_identification:_identify(log) by extension 'ignore'
[0.847s] Level 1:colcon.colcon_core.package_identification:_identify(log) ignored
[0.847s] Level 1:colcon.colcon_core.package_identification:_identify(src) by extensions ['ignore', 'ignore_ament_install']
[0.847s] Level 1:colcon.colcon_core.package_identification:_identify(src) by extension 'ignore'
[0.847s] Level 1:colcon.colcon_core.package_identification:_identify(src) by extension 'ignore_ament_install'
[0.847s] Level 1:colcon.colcon_core.package_identification:_identify(src) by extensions ['colcon_pkg']
[0.847s] Level 1:colcon.colcon_core.package_identification:_identify(src) by extension 'colcon_pkg'
[0.848s] Level 1:colcon.colcon_core.package_identification:_identify(src) by extensions ['colcon_meta']
[0.848s] Level 1:colcon.colcon_core.package_identification:_identify(src) by extension 'colcon_meta'
[0.848s] Level 1:colcon.colcon_core.package_identification:_identify(src) by extensions ['ros']
[0.848s] Level 1:colcon.colcon_core.package_identification:_identify(src) by extension 'ros'
[0.848s] Level 1:colcon.colcon_core.package_identification:_identify(src) by extensions ['cmake', 'python']
[0.848s] Level 1:colcon.colcon_core.package_identification:_identify(src) by extension 'cmake'
[0.848s] Level 1:colcon.colcon_core.package_identification:_identify(src) by extension 'python'
[0.848s] Level 1:colcon.colcon_core.package_identification:_identify(src) by extensions ['python_setup_py']
[0.848s] Level 1:colcon.colcon_core.package_identification:_identify(src) by extension 'python_setup_py'
[0.848s] Level 1:colcon.colcon_core.package_identification:_identify(src/interfaces_to_gazebo) by extensions ['ignore', 'ignore_ament_install']
[0.849s] Level 1:colcon.colcon_core.package_identification:_identify(src/interfaces_to_gazebo) by extension 'ignore'
[0.849s] Level 1:colcon.colcon_core.package_identification:_identify(src/interfaces_to_gazebo) by extension 'ignore_ament_install'
[0.849s] Level 1:colcon.colcon_core.package_identification:_identify(src/interfaces_to_gazebo) by extensions ['colcon_pkg']
[0.849s] Level 1:colcon.colcon_core.package_identification:_identify(src/interfaces_to_gazebo) by extension 'colcon_pkg'
[0.849s] Level 1:colcon.colcon_core.package_identification:_identify(src/interfaces_to_gazebo) by extensions ['colcon_meta']
[0.849s] Level 1:colcon.colcon_core.package_identification:_identify(src/interfaces_to_gazebo) by extension 'colcon_meta'
[0.849s] Level 1:colcon.colcon_core.package_identification:_identify(src/interfaces_to_gazebo) by extensions ['ros']
[0.849s] Level 1:colcon.colcon_core.package_identification:_identify(src/interfaces_to_gazebo) by extension 'ros'
[0.854s] DEBUG:colcon.colcon_core.package_identification:Package 'src/interfaces_to_gazebo' with type 'ros.ament_cmake' and name 'interfaces_to_gazebo'
[0.854s] Level 1:colcon.colcon_core.package_identification:_identify(src/ros2_gazebo_estudo) by extensions ['ignore', 'ignore_ament_install']
[0.854s] Level 1:colcon.colcon_core.package_identification:_identify(src/ros2_gazebo_estudo) by extension 'ignore'
[0.854s] Level 1:colcon.colcon_core.package_identification:_identify(src/ros2_gazebo_estudo) by extension 'ignore_ament_install'
[0.855s] Level 1:colcon.colcon_core.package_identification:_identify(src/ros2_gazebo_estudo) by extensions ['colcon_pkg']
[0.855s] Level 1:colcon.colcon_core.package_identification:_identify(src/ros2_gazebo_estudo) by extension 'colcon_pkg'
[0.855s] Level 1:colcon.colcon_core.package_identification:_identify(src/ros2_gazebo_estudo) by extensions ['colcon_meta']
[0.855s] Level 1:colcon.colcon_core.package_identification:_identify(src/ros2_gazebo_estudo) by extension 'colcon_meta'
[0.855s] Level 1:colcon.colcon_core.package_identification:_identify(src/ros2_gazebo_estudo) by extensions ['ros']
[0.855s] Level 1:colcon.colcon_core.package_identification:_identify(src/ros2_gazebo_estudo) by extension 'ros'
[0.856s] DEBUG:colcon.colcon_core.package_identification:Package 'src/ros2_gazebo_estudo' with type 'ros.ament_python' and name 'ros2_gazebo_estudo'
[0.856s] Level 1:colcon.colcon_core.package_discovery:discover_packages(recursive) using defaults
[0.857s] Level 1:colcon.colcon_core.package_discovery:discover_packages(ignore) discover
[0.857s] Level 1:colcon.colcon_core.package_discovery:discover_packages(ignore) using defaults
[0.857s] Level 1:colcon.colcon_core.package_discovery:discover_packages(path) discover
[0.857s] Level 1:colcon.colcon_core.package_discovery:discover_packages(path) using defaults
[0.918s] INFO:colcon.colcon_core.package_selection:Skipping not selected package 'interfaces_to_gazebo' in 'src/interfaces_to_gazebo'
[0.919s] Level 1:colcon.colcon_core.package_discovery:discover_packages(prefix_path) check parameters
[0.920s] Level 1:colcon.colcon_core.package_discovery:discover_packages(prefix_path) discover
[0.925s] DEBUG:colcon.colcon_installed_package_information.package_discovery:Found 3 installed packages in /home/andre/Desktop/Git/ROS_estudo/Simulacao_ROS2/install
[0.927s] DEBUG:colcon.colcon_installed_package_information.package_discovery:Found 1 installed packages in /home/andre/Desktop/Git/ROS_estudo/Simulacao_ROS2/src/interfaces_to_gazebo/install
[0.932s] DEBUG:colcon.colcon_installed_package_information.package_discovery:Found 393 installed packages in /opt/ros/humble
[0.937s] Level 1:colcon.colcon_core.package_discovery:discover_packages(prefix_path) using defaults
[1.113s] Level 5:colcon.colcon_core.verb:set package 'ros2_gazebo_estudo' build argument 'cmake_args' from command line to 'None'
[1.113s] Level 5:colcon.colcon_core.verb:set package 'ros2_gazebo_estudo' build argument 'cmake_target' from command line to 'None'
[1.113s] Level 5:colcon.colcon_core.verb:set package 'ros2_gazebo_estudo' build argument 'cmake_target_skip_unavailable' from command line to 'False'
[1.113s] Level 5:colcon.colcon_core.verb:set package 'ros2_gazebo_estudo' build argument 'cmake_clean_cache' from command line to 'False'
[1.113s] Level 5:colcon.colcon_core.verb:set package 'ros2_gazebo_estudo' build argument 'cmake_clean_first' from command line to 'False'
[1.113s] Level 5:colcon.colcon_core.verb:set package 'ros2_gazebo_estudo' build argument 'cmake_force_configure' from command line to 'False'
[1.113s] Level 5:colcon.colcon_core.verb:set package 'ros2_gazebo_estudo' build argument 'ament_cmake_args' from command line to 'None'
[1.113s] Level 5:colcon.colcon_core.verb:set package 'ros2_gazebo_estudo' build argument 'catkin_cmake_args' from command line to 'None'
[1.113s] Level 5:colcon.colcon_core.verb:set package 'ros2_gazebo_estudo' build argument 'catkin_skip_building_tests' from command line to 'False'
[1.113s] DEBUG:colcon.colcon_core.verb:Building package 'ros2_gazebo_estudo' with the following arguments: {'ament_cmake_args': None, 'build_base': '/home/andre/Desktop/Git/ROS_estudo/Simulacao_ROS2/build/ros2_gazebo_estudo', 'catkin_cmake_args': None, 'catkin_skip_building_tests': False, 'cmake_args': None, 'cmake_clean_cache': False, 'cmake_clean_first': False, 'cmake_force_configure': False, 'cmake_target': None, 'cmake_target_skip_unavailable': False, 'install_base': '/home/andre/Desktop/Git/ROS_estudo/Simulacao_ROS2/install/ros2_gazebo_estudo', 'merge_install': False, 'path': '/home/andre/Desktop/Git/ROS_estudo/Simulacao_ROS2/src/ros2_gazebo_estudo', 'symlink_install': False, 'test_result_base': None}
[1.116s] INFO:colcon.colcon_core.executor:Executing jobs using 'parallel' executor
[1.123s] DEBUG:colcon.colcon_parallel_executor.executor.parallel:run_until_complete
[1.124s] INFO:colcon.colcon_ros.task.ament_python.build:Building ROS package in '/home/andre/Desktop/Git/ROS_estudo/Simulacao_ROS2/src/ros2_gazebo_estudo' with build type 'ament_python'
[1.124s] Level 1:colcon.colcon_core.shell:create_environment_hook('ros2_gazebo_estudo', 'ament_prefix_path')
[1.140s] INFO:colcon.colcon_core.plugin_system:Skipping extension 'colcon_core.shell.bat': Not used on non-Windows systems
[1.141s] INFO:colcon.colcon_core.shell:Creating environment hook '/home/andre/Desktop/Git/ROS_estudo/Simulacao_ROS2/install/ros2_gazebo_estudo/share/ros2_gazebo_estudo/hook/ament_prefix_path.ps1'
[1.143s] INFO:colcon.colcon_core.shell:Creating environment descriptor '/home/andre/Desktop/Git/ROS_estudo/Simulacao_ROS2/install/ros2_gazebo_estudo/share/ros2_gazebo_estudo/hook/ament_prefix_path.dsv'
[1.144s] INFO:colcon.colcon_core.shell:Creating environment hook '/home/andre/Desktop/Git/ROS_estudo/Simulacao_ROS2/install/ros2_gazebo_estudo/share/ros2_gazebo_estudo/hook/ament_prefix_path.sh'
[1.151s] INFO:colcon.colcon_core.shell:Skip shell extension 'powershell' for command environment: Not usable outside of PowerShell
[1.151s] DEBUG:colcon.colcon_core.shell:Skip shell extension 'dsv' for command environment
[1.866s] INFO:colcon.colcon_core.task.python.build:Building Python package in '/home/andre/Desktop/Git/ROS_estudo/Simulacao_ROS2/src/ros2_gazebo_estudo'
[1.868s] INFO:colcon.colcon_core.shell:Skip shell extension 'powershell' for command environment: Not usable outside of PowerShell
[1.868s] DEBUG:colcon.colcon_core.shell:Skip shell extension 'dsv' for command environment
[2.736s] DEBUG:colcon.colcon_core.event_handler.log_command:Invoking command in '/home/andre/Desktop/Git/ROS_estudo/Simulacao_ROS2/src/ros2_gazebo_estudo': PYTHONPATH=/home/andre/Desktop/Git/ROS_estudo/Simulacao_ROS2/build/ros2_gazebo_estudo/prefix_override:/home/andre/Desktop/Git/ROS_estudo/Simulacao_ROS2/install/ros2_gazebo_estudo/lib/python3.10/site-packages:${PYTHONPATH} /usr/bin/python3 setup.py egg_info --egg-base ../../build/ros2_gazebo_estudo build --build-base /home/andre/Desktop/Git/ROS_estudo/Simulacao_ROS2/build/ros2_gazebo_estudo/build install --record /home/andre/Desktop/Git/ROS_estudo/Simulacao_ROS2/build/ros2_gazebo_estudo/install.log --single-version-externally-managed
[3.473s] DEBUG:colcon.colcon_core.event_handler.log_command:Invoked command in '/home/andre/Desktop/Git/ROS_estudo/Simulacao_ROS2/src/ros2_gazebo_estudo' returned '0': PYTHONPATH=/home/andre/Desktop/Git/ROS_estudo/Simulacao_ROS2/build/ros2_gazebo_estudo/prefix_override:/home/andre/Desktop/Git/ROS_estudo/Simulacao_ROS2/install/ros2_gazebo_estudo/lib/python3.10/site-packages:${PYTHONPATH} /usr/bin/python3 setup.py egg_info --egg-base ../../build/ros2_gazebo_estudo build --build-base /home/andre/Desktop/Git/ROS_estudo/Simulacao_ROS2/build/ros2_gazebo_estudo/build install --record /home/andre/Desktop/Git/ROS_estudo/Simulacao_ROS2/build/ros2_gazebo_estudo/install.log --single-version-externally-managed
[3.483s] Level 1:colcon.colcon_core.environment:checking '/home/andre/Desktop/Git/ROS_estudo/Simulacao_ROS2/install/ros2_gazebo_estudo' for CMake module files
[3.485s] Level 1:colcon.colcon_core.environment:checking '/home/andre/Desktop/Git/ROS_estudo/Simulacao_ROS2/install/ros2_gazebo_estudo' for CMake config files
[3.486s] Level 1:colcon.colcon_core.environment:checking '/home/andre/Desktop/Git/ROS_estudo/Simulacao_ROS2/install/ros2_gazebo_estudo/lib'
[3.486s] Level 1:colcon.colcon_core.environment:checking '/home/andre/Desktop/Git/ROS_estudo/Simulacao_ROS2/install/ros2_gazebo_estudo/bin'
[3.486s] Level 1:colcon.colcon_core.environment:checking '/home/andre/Desktop/Git/ROS_estudo/Simulacao_ROS2/install/ros2_gazebo_estudo/lib/pkgconfig/ros2_gazebo_estudo.pc'
[3.487s] Level 1:colcon.colcon_core.environment:checking '/home/andre/Desktop/Git/ROS_estudo/Simulacao_ROS2/install/ros2_gazebo_estudo/lib/python3.10/site-packages'
[3.487s] Level 1:colcon.colcon_core.shell:create_environment_hook('ros2_gazebo_estudo', 'pythonpath')
[3.489s] INFO:colcon.colcon_core.shell:Creating environment hook '/home/andre/Desktop/Git/ROS_estudo/Simulacao_ROS2/install/ros2_gazebo_estudo/share/ros2_gazebo_estudo/hook/pythonpath.ps1'
[3.490s] INFO:colcon.colcon_core.shell:Creating environment descriptor '/home/andre/Desktop/Git/ROS_estudo/Simulacao_ROS2/install/ros2_gazebo_estudo/share/ros2_gazebo_estudo/hook/pythonpath.dsv'
[3.491s] INFO:colcon.colcon_core.shell:Creating environment hook '/home/andre/Desktop/Git/ROS_estudo/Simulacao_ROS2/install/ros2_gazebo_estudo/share/ros2_gazebo_estudo/hook/pythonpath.sh'
[3.493s] Level 1:colcon.colcon_core.environment:checking '/home/andre/Desktop/Git/ROS_estudo/Simulacao_ROS2/install/ros2_gazebo_estudo/bin'
[3.493s] Level 1:colcon.colcon_core.environment:create_environment_scripts_only(ros2_gazebo_estudo)
[3.497s] INFO:colcon.colcon_core.shell:Creating package script '/home/andre/Desktop/Git/ROS_estudo/Simulacao_ROS2/install/ros2_gazebo_estudo/share/ros2_gazebo_estudo/package.ps1'
[3.499s] INFO:colcon.colcon_core.shell:Creating package descriptor '/home/andre/Desktop/Git/ROS_estudo/Simulacao_ROS2/install/ros2_gazebo_estudo/share/ros2_gazebo_estudo/package.dsv'
[3.500s] INFO:colcon.colcon_core.shell:Creating package script '/home/andre/Desktop/Git/ROS_estudo/Simulacao_ROS2/install/ros2_gazebo_estudo/share/ros2_gazebo_estudo/package.sh'
[3.502s] INFO:colcon.colcon_core.shell:Creating package script '/home/andre/Desktop/Git/ROS_estudo/Simulacao_ROS2/install/ros2_gazebo_estudo/share/ros2_gazebo_estudo/package.bash'
[3.504s] INFO:colcon.colcon_core.shell:Creating package script '/home/andre/Desktop/Git/ROS_estudo/Simulacao_ROS2/install/ros2_gazebo_estudo/share/ros2_gazebo_estudo/package.zsh'
[3.505s] Level 1:colcon.colcon_core.environment:create_file_with_runtime_dependencies(/home/andre/Desktop/Git/ROS_estudo/Simulacao_ROS2/install/ros2_gazebo_estudo/share/colcon-core/packages/ros2_gazebo_estudo)
[3.506s] DEBUG:colcon.colcon_parallel_executor.executor.parallel:closing loop
[3.507s] DEBUG:colcon.colcon_parallel_executor.executor.parallel:loop closed
[3.507s] DEBUG:colcon.colcon_parallel_executor.executor.parallel:run_until_complete finished with '0'
[3.507s] DEBUG:colcon.colcon_core.event_reactor:joining thread
[3.522s] INFO:colcon.colcon_core.plugin_system:Skipping extension 'colcon_notification.desktop_notification.terminal_notifier': Not used on non-Darwin systems
[3.522s] INFO:colcon.colcon_core.plugin_system:Skipping extension 'colcon_notification.desktop_notification.win32': Not used on non-Windows systems
[3.523s] INFO:colcon.colcon_notification.desktop_notification:Sending desktop notification using 'notify2'
[3.559s] DEBUG:colcon.colcon_core.event_reactor:joined thread
[3.563s] INFO:colcon.colcon_core.shell:Creating prefix script '/home/andre/Desktop/Git/ROS_estudo/Simulacao_ROS2/install/local_setup.ps1'
[3.566s] INFO:colcon.colcon_core.shell:Creating prefix util module '/home/andre/Desktop/Git/ROS_estudo/Simulacao_ROS2/install/_local_setup_util_ps1.py'
[3.570s] INFO:colcon.colcon_core.shell:Creating prefix chain script '/home/andre/Desktop/Git/ROS_estudo/Simulacao_ROS2/install/setup.ps1'
[3.575s] INFO:colcon.colcon_core.shell:Creating prefix script '/home/andre/Desktop/Git/ROS_estudo/Simulacao_ROS2/install/local_setup.sh'
[3.576s] INFO:colcon.colcon_core.shell:Creating prefix util module '/home/andre/Desktop/Git/ROS_estudo/Simulacao_ROS2/install/_local_setup_util_sh.py'
[3.578s] INFO:colcon.colcon_core.shell:Creating prefix chain script '/home/andre/Desktop/Git/ROS_estudo/Simulacao_ROS2/install/setup.sh'
[3.584s] INFO:colcon.colcon_core.shell:Creating prefix script '/home/andre/Desktop/Git/ROS_estudo/Simulacao_ROS2/install/local_setup.bash'
[3.585s] INFO:colcon.colcon_core.shell:Creating prefix chain script '/home/andre/Desktop/Git/ROS_estudo/Simulacao_ROS2/install/setup.bash'
[3.589s] INFO:colcon.colcon_core.shell:Creating prefix script '/home/andre/Desktop/Git/ROS_estudo/Simulacao_ROS2/install/local_setup.zsh'
[3.590s] INFO:colcon.colcon_core.shell:Creating prefix chain script '/home/andre/Desktop/Git/ROS_estudo/Simulacao_ROS2/install/setup.zsh'
