[2.017s] Invoking command in '/home/andre/Desktop/Git/ROS_estudo/Simulacao_ROS2/src/ros2_gazebo_estudo': PYTHONPATH=/home/andre/Desktop/Git/ROS_estudo/Simulacao_ROS2/src/build/ros2_gazebo_estudo/prefix_override:/home/andre/Desktop/Git/ROS_estudo/Simulacao_ROS2/src/install/ros2_gazebo_estudo/lib/python3.10/site-packages:${PYTHONPATH} /usr/bin/python3 setup.py egg_info --egg-base ../build/ros2_gazebo_estudo build --build-base /home/andre/Desktop/Git/ROS_estudo/Simulacao_ROS2/src/build/ros2_gazebo_estudo/build install --record /home/andre/Desktop/Git/ROS_estudo/Simulacao_ROS2/src/build/ros2_gazebo_estudo/install.log --single-version-externally-managed
[2.805s] running egg_info
[2.807s] writing ../build/ros2_gazebo_estudo/ros2_gazebo_estudo.egg-info/PKG-INFO
[2.807s] writing dependency_links to ../build/ros2_gazebo_estudo/ros2_gazebo_estudo.egg-info/dependency_links.txt
[2.808s] writing entry points to ../build/ros2_gazebo_estudo/ros2_gazebo_estudo.egg-info/entry_points.txt
[2.808s] writing requirements to ../build/ros2_gazebo_estudo/ros2_gazebo_estudo.egg-info/requires.txt
[2.808s] writing top-level names to ../build/ros2_gazebo_estudo/ros2_gazebo_estudo.egg-info/top_level.txt
[2.812s] reading manifest file '../build/ros2_gazebo_estudo/ros2_gazebo_estudo.egg-info/SOURCES.txt'
[2.815s] writing manifest file '../build/ros2_gazebo_estudo/ros2_gazebo_estudo.egg-info/SOURCES.txt'
[2.815s] running build
[2.816s] running build_py
[2.816s] copying ros2_gazebo_estudo/cmd_vel_clt.py -> /home/andre/Desktop/Git/ROS_estudo/Simulacao_ROS2/src/build/ros2_gazebo_estudo/build/lib/ros2_gazebo_estudo
[2.817s] /usr/lib/python3/dist-packages/setuptools/command/install.py:34: SetuptoolsDeprecationWarning: setup.py install is deprecated. Use build and pip and other standards-based tools.
[2.817s]   warnings.warn(
[2.818s] running install
[2.819s] running install_lib
[2.820s] copying /home/andre/Desktop/Git/ROS_estudo/Simulacao_ROS2/src/build/ros2_gazebo_estudo/build/lib/ros2_gazebo_estudo/cmd_vel_clt.py -> /home/andre/Desktop/Git/ROS_estudo/Simulacao_ROS2/src/install/ros2_gazebo_estudo/lib/python3.10/site-packages/ros2_gazebo_estudo
[2.823s] byte-compiling /home/andre/Desktop/Git/ROS_estudo/Simulacao_ROS2/src/install/ros2_gazebo_estudo/lib/python3.10/site-packages/ros2_gazebo_estudo/cmd_vel_clt.py to cmd_vel_clt.cpython-310.pyc
[2.823s] running install_data
[2.824s] running install_egg_info
[2.828s] removing '/home/andre/Desktop/Git/ROS_estudo/Simulacao_ROS2/src/install/ros2_gazebo_estudo/lib/python3.10/site-packages/ros2_gazebo_estudo-0.0.0-py3.10.egg-info' (and everything under it)
[2.829s] Copying ../build/ros2_gazebo_estudo/ros2_gazebo_estudo.egg-info to /home/andre/Desktop/Git/ROS_estudo/Simulacao_ROS2/src/install/ros2_gazebo_estudo/lib/python3.10/site-packages/ros2_gazebo_estudo-0.0.0-py3.10.egg-info
[2.832s] running install_scripts
[2.892s] Installing CmdVel_client script to /home/andre/Desktop/Git/ROS_estudo/Simulacao_ROS2/src/install/ros2_gazebo_estudo/lib/ros2_gazebo_estudo
[2.892s] Installing LaserScan_service script to /home/andre/Desktop/Git/ROS_estudo/Simulacao_ROS2/src/install/ros2_gazebo_estudo/lib/ros2_gazebo_estudo
[2.893s] writing list of installed files to '/home/andre/Desktop/Git/ROS_estudo/Simulacao_ROS2/src/build/ros2_gazebo_estudo/install.log'
[2.966s] Invoked command in '/home/andre/Desktop/Git/ROS_estudo/Simulacao_ROS2/src/ros2_gazebo_estudo' returned '0': PYTHONPATH=/home/andre/Desktop/Git/ROS_estudo/Simulacao_ROS2/src/build/ros2_gazebo_estudo/prefix_override:/home/andre/Desktop/Git/ROS_estudo/Simulacao_ROS2/src/install/ros2_gazebo_estudo/lib/python3.10/site-packages:${PYTHONPATH} /usr/bin/python3 setup.py egg_info --egg-base ../build/ros2_gazebo_estudo build --build-base /home/andre/Desktop/Git/ROS_estudo/Simulacao_ROS2/src/build/ros2_gazebo_estudo/build install --record /home/andre/Desktop/Git/ROS_estudo/Simulacao_ROS2/src/build/ros2_gazebo_estudo/install.log --single-version-externally-managed
