[1.079s] Invoking command in '/home/andre/Desktop/Git/ROS_estudo/Modulo_basico/Parameters_class/src/python_parameters': PYTHONPATH=/home/andre/Desktop/Git/ROS_estudo/Modulo_basico/Parameters_class/src/build/python_parameters/prefix_override:/home/andre/Desktop/Git/ROS_estudo/Modulo_basico/Parameters_class/src/install/python_parameters/lib/python3.10/site-packages:${PYTHONPATH} /usr/bin/python3 setup.py egg_info --egg-base ../build/python_parameters build --build-base /home/andre/Desktop/Git/ROS_estudo/Modulo_basico/Parameters_class/src/build/python_parameters/build install --record /home/andre/Desktop/Git/ROS_estudo/Modulo_basico/Parameters_class/src/build/python_parameters/install.log --single-version-externally-managed
[1.500s] running egg_info
[1.501s] writing ../build/python_parameters/python_parameters.egg-info/PKG-INFO
[1.501s] writing dependency_links to ../build/python_parameters/python_parameters.egg-info/dependency_links.txt
[1.502s] writing entry points to ../build/python_parameters/python_parameters.egg-info/entry_points.txt
[1.502s] writing requirements to ../build/python_parameters/python_parameters.egg-info/requires.txt
[1.502s] writing top-level names to ../build/python_parameters/python_parameters.egg-info/top_level.txt
[1.505s] reading manifest file '../build/python_parameters/python_parameters.egg-info/SOURCES.txt'
[1.507s] writing manifest file '../build/python_parameters/python_parameters.egg-info/SOURCES.txt'
[1.507s] running build
[1.507s] running build_py
[1.508s] running install
[1.508s] /usr/lib/python3/dist-packages/setuptools/command/install.py:34: SetuptoolsDeprecationWarning: setup.py install is deprecated. Use build and pip and other standards-based tools.
[1.509s]   warnings.warn(
[1.509s] running install_lib
[1.511s] running install_data
[1.512s] running install_egg_info
[1.514s] removing '/home/andre/Desktop/Git/ROS_estudo/Modulo_basico/Parameters_class/src/install/python_parameters/lib/python3.10/site-packages/python_parameters-0.0.0-py3.10.egg-info' (and everything under it)
[1.515s] Copying ../build/python_parameters/python_parameters.egg-info to /home/andre/Desktop/Git/ROS_estudo/Modulo_basico/Parameters_class/src/install/python_parameters/lib/python3.10/site-packages/python_parameters-0.0.0-py3.10.egg-info
[1.517s] running install_scripts
[1.550s] Installing minimal_param_node script to /home/andre/Desktop/Git/ROS_estudo/Modulo_basico/Parameters_class/src/install/python_parameters/lib/python_parameters
[1.551s] writing list of installed files to '/home/andre/Desktop/Git/ROS_estudo/Modulo_basico/Parameters_class/src/build/python_parameters/install.log'
[1.592s] Invoked command in '/home/andre/Desktop/Git/ROS_estudo/Modulo_basico/Parameters_class/src/python_parameters' returned '0': PYTHONPATH=/home/andre/Desktop/Git/ROS_estudo/Modulo_basico/Parameters_class/src/build/python_parameters/prefix_override:/home/andre/Desktop/Git/ROS_estudo/Modulo_basico/Parameters_class/src/install/python_parameters/lib/python3.10/site-packages:${PYTHONPATH} /usr/bin/python3 setup.py egg_info --egg-base ../build/python_parameters build --build-base /home/andre/Desktop/Git/ROS_estudo/Modulo_basico/Parameters_class/src/build/python_parameters/build install --record /home/andre/Desktop/Git/ROS_estudo/Modulo_basico/Parameters_class/src/build/python_parameters/install.log --single-version-externally-managed
