[0.045s] Invoking command in '/home/andre/Desktop/Git/ROS_estudo/Estudo/resumo_mod_basico/src/build/custom_interfaces': CMAKE_PREFIX_PATH=${CMAKE_PREFIX_PATH}:/home/andre/Desktop/Git/ROS_estudo/Estudo/resumo_mod_basico/src/install/resumo_mod_basico:/opt/ros/humble /usr/bin/cmake --build /home/andre/Desktop/Git/ROS_estudo/Estudo/resumo_mod_basico/src/build/custom_interfaces -- -j4 -l4
[0.102s] -- Found ament_cmake: 1.3.3 (/opt/ros/humble/share/ament_cmake/cmake)
[0.379s] -- Found ament_lint_auto: 0.12.4 (/opt/ros/humble/share/ament_lint_auto/cmake)
[0.563s] -- Found rosidl_default_generators: 1.2.0 (/opt/ros/humble/share/rosidl_default_generators/cmake)
[0.568s] -- Using all available rosidl_typesupport_c: rosidl_typesupport_fastrtps_c;rosidl_typesupport_introspection_c
[0.574s] -- Found rosidl_adapter: 3.1.4 (/opt/ros/humble/share/rosidl_adapter/cmake)
[0.659s] -- Using all available rosidl_typesupport_cpp: rosidl_typesupport_fastrtps_cpp;rosidl_typesupport_introspection_cpp
[1.064s] -- Found ament_cmake_ros: 0.10.0 (/opt/ros/humble/share/ament_cmake_ros/cmake)
[1.436s] -- Using all available rosidl_typesupport_c: rosidl_typesupport_fastrtps_c;rosidl_typesupport_introspection_c
[1.905s] -- Using all available rosidl_typesupport_cpp: rosidl_typesupport_fastrtps_cpp;rosidl_typesupport_introspection_cpp
[1.959s] -- Found python_cmake_module: 0.10.0 (/opt/ros/humble/share/python_cmake_module/cmake)
[2.000s] -- Using PYTHON_EXECUTABLE: /usr/bin/python3
[2.000s] -- Using PYTHON_INCLUDE_DIRS: /usr/include/python3.10
[2.000s] -- Using PYTHON_LIBRARIES: /usr/lib/x86_64-linux-gnu/libpython3.10.so
[2.043s] -- Added test 'lint_cmake' to check CMake code style
[2.045s] -- Added test 'xmllint' to check XML markup files
[2.051s] -- Configuring done
[2.100s] -- Generating done
[2.106s] -- Build files have been written to: /home/andre/Desktop/Git/ROS_estudo/Estudo/resumo_mod_basico/src/build/custom_interfaces
[2.181s] [  3%] [34m[1mGenerating C code for ROS interfaces[0m
[2.231s] [  6%] [34m[1mGenerating C++ code for ROS interfaces[0m
[2.232s] [  6%] Built target ament_cmake_python_copy_custom_interfaces
[3.034s] running egg_info
[3.036s] writing custom_interfaces.egg-info/PKG-INFO
[3.038s] writing dependency_links to custom_interfaces.egg-info/dependency_links.txt
[3.040s] writing top-level names to custom_interfaces.egg-info/top_level.txt
[3.048s] reading manifest file 'custom_interfaces.egg-info/SOURCES.txt'
[3.051s] writing manifest file 'custom_interfaces.egg-info/SOURCES.txt'
[3.116s] [  6%] Built target ament_cmake_python_build_custom_interfaces_egg
[3.262s] [35m[1mConsolidate compiler generated dependencies of target custom_interfaces__rosidl_generator_c[0m
[3.270s] [  6%] Built target custom_interfaces__cpp
[3.288s] [  9%] [32mBuilding C object CMakeFiles/custom_interfaces__rosidl_generator_c.dir/rosidl_generator_c/custom_interfaces/srv/detail/max__functions.c.o[0m
[3.290s] [ 12%] [34m[1mGenerating C++ type support for eProsima Fast-RTPS[0m
[3.292s] [ 16%] [34m[1mGenerating C++ introspection for ROS interfaces[0m
[3.310s] [ 19%] [34m[1mGenerating C++ type support dispatch for ROS interfaces[0m
[3.657s] [ 22%] [32m[1mLinking C shared library libcustom_interfaces__rosidl_generator_c.so[0m
[3.891s] [ 22%] Built target custom_interfaces__rosidl_generator_c
[3.958s] [ 25%] [34m[1mGenerating C type support for eProsima Fast-RTPS[0m
[4.535s] [35m[1mConsolidate compiler generated dependencies of target custom_interfaces__rosidl_typesupport_cpp[0m
[4.603s] [35m[1mConsolidate compiler generated dependencies of target custom_interfaces__rosidl_typesupport_introspection_cpp[0m
[4.621s] [ 29%] [32mBuilding CXX object CMakeFiles/custom_interfaces__rosidl_typesupport_cpp.dir/rosidl_typesupport_cpp/custom_interfaces/srv/max__type_support.cpp.o[0m
[4.707s] [ 32%] [32mBuilding CXX object CMakeFiles/custom_interfaces__rosidl_typesupport_introspection_cpp.dir/rosidl_typesupport_introspection_cpp/custom_interfaces/srv/detail/max__type_support.cpp.o[0m
[5.048s] [35m[1mConsolidate compiler generated dependencies of target custom_interfaces__rosidl_typesupport_fastrtps_cpp[0m
[5.189s] [ 35%] [32mBuilding CXX object CMakeFiles/custom_interfaces__rosidl_typesupport_fastrtps_cpp.dir/rosidl_typesupport_fastrtps_cpp/custom_interfaces/srv/detail/dds_fastrtps/max__type_support.cpp.o[0m
[5.864s] [35m[1mConsolidate compiler generated dependencies of target custom_interfaces__rosidl_typesupport_fastrtps_c[0m
[5.969s] [ 38%] [32mBuilding CXX object CMakeFiles/custom_interfaces__rosidl_typesupport_fastrtps_c.dir/rosidl_typesupport_fastrtps_c/custom_interfaces/srv/detail/max__type_support_c.cpp.o[0m
[6.516s] [ 41%] [32m[1mLinking CXX shared library libcustom_interfaces__rosidl_typesupport_cpp.so[0m
[6.781s] [ 41%] Built target custom_interfaces__rosidl_typesupport_cpp
[6.861s] [ 45%] [34m[1mGenerating C introspection for ROS interfaces[0m
[7.161s] [ 48%] [32m[1mLinking CXX shared library libcustom_interfaces__rosidl_typesupport_introspection_cpp.so[0m
[7.366s] [ 48%] Built target custom_interfaces__rosidl_typesupport_introspection_cpp
[7.386s] [ 51%] [34m[1mGenerating C type support dispatch for ROS interfaces[0m
[8.147s] [ 54%] [32m[1mLinking CXX shared library libcustom_interfaces__rosidl_typesupport_fastrtps_cpp.so[0m
[8.470s] [ 58%] [32m[1mLinking CXX shared library libcustom_interfaces__rosidl_typesupport_fastrtps_c.so[0m
[8.596s] [ 58%] Built target custom_interfaces__rosidl_typesupport_fastrtps_cpp
[8.701s] [35m[1mConsolidate compiler generated dependencies of target custom_interfaces__rosidl_typesupport_c[0m
[8.773s] [ 61%] [32mBuilding CXX object CMakeFiles/custom_interfaces__rosidl_typesupport_c.dir/rosidl_typesupport_c/custom_interfaces/srv/max__type_support.cpp.o[0m
[8.818s] [35m[1mConsolidate compiler generated dependencies of target custom_interfaces__rosidl_typesupport_introspection_c[0m
[8.873s] [ 61%] Built target custom_interfaces__rosidl_typesupport_fastrtps_c
[8.887s] [ 64%] [32mBuilding C object CMakeFiles/custom_interfaces__rosidl_typesupport_introspection_c.dir/rosidl_typesupport_introspection_c/custom_interfaces/srv/detail/max__type_support.c.o[0m
[8.890s] [ 67%] [32m[1mLinking CXX shared library libcustom_interfaces__rosidl_typesupport_c.so[0m
[8.976s] [ 70%] [32m[1mLinking C shared library libcustom_interfaces__rosidl_typesupport_introspection_c.so[0m
[8.994s] [ 70%] Built target custom_interfaces__rosidl_typesupport_c
[9.054s] [ 70%] Built target custom_interfaces__rosidl_typesupport_introspection_c
[9.101s] [ 70%] Built target custom_interfaces
[9.147s] [ 74%] [34m[1mGenerating Python code for ROS interfaces[0m
[10.102s] [ 74%] Built target custom_interfaces__py
[10.116s] [35m[1mConsolidate compiler generated dependencies of target custom_interfaces__rosidl_generator_py[0m
[10.134s] [ 77%] [32mBuilding C object CMakeFiles/custom_interfaces__rosidl_generator_py.dir/rosidl_generator_py/custom_interfaces/srv/_max_s.c.o[0m
[10.323s] [ 80%] [32m[1mLinking C shared library rosidl_generator_py/custom_interfaces/libcustom_interfaces__rosidl_generator_py.so[0m
[10.396s] [ 80%] Built target custom_interfaces__rosidl_generator_py
[10.417s] [35m[1mConsolidate compiler generated dependencies of target custom_interfaces__rosidl_typesupport_fastrtps_c__pyext[0m
[10.424s] [35m[1mConsolidate compiler generated dependencies of target custom_interfaces__rosidl_typesupport_introspection_c__pyext[0m
[10.425s] [35m[1mConsolidate compiler generated dependencies of target custom_interfaces__rosidl_typesupport_c__pyext[0m
[10.452s] [ 83%] [32mBuilding C object CMakeFiles/custom_interfaces__rosidl_typesupport_c__pyext.dir/rosidl_generator_py/custom_interfaces/_custom_interfaces_s.ep.rosidl_typesupport_c.c.o[0m
[10.454s] [ 87%] [32mBuilding C object CMakeFiles/custom_interfaces__rosidl_typesupport_introspection_c__pyext.dir/rosidl_generator_py/custom_interfaces/_custom_interfaces_s.ep.rosidl_typesupport_introspection_c.c.o[0m
[10.457s] [ 90%] [32mBuilding C object CMakeFiles/custom_interfaces__rosidl_typesupport_fastrtps_c__pyext.dir/rosidl_generator_py/custom_interfaces/_custom_interfaces_s.ep.rosidl_typesupport_fastrtps_c.c.o[0m
[10.767s] [ 93%] [32m[1mLinking C shared library rosidl_generator_py/custom_interfaces/custom_interfaces_s__rosidl_typesupport_c.cpython-310-x86_64-linux-gnu.so[0m
[10.785s] [ 96%] [32m[1mLinking C shared library rosidl_generator_py/custom_interfaces/custom_interfaces_s__rosidl_typesupport_introspection_c.cpython-310-x86_64-linux-gnu.so[0m
[10.812s] [100%] [32m[1mLinking C shared library rosidl_generator_py/custom_interfaces/custom_interfaces_s__rosidl_typesupport_fastrtps_c.cpython-310-x86_64-linux-gnu.so[0m
[10.857s] [100%] Built target custom_interfaces__rosidl_typesupport_c__pyext
[10.878s] [100%] Built target custom_interfaces__rosidl_typesupport_introspection_c__pyext
[10.889s] [100%] Built target custom_interfaces__rosidl_typesupport_fastrtps_c__pyext
[10.905s] Invoked command in '/home/andre/Desktop/Git/ROS_estudo/Estudo/resumo_mod_basico/src/build/custom_interfaces' returned '0': CMAKE_PREFIX_PATH=${CMAKE_PREFIX_PATH}:/home/andre/Desktop/Git/ROS_estudo/Estudo/resumo_mod_basico/src/install/resumo_mod_basico:/opt/ros/humble /usr/bin/cmake --build /home/andre/Desktop/Git/ROS_estudo/Estudo/resumo_mod_basico/src/build/custom_interfaces -- -j4 -l4
[11.007s] Invoking command in '/home/andre/Desktop/Git/ROS_estudo/Estudo/resumo_mod_basico/src/build/custom_interfaces': CMAKE_PREFIX_PATH=${CMAKE_PREFIX_PATH}:/home/andre/Desktop/Git/ROS_estudo/Estudo/resumo_mod_basico/src/install/resumo_mod_basico:/opt/ros/humble /usr/bin/cmake --install /home/andre/Desktop/Git/ROS_estudo/Estudo/resumo_mod_basico/src/build/custom_interfaces
[11.019s] -- Install configuration: ""
[11.019s] -- Up-to-date: /home/andre/Desktop/Git/ROS_estudo/Estudo/resumo_mod_basico/src/install/custom_interfaces/share/ament_index/resource_index/rosidl_interfaces/custom_interfaces
[11.020s] -- Up-to-date: /home/andre/Desktop/Git/ROS_estudo/Estudo/resumo_mod_basico/src/install/custom_interfaces/include/custom_interfaces/custom_interfaces
[11.020s] -- Up-to-date: /home/andre/Desktop/Git/ROS_estudo/Estudo/resumo_mod_basico/src/install/custom_interfaces/include/custom_interfaces/custom_interfaces/srv
[11.021s] -- Installing: /home/andre/Desktop/Git/ROS_estudo/Estudo/resumo_mod_basico/src/install/custom_interfaces/include/custom_interfaces/custom_interfaces/srv/max.h
[11.022s] -- Up-to-date: /home/andre/Desktop/Git/ROS_estudo/Estudo/resumo_mod_basico/src/install/custom_interfaces/include/custom_interfaces/custom_interfaces/srv/detail
[11.023s] -- Installing: /home/andre/Desktop/Git/ROS_estudo/Estudo/resumo_mod_basico/src/install/custom_interfaces/include/custom_interfaces/custom_interfaces/srv/detail/max__type_support.h
[11.023s] -- Installing: /home/andre/Desktop/Git/ROS_estudo/Estudo/resumo_mod_basico/src/install/custom_interfaces/include/custom_interfaces/custom_interfaces/srv/detail/max__functions.c
[11.024s] -- Installing: /home/andre/Desktop/Git/ROS_estudo/Estudo/resumo_mod_basico/src/install/custom_interfaces/include/custom_interfaces/custom_interfaces/srv/detail/max__struct.h
[11.025s] -- Installing: /home/andre/Desktop/Git/ROS_estudo/Estudo/resumo_mod_basico/src/install/custom_interfaces/include/custom_interfaces/custom_interfaces/srv/detail/max__functions.h
[11.026s] -- Up-to-date: /home/andre/Desktop/Git/ROS_estudo/Estudo/resumo_mod_basico/src/install/custom_interfaces/include/custom_interfaces/custom_interfaces/msg
[11.026s] -- Up-to-date: /home/andre/Desktop/Git/ROS_estudo/Estudo/resumo_mod_basico/src/install/custom_interfaces/include/custom_interfaces/custom_interfaces/msg/rosidl_generator_c__visibility_control.h
[11.027s] -- Up-to-date: /home/andre/Desktop/Git/ROS_estudo/Estudo/resumo_mod_basico/src/install/custom_interfaces/share/custom_interfaces/environment/library_path.sh
[11.028s] -- Installing: /home/andre/Desktop/Git/ROS_estudo/Estudo/resumo_mod_basico/src/install/custom_interfaces/share/custom_interfaces/environment/library_path.dsv
[11.029s] -- Installing: /home/andre/Desktop/Git/ROS_estudo/Estudo/resumo_mod_basico/src/install/custom_interfaces/lib/libcustom_interfaces__rosidl_generator_c.so
[11.030s] -- Set runtime path of "/home/andre/Desktop/Git/ROS_estudo/Estudo/resumo_mod_basico/src/install/custom_interfaces/lib/libcustom_interfaces__rosidl_generator_c.so" to ""
[11.031s] -- Up-to-date: /home/andre/Desktop/Git/ROS_estudo/Estudo/resumo_mod_basico/src/install/custom_interfaces/include/custom_interfaces/custom_interfaces
[11.032s] -- Up-to-date: /home/andre/Desktop/Git/ROS_estudo/Estudo/resumo_mod_basico/src/install/custom_interfaces/include/custom_interfaces/custom_interfaces/srv
[11.032s] -- Up-to-date: /home/andre/Desktop/Git/ROS_estudo/Estudo/resumo_mod_basico/src/install/custom_interfaces/include/custom_interfaces/custom_interfaces/srv/detail
[11.033s] -- Installing: /home/andre/Desktop/Git/ROS_estudo/Estudo/resumo_mod_basico/src/install/custom_interfaces/include/custom_interfaces/custom_interfaces/srv/detail/max__rosidl_typesupport_fastrtps_c.h
[11.033s] -- Up-to-date: /home/andre/Desktop/Git/ROS_estudo/Estudo/resumo_mod_basico/src/install/custom_interfaces/include/custom_interfaces/custom_interfaces/msg
[11.034s] -- Up-to-date: /home/andre/Desktop/Git/ROS_estudo/Estudo/resumo_mod_basico/src/install/custom_interfaces/include/custom_interfaces/custom_interfaces/msg/rosidl_typesupport_fastrtps_c__visibility_control.h
[11.035s] -- Installing: /home/andre/Desktop/Git/ROS_estudo/Estudo/resumo_mod_basico/src/install/custom_interfaces/lib/libcustom_interfaces__rosidl_typesupport_fastrtps_c.so
[11.036s] -- Set runtime path of "/home/andre/Desktop/Git/ROS_estudo/Estudo/resumo_mod_basico/src/install/custom_interfaces/lib/libcustom_interfaces__rosidl_typesupport_fastrtps_c.so" to ""
[11.037s] -- Up-to-date: /home/andre/Desktop/Git/ROS_estudo/Estudo/resumo_mod_basico/src/install/custom_interfaces/include/custom_interfaces/custom_interfaces
[11.038s] -- Up-to-date: /home/andre/Desktop/Git/ROS_estudo/Estudo/resumo_mod_basico/src/install/custom_interfaces/include/custom_interfaces/custom_interfaces/srv
[11.039s] -- Up-to-date: /home/andre/Desktop/Git/ROS_estudo/Estudo/resumo_mod_basico/src/install/custom_interfaces/include/custom_interfaces/custom_interfaces/srv/detail
[11.039s] -- Installing: /home/andre/Desktop/Git/ROS_estudo/Estudo/resumo_mod_basico/src/install/custom_interfaces/include/custom_interfaces/custom_interfaces/srv/detail/max__rosidl_typesupport_introspection_c.h
[11.040s] -- Installing: /home/andre/Desktop/Git/ROS_estudo/Estudo/resumo_mod_basico/src/install/custom_interfaces/include/custom_interfaces/custom_interfaces/srv/detail/max__type_support.c
[11.040s] -- Up-to-date: /home/andre/Desktop/Git/ROS_estudo/Estudo/resumo_mod_basico/src/install/custom_interfaces/include/custom_interfaces/custom_interfaces/msg
[11.041s] -- Up-to-date: /home/andre/Desktop/Git/ROS_estudo/Estudo/resumo_mod_basico/src/install/custom_interfaces/include/custom_interfaces/custom_interfaces/msg/rosidl_typesupport_introspection_c__visibility_control.h
[11.041s] -- Installing: /home/andre/Desktop/Git/ROS_estudo/Estudo/resumo_mod_basico/src/install/custom_interfaces/lib/libcustom_interfaces__rosidl_typesupport_introspection_c.so
[11.042s] -- Set runtime path of "/home/andre/Desktop/Git/ROS_estudo/Estudo/resumo_mod_basico/src/install/custom_interfaces/lib/libcustom_interfaces__rosidl_typesupport_introspection_c.so" to ""
[11.042s] -- Installing: /home/andre/Desktop/Git/ROS_estudo/Estudo/resumo_mod_basico/src/install/custom_interfaces/lib/libcustom_interfaces__rosidl_typesupport_c.so
[11.042s] -- Set runtime path of "/home/andre/Desktop/Git/ROS_estudo/Estudo/resumo_mod_basico/src/install/custom_interfaces/lib/libcustom_interfaces__rosidl_typesupport_c.so" to ""
[11.043s] -- Up-to-date: /home/andre/Desktop/Git/ROS_estudo/Estudo/resumo_mod_basico/src/install/custom_interfaces/include/custom_interfaces/custom_interfaces
[11.043s] -- Up-to-date: /home/andre/Desktop/Git/ROS_estudo/Estudo/resumo_mod_basico/src/install/custom_interfaces/include/custom_interfaces/custom_interfaces/srv
[11.044s] -- Installing: /home/andre/Desktop/Git/ROS_estudo/Estudo/resumo_mod_basico/src/install/custom_interfaces/include/custom_interfaces/custom_interfaces/srv/max.hpp
[11.044s] -- Up-to-date: /home/andre/Desktop/Git/ROS_estudo/Estudo/resumo_mod_basico/src/install/custom_interfaces/include/custom_interfaces/custom_interfaces/srv/detail
[11.044s] -- Installing: /home/andre/Desktop/Git/ROS_estudo/Estudo/resumo_mod_basico/src/install/custom_interfaces/include/custom_interfaces/custom_interfaces/srv/detail/max__struct.hpp
[11.045s] -- Installing: /home/andre/Desktop/Git/ROS_estudo/Estudo/resumo_mod_basico/src/install/custom_interfaces/include/custom_interfaces/custom_interfaces/srv/detail/max__builder.hpp
[11.045s] -- Installing: /home/andre/Desktop/Git/ROS_estudo/Estudo/resumo_mod_basico/src/install/custom_interfaces/include/custom_interfaces/custom_interfaces/srv/detail/max__traits.hpp
[11.047s] -- Up-to-date: /home/andre/Desktop/Git/ROS_estudo/Estudo/resumo_mod_basico/src/install/custom_interfaces/include/custom_interfaces/custom_interfaces
[11.052s] -- Up-to-date: /home/andre/Desktop/Git/ROS_estudo/Estudo/resumo_mod_basico/src/install/custom_interfaces/include/custom_interfaces/custom_interfaces/srv
[11.053s] -- Up-to-date: /home/andre/Desktop/Git/ROS_estudo/Estudo/resumo_mod_basico/src/install/custom_interfaces/include/custom_interfaces/custom_interfaces/srv/detail
[11.053s] -- Installing: /home/andre/Desktop/Git/ROS_estudo/Estudo/resumo_mod_basico/src/install/custom_interfaces/include/custom_interfaces/custom_interfaces/srv/detail/max__rosidl_typesupport_fastrtps_cpp.hpp
[11.053s] -- Up-to-date: /home/andre/Desktop/Git/ROS_estudo/Estudo/resumo_mod_basico/src/install/custom_interfaces/include/custom_interfaces/custom_interfaces/srv/detail/dds_fastrtps
[11.054s] -- Up-to-date: /home/andre/Desktop/Git/ROS_estudo/Estudo/resumo_mod_basico/src/install/custom_interfaces/include/custom_interfaces/custom_interfaces/msg
[11.054s] -- Up-to-date: /home/andre/Desktop/Git/ROS_estudo/Estudo/resumo_mod_basico/src/install/custom_interfaces/include/custom_interfaces/custom_interfaces/msg/rosidl_typesupport_fastrtps_cpp__visibility_control.h
[11.054s] -- Installing: /home/andre/Desktop/Git/ROS_estudo/Estudo/resumo_mod_basico/src/install/custom_interfaces/lib/libcustom_interfaces__rosidl_typesupport_fastrtps_cpp.so
[11.054s] -- Set runtime path of "/home/andre/Desktop/Git/ROS_estudo/Estudo/resumo_mod_basico/src/install/custom_interfaces/lib/libcustom_interfaces__rosidl_typesupport_fastrtps_cpp.so" to ""
[11.055s] -- Up-to-date: /home/andre/Desktop/Git/ROS_estudo/Estudo/resumo_mod_basico/src/install/custom_interfaces/include/custom_interfaces/custom_interfaces
[11.055s] -- Up-to-date: /home/andre/Desktop/Git/ROS_estudo/Estudo/resumo_mod_basico/src/install/custom_interfaces/include/custom_interfaces/custom_interfaces/srv
[11.055s] -- Up-to-date: /home/andre/Desktop/Git/ROS_estudo/Estudo/resumo_mod_basico/src/install/custom_interfaces/include/custom_interfaces/custom_interfaces/srv/detail
[11.056s] -- Installing: /home/andre/Desktop/Git/ROS_estudo/Estudo/resumo_mod_basico/src/install/custom_interfaces/include/custom_interfaces/custom_interfaces/srv/detail/max__type_support.cpp
[11.056s] -- Installing: /home/andre/Desktop/Git/ROS_estudo/Estudo/resumo_mod_basico/src/install/custom_interfaces/include/custom_interfaces/custom_interfaces/srv/detail/max__rosidl_typesupport_introspection_cpp.hpp
[11.056s] -- Installing: /home/andre/Desktop/Git/ROS_estudo/Estudo/resumo_mod_basico/src/install/custom_interfaces/lib/libcustom_interfaces__rosidl_typesupport_introspection_cpp.so
[11.057s] -- Set runtime path of "/home/andre/Desktop/Git/ROS_estudo/Estudo/resumo_mod_basico/src/install/custom_interfaces/lib/libcustom_interfaces__rosidl_typesupport_introspection_cpp.so" to ""
[11.057s] -- Installing: /home/andre/Desktop/Git/ROS_estudo/Estudo/resumo_mod_basico/src/install/custom_interfaces/lib/libcustom_interfaces__rosidl_typesupport_cpp.so
[11.057s] -- Set runtime path of "/home/andre/Desktop/Git/ROS_estudo/Estudo/resumo_mod_basico/src/install/custom_interfaces/lib/libcustom_interfaces__rosidl_typesupport_cpp.so" to ""
[11.058s] -- Up-to-date: /home/andre/Desktop/Git/ROS_estudo/Estudo/resumo_mod_basico/src/install/custom_interfaces/share/custom_interfaces/environment/pythonpath.sh
[11.058s] -- Installing: /home/andre/Desktop/Git/ROS_estudo/Estudo/resumo_mod_basico/src/install/custom_interfaces/share/custom_interfaces/environment/pythonpath.dsv
[11.058s] -- Up-to-date: /home/andre/Desktop/Git/ROS_estudo/Estudo/resumo_mod_basico/src/install/custom_interfaces/local/lib/python3.10/dist-packages/custom_interfaces-0.0.0-py3.10.egg-info
[11.059s] -- Installing: /home/andre/Desktop/Git/ROS_estudo/Estudo/resumo_mod_basico/src/install/custom_interfaces/local/lib/python3.10/dist-packages/custom_interfaces-0.0.0-py3.10.egg-info/dependency_links.txt
[11.059s] -- Installing: /home/andre/Desktop/Git/ROS_estudo/Estudo/resumo_mod_basico/src/install/custom_interfaces/local/lib/python3.10/dist-packages/custom_interfaces-0.0.0-py3.10.egg-info/top_level.txt
[11.059s] -- Installing: /home/andre/Desktop/Git/ROS_estudo/Estudo/resumo_mod_basico/src/install/custom_interfaces/local/lib/python3.10/dist-packages/custom_interfaces-0.0.0-py3.10.egg-info/PKG-INFO
[11.059s] -- Installing: /home/andre/Desktop/Git/ROS_estudo/Estudo/resumo_mod_basico/src/install/custom_interfaces/local/lib/python3.10/dist-packages/custom_interfaces-0.0.0-py3.10.egg-info/SOURCES.txt
[11.060s] -- Up-to-date: /home/andre/Desktop/Git/ROS_estudo/Estudo/resumo_mod_basico/src/install/custom_interfaces/local/lib/python3.10/dist-packages/custom_interfaces
[11.060s] -- Up-to-date: /home/andre/Desktop/Git/ROS_estudo/Estudo/resumo_mod_basico/src/install/custom_interfaces/local/lib/python3.10/dist-packages/custom_interfaces/srv
[11.060s] -- Installing: /home/andre/Desktop/Git/ROS_estudo/Estudo/resumo_mod_basico/src/install/custom_interfaces/local/lib/python3.10/dist-packages/custom_interfaces/srv/_max.py
[11.060s] -- Installing: /home/andre/Desktop/Git/ROS_estudo/Estudo/resumo_mod_basico/src/install/custom_interfaces/local/lib/python3.10/dist-packages/custom_interfaces/srv/__init__.py
[11.061s] -- Installing: /home/andre/Desktop/Git/ROS_estudo/Estudo/resumo_mod_basico/src/install/custom_interfaces/local/lib/python3.10/dist-packages/custom_interfaces/srv/_max_s.c
[11.061s] -- Installing: /home/andre/Desktop/Git/ROS_estudo/Estudo/resumo_mod_basico/src/install/custom_interfaces/local/lib/python3.10/dist-packages/custom_interfaces/__init__.py
[11.061s] -- Installing: /home/andre/Desktop/Git/ROS_estudo/Estudo/resumo_mod_basico/src/install/custom_interfaces/local/lib/python3.10/dist-packages/custom_interfaces/custom_interfaces_s__rosidl_typesupport_c.cpython-310-x86_64-linux-gnu.so
[11.062s] -- Installing: /home/andre/Desktop/Git/ROS_estudo/Estudo/resumo_mod_basico/src/install/custom_interfaces/local/lib/python3.10/dist-packages/custom_interfaces/libcustom_interfaces__rosidl_generator_py.so
[11.062s] -- Installing: /home/andre/Desktop/Git/ROS_estudo/Estudo/resumo_mod_basico/src/install/custom_interfaces/local/lib/python3.10/dist-packages/custom_interfaces/_custom_interfaces_s.ep.rosidl_typesupport_introspection_c.c
[11.063s] -- Installing: /home/andre/Desktop/Git/ROS_estudo/Estudo/resumo_mod_basico/src/install/custom_interfaces/local/lib/python3.10/dist-packages/custom_interfaces/custom_interfaces_s__rosidl_typesupport_introspection_c.cpython-310-x86_64-linux-gnu.so
[11.064s] -- Installing: /home/andre/Desktop/Git/ROS_estudo/Estudo/resumo_mod_basico/src/install/custom_interfaces/local/lib/python3.10/dist-packages/custom_interfaces/custom_interfaces_s__rosidl_typesupport_fastrtps_c.cpython-310-x86_64-linux-gnu.so
[11.064s] -- Installing: /home/andre/Desktop/Git/ROS_estudo/Estudo/resumo_mod_basico/src/install/custom_interfaces/local/lib/python3.10/dist-packages/custom_interfaces/_custom_interfaces_s.ep.rosidl_typesupport_c.c
[11.064s] -- Installing: /home/andre/Desktop/Git/ROS_estudo/Estudo/resumo_mod_basico/src/install/custom_interfaces/local/lib/python3.10/dist-packages/custom_interfaces/_custom_interfaces_s.ep.rosidl_typesupport_fastrtps_c.c
[11.110s] Listing '/home/andre/Desktop/Git/ROS_estudo/Estudo/resumo_mod_basico/src/install/custom_interfaces/local/lib/python3.10/dist-packages/custom_interfaces'...
[11.111s] Compiling '/home/andre/Desktop/Git/ROS_estudo/Estudo/resumo_mod_basico/src/install/custom_interfaces/local/lib/python3.10/dist-packages/custom_interfaces/__init__.py'...
[11.111s] Listing '/home/andre/Desktop/Git/ROS_estudo/Estudo/resumo_mod_basico/src/install/custom_interfaces/local/lib/python3.10/dist-packages/custom_interfaces/srv'...
[11.111s] Compiling '/home/andre/Desktop/Git/ROS_estudo/Estudo/resumo_mod_basico/src/install/custom_interfaces/local/lib/python3.10/dist-packages/custom_interfaces/srv/__init__.py'...
[11.112s] Compiling '/home/andre/Desktop/Git/ROS_estudo/Estudo/resumo_mod_basico/src/install/custom_interfaces/local/lib/python3.10/dist-packages/custom_interfaces/srv/_max.py'...
[11.119s] -- Installing: /home/andre/Desktop/Git/ROS_estudo/Estudo/resumo_mod_basico/src/install/custom_interfaces/local/lib/python3.10/dist-packages/custom_interfaces/custom_interfaces_s__rosidl_typesupport_fastrtps_c.cpython-310-x86_64-linux-gnu.so
[11.119s] -- Set runtime path of "/home/andre/Desktop/Git/ROS_estudo/Estudo/resumo_mod_basico/src/install/custom_interfaces/local/lib/python3.10/dist-packages/custom_interfaces/custom_interfaces_s__rosidl_typesupport_fastrtps_c.cpython-310-x86_64-linux-gnu.so" to ""
[11.120s] -- Installing: /home/andre/Desktop/Git/ROS_estudo/Estudo/resumo_mod_basico/src/install/custom_interfaces/local/lib/python3.10/dist-packages/custom_interfaces/custom_interfaces_s__rosidl_typesupport_introspection_c.cpython-310-x86_64-linux-gnu.so
[11.120s] -- Set runtime path of "/home/andre/Desktop/Git/ROS_estudo/Estudo/resumo_mod_basico/src/install/custom_interfaces/local/lib/python3.10/dist-packages/custom_interfaces/custom_interfaces_s__rosidl_typesupport_introspection_c.cpython-310-x86_64-linux-gnu.so" to ""
[11.121s] -- Installing: /home/andre/Desktop/Git/ROS_estudo/Estudo/resumo_mod_basico/src/install/custom_interfaces/local/lib/python3.10/dist-packages/custom_interfaces/custom_interfaces_s__rosidl_typesupport_c.cpython-310-x86_64-linux-gnu.so
[11.121s] -- Set runtime path of "/home/andre/Desktop/Git/ROS_estudo/Estudo/resumo_mod_basico/src/install/custom_interfaces/local/lib/python3.10/dist-packages/custom_interfaces/custom_interfaces_s__rosidl_typesupport_c.cpython-310-x86_64-linux-gnu.so" to ""
[11.122s] -- Installing: /home/andre/Desktop/Git/ROS_estudo/Estudo/resumo_mod_basico/src/install/custom_interfaces/lib/libcustom_interfaces__rosidl_generator_py.so
[11.123s] -- Set runtime path of "/home/andre/Desktop/Git/ROS_estudo/Estudo/resumo_mod_basico/src/install/custom_interfaces/lib/libcustom_interfaces__rosidl_generator_py.so" to ""
[11.123s] -- Installing: /home/andre/Desktop/Git/ROS_estudo/Estudo/resumo_mod_basico/src/install/custom_interfaces/share/custom_interfaces/srv/Max.idl
[11.123s] -- Installing: /home/andre/Desktop/Git/ROS_estudo/Estudo/resumo_mod_basico/src/install/custom_interfaces/share/custom_interfaces/srv/Max.srv
[11.124s] -- Installing: /home/andre/Desktop/Git/ROS_estudo/Estudo/resumo_mod_basico/src/install/custom_interfaces/share/custom_interfaces/srv/Max_Request.msg
[11.124s] -- Up-to-date: /home/andre/Desktop/Git/ROS_estudo/Estudo/resumo_mod_basico/src/install/custom_interfaces/share/custom_interfaces/srv/Max_Response.msg
[11.124s] -- Up-to-date: /home/andre/Desktop/Git/ROS_estudo/Estudo/resumo_mod_basico/src/install/custom_interfaces/share/ament_index/resource_index/package_run_dependencies/custom_interfaces
[11.125s] -- Installing: /home/andre/Desktop/Git/ROS_estudo/Estudo/resumo_mod_basico/src/install/custom_interfaces/share/ament_index/resource_index/parent_prefix_path/custom_interfaces
[11.125s] -- Up-to-date: /home/andre/Desktop/Git/ROS_estudo/Estudo/resumo_mod_basico/src/install/custom_interfaces/share/custom_interfaces/environment/ament_prefix_path.sh
[11.126s] -- Installing: /home/andre/Desktop/Git/ROS_estudo/Estudo/resumo_mod_basico/src/install/custom_interfaces/share/custom_interfaces/environment/ament_prefix_path.dsv
[11.126s] -- Up-to-date: /home/andre/Desktop/Git/ROS_estudo/Estudo/resumo_mod_basico/src/install/custom_interfaces/share/custom_interfaces/environment/path.sh
[11.126s] -- Installing: /home/andre/Desktop/Git/ROS_estudo/Estudo/resumo_mod_basico/src/install/custom_interfaces/share/custom_interfaces/environment/path.dsv
[11.127s] -- Up-to-date: /home/andre/Desktop/Git/ROS_estudo/Estudo/resumo_mod_basico/src/install/custom_interfaces/share/custom_interfaces/local_setup.bash
[11.127s] -- Up-to-date: /home/andre/Desktop/Git/ROS_estudo/Estudo/resumo_mod_basico/src/install/custom_interfaces/share/custom_interfaces/local_setup.sh
[11.127s] -- Up-to-date: /home/andre/Desktop/Git/ROS_estudo/Estudo/resumo_mod_basico/src/install/custom_interfaces/share/custom_interfaces/local_setup.zsh
[11.127s] -- Installing: /home/andre/Desktop/Git/ROS_estudo/Estudo/resumo_mod_basico/src/install/custom_interfaces/share/custom_interfaces/local_setup.dsv
[11.128s] -- Installing: /home/andre/Desktop/Git/ROS_estudo/Estudo/resumo_mod_basico/src/install/custom_interfaces/share/custom_interfaces/package.dsv
[11.128s] -- Up-to-date: /home/andre/Desktop/Git/ROS_estudo/Estudo/resumo_mod_basico/src/install/custom_interfaces/share/ament_index/resource_index/packages/custom_interfaces
[11.128s] -- Up-to-date: /home/andre/Desktop/Git/ROS_estudo/Estudo/resumo_mod_basico/src/install/custom_interfaces/share/custom_interfaces/cmake/export_custom_interfaces__rosidl_generator_cExport.cmake
[11.129s] -- Up-to-date: /home/andre/Desktop/Git/ROS_estudo/Estudo/resumo_mod_basico/src/install/custom_interfaces/share/custom_interfaces/cmake/export_custom_interfaces__rosidl_generator_cExport-noconfig.cmake
[11.129s] -- Up-to-date: /home/andre/Desktop/Git/ROS_estudo/Estudo/resumo_mod_basico/src/install/custom_interfaces/share/custom_interfaces/cmake/export_custom_interfaces__rosidl_typesupport_fastrtps_cExport.cmake
[11.130s] -- Up-to-date: /home/andre/Desktop/Git/ROS_estudo/Estudo/resumo_mod_basico/src/install/custom_interfaces/share/custom_interfaces/cmake/export_custom_interfaces__rosidl_typesupport_fastrtps_cExport-noconfig.cmake
[11.130s] -- Up-to-date: /home/andre/Desktop/Git/ROS_estudo/Estudo/resumo_mod_basico/src/install/custom_interfaces/share/custom_interfaces/cmake/custom_interfaces__rosidl_typesupport_introspection_cExport.cmake
[11.130s] -- Up-to-date: /home/andre/Desktop/Git/ROS_estudo/Estudo/resumo_mod_basico/src/install/custom_interfaces/share/custom_interfaces/cmake/custom_interfaces__rosidl_typesupport_introspection_cExport-noconfig.cmake
[11.131s] -- Up-to-date: /home/andre/Desktop/Git/ROS_estudo/Estudo/resumo_mod_basico/src/install/custom_interfaces/share/custom_interfaces/cmake/custom_interfaces__rosidl_typesupport_cExport.cmake
[11.131s] -- Up-to-date: /home/andre/Desktop/Git/ROS_estudo/Estudo/resumo_mod_basico/src/install/custom_interfaces/share/custom_interfaces/cmake/custom_interfaces__rosidl_typesupport_cExport-noconfig.cmake
[11.132s] -- Up-to-date: /home/andre/Desktop/Git/ROS_estudo/Estudo/resumo_mod_basico/src/install/custom_interfaces/share/custom_interfaces/cmake/export_custom_interfaces__rosidl_generator_cppExport.cmake
[11.132s] -- Up-to-date: /home/andre/Desktop/Git/ROS_estudo/Estudo/resumo_mod_basico/src/install/custom_interfaces/share/custom_interfaces/cmake/export_custom_interfaces__rosidl_typesupport_fastrtps_cppExport.cmake
[11.133s] -- Up-to-date: /home/andre/Desktop/Git/ROS_estudo/Estudo/resumo_mod_basico/src/install/custom_interfaces/share/custom_interfaces/cmake/export_custom_interfaces__rosidl_typesupport_fastrtps_cppExport-noconfig.cmake
[11.133s] -- Up-to-date: /home/andre/Desktop/Git/ROS_estudo/Estudo/resumo_mod_basico/src/install/custom_interfaces/share/custom_interfaces/cmake/custom_interfaces__rosidl_typesupport_introspection_cppExport.cmake
[11.133s] -- Up-to-date: /home/andre/Desktop/Git/ROS_estudo/Estudo/resumo_mod_basico/src/install/custom_interfaces/share/custom_interfaces/cmake/custom_interfaces__rosidl_typesupport_introspection_cppExport-noconfig.cmake
[11.134s] -- Up-to-date: /home/andre/Desktop/Git/ROS_estudo/Estudo/resumo_mod_basico/src/install/custom_interfaces/share/custom_interfaces/cmake/custom_interfaces__rosidl_typesupport_cppExport.cmake
[11.134s] -- Up-to-date: /home/andre/Desktop/Git/ROS_estudo/Estudo/resumo_mod_basico/src/install/custom_interfaces/share/custom_interfaces/cmake/custom_interfaces__rosidl_typesupport_cppExport-noconfig.cmake
[11.134s] -- Up-to-date: /home/andre/Desktop/Git/ROS_estudo/Estudo/resumo_mod_basico/src/install/custom_interfaces/share/custom_interfaces/cmake/export_custom_interfaces__rosidl_generator_pyExport.cmake
[11.134s] -- Up-to-date: /home/andre/Desktop/Git/ROS_estudo/Estudo/resumo_mod_basico/src/install/custom_interfaces/share/custom_interfaces/cmake/export_custom_interfaces__rosidl_generator_pyExport-noconfig.cmake
[11.135s] -- Up-to-date: /home/andre/Desktop/Git/ROS_estudo/Estudo/resumo_mod_basico/src/install/custom_interfaces/share/custom_interfaces/cmake/rosidl_cmake-extras.cmake
[11.135s] -- Up-to-date: /home/andre/Desktop/Git/ROS_estudo/Estudo/resumo_mod_basico/src/install/custom_interfaces/share/custom_interfaces/cmake/ament_cmake_export_include_directories-extras.cmake
[11.135s] -- Up-to-date: /home/andre/Desktop/Git/ROS_estudo/Estudo/resumo_mod_basico/src/install/custom_interfaces/share/custom_interfaces/cmake/ament_cmake_export_libraries-extras.cmake
[11.135s] -- Up-to-date: /home/andre/Desktop/Git/ROS_estudo/Estudo/resumo_mod_basico/src/install/custom_interfaces/share/custom_interfaces/cmake/ament_cmake_export_targets-extras.cmake
[11.136s] -- Up-to-date: /home/andre/Desktop/Git/ROS_estudo/Estudo/resumo_mod_basico/src/install/custom_interfaces/share/custom_interfaces/cmake/rosidl_cmake_export_typesupport_targets-extras.cmake
[11.138s] -- Up-to-date: /home/andre/Desktop/Git/ROS_estudo/Estudo/resumo_mod_basico/src/install/custom_interfaces/share/custom_interfaces/cmake/ament_cmake_export_dependencies-extras.cmake
[11.138s] -- Up-to-date: /home/andre/Desktop/Git/ROS_estudo/Estudo/resumo_mod_basico/src/install/custom_interfaces/share/custom_interfaces/cmake/rosidl_cmake_export_typesupport_libraries-extras.cmake
[11.141s] -- Up-to-date: /home/andre/Desktop/Git/ROS_estudo/Estudo/resumo_mod_basico/src/install/custom_interfaces/share/custom_interfaces/cmake/custom_interfacesConfig.cmake
[11.141s] -- Up-to-date: /home/andre/Desktop/Git/ROS_estudo/Estudo/resumo_mod_basico/src/install/custom_interfaces/share/custom_interfaces/cmake/custom_interfacesConfig-version.cmake
[11.142s] -- Up-to-date: /home/andre/Desktop/Git/ROS_estudo/Estudo/resumo_mod_basico/src/install/custom_interfaces/share/custom_interfaces/package.xml
[11.142s] Invoked command in '/home/andre/Desktop/Git/ROS_estudo/Estudo/resumo_mod_basico/src/build/custom_interfaces' returned '0': CMAKE_PREFIX_PATH=${CMAKE_PREFIX_PATH}:/home/andre/Desktop/Git/ROS_estudo/Estudo/resumo_mod_basico/src/install/resumo_mod_basico:/opt/ros/humble /usr/bin/cmake --install /home/andre/Desktop/Git/ROS_estudo/Estudo/resumo_mod_basico/src/build/custom_interfaces
