[3.023s] Invoking command in '/home/andre/Desktop/Git/ROS_estudo/Simulacao_ROS2/src/ros2_gazebo_estudo': PYTHONPATH=/home/andre/Desktop/Git/ROS_estudo/Simulacao_ROS2/src/build/ros2_gazebo_estudo/prefix_override:/home/andre/Desktop/Git/ROS_estudo/Simulacao_ROS2/src/install/ros2_gazebo_estudo/lib/python3.10/site-packages:${PYTHONPATH} /usr/bin/python3 setup.py egg_info --egg-base ../build/ros2_gazebo_estudo build --build-base /home/andre/Desktop/Git/ROS_estudo/Simulacao_ROS2/src/build/ros2_gazebo_estudo/build install --record /home/andre/Desktop/Git/ROS_estudo/Simulacao_ROS2/src/build/ros2_gazebo_estudo/install.log --single-version-externally-managed
[4.243s] running egg_info
[4.248s] writing ../build/ros2_gazebo_estudo/ros2_gazebo_estudo.egg-info/PKG-INFO
[4.250s] writing dependency_links to ../build/ros2_gazebo_estudo/ros2_gazebo_estudo.egg-info/dependency_links.txt
[4.255s] writing entry points to ../build/ros2_gazebo_estudo/ros2_gazebo_estudo.egg-info/entry_points.txt
[4.255s] writing requirements to ../build/ros2_gazebo_estudo/ros2_gazebo_estudo.egg-info/requires.txt
[4.256s] writing top-level names to ../build/ros2_gazebo_estudo/ros2_gazebo_estudo.egg-info/top_level.txt
[4.266s] reading manifest file '../build/ros2_gazebo_estudo/ros2_gazebo_estudo.egg-info/SOURCES.txt'
[4.269s] writing manifest file '../build/ros2_gazebo_estudo/ros2_gazebo_estudo.egg-info/SOURCES.txt'
[4.269s] running build
[4.270s] running build_py
[4.270s] copying ros2_gazebo_estudo/laser_scan_serv.py -> /home/andre/Desktop/Git/ROS_estudo/Simulacao_ROS2/src/build/ros2_gazebo_estudo/build/lib/ros2_gazebo_estudo
[4.270s] copying ros2_gazebo_estudo/cmd_vel_clt.py -> /home/andre/Desktop/Git/ROS_estudo/Simulacao_ROS2/src/build/ros2_gazebo_estudo/build/lib/ros2_gazebo_estudo
[4.271s] running install
[4.273s] running install_lib
[4.277s] /usr/lib/python3/dist-packages/setuptools/command/install.py:34: SetuptoolsDeprecationWarning: setup.py install is deprecated. Use build and pip and other standards-based tools.
[4.277s]   warnings.warn(
[4.281s] copying /home/andre/Desktop/Git/ROS_estudo/Simulacao_ROS2/src/build/ros2_gazebo_estudo/build/lib/ros2_gazebo_estudo/laser_scan_serv.py -> /home/andre/Desktop/Git/ROS_estudo/Simulacao_ROS2/src/install/ros2_gazebo_estudo/lib/python3.10/site-packages/ros2_gazebo_estudo
[4.282s] copying /home/andre/Desktop/Git/ROS_estudo/Simulacao_ROS2/src/build/ros2_gazebo_estudo/build/lib/ros2_gazebo_estudo/cmd_vel_clt.py -> /home/andre/Desktop/Git/ROS_estudo/Simulacao_ROS2/src/install/ros2_gazebo_estudo/lib/python3.10/site-packages/ros2_gazebo_estudo
[4.285s] byte-compiling /home/andre/Desktop/Git/ROS_estudo/Simulacao_ROS2/src/install/ros2_gazebo_estudo/lib/python3.10/site-packages/ros2_gazebo_estudo/laser_scan_serv.py to laser_scan_serv.cpython-310.pyc
[4.288s] byte-compiling /home/andre/Desktop/Git/ROS_estudo/Simulacao_ROS2/src/install/ros2_gazebo_estudo/lib/python3.10/site-packages/ros2_gazebo_estudo/cmd_vel_clt.py to cmd_vel_clt.cpython-310.pyc
[4.290s] running install_data
[4.292s] running install_egg_info
[4.296s] removing '/home/andre/Desktop/Git/ROS_estudo/Simulacao_ROS2/src/install/ros2_gazebo_estudo/lib/python3.10/site-packages/ros2_gazebo_estudo-0.0.0-py3.10.egg-info' (and everything under it)
[4.297s] Copying ../build/ros2_gazebo_estudo/ros2_gazebo_estudo.egg-info to /home/andre/Desktop/Git/ROS_estudo/Simulacao_ROS2/src/install/ros2_gazebo_estudo/lib/python3.10/site-packages/ros2_gazebo_estudo-0.0.0-py3.10.egg-info
[4.301s] running install_scripts
[4.398s] Installing CmdVel_client script to /home/andre/Desktop/Git/ROS_estudo/Simulacao_ROS2/src/install/ros2_gazebo_estudo/lib/ros2_gazebo_estudo
[4.401s] Installing LaserScan_service script to /home/andre/Desktop/Git/ROS_estudo/Simulacao_ROS2/src/install/ros2_gazebo_estudo/lib/ros2_gazebo_estudo
[4.402s] writing list of installed files to '/home/andre/Desktop/Git/ROS_estudo/Simulacao_ROS2/src/build/ros2_gazebo_estudo/install.log'
[4.524s] Invoked command in '/home/andre/Desktop/Git/ROS_estudo/Simulacao_ROS2/src/ros2_gazebo_estudo' returned '0': PYTHONPATH=/home/andre/Desktop/Git/ROS_estudo/Simulacao_ROS2/src/build/ros2_gazebo_estudo/prefix_override:/home/andre/Desktop/Git/ROS_estudo/Simulacao_ROS2/src/install/ros2_gazebo_estudo/lib/python3.10/site-packages:${PYTHONPATH} /usr/bin/python3 setup.py egg_info --egg-base ../build/ros2_gazebo_estudo build --build-base /home/andre/Desktop/Git/ROS_estudo/Simulacao_ROS2/src/build/ros2_gazebo_estudo/build install --record /home/andre/Desktop/Git/ROS_estudo/Simulacao_ROS2/src/build/ros2_gazebo_estudo/install.log --single-version-externally-managed
