[1.524s] DEBUG:colcon:Command line arguments: ['/usr/bin/colcon', 'build', '--packages-select', 'interfaces_to_gazebo']
[1.524s] DEBUG:colcon:Parsed command line arguments: Namespace(log_base=None, log_level=None, verb_name='build', build_base='build', install_base='install', merge_install=False, symlink_install=False, test_result_base=None, continue_on_error=False, executor='parallel', parallel_workers=4, event_handlers=None, ignore_user_meta=False, metas=['./colcon.meta'], base_paths=['.'], packages_ignore=None, packages_ignore_regex=None, paths=None, packages_up_to=None, packages_up_to_regex=None, packages_above=None, packages_above_and_dependencies=None, packages_above_depth=None, packages_select_by_dep=None, packages_skip_by_dep=None, packages_skip_up_to=None, packages_select_build_failed=False, packages_skip_build_finished=False, packages_select_test_failures=False, packages_skip_test_passed=False, packages_select=['interfaces_to_gazebo'], packages_skip=None, packages_select_regex=None, packages_skip_regex=None, packages_start=None, packages_end=None, allow_overriding=[], cmake_args=None, cmake_target=None, cmake_target_skip_unavailable=False, cmake_clean_cache=False, cmake_clean_first=False, cmake_force_configure=False, ament_cmake_args=None, catkin_cmake_args=None, catkin_skip_building_tests=False, verb_parser=<colcon_defaults.argument_parser.defaults.DefaultArgumentsDecorator object at 0x7f814f8b6f50>, verb_extension=<colcon_core.verb.build.BuildVerb object at 0x7f815001b340>, main=<bound method BuildVerb.main of <colcon_core.verb.build.BuildVerb object at 0x7f815001b340>>)
[1.630s] Level 1:colcon.colcon_core.package_discovery:discover_packages(colcon_meta) check parameters
[1.630s] Level 1:colcon.colcon_core.package_discovery:discover_packages(recursive) check parameters
[1.631s] Level 1:colcon.colcon_core.package_discovery:discover_packages(ignore) check parameters
[1.631s] Level 1:colcon.colcon_core.package_discovery:discover_packages(path) check parameters
[1.631s] Level 1:colcon.colcon_core.package_discovery:discover_packages(colcon_meta) discover
[1.631s] Level 1:colcon.colcon_core.package_discovery:discover_packages(recursive) discover
[1.631s] INFO:colcon.colcon_core.package_discovery:Crawling recursively for packages in '/home/andre/Desktop/Git/ROS_estudo/Simulacao_ROS2'
[1.632s] Level 1:colcon.colcon_core.package_identification:_identify(.) by extensions ['ignore', 'ignore_ament_install']
[1.632s] Level 1:colcon.colcon_core.package_identification:_identify(.) by extension 'ignore'
[1.632s] Level 1:colcon.colcon_core.package_identification:_identify(.) by extension 'ignore_ament_install'
[1.632s] Level 1:colcon.colcon_core.package_identification:_identify(.) by extensions ['colcon_pkg']
[1.632s] Level 1:colcon.colcon_core.package_identification:_identify(.) by extension 'colcon_pkg'
[1.632s] Level 1:colcon.colcon_core.package_identification:_identify(.) by extensions ['colcon_meta']
[1.632s] Level 1:colcon.colcon_core.package_identification:_identify(.) by extension 'colcon_meta'
[1.633s] Level 1:colcon.colcon_core.package_identification:_identify(.) by extensions ['ros']
[1.633s] Level 1:colcon.colcon_core.package_identification:_identify(.) by extension 'ros'
[1.667s] Level 1:colcon.colcon_core.package_identification:_identify(.) by extensions ['cmake', 'python']
[1.667s] Level 1:colcon.colcon_core.package_identification:_identify(.) by extension 'cmake'
[1.667s] Level 1:colcon.colcon_core.package_identification:_identify(.) by extension 'python'
[1.668s] Level 1:colcon.colcon_core.package_identification:_identify(.) by extensions ['python_setup_py']
[1.668s] Level 1:colcon.colcon_core.package_identification:_identify(.) by extension 'python_setup_py'
[1.668s] Level 1:colcon.colcon_core.package_identification:_identify(build) by extensions ['ignore', 'ignore_ament_install']
[1.668s] Level 1:colcon.colcon_core.package_identification:_identify(build) by extension 'ignore'
[1.669s] Level 1:colcon.colcon_core.package_identification:_identify(build) ignored
[1.669s] Level 1:colcon.colcon_core.package_identification:_identify(install) by extensions ['ignore', 'ignore_ament_install']
[1.669s] Level 1:colcon.colcon_core.package_identification:_identify(install) by extension 'ignore'
[1.669s] Level 1:colcon.colcon_core.package_identification:_identify(install) ignored
[1.670s] Level 1:colcon.colcon_core.package_identification:_identify(log) by extensions ['ignore', 'ignore_ament_install']
[1.670s] Level 1:colcon.colcon_core.package_identification:_identify(log) by extension 'ignore'
[1.670s] Level 1:colcon.colcon_core.package_identification:_identify(log) ignored
[1.670s] Level 1:colcon.colcon_core.package_identification:_identify(src) by extensions ['ignore', 'ignore_ament_install']
[1.671s] Level 1:colcon.colcon_core.package_identification:_identify(src) by extension 'ignore'
[1.671s] Level 1:colcon.colcon_core.package_identification:_identify(src) by extension 'ignore_ament_install'
[1.671s] Level 1:colcon.colcon_core.package_identification:_identify(src) by extensions ['colcon_pkg']
[1.671s] Level 1:colcon.colcon_core.package_identification:_identify(src) by extension 'colcon_pkg'
[1.671s] Level 1:colcon.colcon_core.package_identification:_identify(src) by extensions ['colcon_meta']
[1.671s] Level 1:colcon.colcon_core.package_identification:_identify(src) by extension 'colcon_meta'
[1.671s] Level 1:colcon.colcon_core.package_identification:_identify(src) by extensions ['ros']
[1.671s] Level 1:colcon.colcon_core.package_identification:_identify(src) by extension 'ros'
[1.672s] Level 1:colcon.colcon_core.package_identification:_identify(src) by extensions ['cmake', 'python']
[1.672s] Level 1:colcon.colcon_core.package_identification:_identify(src) by extension 'cmake'
[1.672s] Level 1:colcon.colcon_core.package_identification:_identify(src) by extension 'python'
[1.672s] Level 1:colcon.colcon_core.package_identification:_identify(src) by extensions ['python_setup_py']
[1.672s] Level 1:colcon.colcon_core.package_identification:_identify(src) by extension 'python_setup_py'
[1.672s] Level 1:colcon.colcon_core.package_identification:_identify(src/interfaces_to_gazebo) by extensions ['ignore', 'ignore_ament_install']
[1.672s] Level 1:colcon.colcon_core.package_identification:_identify(src/interfaces_to_gazebo) by extension 'ignore'
[1.673s] Level 1:colcon.colcon_core.package_identification:_identify(src/interfaces_to_gazebo) by extension 'ignore_ament_install'
[1.673s] Level 1:colcon.colcon_core.package_identification:_identify(src/interfaces_to_gazebo) by extensions ['colcon_pkg']
[1.673s] Level 1:colcon.colcon_core.package_identification:_identify(src/interfaces_to_gazebo) by extension 'colcon_pkg'
[1.673s] Level 1:colcon.colcon_core.package_identification:_identify(src/interfaces_to_gazebo) by extensions ['colcon_meta']
[1.673s] Level 1:colcon.colcon_core.package_identification:_identify(src/interfaces_to_gazebo) by extension 'colcon_meta'
[1.673s] Level 1:colcon.colcon_core.package_identification:_identify(src/interfaces_to_gazebo) by extensions ['ros']
[1.673s] Level 1:colcon.colcon_core.package_identification:_identify(src/interfaces_to_gazebo) by extension 'ros'
[1.682s] DEBUG:colcon.colcon_core.package_identification:Package 'src/interfaces_to_gazebo' with type 'ros.ament_cmake' and name 'interfaces_to_gazebo'
[1.682s] Level 1:colcon.colcon_core.package_identification:_identify(src/ros2_gazebo_estudo) by extensions ['ignore', 'ignore_ament_install']
[1.683s] Level 1:colcon.colcon_core.package_identification:_identify(src/ros2_gazebo_estudo) by extension 'ignore'
[1.683s] Level 1:colcon.colcon_core.package_identification:_identify(src/ros2_gazebo_estudo) by extension 'ignore_ament_install'
[1.683s] Level 1:colcon.colcon_core.package_identification:_identify(src/ros2_gazebo_estudo) by extensions ['colcon_pkg']
[1.683s] Level 1:colcon.colcon_core.package_identification:_identify(src/ros2_gazebo_estudo) by extension 'colcon_pkg'
[1.683s] Level 1:colcon.colcon_core.package_identification:_identify(src/ros2_gazebo_estudo) by extensions ['colcon_meta']
[1.684s] Level 1:colcon.colcon_core.package_identification:_identify(src/ros2_gazebo_estudo) by extension 'colcon_meta'
[1.684s] Level 1:colcon.colcon_core.package_identification:_identify(src/ros2_gazebo_estudo) by extensions ['ros']
[1.684s] Level 1:colcon.colcon_core.package_identification:_identify(src/ros2_gazebo_estudo) by extension 'ros'
[1.685s] DEBUG:colcon.colcon_core.package_identification:Package 'src/ros2_gazebo_estudo' with type 'ros.ament_python' and name 'ros2_gazebo_estudo'
[1.685s] Level 1:colcon.colcon_core.package_discovery:discover_packages(recursive) using defaults
[1.686s] Level 1:colcon.colcon_core.package_discovery:discover_packages(ignore) discover
[1.686s] Level 1:colcon.colcon_core.package_discovery:discover_packages(ignore) using defaults
[1.686s] Level 1:colcon.colcon_core.package_discovery:discover_packages(path) discover
[1.686s] Level 1:colcon.colcon_core.package_discovery:discover_packages(path) using defaults
[1.841s] INFO:colcon.colcon_core.package_selection:Skipping not selected package 'ros2_gazebo_estudo' in 'src/ros2_gazebo_estudo'
[1.843s] Level 1:colcon.colcon_core.package_discovery:discover_packages(prefix_path) check parameters
[1.843s] Level 1:colcon.colcon_core.package_discovery:discover_packages(prefix_path) discover
[1.864s] DEBUG:colcon.colcon_installed_package_information.package_discovery:Found 3 installed packages in /home/andre/Desktop/Git/ROS_estudo/Simulacao_ROS2/install
[1.871s] DEBUG:colcon.colcon_installed_package_information.package_discovery:Found 393 installed packages in /opt/ros/humble
[1.877s] Level 1:colcon.colcon_core.package_discovery:discover_packages(prefix_path) using defaults
[2.155s] Level 5:colcon.colcon_core.verb:set package 'interfaces_to_gazebo' build argument 'cmake_args' from command line to 'None'
[2.155s] Level 5:colcon.colcon_core.verb:set package 'interfaces_to_gazebo' build argument 'cmake_target' from command line to 'None'
[2.155s] Level 5:colcon.colcon_core.verb:set package 'interfaces_to_gazebo' build argument 'cmake_target_skip_unavailable' from command line to 'False'
[2.155s] Level 5:colcon.colcon_core.verb:set package 'interfaces_to_gazebo' build argument 'cmake_clean_cache' from command line to 'False'
[2.155s] Level 5:colcon.colcon_core.verb:set package 'interfaces_to_gazebo' build argument 'cmake_clean_first' from command line to 'False'
[2.155s] Level 5:colcon.colcon_core.verb:set package 'interfaces_to_gazebo' build argument 'cmake_force_configure' from command line to 'False'
[2.155s] Level 5:colcon.colcon_core.verb:set package 'interfaces_to_gazebo' build argument 'ament_cmake_args' from command line to 'None'
[2.156s] Level 5:colcon.colcon_core.verb:set package 'interfaces_to_gazebo' build argument 'catkin_cmake_args' from command line to 'None'
[2.156s] Level 5:colcon.colcon_core.verb:set package 'interfaces_to_gazebo' build argument 'catkin_skip_building_tests' from command line to 'False'
[2.156s] DEBUG:colcon.colcon_core.verb:Building package 'interfaces_to_gazebo' with the following arguments: {'ament_cmake_args': None, 'build_base': '/home/andre/Desktop/Git/ROS_estudo/Simulacao_ROS2/build/interfaces_to_gazebo', 'catkin_cmake_args': None, 'catkin_skip_building_tests': False, 'cmake_args': None, 'cmake_clean_cache': False, 'cmake_clean_first': False, 'cmake_force_configure': False, 'cmake_target': None, 'cmake_target_skip_unavailable': False, 'install_base': '/home/andre/Desktop/Git/ROS_estudo/Simulacao_ROS2/install/interfaces_to_gazebo', 'merge_install': False, 'path': '/home/andre/Desktop/Git/ROS_estudo/Simulacao_ROS2/src/interfaces_to_gazebo', 'symlink_install': False, 'test_result_base': None}
[2.158s] INFO:colcon.colcon_core.executor:Executing jobs using 'parallel' executor
[2.172s] DEBUG:colcon.colcon_parallel_executor.executor.parallel:run_until_complete
[2.173s] INFO:colcon.colcon_ros.task.ament_cmake.build:Building ROS package in '/home/andre/Desktop/Git/ROS_estudo/Simulacao_ROS2/src/interfaces_to_gazebo' with build type 'ament_cmake'
[2.174s] INFO:colcon.colcon_cmake.task.cmake.build:Building CMake package in '/home/andre/Desktop/Git/ROS_estudo/Simulacao_ROS2/src/interfaces_to_gazebo'
[2.208s] INFO:colcon.colcon_core.plugin_system:Skipping extension 'colcon_core.shell.bat': Not used on non-Windows systems
[2.210s] INFO:colcon.colcon_core.shell:Skip shell extension 'powershell' for command environment: Not usable outside of PowerShell
[2.210s] DEBUG:colcon.colcon_core.shell:Skip shell extension 'dsv' for command environment
[2.310s] DEBUG:colcon.colcon_core.event_handler.log_command:Invoking command in '/home/andre/Desktop/Git/ROS_estudo/Simulacao_ROS2/build/interfaces_to_gazebo': CMAKE_PREFIX_PATH=${CMAKE_PREFIX_PATH}:/home/andre/Desktop/Git/ROS_estudo/Simulacao_ROS2/install/ros2_gazebo_estudo:/opt/ros/humble /usr/bin/cmake --build /home/andre/Desktop/Git/ROS_estudo/Simulacao_ROS2/build/interfaces_to_gazebo -- -j4 -l4
[3.241s] DEBUG:colcon.colcon_core.event_handler.log_command:Invoked command in '/home/andre/Desktop/Git/ROS_estudo/Simulacao_ROS2/build/interfaces_to_gazebo' returned '2': CMAKE_PREFIX_PATH=${CMAKE_PREFIX_PATH}:/home/andre/Desktop/Git/ROS_estudo/Simulacao_ROS2/install/ros2_gazebo_estudo:/opt/ros/humble /usr/bin/cmake --build /home/andre/Desktop/Git/ROS_estudo/Simulacao_ROS2/build/interfaces_to_gazebo -- -j4 -l4
[3.289s] Level 1:colcon.colcon_core.environment:create_environment_scripts_only(interfaces_to_gazebo)
[3.367s] Level 1:colcon.colcon_core.environment:checking '/home/andre/Desktop/Git/ROS_estudo/Simulacao_ROS2/install/interfaces_to_gazebo' for CMake module files
[3.368s] Level 1:colcon.colcon_core.environment:checking '/home/andre/Desktop/Git/ROS_estudo/Simulacao_ROS2/install/interfaces_to_gazebo' for CMake config files
[3.368s] Level 1:colcon.colcon_core.shell:create_environment_hook('interfaces_to_gazebo', 'cmake_prefix_path')
[3.372s] INFO:colcon.colcon_core.shell:Creating environment hook '/home/andre/Desktop/Git/ROS_estudo/Simulacao_ROS2/install/interfaces_to_gazebo/share/interfaces_to_gazebo/hook/cmake_prefix_path.ps1'
[3.374s] INFO:colcon.colcon_core.shell:Creating environment descriptor '/home/andre/Desktop/Git/ROS_estudo/Simulacao_ROS2/install/interfaces_to_gazebo/share/interfaces_to_gazebo/hook/cmake_prefix_path.dsv'
[3.376s] INFO:colcon.colcon_core.shell:Creating environment hook '/home/andre/Desktop/Git/ROS_estudo/Simulacao_ROS2/install/interfaces_to_gazebo/share/interfaces_to_gazebo/hook/cmake_prefix_path.sh'
[3.380s] Level 1:colcon.colcon_core.environment:checking '/home/andre/Desktop/Git/ROS_estudo/Simulacao_ROS2/install/interfaces_to_gazebo/bin'
[3.380s] Level 1:colcon.colcon_core.environment:checking '/home/andre/Desktop/Git/ROS_estudo/Simulacao_ROS2/install/interfaces_to_gazebo/lib/pkgconfig/interfaces_to_gazebo.pc'
[3.381s] Level 1:colcon.colcon_core.environment:checking '/home/andre/Desktop/Git/ROS_estudo/Simulacao_ROS2/install/interfaces_to_gazebo/lib/python3.10/site-packages'
[3.381s] Level 1:colcon.colcon_core.environment:checking '/home/andre/Desktop/Git/ROS_estudo/Simulacao_ROS2/install/interfaces_to_gazebo/bin'
[3.385s] INFO:colcon.colcon_core.shell:Creating package script '/home/andre/Desktop/Git/ROS_estudo/Simulacao_ROS2/install/interfaces_to_gazebo/share/interfaces_to_gazebo/package.ps1'
[3.387s] INFO:colcon.colcon_core.shell:Creating package descriptor '/home/andre/Desktop/Git/ROS_estudo/Simulacao_ROS2/install/interfaces_to_gazebo/share/interfaces_to_gazebo/package.dsv'
[3.392s] INFO:colcon.colcon_core.shell:Creating package script '/home/andre/Desktop/Git/ROS_estudo/Simulacao_ROS2/install/interfaces_to_gazebo/share/interfaces_to_gazebo/package.sh'
[3.396s] INFO:colcon.colcon_core.shell:Creating package script '/home/andre/Desktop/Git/ROS_estudo/Simulacao_ROS2/install/interfaces_to_gazebo/share/interfaces_to_gazebo/package.bash'
[3.410s] INFO:colcon.colcon_core.shell:Creating package script '/home/andre/Desktop/Git/ROS_estudo/Simulacao_ROS2/install/interfaces_to_gazebo/share/interfaces_to_gazebo/package.zsh'
[3.413s] Level 1:colcon.colcon_core.environment:create_file_with_runtime_dependencies(/home/andre/Desktop/Git/ROS_estudo/Simulacao_ROS2/install/interfaces_to_gazebo/share/colcon-core/packages/interfaces_to_gazebo)
[3.414s] DEBUG:colcon.colcon_parallel_executor.executor.parallel:closing loop
[3.415s] DEBUG:colcon.colcon_parallel_executor.executor.parallel:loop closed
[3.416s] DEBUG:colcon.colcon_parallel_executor.executor.parallel:run_until_complete finished with '2'
[3.417s] DEBUG:colcon.colcon_core.event_reactor:joining thread
[3.470s] INFO:colcon.colcon_core.plugin_system:Skipping extension 'colcon_notification.desktop_notification.terminal_notifier': Not used on non-Darwin systems
[3.471s] INFO:colcon.colcon_core.plugin_system:Skipping extension 'colcon_notification.desktop_notification.win32': Not used on non-Windows systems
[3.471s] INFO:colcon.colcon_notification.desktop_notification:Sending desktop notification using 'notify2'
[3.509s] DEBUG:colcon.colcon_core.event_reactor:joined thread
[3.513s] INFO:colcon.colcon_core.shell:Creating prefix script '/home/andre/Desktop/Git/ROS_estudo/Simulacao_ROS2/install/local_setup.ps1'
[3.516s] INFO:colcon.colcon_core.shell:Creating prefix util module '/home/andre/Desktop/Git/ROS_estudo/Simulacao_ROS2/install/_local_setup_util_ps1.py'
[3.522s] INFO:colcon.colcon_core.shell:Creating prefix chain script '/home/andre/Desktop/Git/ROS_estudo/Simulacao_ROS2/install/setup.ps1'
[3.528s] INFO:colcon.colcon_core.shell:Creating prefix script '/home/andre/Desktop/Git/ROS_estudo/Simulacao_ROS2/install/local_setup.sh'
[3.529s] INFO:colcon.colcon_core.shell:Creating prefix util module '/home/andre/Desktop/Git/ROS_estudo/Simulacao_ROS2/install/_local_setup_util_sh.py'
[3.531s] INFO:colcon.colcon_core.shell:Creating prefix chain script '/home/andre/Desktop/Git/ROS_estudo/Simulacao_ROS2/install/setup.sh'
[3.537s] INFO:colcon.colcon_core.shell:Creating prefix script '/home/andre/Desktop/Git/ROS_estudo/Simulacao_ROS2/install/local_setup.bash'
[3.541s] INFO:colcon.colcon_core.shell:Creating prefix chain script '/home/andre/Desktop/Git/ROS_estudo/Simulacao_ROS2/install/setup.bash'
[3.547s] INFO:colcon.colcon_core.shell:Creating prefix script '/home/andre/Desktop/Git/ROS_estudo/Simulacao_ROS2/install/local_setup.zsh'
[3.549s] INFO:colcon.colcon_core.shell:Creating prefix chain script '/home/andre/Desktop/Git/ROS_estudo/Simulacao_ROS2/install/setup.zsh'
