[1.144s] Invoking command in '/home/andre/Desktop/Git/ROS_estudo/Service_custom/src/py_srvcli': PYTHONPATH=/home/andre/Desktop/Git/ROS_estudo/Service_custom/src/build/py_srvcli/prefix_override:/home/andre/Desktop/Git/ROS_estudo/Service_custom/src/install/py_srvcli/lib/python3.10/site-packages:${PYTHONPATH} /usr/bin/python3 setup.py egg_info --egg-base ../build/py_srvcli build --build-base /home/andre/Desktop/Git/ROS_estudo/Service_custom/src/build/py_srvcli/build install --record /home/andre/Desktop/Git/ROS_estudo/Service_custom/src/build/py_srvcli/install.log --single-version-externally-managed
[1.577s] running egg_info
[1.579s] writing ../build/py_srvcli/py_srvcli.egg-info/PKG-INFO
[1.579s] writing dependency_links to ../build/py_srvcli/py_srvcli.egg-info/dependency_links.txt
[1.579s] writing entry points to ../build/py_srvcli/py_srvcli.egg-info/entry_points.txt
[1.580s] writing requirements to ../build/py_srvcli/py_srvcli.egg-info/requires.txt
[1.580s] writing top-level names to ../build/py_srvcli/py_srvcli.egg-info/top_level.txt
[1.583s] reading manifest file '../build/py_srvcli/py_srvcli.egg-info/SOURCES.txt'
[1.584s] writing manifest file '../build/py_srvcli/py_srvcli.egg-info/SOURCES.txt'
[1.585s] running build
[1.585s] running build_py
[1.585s] copying py_srvcli/client.py -> /home/andre/Desktop/Git/ROS_estudo/Service_custom/src/build/py_srvcli/build/lib/py_srvcli
[1.586s] running install
[1.586s] /usr/lib/python3/dist-packages/setuptools/command/install.py:34: SetuptoolsDeprecationWarning: setup.py install is deprecated. Use build and pip and other standards-based tools.
[1.586s]   warnings.warn(
[1.587s] running install_lib
[1.588s] copying /home/andre/Desktop/Git/ROS_estudo/Service_custom/src/build/py_srvcli/build/lib/py_srvcli/client.py -> /home/andre/Desktop/Git/ROS_estudo/Service_custom/src/install/py_srvcli/lib/python3.10/site-packages/py_srvcli
[1.589s] byte-compiling /home/andre/Desktop/Git/ROS_estudo/Service_custom/src/install/py_srvcli/lib/python3.10/site-packages/py_srvcli/client.py to client.cpython-310.pyc
[1.590s] running install_data
[1.591s] running install_egg_info
[1.594s] removing '/home/andre/Desktop/Git/ROS_estudo/Service_custom/src/install/py_srvcli/lib/python3.10/site-packages/py_srvcli-0.0.0-py3.10.egg-info' (and everything under it)
[1.594s] Copying ../build/py_srvcli/py_srvcli.egg-info to /home/andre/Desktop/Git/ROS_estudo/Service_custom/src/install/py_srvcli/lib/python3.10/site-packages/py_srvcli-0.0.0-py3.10.egg-info
[1.596s] running install_scripts
[1.635s] Installing client script to /home/andre/Desktop/Git/ROS_estudo/Service_custom/src/install/py_srvcli/lib/py_srvcli
[1.636s] Installing service script to /home/andre/Desktop/Git/ROS_estudo/Service_custom/src/install/py_srvcli/lib/py_srvcli
[1.636s] writing list of installed files to '/home/andre/Desktop/Git/ROS_estudo/Service_custom/src/build/py_srvcli/install.log'
[1.679s] Invoked command in '/home/andre/Desktop/Git/ROS_estudo/Service_custom/src/py_srvcli' returned '0': PYTHONPATH=/home/andre/Desktop/Git/ROS_estudo/Service_custom/src/build/py_srvcli/prefix_override:/home/andre/Desktop/Git/ROS_estudo/Service_custom/src/install/py_srvcli/lib/python3.10/site-packages:${PYTHONPATH} /usr/bin/python3 setup.py egg_info --egg-base ../build/py_srvcli build --build-base /home/andre/Desktop/Git/ROS_estudo/Service_custom/src/build/py_srvcli/build install --record /home/andre/Desktop/Git/ROS_estudo/Service_custom/src/build/py_srvcli/install.log --single-version-externally-managed
