[0.581s] DEBUG:colcon:Command line arguments: ['/usr/bin/colcon', 'build', '--packages-select', 'py_srvcli']
[0.582s] DEBUG:colcon:Parsed command line arguments: Namespace(log_base=None, log_level=None, verb_name='build', build_base='build', install_base='install', merge_install=False, symlink_install=False, test_result_base=None, continue_on_error=False, executor='parallel', parallel_workers=4, event_handlers=None, ignore_user_meta=False, metas=['./colcon.meta'], base_paths=['.'], packages_ignore=None, packages_ignore_regex=None, paths=None, packages_up_to=None, packages_up_to_regex=None, packages_above=None, packages_above_and_dependencies=None, packages_above_depth=None, packages_select_by_dep=None, packages_skip_by_dep=None, packages_skip_up_to=None, packages_select_build_failed=False, packages_skip_build_finished=False, packages_select_test_failures=False, packages_skip_test_passed=False, packages_select=['py_srvcli'], packages_skip=None, packages_select_regex=None, packages_skip_regex=None, packages_start=None, packages_end=None, allow_overriding=[], cmake_args=None, cmake_target=None, cmake_target_skip_unavailable=False, cmake_clean_cache=False, cmake_clean_first=False, cmake_force_configure=False, ament_cmake_args=None, catkin_cmake_args=None, catkin_skip_building_tests=False, verb_parser=<colcon_defaults.argument_parser.defaults.DefaultArgumentsDecorator object at 0x7fdc197588b0>, verb_extension=<colcon_core.verb.build.BuildVerb object at 0x7fdc19a51e40>, main=<bound method BuildVerb.main of <colcon_core.verb.build.BuildVerb object at 0x7fdc19a51e40>>)
[0.621s] Level 1:colcon.colcon_core.package_discovery:discover_packages(colcon_meta) check parameters
[0.622s] Level 1:colcon.colcon_core.package_discovery:discover_packages(recursive) check parameters
[0.622s] Level 1:colcon.colcon_core.package_discovery:discover_packages(ignore) check parameters
[0.622s] Level 1:colcon.colcon_core.package_discovery:discover_packages(path) check parameters
[0.622s] Level 1:colcon.colcon_core.package_discovery:discover_packages(colcon_meta) discover
[0.622s] Level 1:colcon.colcon_core.package_discovery:discover_packages(recursive) discover
[0.622s] INFO:colcon.colcon_core.package_discovery:Crawling recursively for packages in '/home/andre/Documents/codes/ros/Service_simples'
[0.622s] Level 1:colcon.colcon_core.package_identification:_identify(.) by extensions ['ignore', 'ignore_ament_install']
[0.623s] Level 1:colcon.colcon_core.package_identification:_identify(.) by extension 'ignore'
[0.623s] Level 1:colcon.colcon_core.package_identification:_identify(.) by extension 'ignore_ament_install'
[0.623s] Level 1:colcon.colcon_core.package_identification:_identify(.) by extensions ['colcon_pkg']
[0.623s] Level 1:colcon.colcon_core.package_identification:_identify(.) by extension 'colcon_pkg'
[0.623s] Level 1:colcon.colcon_core.package_identification:_identify(.) by extensions ['colcon_meta']
[0.623s] Level 1:colcon.colcon_core.package_identification:_identify(.) by extension 'colcon_meta'
[0.623s] Level 1:colcon.colcon_core.package_identification:_identify(.) by extensions ['ros']
[0.623s] Level 1:colcon.colcon_core.package_identification:_identify(.) by extension 'ros'
[0.675s] Level 1:colcon.colcon_core.package_identification:_identify(.) by extensions ['cmake', 'python']
[0.675s] Level 1:colcon.colcon_core.package_identification:_identify(.) by extension 'cmake'
[0.676s] Level 1:colcon.colcon_core.package_identification:_identify(.) by extension 'python'
[0.676s] Level 1:colcon.colcon_core.package_identification:_identify(.) by extensions ['python_setup_py']
[0.676s] Level 1:colcon.colcon_core.package_identification:_identify(.) by extension 'python_setup_py'
[0.676s] Level 1:colcon.colcon_core.package_identification:_identify(build) by extensions ['ignore', 'ignore_ament_install']
[0.676s] Level 1:colcon.colcon_core.package_identification:_identify(build) by extension 'ignore'
[0.676s] Level 1:colcon.colcon_core.package_identification:_identify(build) ignored
[0.677s] Level 1:colcon.colcon_core.package_identification:_identify(install) by extensions ['ignore', 'ignore_ament_install']
[0.677s] Level 1:colcon.colcon_core.package_identification:_identify(install) by extension 'ignore'
[0.677s] Level 1:colcon.colcon_core.package_identification:_identify(install) ignored
[0.677s] Level 1:colcon.colcon_core.package_identification:_identify(log) by extensions ['ignore', 'ignore_ament_install']
[0.678s] Level 1:colcon.colcon_core.package_identification:_identify(log) by extension 'ignore'
[0.678s] Level 1:colcon.colcon_core.package_identification:_identify(log) ignored
[0.678s] Level 1:colcon.colcon_core.package_identification:_identify(py_srvcli) by extensions ['ignore', 'ignore_ament_install']
[0.678s] Level 1:colcon.colcon_core.package_identification:_identify(py_srvcli) by extension 'ignore'
[0.678s] Level 1:colcon.colcon_core.package_identification:_identify(py_srvcli) by extension 'ignore_ament_install'
[0.678s] Level 1:colcon.colcon_core.package_identification:_identify(py_srvcli) by extensions ['colcon_pkg']
[0.678s] Level 1:colcon.colcon_core.package_identification:_identify(py_srvcli) by extension 'colcon_pkg'
[0.678s] Level 1:colcon.colcon_core.package_identification:_identify(py_srvcli) by extensions ['colcon_meta']
[0.679s] Level 1:colcon.colcon_core.package_identification:_identify(py_srvcli) by extension 'colcon_meta'
[0.679s] Level 1:colcon.colcon_core.package_identification:_identify(py_srvcli) by extensions ['ros']
[0.679s] Level 1:colcon.colcon_core.package_identification:_identify(py_srvcli) by extension 'ros'
[0.683s] DEBUG:colcon.colcon_core.package_identification:Package 'py_srvcli' with type 'ros.ament_python' and name 'py_srvcli'
[0.683s] Level 1:colcon.colcon_core.package_discovery:discover_packages(recursive) using defaults
[0.683s] Level 1:colcon.colcon_core.package_discovery:discover_packages(ignore) discover
[0.684s] Level 1:colcon.colcon_core.package_discovery:discover_packages(ignore) using defaults
[0.684s] Level 1:colcon.colcon_core.package_discovery:discover_packages(path) discover
[0.684s] Level 1:colcon.colcon_core.package_discovery:discover_packages(path) using defaults
[0.728s] Level 1:colcon.colcon_core.package_discovery:discover_packages(prefix_path) check parameters
[0.728s] Level 1:colcon.colcon_core.package_discovery:discover_packages(prefix_path) discover
[0.730s] WARNING:colcon.colcon_core.prefix_path.colcon:The path '/home/andre/Documents/codes/ros/estudo_custom_msg_2/install' in the environment variable COLCON_PREFIX_PATH doesn't exist
[0.731s] WARNING:colcon.colcon_ros.prefix_path.ament:The path '/home/andre/Documents/codes/ros/estudo_custom_msg_2/install/py_srvcli' in the environment variable AMENT_PREFIX_PATH doesn't exist
[0.733s] DEBUG:colcon.colcon_installed_package_information.package_discovery:Found 1 installed packages in /home/andre/Documents/codes/ros/Pub_sub_simples/src/install
[0.736s] DEBUG:colcon.colcon_installed_package_information.package_discovery:Found 270 installed packages in /opt/ros/humble
[0.739s] Level 1:colcon.colcon_core.package_discovery:discover_packages(prefix_path) using defaults
[0.867s] Level 5:colcon.colcon_core.verb:set package 'py_srvcli' build argument 'cmake_args' from command line to 'None'
[0.868s] Level 5:colcon.colcon_core.verb:set package 'py_srvcli' build argument 'cmake_target' from command line to 'None'
[0.868s] Level 5:colcon.colcon_core.verb:set package 'py_srvcli' build argument 'cmake_target_skip_unavailable' from command line to 'False'
[0.868s] Level 5:colcon.colcon_core.verb:set package 'py_srvcli' build argument 'cmake_clean_cache' from command line to 'False'
[0.868s] Level 5:colcon.colcon_core.verb:set package 'py_srvcli' build argument 'cmake_clean_first' from command line to 'False'
[0.868s] Level 5:colcon.colcon_core.verb:set package 'py_srvcli' build argument 'cmake_force_configure' from command line to 'False'
[0.868s] Level 5:colcon.colcon_core.verb:set package 'py_srvcli' build argument 'ament_cmake_args' from command line to 'None'
[0.868s] Level 5:colcon.colcon_core.verb:set package 'py_srvcli' build argument 'catkin_cmake_args' from command line to 'None'
[0.868s] Level 5:colcon.colcon_core.verb:set package 'py_srvcli' build argument 'catkin_skip_building_tests' from command line to 'False'
[0.868s] DEBUG:colcon.colcon_core.verb:Building package 'py_srvcli' with the following arguments: {'ament_cmake_args': None, 'build_base': '/home/andre/Documents/codes/ros/Service_simples/build/py_srvcli', 'catkin_cmake_args': None, 'catkin_skip_building_tests': False, 'cmake_args': None, 'cmake_clean_cache': False, 'cmake_clean_first': False, 'cmake_force_configure': False, 'cmake_target': None, 'cmake_target_skip_unavailable': False, 'install_base': '/home/andre/Documents/codes/ros/Service_simples/install/py_srvcli', 'merge_install': False, 'path': '/home/andre/Documents/codes/ros/Service_simples/py_srvcli', 'symlink_install': False, 'test_result_base': None}
[0.870s] INFO:colcon.colcon_core.executor:Executing jobs using 'parallel' executor
[0.882s] DEBUG:colcon.colcon_parallel_executor.executor.parallel:run_until_complete
[0.883s] INFO:colcon.colcon_ros.task.ament_python.build:Building ROS package in '/home/andre/Documents/codes/ros/Service_simples/py_srvcli' with build type 'ament_python'
[0.883s] Level 1:colcon.colcon_core.shell:create_environment_hook('py_srvcli', 'ament_prefix_path')
[0.893s] INFO:colcon.colcon_core.plugin_system:Skipping extension 'colcon_core.shell.bat': Not used on non-Windows systems
[0.893s] INFO:colcon.colcon_core.shell:Creating environment hook '/home/andre/Documents/codes/ros/Service_simples/install/py_srvcli/share/py_srvcli/hook/ament_prefix_path.ps1'
[0.895s] INFO:colcon.colcon_core.shell:Creating environment descriptor '/home/andre/Documents/codes/ros/Service_simples/install/py_srvcli/share/py_srvcli/hook/ament_prefix_path.dsv'
[0.896s] INFO:colcon.colcon_core.shell:Creating environment hook '/home/andre/Documents/codes/ros/Service_simples/install/py_srvcli/share/py_srvcli/hook/ament_prefix_path.sh'
[0.899s] INFO:colcon.colcon_core.shell:Skip shell extension 'powershell' for command environment: Not usable outside of PowerShell
[0.899s] DEBUG:colcon.colcon_core.shell:Skip shell extension 'dsv' for command environment
[1.393s] INFO:colcon.colcon_core.task.python.build:Building Python package in '/home/andre/Documents/codes/ros/Service_simples/py_srvcli'
[1.396s] INFO:colcon.colcon_core.shell:Skip shell extension 'powershell' for command environment: Not usable outside of PowerShell
[1.396s] DEBUG:colcon.colcon_core.shell:Skip shell extension 'dsv' for command environment
[1.976s] DEBUG:colcon.colcon_core.event_handler.log_command:Invoking command in '/home/andre/Documents/codes/ros/Service_simples/py_srvcli': PYTHONPATH=/home/andre/Documents/codes/ros/Service_simples/build/py_srvcli/prefix_override:/home/andre/Documents/codes/ros/Service_simples/install/py_srvcli/lib/python3.10/site-packages:${PYTHONPATH} /usr/bin/python3 setup.py egg_info --egg-base ../build/py_srvcli build --build-base /home/andre/Documents/codes/ros/Service_simples/build/py_srvcli/build install --record /home/andre/Documents/codes/ros/Service_simples/build/py_srvcli/install.log --single-version-externally-managed
[2.523s] DEBUG:colcon.colcon_core.event_handler.log_command:Invoked command in '/home/andre/Documents/codes/ros/Service_simples/py_srvcli' returned '0': PYTHONPATH=/home/andre/Documents/codes/ros/Service_simples/build/py_srvcli/prefix_override:/home/andre/Documents/codes/ros/Service_simples/install/py_srvcli/lib/python3.10/site-packages:${PYTHONPATH} /usr/bin/python3 setup.py egg_info --egg-base ../build/py_srvcli build --build-base /home/andre/Documents/codes/ros/Service_simples/build/py_srvcli/build install --record /home/andre/Documents/codes/ros/Service_simples/build/py_srvcli/install.log --single-version-externally-managed
[2.532s] Level 1:colcon.colcon_core.environment:checking '/home/andre/Documents/codes/ros/Service_simples/install/py_srvcli' for CMake module files
[2.534s] Level 1:colcon.colcon_core.environment:checking '/home/andre/Documents/codes/ros/Service_simples/install/py_srvcli' for CMake config files
[2.536s] Level 1:colcon.colcon_core.environment:checking '/home/andre/Documents/codes/ros/Service_simples/install/py_srvcli/lib'
[2.536s] Level 1:colcon.colcon_core.environment:checking '/home/andre/Documents/codes/ros/Service_simples/install/py_srvcli/bin'
[2.536s] Level 1:colcon.colcon_core.environment:checking '/home/andre/Documents/codes/ros/Service_simples/install/py_srvcli/lib/pkgconfig/py_srvcli.pc'
[2.537s] Level 1:colcon.colcon_core.environment:checking '/home/andre/Documents/codes/ros/Service_simples/install/py_srvcli/lib/python3.10/site-packages'
[2.537s] Level 1:colcon.colcon_core.shell:create_environment_hook('py_srvcli', 'pythonpath')
[2.541s] INFO:colcon.colcon_core.shell:Creating environment hook '/home/andre/Documents/codes/ros/Service_simples/install/py_srvcli/share/py_srvcli/hook/pythonpath.ps1'
[2.541s] INFO:colcon.colcon_core.shell:Creating environment descriptor '/home/andre/Documents/codes/ros/Service_simples/install/py_srvcli/share/py_srvcli/hook/pythonpath.dsv'
[2.542s] INFO:colcon.colcon_core.shell:Creating environment hook '/home/andre/Documents/codes/ros/Service_simples/install/py_srvcli/share/py_srvcli/hook/pythonpath.sh'
[2.543s] Level 1:colcon.colcon_core.environment:checking '/home/andre/Documents/codes/ros/Service_simples/install/py_srvcli/bin'
[2.543s] Level 1:colcon.colcon_core.environment:create_environment_scripts_only(py_srvcli)
[2.547s] INFO:colcon.colcon_core.shell:Creating package script '/home/andre/Documents/codes/ros/Service_simples/install/py_srvcli/share/py_srvcli/package.ps1'
[2.549s] INFO:colcon.colcon_core.shell:Creating package descriptor '/home/andre/Documents/codes/ros/Service_simples/install/py_srvcli/share/py_srvcli/package.dsv'
[2.551s] INFO:colcon.colcon_core.shell:Creating package script '/home/andre/Documents/codes/ros/Service_simples/install/py_srvcli/share/py_srvcli/package.sh'
[2.553s] INFO:colcon.colcon_core.shell:Creating package script '/home/andre/Documents/codes/ros/Service_simples/install/py_srvcli/share/py_srvcli/package.bash'
[2.554s] INFO:colcon.colcon_core.shell:Creating package script '/home/andre/Documents/codes/ros/Service_simples/install/py_srvcli/share/py_srvcli/package.zsh'
[2.556s] Level 1:colcon.colcon_core.environment:create_file_with_runtime_dependencies(/home/andre/Documents/codes/ros/Service_simples/install/py_srvcli/share/colcon-core/packages/py_srvcli)
[2.557s] DEBUG:colcon.colcon_parallel_executor.executor.parallel:closing loop
[2.557s] DEBUG:colcon.colcon_parallel_executor.executor.parallel:loop closed
[2.558s] DEBUG:colcon.colcon_parallel_executor.executor.parallel:run_until_complete finished with '0'
[2.558s] DEBUG:colcon.colcon_core.event_reactor:joining thread
[2.571s] INFO:colcon.colcon_core.plugin_system:Skipping extension 'colcon_notification.desktop_notification.terminal_notifier': Not used on non-Darwin systems
[2.571s] INFO:colcon.colcon_core.plugin_system:Skipping extension 'colcon_notification.desktop_notification.win32': Not used on non-Windows systems
[2.572s] INFO:colcon.colcon_notification.desktop_notification:Sending desktop notification using 'notify2'
[2.598s] DEBUG:colcon.colcon_core.event_reactor:joined thread
[2.601s] INFO:colcon.colcon_core.shell:Creating prefix script '/home/andre/Documents/codes/ros/Service_simples/install/local_setup.ps1'
[2.602s] INFO:colcon.colcon_core.shell:Creating prefix util module '/home/andre/Documents/codes/ros/Service_simples/install/_local_setup_util_ps1.py'
[2.607s] INFO:colcon.colcon_core.shell:Creating prefix chain script '/home/andre/Documents/codes/ros/Service_simples/install/setup.ps1'
[2.611s] INFO:colcon.colcon_core.shell:Creating prefix script '/home/andre/Documents/codes/ros/Service_simples/install/local_setup.sh'
[2.613s] INFO:colcon.colcon_core.shell:Creating prefix util module '/home/andre/Documents/codes/ros/Service_simples/install/_local_setup_util_sh.py'
[2.614s] INFO:colcon.colcon_core.shell:Creating prefix chain script '/home/andre/Documents/codes/ros/Service_simples/install/setup.sh'
[2.617s] INFO:colcon.colcon_core.shell:Creating prefix script '/home/andre/Documents/codes/ros/Service_simples/install/local_setup.bash'
[2.619s] INFO:colcon.colcon_core.shell:Creating prefix chain script '/home/andre/Documents/codes/ros/Service_simples/install/setup.bash'
[2.623s] INFO:colcon.colcon_core.shell:Creating prefix script '/home/andre/Documents/codes/ros/Service_simples/install/local_setup.zsh'
[2.625s] INFO:colcon.colcon_core.shell:Creating prefix chain script '/home/andre/Documents/codes/ros/Service_simples/install/setup.zsh'
