[1.211s] Invoking command in '/home/andre/Desktop/Git/ROS_estudo/Estudo/resumo_mod_basico/src/resumo_mod_basico': PYTHONPATH=/home/andre/Desktop/Git/ROS_estudo/Estudo/resumo_mod_basico/src/build/resumo_mod_basico/prefix_override:/home/andre/Desktop/Git/ROS_estudo/Estudo/resumo_mod_basico/src/install/resumo_mod_basico/lib/python3.10/site-packages:${PYTHONPATH} /usr/bin/python3 setup.py egg_info --egg-base ../build/resumo_mod_basico build --build-base /home/andre/Desktop/Git/ROS_estudo/Estudo/resumo_mod_basico/src/build/resumo_mod_basico/build install --record /home/andre/Desktop/Git/ROS_estudo/Estudo/resumo_mod_basico/src/build/resumo_mod_basico/install.log --single-version-externally-managed
[1.666s] running egg_info
[1.667s] writing ../build/resumo_mod_basico/resumo_mod_basico.egg-info/PKG-INFO
[1.667s] writing dependency_links to ../build/resumo_mod_basico/resumo_mod_basico.egg-info/dependency_links.txt
[1.667s] writing entry points to ../build/resumo_mod_basico/resumo_mod_basico.egg-info/entry_points.txt
[1.668s] writing requirements to ../build/resumo_mod_basico/resumo_mod_basico.egg-info/requires.txt
[1.668s] writing top-level names to ../build/resumo_mod_basico/resumo_mod_basico.egg-info/top_level.txt
[1.671s] reading manifest file '../build/resumo_mod_basico/resumo_mod_basico.egg-info/SOURCES.txt'
[1.673s] writing manifest file '../build/resumo_mod_basico/resumo_mod_basico.egg-info/SOURCES.txt'
[1.673s] running build
[1.673s] running build_py
[1.673s] copying resumo_mod_basico/client.py -> /home/andre/Desktop/Git/ROS_estudo/Estudo/resumo_mod_basico/src/build/resumo_mod_basico/build/lib/resumo_mod_basico
[1.674s] running install
[1.674s] /usr/lib/python3/dist-packages/setuptools/command/install.py:34: SetuptoolsDeprecationWarning: setup.py install is deprecated. Use build and pip and other standards-based tools.
[1.674s]   warnings.warn(
[1.675s] running install_lib
[1.676s] copying /home/andre/Desktop/Git/ROS_estudo/Estudo/resumo_mod_basico/src/build/resumo_mod_basico/build/lib/resumo_mod_basico/client.py -> /home/andre/Desktop/Git/ROS_estudo/Estudo/resumo_mod_basico/src/install/resumo_mod_basico/lib/python3.10/site-packages/resumo_mod_basico
[1.677s] byte-compiling /home/andre/Desktop/Git/ROS_estudo/Estudo/resumo_mod_basico/src/install/resumo_mod_basico/lib/python3.10/site-packages/resumo_mod_basico/client.py to client.cpython-310.pyc
[1.678s] running install_data
[1.679s] running install_egg_info
[1.681s] removing '/home/andre/Desktop/Git/ROS_estudo/Estudo/resumo_mod_basico/src/install/resumo_mod_basico/lib/python3.10/site-packages/resumo_mod_basico-0.0.0-py3.10.egg-info' (and everything under it)
[1.682s] Copying ../build/resumo_mod_basico/resumo_mod_basico.egg-info to /home/andre/Desktop/Git/ROS_estudo/Estudo/resumo_mod_basico/src/install/resumo_mod_basico/lib/python3.10/site-packages/resumo_mod_basico-0.0.0-py3.10.egg-info
[1.684s] running install_scripts
[1.723s] Installing client script to /home/andre/Desktop/Git/ROS_estudo/Estudo/resumo_mod_basico/src/install/resumo_mod_basico/lib/resumo_mod_basico
[1.723s] Installing service script to /home/andre/Desktop/Git/ROS_estudo/Estudo/resumo_mod_basico/src/install/resumo_mod_basico/lib/resumo_mod_basico
[1.724s] writing list of installed files to '/home/andre/Desktop/Git/ROS_estudo/Estudo/resumo_mod_basico/src/build/resumo_mod_basico/install.log'
[1.772s] Invoked command in '/home/andre/Desktop/Git/ROS_estudo/Estudo/resumo_mod_basico/src/resumo_mod_basico' returned '0': PYTHONPATH=/home/andre/Desktop/Git/ROS_estudo/Estudo/resumo_mod_basico/src/build/resumo_mod_basico/prefix_override:/home/andre/Desktop/Git/ROS_estudo/Estudo/resumo_mod_basico/src/install/resumo_mod_basico/lib/python3.10/site-packages:${PYTHONPATH} /usr/bin/python3 setup.py egg_info --egg-base ../build/resumo_mod_basico build --build-base /home/andre/Desktop/Git/ROS_estudo/Estudo/resumo_mod_basico/src/build/resumo_mod_basico/build install --record /home/andre/Desktop/Git/ROS_estudo/Estudo/resumo_mod_basico/src/build/resumo_mod_basico/install.log --single-version-externally-managed
