[0.098s] Invoking command in '/home/andre/Desktop/Git/ROS_estudo/Simulacao_ROS2/src/build/interfaces_to_gazebo': CMAKE_PREFIX_PATH=${CMAKE_PREFIX_PATH}:/home/andre/Desktop/Git/ROS_estudo/Simulacao_ROS2/src/install/ros2_gazebo_estudo:/home/andre/Desktop/Git/ROS_estudo/Simulacao_ROS2/install/ros2_gazebo_estudo:/opt/ros/humble /usr/bin/cmake --build /home/andre/Desktop/Git/ROS_estudo/Simulacao_ROS2/src/build/interfaces_to_gazebo -- -j4 -l4
[1.688s] [  9%] Built target interfaces_to_gazebo__rosidl_generator_c
[1.690s] [ 12%] Built target interfaces_to_gazebo__cpp
[1.690s] [ 22%] Built target interfaces_to_gazebo__rosidl_typesupport_fastrtps_c
[1.691s] [ 22%] Built target ament_cmake_python_copy_interfaces_to_gazebo
[1.691s] [ 32%] Built target interfaces_to_gazebo__rosidl_typesupport_c
[1.691s] [ 41%] Built target interfaces_to_gazebo__rosidl_typesupport_introspection_c
[1.692s] [ 51%] Built target interfaces_to_gazebo__rosidl_typesupport_introspection_cpp
[1.692s] [ 61%] Built target interfaces_to_gazebo__rosidl_typesupport_cpp
[1.692s] [ 70%] Built target interfaces_to_gazebo__rosidl_typesupport_fastrtps_cpp
[1.693s] [ 70%] Built target interfaces_to_gazebo
[1.693s] [ 74%] Built target interfaces_to_gazebo__py
[1.693s] [ 80%] Built target interfaces_to_gazebo__rosidl_generator_py
[1.694s] [ 87%] Built target interfaces_to_gazebo__rosidl_typesupport_introspection_c__pyext
[1.694s] [ 93%] Built target interfaces_to_gazebo__rosidl_typesupport_c__pyext
[1.694s] [100%] Built target interfaces_to_gazebo__rosidl_typesupport_fastrtps_c__pyext
[1.947s] running egg_info
[1.952s] writing interfaces_to_gazebo.egg-info/PKG-INFO
[1.956s] writing dependency_links to interfaces_to_gazebo.egg-info/dependency_links.txt
[1.957s] writing top-level names to interfaces_to_gazebo.egg-info/top_level.txt
[1.963s] reading manifest file 'interfaces_to_gazebo.egg-info/SOURCES.txt'
[1.969s] writing manifest file 'interfaces_to_gazebo.egg-info/SOURCES.txt'
[2.057s] [100%] Built target ament_cmake_python_build_interfaces_to_gazebo_egg
[2.112s] Invoked command in '/home/andre/Desktop/Git/ROS_estudo/Simulacao_ROS2/src/build/interfaces_to_gazebo' returned '0': CMAKE_PREFIX_PATH=${CMAKE_PREFIX_PATH}:/home/andre/Desktop/Git/ROS_estudo/Simulacao_ROS2/src/install/ros2_gazebo_estudo:/home/andre/Desktop/Git/ROS_estudo/Simulacao_ROS2/install/ros2_gazebo_estudo:/opt/ros/humble /usr/bin/cmake --build /home/andre/Desktop/Git/ROS_estudo/Simulacao_ROS2/src/build/interfaces_to_gazebo -- -j4 -l4
[2.389s] Invoking command in '/home/andre/Desktop/Git/ROS_estudo/Simulacao_ROS2/src/build/interfaces_to_gazebo': CMAKE_PREFIX_PATH=${CMAKE_PREFIX_PATH}:/home/andre/Desktop/Git/ROS_estudo/Simulacao_ROS2/src/install/ros2_gazebo_estudo:/home/andre/Desktop/Git/ROS_estudo/Simulacao_ROS2/install/ros2_gazebo_estudo:/opt/ros/humble /usr/bin/cmake --install /home/andre/Desktop/Git/ROS_estudo/Simulacao_ROS2/src/build/interfaces_to_gazebo
[2.421s] -- Install configuration: ""
[2.423s] -- Up-to-date: /home/andre/Desktop/Git/ROS_estudo/Simulacao_ROS2/src/install/interfaces_to_gazebo/share/ament_index/resource_index/rosidl_interfaces/interfaces_to_gazebo
[2.429s] -- Up-to-date: /home/andre/Desktop/Git/ROS_estudo/Simulacao_ROS2/src/install/interfaces_to_gazebo/include/interfaces_to_gazebo/interfaces_to_gazebo
[2.430s] -- Up-to-date: /home/andre/Desktop/Git/ROS_estudo/Simulacao_ROS2/src/install/interfaces_to_gazebo/include/interfaces_to_gazebo/interfaces_to_gazebo/srv
[2.431s] -- Up-to-date: /home/andre/Desktop/Git/ROS_estudo/Simulacao_ROS2/src/install/interfaces_to_gazebo/include/interfaces_to_gazebo/interfaces_to_gazebo/srv/detail
[2.432s] -- Up-to-date: /home/andre/Desktop/Git/ROS_estudo/Simulacao_ROS2/src/install/interfaces_to_gazebo/include/interfaces_to_gazebo/interfaces_to_gazebo/srv/detail/rqt_laser_scan__functions.h
[2.432s] -- Up-to-date: /home/andre/Desktop/Git/ROS_estudo/Simulacao_ROS2/src/install/interfaces_to_gazebo/include/interfaces_to_gazebo/interfaces_to_gazebo/srv/detail/rqt_laser_scan__type_support.h
[2.432s] -- Up-to-date: /home/andre/Desktop/Git/ROS_estudo/Simulacao_ROS2/src/install/interfaces_to_gazebo/include/interfaces_to_gazebo/interfaces_to_gazebo/srv/detail/rqt_laser_scan__functions.c
[2.437s] -- Up-to-date: /home/andre/Desktop/Git/ROS_estudo/Simulacao_ROS2/src/install/interfaces_to_gazebo/include/interfaces_to_gazebo/interfaces_to_gazebo/srv/detail/rqt_laser_scan__struct.h
[2.438s] -- Up-to-date: /home/andre/Desktop/Git/ROS_estudo/Simulacao_ROS2/src/install/interfaces_to_gazebo/include/interfaces_to_gazebo/interfaces_to_gazebo/srv/rqt_laser_scan.h
[2.441s] -- Up-to-date: /home/andre/Desktop/Git/ROS_estudo/Simulacao_ROS2/src/install/interfaces_to_gazebo/include/interfaces_to_gazebo/interfaces_to_gazebo/msg
[2.445s] -- Up-to-date: /home/andre/Desktop/Git/ROS_estudo/Simulacao_ROS2/src/install/interfaces_to_gazebo/include/interfaces_to_gazebo/interfaces_to_gazebo/msg/rosidl_generator_c__visibility_control.h
[2.446s] -- Up-to-date: /home/andre/Desktop/Git/ROS_estudo/Simulacao_ROS2/src/install/interfaces_to_gazebo/share/interfaces_to_gazebo/environment/library_path.sh
[2.446s] -- Up-to-date: /home/andre/Desktop/Git/ROS_estudo/Simulacao_ROS2/src/install/interfaces_to_gazebo/share/interfaces_to_gazebo/environment/library_path.dsv
[2.449s] -- Up-to-date: /home/andre/Desktop/Git/ROS_estudo/Simulacao_ROS2/src/install/interfaces_to_gazebo/lib/libinterfaces_to_gazebo__rosidl_generator_c.so
[2.453s] -- Up-to-date: /home/andre/Desktop/Git/ROS_estudo/Simulacao_ROS2/src/install/interfaces_to_gazebo/include/interfaces_to_gazebo/interfaces_to_gazebo
[2.454s] -- Up-to-date: /home/andre/Desktop/Git/ROS_estudo/Simulacao_ROS2/src/install/interfaces_to_gazebo/include/interfaces_to_gazebo/interfaces_to_gazebo/srv
[2.455s] -- Up-to-date: /home/andre/Desktop/Git/ROS_estudo/Simulacao_ROS2/src/install/interfaces_to_gazebo/include/interfaces_to_gazebo/interfaces_to_gazebo/srv/detail
[2.455s] -- Up-to-date: /home/andre/Desktop/Git/ROS_estudo/Simulacao_ROS2/src/install/interfaces_to_gazebo/include/interfaces_to_gazebo/interfaces_to_gazebo/srv/detail/rqt_laser_scan__rosidl_typesupport_fastrtps_c.h
[2.458s] -- Up-to-date: /home/andre/Desktop/Git/ROS_estudo/Simulacao_ROS2/src/install/interfaces_to_gazebo/include/interfaces_to_gazebo/interfaces_to_gazebo/msg
[2.459s] -- Up-to-date: /home/andre/Desktop/Git/ROS_estudo/Simulacao_ROS2/src/install/interfaces_to_gazebo/include/interfaces_to_gazebo/interfaces_to_gazebo/msg/rosidl_typesupport_fastrtps_c__visibility_control.h
[2.462s] -- Up-to-date: /home/andre/Desktop/Git/ROS_estudo/Simulacao_ROS2/src/install/interfaces_to_gazebo/lib/libinterfaces_to_gazebo__rosidl_typesupport_fastrtps_c.so
[2.463s] -- Up-to-date: /home/andre/Desktop/Git/ROS_estudo/Simulacao_ROS2/src/install/interfaces_to_gazebo/include/interfaces_to_gazebo/interfaces_to_gazebo
[2.463s] -- Up-to-date: /home/andre/Desktop/Git/ROS_estudo/Simulacao_ROS2/src/install/interfaces_to_gazebo/include/interfaces_to_gazebo/interfaces_to_gazebo/srv
[2.463s] -- Up-to-date: /home/andre/Desktop/Git/ROS_estudo/Simulacao_ROS2/src/install/interfaces_to_gazebo/include/interfaces_to_gazebo/interfaces_to_gazebo/srv/rqt_laser_scan.hpp
[2.464s] -- Up-to-date: /home/andre/Desktop/Git/ROS_estudo/Simulacao_ROS2/src/install/interfaces_to_gazebo/include/interfaces_to_gazebo/interfaces_to_gazebo/srv/detail
[2.464s] -- Up-to-date: /home/andre/Desktop/Git/ROS_estudo/Simulacao_ROS2/src/install/interfaces_to_gazebo/include/interfaces_to_gazebo/interfaces_to_gazebo/srv/detail/rqt_laser_scan__struct.hpp
[2.464s] -- Up-to-date: /home/andre/Desktop/Git/ROS_estudo/Simulacao_ROS2/src/install/interfaces_to_gazebo/include/interfaces_to_gazebo/interfaces_to_gazebo/srv/detail/rqt_laser_scan__builder.hpp
[2.464s] -- Up-to-date: /home/andre/Desktop/Git/ROS_estudo/Simulacao_ROS2/src/install/interfaces_to_gazebo/include/interfaces_to_gazebo/interfaces_to_gazebo/srv/detail/rqt_laser_scan__traits.hpp
[2.465s] -- Up-to-date: /home/andre/Desktop/Git/ROS_estudo/Simulacao_ROS2/src/install/interfaces_to_gazebo/include/interfaces_to_gazebo/interfaces_to_gazebo
[2.465s] -- Up-to-date: /home/andre/Desktop/Git/ROS_estudo/Simulacao_ROS2/src/install/interfaces_to_gazebo/include/interfaces_to_gazebo/interfaces_to_gazebo/srv
[2.465s] -- Up-to-date: /home/andre/Desktop/Git/ROS_estudo/Simulacao_ROS2/src/install/interfaces_to_gazebo/include/interfaces_to_gazebo/interfaces_to_gazebo/srv/detail
[2.465s] -- Up-to-date: /home/andre/Desktop/Git/ROS_estudo/Simulacao_ROS2/src/install/interfaces_to_gazebo/include/interfaces_to_gazebo/interfaces_to_gazebo/srv/detail/rqt_laser_scan__rosidl_typesupport_fastrtps_cpp.hpp
[2.466s] -- Up-to-date: /home/andre/Desktop/Git/ROS_estudo/Simulacao_ROS2/src/install/interfaces_to_gazebo/include/interfaces_to_gazebo/interfaces_to_gazebo/srv/detail/dds_fastrtps
[2.466s] -- Up-to-date: /home/andre/Desktop/Git/ROS_estudo/Simulacao_ROS2/src/install/interfaces_to_gazebo/include/interfaces_to_gazebo/interfaces_to_gazebo/msg
[2.466s] -- Up-to-date: /home/andre/Desktop/Git/ROS_estudo/Simulacao_ROS2/src/install/interfaces_to_gazebo/include/interfaces_to_gazebo/interfaces_to_gazebo/msg/rosidl_typesupport_fastrtps_cpp__visibility_control.h
[2.482s] -- Up-to-date: /home/andre/Desktop/Git/ROS_estudo/Simulacao_ROS2/src/install/interfaces_to_gazebo/lib/libinterfaces_to_gazebo__rosidl_typesupport_fastrtps_cpp.so
[2.482s] -- Up-to-date: /home/andre/Desktop/Git/ROS_estudo/Simulacao_ROS2/src/install/interfaces_to_gazebo/include/interfaces_to_gazebo/interfaces_to_gazebo
[2.483s] -- Up-to-date: /home/andre/Desktop/Git/ROS_estudo/Simulacao_ROS2/src/install/interfaces_to_gazebo/include/interfaces_to_gazebo/interfaces_to_gazebo/srv
[2.483s] -- Up-to-date: /home/andre/Desktop/Git/ROS_estudo/Simulacao_ROS2/src/install/interfaces_to_gazebo/include/interfaces_to_gazebo/interfaces_to_gazebo/srv/detail
[2.483s] -- Up-to-date: /home/andre/Desktop/Git/ROS_estudo/Simulacao_ROS2/src/install/interfaces_to_gazebo/include/interfaces_to_gazebo/interfaces_to_gazebo/srv/detail/rqt_laser_scan__type_support.c
[2.483s] -- Up-to-date: /home/andre/Desktop/Git/ROS_estudo/Simulacao_ROS2/src/install/interfaces_to_gazebo/include/interfaces_to_gazebo/interfaces_to_gazebo/srv/detail/rqt_laser_scan__rosidl_typesupport_introspection_c.h
[2.484s] -- Up-to-date: /home/andre/Desktop/Git/ROS_estudo/Simulacao_ROS2/src/install/interfaces_to_gazebo/include/interfaces_to_gazebo/interfaces_to_gazebo/msg
[2.484s] -- Up-to-date: /home/andre/Desktop/Git/ROS_estudo/Simulacao_ROS2/src/install/interfaces_to_gazebo/include/interfaces_to_gazebo/interfaces_to_gazebo/msg/rosidl_typesupport_introspection_c__visibility_control.h
[2.484s] -- Up-to-date: /home/andre/Desktop/Git/ROS_estudo/Simulacao_ROS2/src/install/interfaces_to_gazebo/lib/libinterfaces_to_gazebo__rosidl_typesupport_introspection_c.so
[2.484s] -- Up-to-date: /home/andre/Desktop/Git/ROS_estudo/Simulacao_ROS2/src/install/interfaces_to_gazebo/lib/libinterfaces_to_gazebo__rosidl_typesupport_c.so
[2.485s] -- Up-to-date: /home/andre/Desktop/Git/ROS_estudo/Simulacao_ROS2/src/install/interfaces_to_gazebo/include/interfaces_to_gazebo/interfaces_to_gazebo
[2.485s] -- Up-to-date: /home/andre/Desktop/Git/ROS_estudo/Simulacao_ROS2/src/install/interfaces_to_gazebo/include/interfaces_to_gazebo/interfaces_to_gazebo/srv
[2.485s] -- Up-to-date: /home/andre/Desktop/Git/ROS_estudo/Simulacao_ROS2/src/install/interfaces_to_gazebo/include/interfaces_to_gazebo/interfaces_to_gazebo/srv/detail
[2.486s] -- Up-to-date: /home/andre/Desktop/Git/ROS_estudo/Simulacao_ROS2/src/install/interfaces_to_gazebo/include/interfaces_to_gazebo/interfaces_to_gazebo/srv/detail/rqt_laser_scan__rosidl_typesupport_introspection_cpp.hpp
[2.486s] -- Up-to-date: /home/andre/Desktop/Git/ROS_estudo/Simulacao_ROS2/src/install/interfaces_to_gazebo/include/interfaces_to_gazebo/interfaces_to_gazebo/srv/detail/rqt_laser_scan__type_support.cpp
[2.486s] -- Up-to-date: /home/andre/Desktop/Git/ROS_estudo/Simulacao_ROS2/src/install/interfaces_to_gazebo/lib/libinterfaces_to_gazebo__rosidl_typesupport_introspection_cpp.so
[2.486s] -- Up-to-date: /home/andre/Desktop/Git/ROS_estudo/Simulacao_ROS2/src/install/interfaces_to_gazebo/lib/libinterfaces_to_gazebo__rosidl_typesupport_cpp.so
[2.487s] -- Up-to-date: /home/andre/Desktop/Git/ROS_estudo/Simulacao_ROS2/src/install/interfaces_to_gazebo/share/interfaces_to_gazebo/environment/pythonpath.sh
[2.500s] -- Up-to-date: /home/andre/Desktop/Git/ROS_estudo/Simulacao_ROS2/src/install/interfaces_to_gazebo/share/interfaces_to_gazebo/environment/pythonpath.dsv
[2.500s] -- Up-to-date: /home/andre/Desktop/Git/ROS_estudo/Simulacao_ROS2/src/install/interfaces_to_gazebo/local/lib/python3.10/dist-packages/interfaces_to_gazebo-0.0.0-py3.10.egg-info
[2.501s] -- Installing: /home/andre/Desktop/Git/ROS_estudo/Simulacao_ROS2/src/install/interfaces_to_gazebo/local/lib/python3.10/dist-packages/interfaces_to_gazebo-0.0.0-py3.10.egg-info/dependency_links.txt
[2.501s] -- Installing: /home/andre/Desktop/Git/ROS_estudo/Simulacao_ROS2/src/install/interfaces_to_gazebo/local/lib/python3.10/dist-packages/interfaces_to_gazebo-0.0.0-py3.10.egg-info/top_level.txt
[2.501s] -- Installing: /home/andre/Desktop/Git/ROS_estudo/Simulacao_ROS2/src/install/interfaces_to_gazebo/local/lib/python3.10/dist-packages/interfaces_to_gazebo-0.0.0-py3.10.egg-info/PKG-INFO
[2.502s] -- Installing: /home/andre/Desktop/Git/ROS_estudo/Simulacao_ROS2/src/install/interfaces_to_gazebo/local/lib/python3.10/dist-packages/interfaces_to_gazebo-0.0.0-py3.10.egg-info/SOURCES.txt
[2.502s] -- Up-to-date: /home/andre/Desktop/Git/ROS_estudo/Simulacao_ROS2/src/install/interfaces_to_gazebo/local/lib/python3.10/dist-packages/interfaces_to_gazebo
[2.502s] -- Up-to-date: /home/andre/Desktop/Git/ROS_estudo/Simulacao_ROS2/src/install/interfaces_to_gazebo/local/lib/python3.10/dist-packages/interfaces_to_gazebo/srv
[2.502s] -- Up-to-date: /home/andre/Desktop/Git/ROS_estudo/Simulacao_ROS2/src/install/interfaces_to_gazebo/local/lib/python3.10/dist-packages/interfaces_to_gazebo/srv/__init__.py
[2.503s] -- Up-to-date: /home/andre/Desktop/Git/ROS_estudo/Simulacao_ROS2/src/install/interfaces_to_gazebo/local/lib/python3.10/dist-packages/interfaces_to_gazebo/srv/_rqt_laser_scan_s.c
[2.511s] -- Up-to-date: /home/andre/Desktop/Git/ROS_estudo/Simulacao_ROS2/src/install/interfaces_to_gazebo/local/lib/python3.10/dist-packages/interfaces_to_gazebo/srv/_rqt_laser_scan.py
[2.511s] -- Up-to-date: /home/andre/Desktop/Git/ROS_estudo/Simulacao_ROS2/src/install/interfaces_to_gazebo/local/lib/python3.10/dist-packages/interfaces_to_gazebo/interfaces_to_gazebo_s__rosidl_typesupport_introspection_c.cpython-310-x86_64-linux-gnu.so
[2.512s] -- Up-to-date: /home/andre/Desktop/Git/ROS_estudo/Simulacao_ROS2/src/install/interfaces_to_gazebo/local/lib/python3.10/dist-packages/interfaces_to_gazebo/__init__.py
[2.512s] -- Up-to-date: /home/andre/Desktop/Git/ROS_estudo/Simulacao_ROS2/src/install/interfaces_to_gazebo/local/lib/python3.10/dist-packages/interfaces_to_gazebo/libinterfaces_to_gazebo__rosidl_generator_py.so
[2.512s] -- Up-to-date: /home/andre/Desktop/Git/ROS_estudo/Simulacao_ROS2/src/install/interfaces_to_gazebo/local/lib/python3.10/dist-packages/interfaces_to_gazebo/interfaces_to_gazebo_s__rosidl_typesupport_c.cpython-310-x86_64-linux-gnu.so
[2.513s] -- Up-to-date: /home/andre/Desktop/Git/ROS_estudo/Simulacao_ROS2/src/install/interfaces_to_gazebo/local/lib/python3.10/dist-packages/interfaces_to_gazebo/interfaces_to_gazebo_s__rosidl_typesupport_fastrtps_c.cpython-310-x86_64-linux-gnu.so
[2.513s] -- Up-to-date: /home/andre/Desktop/Git/ROS_estudo/Simulacao_ROS2/src/install/interfaces_to_gazebo/local/lib/python3.10/dist-packages/interfaces_to_gazebo/_interfaces_to_gazebo_s.ep.rosidl_typesupport_c.c
[2.513s] -- Up-to-date: /home/andre/Desktop/Git/ROS_estudo/Simulacao_ROS2/src/install/interfaces_to_gazebo/local/lib/python3.10/dist-packages/interfaces_to_gazebo/_interfaces_to_gazebo_s.ep.rosidl_typesupport_fastrtps_c.c
[2.513s] -- Up-to-date: /home/andre/Desktop/Git/ROS_estudo/Simulacao_ROS2/src/install/interfaces_to_gazebo/local/lib/python3.10/dist-packages/interfaces_to_gazebo/_interfaces_to_gazebo_s.ep.rosidl_typesupport_introspection_c.c
[2.665s] Listing '/home/andre/Desktop/Git/ROS_estudo/Simulacao_ROS2/src/install/interfaces_to_gazebo/local/lib/python3.10/dist-packages/interfaces_to_gazebo'...
[2.666s] Listing '/home/andre/Desktop/Git/ROS_estudo/Simulacao_ROS2/src/install/interfaces_to_gazebo/local/lib/python3.10/dist-packages/interfaces_to_gazebo/srv'...
[2.689s] -- Up-to-date: /home/andre/Desktop/Git/ROS_estudo/Simulacao_ROS2/src/install/interfaces_to_gazebo/local/lib/python3.10/dist-packages/interfaces_to_gazebo/interfaces_to_gazebo_s__rosidl_typesupport_fastrtps_c.cpython-310-x86_64-linux-gnu.so
[2.692s] -- Up-to-date: /home/andre/Desktop/Git/ROS_estudo/Simulacao_ROS2/src/install/interfaces_to_gazebo/local/lib/python3.10/dist-packages/interfaces_to_gazebo/interfaces_to_gazebo_s__rosidl_typesupport_introspection_c.cpython-310-x86_64-linux-gnu.so
[2.696s] -- Up-to-date: /home/andre/Desktop/Git/ROS_estudo/Simulacao_ROS2/src/install/interfaces_to_gazebo/local/lib/python3.10/dist-packages/interfaces_to_gazebo/interfaces_to_gazebo_s__rosidl_typesupport_c.cpython-310-x86_64-linux-gnu.so
[2.702s] -- Up-to-date: /home/andre/Desktop/Git/ROS_estudo/Simulacao_ROS2/src/install/interfaces_to_gazebo/lib/libinterfaces_to_gazebo__rosidl_generator_py.so
[2.705s] -- Up-to-date: /home/andre/Desktop/Git/ROS_estudo/Simulacao_ROS2/src/install/interfaces_to_gazebo/share/interfaces_to_gazebo/srv/RqtLaserScan.idl
[2.709s] -- Up-to-date: /home/andre/Desktop/Git/ROS_estudo/Simulacao_ROS2/src/install/interfaces_to_gazebo/share/interfaces_to_gazebo/srv/RqtLaserScan.srv
[2.711s] -- Up-to-date: /home/andre/Desktop/Git/ROS_estudo/Simulacao_ROS2/src/install/interfaces_to_gazebo/share/interfaces_to_gazebo/srv/RqtLaserScan_Request.msg
[2.714s] -- Up-to-date: /home/andre/Desktop/Git/ROS_estudo/Simulacao_ROS2/src/install/interfaces_to_gazebo/share/interfaces_to_gazebo/srv/RqtLaserScan_Response.msg
[2.715s] -- Up-to-date: /home/andre/Desktop/Git/ROS_estudo/Simulacao_ROS2/src/install/interfaces_to_gazebo/share/ament_index/resource_index/package_run_dependencies/interfaces_to_gazebo
[2.716s] -- Up-to-date: /home/andre/Desktop/Git/ROS_estudo/Simulacao_ROS2/src/install/interfaces_to_gazebo/share/ament_index/resource_index/parent_prefix_path/interfaces_to_gazebo
[2.719s] -- Up-to-date: /home/andre/Desktop/Git/ROS_estudo/Simulacao_ROS2/src/install/interfaces_to_gazebo/share/interfaces_to_gazebo/environment/ament_prefix_path.sh
[2.722s] -- Up-to-date: /home/andre/Desktop/Git/ROS_estudo/Simulacao_ROS2/src/install/interfaces_to_gazebo/share/interfaces_to_gazebo/environment/ament_prefix_path.dsv
[2.723s] -- Up-to-date: /home/andre/Desktop/Git/ROS_estudo/Simulacao_ROS2/src/install/interfaces_to_gazebo/share/interfaces_to_gazebo/environment/path.sh
[2.723s] -- Up-to-date: /home/andre/Desktop/Git/ROS_estudo/Simulacao_ROS2/src/install/interfaces_to_gazebo/share/interfaces_to_gazebo/environment/path.dsv
[2.728s] -- Up-to-date: /home/andre/Desktop/Git/ROS_estudo/Simulacao_ROS2/src/install/interfaces_to_gazebo/share/interfaces_to_gazebo/local_setup.bash
[2.728s] -- Up-to-date: /home/andre/Desktop/Git/ROS_estudo/Simulacao_ROS2/src/install/interfaces_to_gazebo/share/interfaces_to_gazebo/local_setup.sh
[2.729s] -- Up-to-date: /home/andre/Desktop/Git/ROS_estudo/Simulacao_ROS2/src/install/interfaces_to_gazebo/share/interfaces_to_gazebo/local_setup.zsh
[2.730s] -- Up-to-date: /home/andre/Desktop/Git/ROS_estudo/Simulacao_ROS2/src/install/interfaces_to_gazebo/share/interfaces_to_gazebo/local_setup.dsv
[2.731s] -- Installing: /home/andre/Desktop/Git/ROS_estudo/Simulacao_ROS2/src/install/interfaces_to_gazebo/share/interfaces_to_gazebo/package.dsv
[2.736s] -- Up-to-date: /home/andre/Desktop/Git/ROS_estudo/Simulacao_ROS2/src/install/interfaces_to_gazebo/share/ament_index/resource_index/packages/interfaces_to_gazebo
[2.737s] -- Up-to-date: /home/andre/Desktop/Git/ROS_estudo/Simulacao_ROS2/src/install/interfaces_to_gazebo/share/interfaces_to_gazebo/cmake/export_interfaces_to_gazebo__rosidl_generator_cExport.cmake
[2.740s] -- Up-to-date: /home/andre/Desktop/Git/ROS_estudo/Simulacao_ROS2/src/install/interfaces_to_gazebo/share/interfaces_to_gazebo/cmake/export_interfaces_to_gazebo__rosidl_generator_cExport-noconfig.cmake
[2.742s] -- Up-to-date: /home/andre/Desktop/Git/ROS_estudo/Simulacao_ROS2/src/install/interfaces_to_gazebo/share/interfaces_to_gazebo/cmake/export_interfaces_to_gazebo__rosidl_typesupport_fastrtps_cExport.cmake
[2.743s] -- Up-to-date: /home/andre/Desktop/Git/ROS_estudo/Simulacao_ROS2/src/install/interfaces_to_gazebo/share/interfaces_to_gazebo/cmake/export_interfaces_to_gazebo__rosidl_typesupport_fastrtps_cExport-noconfig.cmake
[2.751s] -- Up-to-date: /home/andre/Desktop/Git/ROS_estudo/Simulacao_ROS2/src/install/interfaces_to_gazebo/share/interfaces_to_gazebo/cmake/export_interfaces_to_gazebo__rosidl_generator_cppExport.cmake
[2.752s] -- Up-to-date: /home/andre/Desktop/Git/ROS_estudo/Simulacao_ROS2/src/install/interfaces_to_gazebo/share/interfaces_to_gazebo/cmake/export_interfaces_to_gazebo__rosidl_typesupport_fastrtps_cppExport.cmake
[2.753s] -- Up-to-date: /home/andre/Desktop/Git/ROS_estudo/Simulacao_ROS2/src/install/interfaces_to_gazebo/share/interfaces_to_gazebo/cmake/export_interfaces_to_gazebo__rosidl_typesupport_fastrtps_cppExport-noconfig.cmake
[2.754s] -- Up-to-date: /home/andre/Desktop/Git/ROS_estudo/Simulacao_ROS2/src/install/interfaces_to_gazebo/share/interfaces_to_gazebo/cmake/interfaces_to_gazebo__rosidl_typesupport_introspection_cExport.cmake
[2.754s] -- Up-to-date: /home/andre/Desktop/Git/ROS_estudo/Simulacao_ROS2/src/install/interfaces_to_gazebo/share/interfaces_to_gazebo/cmake/interfaces_to_gazebo__rosidl_typesupport_introspection_cExport-noconfig.cmake
[2.756s] -- Up-to-date: /home/andre/Desktop/Git/ROS_estudo/Simulacao_ROS2/src/install/interfaces_to_gazebo/share/interfaces_to_gazebo/cmake/interfaces_to_gazebo__rosidl_typesupport_cExport.cmake
[2.758s] -- Up-to-date: /home/andre/Desktop/Git/ROS_estudo/Simulacao_ROS2/src/install/interfaces_to_gazebo/share/interfaces_to_gazebo/cmake/interfaces_to_gazebo__rosidl_typesupport_cExport-noconfig.cmake
[2.761s] -- Up-to-date: /home/andre/Desktop/Git/ROS_estudo/Simulacao_ROS2/src/install/interfaces_to_gazebo/share/interfaces_to_gazebo/cmake/interfaces_to_gazebo__rosidl_typesupport_introspection_cppExport.cmake
[2.762s] -- Up-to-date: /home/andre/Desktop/Git/ROS_estudo/Simulacao_ROS2/src/install/interfaces_to_gazebo/share/interfaces_to_gazebo/cmake/interfaces_to_gazebo__rosidl_typesupport_introspection_cppExport-noconfig.cmake
[2.768s] -- Up-to-date: /home/andre/Desktop/Git/ROS_estudo/Simulacao_ROS2/src/install/interfaces_to_gazebo/share/interfaces_to_gazebo/cmake/interfaces_to_gazebo__rosidl_typesupport_cppExport.cmake
[2.769s] -- Up-to-date: /home/andre/Desktop/Git/ROS_estudo/Simulacao_ROS2/src/install/interfaces_to_gazebo/share/interfaces_to_gazebo/cmake/interfaces_to_gazebo__rosidl_typesupport_cppExport-noconfig.cmake
[2.769s] -- Up-to-date: /home/andre/Desktop/Git/ROS_estudo/Simulacao_ROS2/src/install/interfaces_to_gazebo/share/interfaces_to_gazebo/cmake/export_interfaces_to_gazebo__rosidl_generator_pyExport.cmake
[2.770s] -- Up-to-date: /home/andre/Desktop/Git/ROS_estudo/Simulacao_ROS2/src/install/interfaces_to_gazebo/share/interfaces_to_gazebo/cmake/export_interfaces_to_gazebo__rosidl_generator_pyExport-noconfig.cmake
[2.771s] -- Up-to-date: /home/andre/Desktop/Git/ROS_estudo/Simulacao_ROS2/src/install/interfaces_to_gazebo/share/interfaces_to_gazebo/cmake/rosidl_cmake-extras.cmake
[2.772s] -- Up-to-date: /home/andre/Desktop/Git/ROS_estudo/Simulacao_ROS2/src/install/interfaces_to_gazebo/share/interfaces_to_gazebo/cmake/ament_cmake_export_dependencies-extras.cmake
[2.774s] -- Up-to-date: /home/andre/Desktop/Git/ROS_estudo/Simulacao_ROS2/src/install/interfaces_to_gazebo/share/interfaces_to_gazebo/cmake/ament_cmake_export_include_directories-extras.cmake
[2.775s] -- Up-to-date: /home/andre/Desktop/Git/ROS_estudo/Simulacao_ROS2/src/install/interfaces_to_gazebo/share/interfaces_to_gazebo/cmake/ament_cmake_export_libraries-extras.cmake
[2.781s] -- Up-to-date: /home/andre/Desktop/Git/ROS_estudo/Simulacao_ROS2/src/install/interfaces_to_gazebo/share/interfaces_to_gazebo/cmake/ament_cmake_export_targets-extras.cmake
[2.783s] -- Up-to-date: /home/andre/Desktop/Git/ROS_estudo/Simulacao_ROS2/src/install/interfaces_to_gazebo/share/interfaces_to_gazebo/cmake/rosidl_cmake_export_typesupport_targets-extras.cmake
[2.784s] -- Up-to-date: /home/andre/Desktop/Git/ROS_estudo/Simulacao_ROS2/src/install/interfaces_to_gazebo/share/interfaces_to_gazebo/cmake/rosidl_cmake_export_typesupport_libraries-extras.cmake
[2.785s] -- Up-to-date: /home/andre/Desktop/Git/ROS_estudo/Simulacao_ROS2/src/install/interfaces_to_gazebo/share/interfaces_to_gazebo/cmake/interfaces_to_gazeboConfig.cmake
[2.786s] -- Up-to-date: /home/andre/Desktop/Git/ROS_estudo/Simulacao_ROS2/src/install/interfaces_to_gazebo/share/interfaces_to_gazebo/cmake/interfaces_to_gazeboConfig-version.cmake
[2.786s] -- Up-to-date: /home/andre/Desktop/Git/ROS_estudo/Simulacao_ROS2/src/install/interfaces_to_gazebo/share/interfaces_to_gazebo/package.xml
[2.801s] Invoked command in '/home/andre/Desktop/Git/ROS_estudo/Simulacao_ROS2/src/build/interfaces_to_gazebo' returned '0': CMAKE_PREFIX_PATH=${CMAKE_PREFIX_PATH}:/home/andre/Desktop/Git/ROS_estudo/Simulacao_ROS2/src/install/ros2_gazebo_estudo:/home/andre/Desktop/Git/ROS_estudo/Simulacao_ROS2/install/ros2_gazebo_estudo:/opt/ros/humble /usr/bin/cmake --install /home/andre/Desktop/Git/ROS_estudo/Simulacao_ROS2/src/build/interfaces_to_gazebo
