[0.583s] DEBUG:colcon:Command line arguments: ['/usr/bin/colcon', 'build', '--packages-select', 'resumo_mod_basico']
[0.583s] DEBUG:colcon:Parsed command line arguments: Namespace(log_base=None, log_level=None, verb_name='build', build_base='build', install_base='install', merge_install=False, symlink_install=False, test_result_base=None, continue_on_error=False, executor='parallel', parallel_workers=4, event_handlers=None, ignore_user_meta=False, metas=['./colcon.meta'], base_paths=['.'], packages_ignore=None, packages_ignore_regex=None, paths=None, packages_up_to=None, packages_up_to_regex=None, packages_above=None, packages_above_and_dependencies=None, packages_above_depth=None, packages_select_by_dep=None, packages_skip_by_dep=None, packages_skip_up_to=None, packages_select_build_failed=False, packages_skip_build_finished=False, packages_select_test_failures=False, packages_skip_test_passed=False, packages_select=['resumo_mod_basico'], packages_skip=None, packages_select_regex=None, packages_skip_regex=None, packages_start=None, packages_end=None, allow_overriding=[], cmake_args=None, cmake_target=None, cmake_target_skip_unavailable=False, cmake_clean_cache=False, cmake_clean_first=False, cmake_force_configure=False, ament_cmake_args=None, catkin_cmake_args=None, catkin_skip_building_tests=False, verb_parser=<colcon_defaults.argument_parser.defaults.DefaultArgumentsDecorator object at 0x7f807abad8a0>, verb_extension=<colcon_core.verb.build.BuildVerb object at 0x7f807b53c040>, main=<bound method BuildVerb.main of <colcon_core.verb.build.BuildVerb object at 0x7f807b53c040>>)
[0.618s] Level 1:colcon.colcon_core.package_discovery:discover_packages(colcon_meta) check parameters
[0.618s] Level 1:colcon.colcon_core.package_discovery:discover_packages(recursive) check parameters
[0.618s] Level 1:colcon.colcon_core.package_discovery:discover_packages(ignore) check parameters
[0.618s] Level 1:colcon.colcon_core.package_discovery:discover_packages(path) check parameters
[0.618s] Level 1:colcon.colcon_core.package_discovery:discover_packages(colcon_meta) discover
[0.618s] Level 1:colcon.colcon_core.package_discovery:discover_packages(recursive) discover
[0.618s] INFO:colcon.colcon_core.package_discovery:Crawling recursively for packages in '/home/andre/Desktop/Git/ROS_estudo/Estudo/resumo_mod_basico/src'
[0.619s] Level 1:colcon.colcon_core.package_identification:_identify(.) by extensions ['ignore', 'ignore_ament_install']
[0.619s] Level 1:colcon.colcon_core.package_identification:_identify(.) by extension 'ignore'
[0.619s] Level 1:colcon.colcon_core.package_identification:_identify(.) by extension 'ignore_ament_install'
[0.619s] Level 1:colcon.colcon_core.package_identification:_identify(.) by extensions ['colcon_pkg']
[0.619s] Level 1:colcon.colcon_core.package_identification:_identify(.) by extension 'colcon_pkg'
[0.619s] Level 1:colcon.colcon_core.package_identification:_identify(.) by extensions ['colcon_meta']
[0.619s] Level 1:colcon.colcon_core.package_identification:_identify(.) by extension 'colcon_meta'
[0.619s] Level 1:colcon.colcon_core.package_identification:_identify(.) by extensions ['ros']
[0.620s] Level 1:colcon.colcon_core.package_identification:_identify(.) by extension 'ros'
[0.653s] Level 1:colcon.colcon_core.package_identification:_identify(.) by extensions ['cmake', 'python']
[0.653s] Level 1:colcon.colcon_core.package_identification:_identify(.) by extension 'cmake'
[0.653s] Level 1:colcon.colcon_core.package_identification:_identify(.) by extension 'python'
[0.653s] Level 1:colcon.colcon_core.package_identification:_identify(.) by extensions ['python_setup_py']
[0.653s] Level 1:colcon.colcon_core.package_identification:_identify(.) by extension 'python_setup_py'
[0.654s] Level 1:colcon.colcon_core.package_identification:_identify(build) by extensions ['ignore', 'ignore_ament_install']
[0.654s] Level 1:colcon.colcon_core.package_identification:_identify(build) by extension 'ignore'
[0.654s] Level 1:colcon.colcon_core.package_identification:_identify(build) ignored
[0.654s] Level 1:colcon.colcon_core.package_identification:_identify(custom_interfaces) by extensions ['ignore', 'ignore_ament_install']
[0.654s] Level 1:colcon.colcon_core.package_identification:_identify(custom_interfaces) by extension 'ignore'
[0.654s] Level 1:colcon.colcon_core.package_identification:_identify(custom_interfaces) by extension 'ignore_ament_install'
[0.654s] Level 1:colcon.colcon_core.package_identification:_identify(custom_interfaces) by extensions ['colcon_pkg']
[0.655s] Level 1:colcon.colcon_core.package_identification:_identify(custom_interfaces) by extension 'colcon_pkg'
[0.655s] Level 1:colcon.colcon_core.package_identification:_identify(custom_interfaces) by extensions ['colcon_meta']
[0.655s] Level 1:colcon.colcon_core.package_identification:_identify(custom_interfaces) by extension 'colcon_meta'
[0.655s] Level 1:colcon.colcon_core.package_identification:_identify(custom_interfaces) by extensions ['ros']
[0.655s] Level 1:colcon.colcon_core.package_identification:_identify(custom_interfaces) by extension 'ros'
[0.659s] DEBUG:colcon.colcon_core.package_identification:Package 'custom_interfaces' with type 'ros.ament_cmake' and name 'custom_interfaces'
[0.659s] Level 1:colcon.colcon_core.package_identification:_identify(install) by extensions ['ignore', 'ignore_ament_install']
[0.659s] Level 1:colcon.colcon_core.package_identification:_identify(install) by extension 'ignore'
[0.659s] Level 1:colcon.colcon_core.package_identification:_identify(install) ignored
[0.660s] Level 1:colcon.colcon_core.package_identification:_identify(log) by extensions ['ignore', 'ignore_ament_install']
[0.660s] Level 1:colcon.colcon_core.package_identification:_identify(log) by extension 'ignore'
[0.660s] Level 1:colcon.colcon_core.package_identification:_identify(log) ignored
[0.660s] Level 1:colcon.colcon_core.package_identification:_identify(resumo_mod_basico) by extensions ['ignore', 'ignore_ament_install']
[0.660s] Level 1:colcon.colcon_core.package_identification:_identify(resumo_mod_basico) by extension 'ignore'
[0.660s] Level 1:colcon.colcon_core.package_identification:_identify(resumo_mod_basico) by extension 'ignore_ament_install'
[0.661s] Level 1:colcon.colcon_core.package_identification:_identify(resumo_mod_basico) by extensions ['colcon_pkg']
[0.661s] Level 1:colcon.colcon_core.package_identification:_identify(resumo_mod_basico) by extension 'colcon_pkg'
[0.661s] Level 1:colcon.colcon_core.package_identification:_identify(resumo_mod_basico) by extensions ['colcon_meta']
[0.661s] Level 1:colcon.colcon_core.package_identification:_identify(resumo_mod_basico) by extension 'colcon_meta'
[0.661s] Level 1:colcon.colcon_core.package_identification:_identify(resumo_mod_basico) by extensions ['ros']
[0.661s] Level 1:colcon.colcon_core.package_identification:_identify(resumo_mod_basico) by extension 'ros'
[0.662s] DEBUG:colcon.colcon_core.package_identification:Package 'resumo_mod_basico' with type 'ros.ament_python' and name 'resumo_mod_basico'
[0.662s] Level 1:colcon.colcon_core.package_discovery:discover_packages(recursive) using defaults
[0.662s] Level 1:colcon.colcon_core.package_discovery:discover_packages(ignore) discover
[0.662s] Level 1:colcon.colcon_core.package_discovery:discover_packages(ignore) using defaults
[0.662s] Level 1:colcon.colcon_core.package_discovery:discover_packages(path) discover
[0.662s] Level 1:colcon.colcon_core.package_discovery:discover_packages(path) using defaults
[0.702s] INFO:colcon.colcon_core.package_selection:Skipping not selected package 'custom_interfaces' in 'custom_interfaces'
[0.704s] Level 1:colcon.colcon_core.package_discovery:discover_packages(prefix_path) check parameters
[0.704s] Level 1:colcon.colcon_core.package_discovery:discover_packages(prefix_path) discover
[0.708s] DEBUG:colcon.colcon_installed_package_information.package_discovery:Found 2 installed packages in /home/andre/Desktop/Git/ROS_estudo/Estudo/resumo_mod_basico/src/install
[0.711s] DEBUG:colcon.colcon_installed_package_information.package_discovery:Found 284 installed packages in /opt/ros/humble
[0.714s] Level 1:colcon.colcon_core.package_discovery:discover_packages(prefix_path) using defaults
[0.845s] Level 5:colcon.colcon_core.verb:set package 'resumo_mod_basico' build argument 'cmake_args' from command line to 'None'
[0.845s] Level 5:colcon.colcon_core.verb:set package 'resumo_mod_basico' build argument 'cmake_target' from command line to 'None'
[0.845s] Level 5:colcon.colcon_core.verb:set package 'resumo_mod_basico' build argument 'cmake_target_skip_unavailable' from command line to 'False'
[0.845s] Level 5:colcon.colcon_core.verb:set package 'resumo_mod_basico' build argument 'cmake_clean_cache' from command line to 'False'
[0.845s] Level 5:colcon.colcon_core.verb:set package 'resumo_mod_basico' build argument 'cmake_clean_first' from command line to 'False'
[0.845s] Level 5:colcon.colcon_core.verb:set package 'resumo_mod_basico' build argument 'cmake_force_configure' from command line to 'False'
[0.846s] Level 5:colcon.colcon_core.verb:set package 'resumo_mod_basico' build argument 'ament_cmake_args' from command line to 'None'
[0.846s] Level 5:colcon.colcon_core.verb:set package 'resumo_mod_basico' build argument 'catkin_cmake_args' from command line to 'None'
[0.846s] Level 5:colcon.colcon_core.verb:set package 'resumo_mod_basico' build argument 'catkin_skip_building_tests' from command line to 'False'
[0.846s] DEBUG:colcon.colcon_core.verb:Building package 'resumo_mod_basico' with the following arguments: {'ament_cmake_args': None, 'build_base': '/home/andre/Desktop/Git/ROS_estudo/Estudo/resumo_mod_basico/src/build/resumo_mod_basico', 'catkin_cmake_args': None, 'catkin_skip_building_tests': False, 'cmake_args': None, 'cmake_clean_cache': False, 'cmake_clean_first': False, 'cmake_force_configure': False, 'cmake_target': None, 'cmake_target_skip_unavailable': False, 'install_base': '/home/andre/Desktop/Git/ROS_estudo/Estudo/resumo_mod_basico/src/install/resumo_mod_basico', 'merge_install': False, 'path': '/home/andre/Desktop/Git/ROS_estudo/Estudo/resumo_mod_basico/src/resumo_mod_basico', 'symlink_install': False, 'test_result_base': None}
[0.847s] INFO:colcon.colcon_core.executor:Executing jobs using 'parallel' executor
[0.855s] DEBUG:colcon.colcon_parallel_executor.executor.parallel:run_until_complete
[0.855s] INFO:colcon.colcon_ros.task.ament_python.build:Building ROS package in '/home/andre/Desktop/Git/ROS_estudo/Estudo/resumo_mod_basico/src/resumo_mod_basico' with build type 'ament_python'
[0.855s] Level 1:colcon.colcon_core.shell:create_environment_hook('resumo_mod_basico', 'ament_prefix_path')
[0.865s] INFO:colcon.colcon_core.plugin_system:Skipping extension 'colcon_core.shell.bat': Not used on non-Windows systems
[0.866s] INFO:colcon.colcon_core.shell:Creating environment hook '/home/andre/Desktop/Git/ROS_estudo/Estudo/resumo_mod_basico/src/install/resumo_mod_basico/share/resumo_mod_basico/hook/ament_prefix_path.ps1'
[0.868s] INFO:colcon.colcon_core.shell:Creating environment descriptor '/home/andre/Desktop/Git/ROS_estudo/Estudo/resumo_mod_basico/src/install/resumo_mod_basico/share/resumo_mod_basico/hook/ament_prefix_path.dsv'
[0.869s] INFO:colcon.colcon_core.shell:Creating environment hook '/home/andre/Desktop/Git/ROS_estudo/Estudo/resumo_mod_basico/src/install/resumo_mod_basico/share/resumo_mod_basico/hook/ament_prefix_path.sh'
[0.875s] INFO:colcon.colcon_core.shell:Skip shell extension 'powershell' for command environment: Not usable outside of PowerShell
[0.875s] DEBUG:colcon.colcon_core.shell:Skip shell extension 'dsv' for command environment
[1.426s] INFO:colcon.colcon_core.task.python.build:Building Python package in '/home/andre/Desktop/Git/ROS_estudo/Estudo/resumo_mod_basico/src/resumo_mod_basico'
[1.429s] INFO:colcon.colcon_core.shell:Skip shell extension 'powershell' for command environment: Not usable outside of PowerShell
[1.430s] DEBUG:colcon.colcon_core.shell:Skip shell extension 'dsv' for command environment
[2.042s] DEBUG:colcon.colcon_core.event_handler.log_command:Invoking command in '/home/andre/Desktop/Git/ROS_estudo/Estudo/resumo_mod_basico/src/resumo_mod_basico': PYTHONPATH=/home/andre/Desktop/Git/ROS_estudo/Estudo/resumo_mod_basico/src/build/resumo_mod_basico/prefix_override:/home/andre/Desktop/Git/ROS_estudo/Estudo/resumo_mod_basico/src/install/resumo_mod_basico/lib/python3.10/site-packages:${PYTHONPATH} /usr/bin/python3 setup.py egg_info --egg-base ../build/resumo_mod_basico build --build-base /home/andre/Desktop/Git/ROS_estudo/Estudo/resumo_mod_basico/src/build/resumo_mod_basico/build install --record /home/andre/Desktop/Git/ROS_estudo/Estudo/resumo_mod_basico/src/build/resumo_mod_basico/install.log --single-version-externally-managed
[2.608s] DEBUG:colcon.colcon_core.event_handler.log_command:Invoked command in '/home/andre/Desktop/Git/ROS_estudo/Estudo/resumo_mod_basico/src/resumo_mod_basico' returned '0': PYTHONPATH=/home/andre/Desktop/Git/ROS_estudo/Estudo/resumo_mod_basico/src/build/resumo_mod_basico/prefix_override:/home/andre/Desktop/Git/ROS_estudo/Estudo/resumo_mod_basico/src/install/resumo_mod_basico/lib/python3.10/site-packages:${PYTHONPATH} /usr/bin/python3 setup.py egg_info --egg-base ../build/resumo_mod_basico build --build-base /home/andre/Desktop/Git/ROS_estudo/Estudo/resumo_mod_basico/src/build/resumo_mod_basico/build install --record /home/andre/Desktop/Git/ROS_estudo/Estudo/resumo_mod_basico/src/build/resumo_mod_basico/install.log --single-version-externally-managed
[2.623s] Level 1:colcon.colcon_core.environment:checking '/home/andre/Desktop/Git/ROS_estudo/Estudo/resumo_mod_basico/src/install/resumo_mod_basico' for CMake module files
[2.624s] Level 1:colcon.colcon_core.environment:checking '/home/andre/Desktop/Git/ROS_estudo/Estudo/resumo_mod_basico/src/install/resumo_mod_basico' for CMake config files
[2.626s] Level 1:colcon.colcon_core.environment:checking '/home/andre/Desktop/Git/ROS_estudo/Estudo/resumo_mod_basico/src/install/resumo_mod_basico/lib'
[2.627s] Level 1:colcon.colcon_core.environment:checking '/home/andre/Desktop/Git/ROS_estudo/Estudo/resumo_mod_basico/src/install/resumo_mod_basico/bin'
[2.627s] Level 1:colcon.colcon_core.environment:checking '/home/andre/Desktop/Git/ROS_estudo/Estudo/resumo_mod_basico/src/install/resumo_mod_basico/lib/pkgconfig/resumo_mod_basico.pc'
[2.628s] Level 1:colcon.colcon_core.environment:checking '/home/andre/Desktop/Git/ROS_estudo/Estudo/resumo_mod_basico/src/install/resumo_mod_basico/lib/python3.10/site-packages'
[2.628s] Level 1:colcon.colcon_core.shell:create_environment_hook('resumo_mod_basico', 'pythonpath')
[2.633s] INFO:colcon.colcon_core.shell:Creating environment hook '/home/andre/Desktop/Git/ROS_estudo/Estudo/resumo_mod_basico/src/install/resumo_mod_basico/share/resumo_mod_basico/hook/pythonpath.ps1'
[2.634s] INFO:colcon.colcon_core.shell:Creating environment descriptor '/home/andre/Desktop/Git/ROS_estudo/Estudo/resumo_mod_basico/src/install/resumo_mod_basico/share/resumo_mod_basico/hook/pythonpath.dsv'
[2.635s] INFO:colcon.colcon_core.shell:Creating environment hook '/home/andre/Desktop/Git/ROS_estudo/Estudo/resumo_mod_basico/src/install/resumo_mod_basico/share/resumo_mod_basico/hook/pythonpath.sh'
[2.637s] Level 1:colcon.colcon_core.environment:checking '/home/andre/Desktop/Git/ROS_estudo/Estudo/resumo_mod_basico/src/install/resumo_mod_basico/bin'
[2.637s] Level 1:colcon.colcon_core.environment:create_environment_scripts_only(resumo_mod_basico)
[2.643s] INFO:colcon.colcon_core.shell:Creating package script '/home/andre/Desktop/Git/ROS_estudo/Estudo/resumo_mod_basico/src/install/resumo_mod_basico/share/resumo_mod_basico/package.ps1'
[2.645s] INFO:colcon.colcon_core.shell:Creating package descriptor '/home/andre/Desktop/Git/ROS_estudo/Estudo/resumo_mod_basico/src/install/resumo_mod_basico/share/resumo_mod_basico/package.dsv'
[2.647s] INFO:colcon.colcon_core.shell:Creating package script '/home/andre/Desktop/Git/ROS_estudo/Estudo/resumo_mod_basico/src/install/resumo_mod_basico/share/resumo_mod_basico/package.sh'
[2.649s] INFO:colcon.colcon_core.shell:Creating package script '/home/andre/Desktop/Git/ROS_estudo/Estudo/resumo_mod_basico/src/install/resumo_mod_basico/share/resumo_mod_basico/package.bash'
[2.651s] INFO:colcon.colcon_core.shell:Creating package script '/home/andre/Desktop/Git/ROS_estudo/Estudo/resumo_mod_basico/src/install/resumo_mod_basico/share/resumo_mod_basico/package.zsh'
[2.653s] Level 1:colcon.colcon_core.environment:create_file_with_runtime_dependencies(/home/andre/Desktop/Git/ROS_estudo/Estudo/resumo_mod_basico/src/install/resumo_mod_basico/share/colcon-core/packages/resumo_mod_basico)
[2.654s] DEBUG:colcon.colcon_parallel_executor.executor.parallel:closing loop
[2.655s] DEBUG:colcon.colcon_parallel_executor.executor.parallel:loop closed
[2.655s] DEBUG:colcon.colcon_parallel_executor.executor.parallel:run_until_complete finished with '0'
[2.656s] DEBUG:colcon.colcon_core.event_reactor:joining thread
[2.675s] INFO:colcon.colcon_core.plugin_system:Skipping extension 'colcon_notification.desktop_notification.terminal_notifier': Not used on non-Darwin systems
[2.675s] INFO:colcon.colcon_core.plugin_system:Skipping extension 'colcon_notification.desktop_notification.win32': Not used on non-Windows systems
[2.675s] INFO:colcon.colcon_notification.desktop_notification:Sending desktop notification using 'notify2'
[2.713s] DEBUG:colcon.colcon_core.event_reactor:joined thread
[2.719s] INFO:colcon.colcon_core.shell:Creating prefix script '/home/andre/Desktop/Git/ROS_estudo/Estudo/resumo_mod_basico/src/install/local_setup.ps1'
[2.722s] INFO:colcon.colcon_core.shell:Creating prefix util module '/home/andre/Desktop/Git/ROS_estudo/Estudo/resumo_mod_basico/src/install/_local_setup_util_ps1.py'
[2.727s] INFO:colcon.colcon_core.shell:Creating prefix chain script '/home/andre/Desktop/Git/ROS_estudo/Estudo/resumo_mod_basico/src/install/setup.ps1'
[2.735s] INFO:colcon.colcon_core.shell:Creating prefix script '/home/andre/Desktop/Git/ROS_estudo/Estudo/resumo_mod_basico/src/install/local_setup.sh'
[2.736s] INFO:colcon.colcon_core.shell:Creating prefix util module '/home/andre/Desktop/Git/ROS_estudo/Estudo/resumo_mod_basico/src/install/_local_setup_util_sh.py'
[2.738s] INFO:colcon.colcon_core.shell:Creating prefix chain script '/home/andre/Desktop/Git/ROS_estudo/Estudo/resumo_mod_basico/src/install/setup.sh'
[2.741s] INFO:colcon.colcon_core.shell:Creating prefix script '/home/andre/Desktop/Git/ROS_estudo/Estudo/resumo_mod_basico/src/install/local_setup.bash'
[2.743s] INFO:colcon.colcon_core.shell:Creating prefix chain script '/home/andre/Desktop/Git/ROS_estudo/Estudo/resumo_mod_basico/src/install/setup.bash'
[2.747s] INFO:colcon.colcon_core.shell:Creating prefix script '/home/andre/Desktop/Git/ROS_estudo/Estudo/resumo_mod_basico/src/install/local_setup.zsh'
[2.749s] INFO:colcon.colcon_core.shell:Creating prefix chain script '/home/andre/Desktop/Git/ROS_estudo/Estudo/resumo_mod_basico/src/install/setup.zsh'
