[0.034s] Invoking command in '/home/andre/Desktop/Git/ROS_estudo/Modulo_basico/Action/build/action_tutorials_interfaces': CMAKE_PREFIX_PATH=/opt/ros/humble /usr/bin/cmake /home/andre/Desktop/Git/ROS_estudo/Modulo_basico/Action/src/action_tutorials_interfaces -DCMAKE_INSTALL_PREFIX=/home/andre/Desktop/Git/ROS_estudo/Modulo_basico/Action/install/action_tutorials_interfaces
[1.393s] -- The C compiler identification is GNU 11.3.0
[2.275s] -- The CXX compiler identification is GNU 11.3.0
[2.401s] -- Detecting C compiler ABI info
[2.675s] -- Detecting C compiler ABI info - done
[2.692s] -- Check for working C compiler: /usr/bin/cc - skipped
[2.692s] -- Detecting C compile features
[2.715s] -- Detecting C compile features - done
[2.735s] -- Detecting CXX compiler ABI info
[2.922s] -- Detecting CXX compiler ABI info - done
[2.939s] -- Check for working CXX compiler: /usr/bin/c++ - skipped
[2.939s] -- Detecting CXX compile features
[2.940s] -- Detecting CXX compile features - done
[3.024s] -- Found ament_cmake: 1.3.3 (/opt/ros/humble/share/ament_cmake/cmake)
[3.468s] -- Found Python3: /usr/bin/python3.10 (found version "3.10.6") found components: Interpreter 
[3.850s] -- Found ament_lint_auto: 0.12.4 (/opt/ros/humble/share/ament_lint_auto/cmake)
[4.115s] -- Found rosidl_default_generators: 1.2.0 (/opt/ros/humble/share/rosidl_default_generators/cmake)
[4.168s] -- Using all available rosidl_typesupport_c: rosidl_typesupport_fastrtps_c;rosidl_typesupport_introspection_c
[4.249s] -- Found rosidl_adapter: 3.1.4 (/opt/ros/humble/share/rosidl_adapter/cmake)
[4.515s] -- Using all available rosidl_typesupport_cpp: rosidl_typesupport_fastrtps_cpp;rosidl_typesupport_introspection_cpp
[5.527s] -- Found ament_cmake_ros: 0.10.0 (/opt/ros/humble/share/ament_cmake_ros/cmake)
[5.979s] -- Using all available rosidl_typesupport_c: rosidl_typesupport_fastrtps_c;rosidl_typesupport_introspection_c
[6.581s] -- Using all available rosidl_typesupport_cpp: rosidl_typesupport_fastrtps_cpp;rosidl_typesupport_introspection_cpp
[6.669s] -- Found PythonInterp: /usr/bin/python3 (found suitable version "3.10.6", minimum required is "3.6") 
[6.698s] -- Found python_cmake_module: 0.10.0 (/opt/ros/humble/share/python_cmake_module/cmake)
[6.834s] -- Found PythonLibs: /usr/lib/x86_64-linux-gnu/libpython3.10.so (found suitable version "3.10.6", minimum required is "3.5") 
[6.835s] -- Using PYTHON_EXECUTABLE: /usr/bin/python3
[6.836s] -- Using PYTHON_INCLUDE_DIRS: /usr/include/python3.10
[6.836s] -- Using PYTHON_LIBRARIES: /usr/lib/x86_64-linux-gnu/libpython3.10.so
[6.884s] -- Found PythonExtra: .so  
[7.098s] -- Added test 'lint_cmake' to check CMake code style
[7.124s] -- Added test 'xmllint' to check XML markup files
[7.191s] -- Configuring done
[7.317s] -- Generating done
[7.323s] -- Build files have been written to: /home/andre/Desktop/Git/ROS_estudo/Modulo_basico/Action/build/action_tutorials_interfaces
[7.338s] Invoked command in '/home/andre/Desktop/Git/ROS_estudo/Modulo_basico/Action/build/action_tutorials_interfaces' returned '0': CMAKE_PREFIX_PATH=/opt/ros/humble /usr/bin/cmake /home/andre/Desktop/Git/ROS_estudo/Modulo_basico/Action/src/action_tutorials_interfaces -DCMAKE_INSTALL_PREFIX=/home/andre/Desktop/Git/ROS_estudo/Modulo_basico/Action/install/action_tutorials_interfaces
[7.343s] Invoking command in '/home/andre/Desktop/Git/ROS_estudo/Modulo_basico/Action/build/action_tutorials_interfaces': CMAKE_PREFIX_PATH=/opt/ros/humble /usr/bin/cmake --build /home/andre/Desktop/Git/ROS_estudo/Modulo_basico/Action/build/action_tutorials_interfaces -- -j4 -l4
[7.415s] [  3%] [34m[1mGenerating C code for ROS interfaces[0m
[7.433s] [  6%] [34m[1mGenerating C++ code for ROS interfaces[0m
[7.455s] [  6%] Built target ament_cmake_python_copy_action_tutorials_interfaces
[8.183s] running egg_info
[8.186s] creating action_tutorials_interfaces.egg-info
[8.187s] writing action_tutorials_interfaces.egg-info/PKG-INFO
[8.187s] writing dependency_links to action_tutorials_interfaces.egg-info/dependency_links.txt
[8.188s] writing top-level names to action_tutorials_interfaces.egg-info/top_level.txt
[8.189s] writing manifest file 'action_tutorials_interfaces.egg-info/SOURCES.txt'
[8.193s] reading manifest file 'action_tutorials_interfaces.egg-info/SOURCES.txt'
[8.194s] writing manifest file 'action_tutorials_interfaces.egg-info/SOURCES.txt'
[8.267s] [  6%] Built target ament_cmake_python_build_action_tutorials_interfaces_egg
[8.683s] [  9%] [32mBuilding C object CMakeFiles/action_tutorials_interfaces__rosidl_generator_c.dir/rosidl_generator_c/action_tutorials_interfaces/action/detail/fibonacci__functions.c.o[0m
[8.685s] [  9%] Built target action_tutorials_interfaces__cpp
[8.700s] [ 12%] [34m[1mGenerating C++ type support for eProsima Fast-RTPS[0m
[8.703s] [ 16%] [34m[1mGenerating C++ type support dispatch for ROS interfaces[0m
[8.705s] [ 19%] [34m[1mGenerating C++ introspection for ROS interfaces[0m
[9.645s] [ 22%] [32mBuilding CXX object CMakeFiles/action_tutorials_interfaces__rosidl_typesupport_cpp.dir/rosidl_typesupport_cpp/action_tutorials_interfaces/action/fibonacci__type_support.cpp.o[0m
[9.892s] [ 25%] [32m[1mLinking C shared library libaction_tutorials_interfaces__rosidl_generator_c.so[0m
[9.896s] [ 29%] [32mBuilding CXX object CMakeFiles/action_tutorials_interfaces__rosidl_typesupport_introspection_cpp.dir/rosidl_typesupport_introspection_cpp/action_tutorials_interfaces/action/detail/fibonacci__type_support.cpp.o[0m
[9.995s] [ 32%] [32mBuilding CXX object CMakeFiles/action_tutorials_interfaces__rosidl_typesupport_fastrtps_cpp.dir/rosidl_typesupport_fastrtps_cpp/action_tutorials_interfaces/action/detail/dds_fastrtps/fibonacci__type_support.cpp.o[0m
[10.083s] [ 32%] Built target action_tutorials_interfaces__rosidl_generator_c
[10.096s] [ 35%] [34m[1mGenerating C type support for eProsima Fast-RTPS[0m
[10.988s] [ 38%] [32mBuilding CXX object CMakeFiles/action_tutorials_interfaces__rosidl_typesupport_fastrtps_c.dir/rosidl_typesupport_fastrtps_c/action_tutorials_interfaces/action/detail/fibonacci__type_support_c.cpp.o[0m
[14.017s] [ 41%] [32m[1mLinking CXX shared library libaction_tutorials_interfaces__rosidl_typesupport_fastrtps_c.so[0m
[14.233s] [ 45%] [32m[1mLinking CXX shared library libaction_tutorials_interfaces__rosidl_typesupport_cpp.so[0m
[14.295s] [ 45%] Built target action_tutorials_interfaces__rosidl_typesupport_fastrtps_c
[14.315s] [ 48%] [34m[1mGenerating C introspection for ROS interfaces[0m
[14.381s] [ 48%] Built target action_tutorials_interfaces__rosidl_typesupport_cpp
[14.450s] [ 51%] [34m[1mGenerating C type support dispatch for ROS interfaces[0m
[14.826s] [ 54%] [32m[1mLinking CXX shared library libaction_tutorials_interfaces__rosidl_typesupport_fastrtps_cpp.so[0m
[14.931s] [ 58%] [32m[1mLinking CXX shared library libaction_tutorials_interfaces__rosidl_typesupport_introspection_cpp.so[0m
[15.095s] [ 58%] Built target action_tutorials_interfaces__rosidl_typesupport_fastrtps_cpp
[15.122s] [ 58%] Built target action_tutorials_interfaces__rosidl_typesupport_introspection_cpp
[15.417s] [ 61%] [32mBuilding CXX object CMakeFiles/action_tutorials_interfaces__rosidl_typesupport_c.dir/rosidl_typesupport_c/action_tutorials_interfaces/action/fibonacci__type_support.cpp.o[0m
[15.490s] [ 64%] [32mBuilding C object CMakeFiles/action_tutorials_interfaces__rosidl_typesupport_introspection_c.dir/rosidl_typesupport_introspection_c/action_tutorials_interfaces/action/detail/fibonacci__type_support.c.o[0m
[15.512s] [ 67%] [32m[1mLinking CXX shared library libaction_tutorials_interfaces__rosidl_typesupport_c.so[0m
[15.579s] [ 67%] Built target action_tutorials_interfaces__rosidl_typesupport_c
[15.616s] [ 70%] [32m[1mLinking C shared library libaction_tutorials_interfaces__rosidl_typesupport_introspection_c.so[0m
[15.662s] [ 70%] Built target action_tutorials_interfaces__rosidl_typesupport_introspection_c
[15.691s] [ 70%] Built target action_tutorials_interfaces
[15.718s] [ 74%] [34m[1mGenerating Python code for ROS interfaces[0m
[17.124s] [ 74%] Built target action_tutorials_interfaces__py
[17.151s] [ 77%] [32mBuilding C object CMakeFiles/action_tutorials_interfaces__rosidl_generator_py.dir/rosidl_generator_py/action_tutorials_interfaces/action/_fibonacci_s.c.o[0m
[18.050s] [ 80%] [32m[1mLinking C shared library rosidl_generator_py/action_tutorials_interfaces/libaction_tutorials_interfaces__rosidl_generator_py.so[0m
[18.144s] [ 80%] Built target action_tutorials_interfaces__rosidl_generator_py
[18.185s] [ 83%] [32mBuilding C object CMakeFiles/action_tutorials_interfaces__rosidl_typesupport_introspection_c__pyext.dir/rosidl_generator_py/action_tutorials_interfaces/_action_tutorials_interfaces_s.ep.rosidl_typesupport_introspection_c.c.o[0m
[18.188s] [ 90%] [32mBuilding C object CMakeFiles/action_tutorials_interfaces__rosidl_typesupport_c__pyext.dir/rosidl_generator_py/action_tutorials_interfaces/_action_tutorials_interfaces_s.ep.rosidl_typesupport_c.c.o[0m
[18.189s] [ 90%] [32mBuilding C object CMakeFiles/action_tutorials_interfaces__rosidl_typesupport_fastrtps_c__pyext.dir/rosidl_generator_py/action_tutorials_interfaces/_action_tutorials_interfaces_s.ep.rosidl_typesupport_fastrtps_c.c.o[0m
[18.446s] [ 93%] [32m[1mLinking C shared library rosidl_generator_py/action_tutorials_interfaces/action_tutorials_interfaces_s__rosidl_typesupport_fastrtps_c.cpython-310-x86_64-linux-gnu.so[0m
[18.519s] [ 96%] [32m[1mLinking C shared library rosidl_generator_py/action_tutorials_interfaces/action_tutorials_interfaces_s__rosidl_typesupport_c.cpython-310-x86_64-linux-gnu.so[0m
[18.535s] [ 96%] Built target action_tutorials_interfaces__rosidl_typesupport_fastrtps_c__pyext
[18.539s] [100%] [32m[1mLinking C shared library rosidl_generator_py/action_tutorials_interfaces/action_tutorials_interfaces_s__rosidl_typesupport_introspection_c.cpython-310-x86_64-linux-gnu.so[0m
[18.594s] [100%] Built target action_tutorials_interfaces__rosidl_typesupport_c__pyext
[18.611s] [100%] Built target action_tutorials_interfaces__rosidl_typesupport_introspection_c__pyext
[18.625s] Invoked command in '/home/andre/Desktop/Git/ROS_estudo/Modulo_basico/Action/build/action_tutorials_interfaces' returned '0': CMAKE_PREFIX_PATH=/opt/ros/humble /usr/bin/cmake --build /home/andre/Desktop/Git/ROS_estudo/Modulo_basico/Action/build/action_tutorials_interfaces -- -j4 -l4
[18.717s] Invoking command in '/home/andre/Desktop/Git/ROS_estudo/Modulo_basico/Action/build/action_tutorials_interfaces': CMAKE_PREFIX_PATH=/opt/ros/humble /usr/bin/cmake --install /home/andre/Desktop/Git/ROS_estudo/Modulo_basico/Action/build/action_tutorials_interfaces
[18.728s] -- Install configuration: ""
[18.728s] -- Installing: /home/andre/Desktop/Git/ROS_estudo/Modulo_basico/Action/install/action_tutorials_interfaces/share/ament_index/resource_index/rosidl_interfaces/action_tutorials_interfaces
[18.729s] -- Installing: /home/andre/Desktop/Git/ROS_estudo/Modulo_basico/Action/install/action_tutorials_interfaces/include/action_tutorials_interfaces/action_tutorials_interfaces
[18.729s] -- Installing: /home/andre/Desktop/Git/ROS_estudo/Modulo_basico/Action/install/action_tutorials_interfaces/include/action_tutorials_interfaces/action_tutorials_interfaces/action
[18.729s] -- Installing: /home/andre/Desktop/Git/ROS_estudo/Modulo_basico/Action/install/action_tutorials_interfaces/include/action_tutorials_interfaces/action_tutorials_interfaces/action/fibonacci.h
[18.730s] -- Installing: /home/andre/Desktop/Git/ROS_estudo/Modulo_basico/Action/install/action_tutorials_interfaces/include/action_tutorials_interfaces/action_tutorials_interfaces/action/detail
[18.730s] -- Installing: /home/andre/Desktop/Git/ROS_estudo/Modulo_basico/Action/install/action_tutorials_interfaces/include/action_tutorials_interfaces/action_tutorials_interfaces/action/detail/fibonacci__struct.h
[18.730s] -- Installing: /home/andre/Desktop/Git/ROS_estudo/Modulo_basico/Action/install/action_tutorials_interfaces/include/action_tutorials_interfaces/action_tutorials_interfaces/action/detail/fibonacci__functions.h
[18.730s] -- Installing: /home/andre/Desktop/Git/ROS_estudo/Modulo_basico/Action/install/action_tutorials_interfaces/include/action_tutorials_interfaces/action_tutorials_interfaces/action/detail/fibonacci__functions.c
[18.731s] -- Installing: /home/andre/Desktop/Git/ROS_estudo/Modulo_basico/Action/install/action_tutorials_interfaces/include/action_tutorials_interfaces/action_tutorials_interfaces/action/detail/fibonacci__type_support.h
[18.731s] -- Installing: /home/andre/Desktop/Git/ROS_estudo/Modulo_basico/Action/install/action_tutorials_interfaces/include/action_tutorials_interfaces/action_tutorials_interfaces/msg
[18.731s] -- Installing: /home/andre/Desktop/Git/ROS_estudo/Modulo_basico/Action/install/action_tutorials_interfaces/include/action_tutorials_interfaces/action_tutorials_interfaces/msg/rosidl_generator_c__visibility_control.h
[18.731s] -- Installing: /home/andre/Desktop/Git/ROS_estudo/Modulo_basico/Action/install/action_tutorials_interfaces/share/action_tutorials_interfaces/environment/library_path.sh
[18.732s] -- Installing: /home/andre/Desktop/Git/ROS_estudo/Modulo_basico/Action/install/action_tutorials_interfaces/share/action_tutorials_interfaces/environment/library_path.dsv
[18.732s] -- Installing: /home/andre/Desktop/Git/ROS_estudo/Modulo_basico/Action/install/action_tutorials_interfaces/lib/libaction_tutorials_interfaces__rosidl_generator_c.so
[18.733s] -- Set runtime path of "/home/andre/Desktop/Git/ROS_estudo/Modulo_basico/Action/install/action_tutorials_interfaces/lib/libaction_tutorials_interfaces__rosidl_generator_c.so" to ""
[18.733s] -- Up-to-date: /home/andre/Desktop/Git/ROS_estudo/Modulo_basico/Action/install/action_tutorials_interfaces/include/action_tutorials_interfaces/action_tutorials_interfaces
[18.734s] -- Up-to-date: /home/andre/Desktop/Git/ROS_estudo/Modulo_basico/Action/install/action_tutorials_interfaces/include/action_tutorials_interfaces/action_tutorials_interfaces/action
[18.734s] -- Up-to-date: /home/andre/Desktop/Git/ROS_estudo/Modulo_basico/Action/install/action_tutorials_interfaces/include/action_tutorials_interfaces/action_tutorials_interfaces/action/detail
[18.734s] -- Installing: /home/andre/Desktop/Git/ROS_estudo/Modulo_basico/Action/install/action_tutorials_interfaces/include/action_tutorials_interfaces/action_tutorials_interfaces/action/detail/fibonacci__rosidl_typesupport_fastrtps_c.h
[18.734s] -- Up-to-date: /home/andre/Desktop/Git/ROS_estudo/Modulo_basico/Action/install/action_tutorials_interfaces/include/action_tutorials_interfaces/action_tutorials_interfaces/msg
[18.734s] -- Installing: /home/andre/Desktop/Git/ROS_estudo/Modulo_basico/Action/install/action_tutorials_interfaces/include/action_tutorials_interfaces/action_tutorials_interfaces/msg/rosidl_typesupport_fastrtps_c__visibility_control.h
[18.735s] -- Installing: /home/andre/Desktop/Git/ROS_estudo/Modulo_basico/Action/install/action_tutorials_interfaces/lib/libaction_tutorials_interfaces__rosidl_typesupport_fastrtps_c.so
[18.735s] -- Set runtime path of "/home/andre/Desktop/Git/ROS_estudo/Modulo_basico/Action/install/action_tutorials_interfaces/lib/libaction_tutorials_interfaces__rosidl_typesupport_fastrtps_c.so" to ""
[18.735s] -- Up-to-date: /home/andre/Desktop/Git/ROS_estudo/Modulo_basico/Action/install/action_tutorials_interfaces/include/action_tutorials_interfaces/action_tutorials_interfaces
[18.736s] -- Up-to-date: /home/andre/Desktop/Git/ROS_estudo/Modulo_basico/Action/install/action_tutorials_interfaces/include/action_tutorials_interfaces/action_tutorials_interfaces/action
[18.736s] -- Up-to-date: /home/andre/Desktop/Git/ROS_estudo/Modulo_basico/Action/install/action_tutorials_interfaces/include/action_tutorials_interfaces/action_tutorials_interfaces/action/detail
[18.736s] -- Installing: /home/andre/Desktop/Git/ROS_estudo/Modulo_basico/Action/install/action_tutorials_interfaces/include/action_tutorials_interfaces/action_tutorials_interfaces/action/detail/fibonacci__type_support.c
[18.737s] -- Installing: /home/andre/Desktop/Git/ROS_estudo/Modulo_basico/Action/install/action_tutorials_interfaces/include/action_tutorials_interfaces/action_tutorials_interfaces/action/detail/fibonacci__rosidl_typesupport_introspection_c.h
[18.737s] -- Up-to-date: /home/andre/Desktop/Git/ROS_estudo/Modulo_basico/Action/install/action_tutorials_interfaces/include/action_tutorials_interfaces/action_tutorials_interfaces/msg
[18.737s] -- Installing: /home/andre/Desktop/Git/ROS_estudo/Modulo_basico/Action/install/action_tutorials_interfaces/include/action_tutorials_interfaces/action_tutorials_interfaces/msg/rosidl_typesupport_introspection_c__visibility_control.h
[18.737s] -- Installing: /home/andre/Desktop/Git/ROS_estudo/Modulo_basico/Action/install/action_tutorials_interfaces/lib/libaction_tutorials_interfaces__rosidl_typesupport_introspection_c.so
[18.738s] -- Set runtime path of "/home/andre/Desktop/Git/ROS_estudo/Modulo_basico/Action/install/action_tutorials_interfaces/lib/libaction_tutorials_interfaces__rosidl_typesupport_introspection_c.so" to ""
[18.738s] -- Installing: /home/andre/Desktop/Git/ROS_estudo/Modulo_basico/Action/install/action_tutorials_interfaces/lib/libaction_tutorials_interfaces__rosidl_typesupport_c.so
[18.739s] -- Set runtime path of "/home/andre/Desktop/Git/ROS_estudo/Modulo_basico/Action/install/action_tutorials_interfaces/lib/libaction_tutorials_interfaces__rosidl_typesupport_c.so" to ""
[18.739s] -- Up-to-date: /home/andre/Desktop/Git/ROS_estudo/Modulo_basico/Action/install/action_tutorials_interfaces/include/action_tutorials_interfaces/action_tutorials_interfaces
[18.739s] -- Up-to-date: /home/andre/Desktop/Git/ROS_estudo/Modulo_basico/Action/install/action_tutorials_interfaces/include/action_tutorials_interfaces/action_tutorials_interfaces/action
[18.739s] -- Installing: /home/andre/Desktop/Git/ROS_estudo/Modulo_basico/Action/install/action_tutorials_interfaces/include/action_tutorials_interfaces/action_tutorials_interfaces/action/fibonacci.hpp
[18.740s] -- Up-to-date: /home/andre/Desktop/Git/ROS_estudo/Modulo_basico/Action/install/action_tutorials_interfaces/include/action_tutorials_interfaces/action_tutorials_interfaces/action/detail
[18.740s] -- Installing: /home/andre/Desktop/Git/ROS_estudo/Modulo_basico/Action/install/action_tutorials_interfaces/include/action_tutorials_interfaces/action_tutorials_interfaces/action/detail/fibonacci__builder.hpp
[18.740s] -- Installing: /home/andre/Desktop/Git/ROS_estudo/Modulo_basico/Action/install/action_tutorials_interfaces/include/action_tutorials_interfaces/action_tutorials_interfaces/action/detail/fibonacci__struct.hpp
[18.741s] -- Installing: /home/andre/Desktop/Git/ROS_estudo/Modulo_basico/Action/install/action_tutorials_interfaces/include/action_tutorials_interfaces/action_tutorials_interfaces/action/detail/fibonacci__traits.hpp
[18.741s] -- Up-to-date: /home/andre/Desktop/Git/ROS_estudo/Modulo_basico/Action/install/action_tutorials_interfaces/include/action_tutorials_interfaces/action_tutorials_interfaces
[18.741s] -- Up-to-date: /home/andre/Desktop/Git/ROS_estudo/Modulo_basico/Action/install/action_tutorials_interfaces/include/action_tutorials_interfaces/action_tutorials_interfaces/action
[18.742s] -- Up-to-date: /home/andre/Desktop/Git/ROS_estudo/Modulo_basico/Action/install/action_tutorials_interfaces/include/action_tutorials_interfaces/action_tutorials_interfaces/action/detail
[18.742s] -- Installing: /home/andre/Desktop/Git/ROS_estudo/Modulo_basico/Action/install/action_tutorials_interfaces/include/action_tutorials_interfaces/action_tutorials_interfaces/action/detail/dds_fastrtps
[18.742s] -- Installing: /home/andre/Desktop/Git/ROS_estudo/Modulo_basico/Action/install/action_tutorials_interfaces/include/action_tutorials_interfaces/action_tutorials_interfaces/action/detail/fibonacci__rosidl_typesupport_fastrtps_cpp.hpp
[18.742s] -- Up-to-date: /home/andre/Desktop/Git/ROS_estudo/Modulo_basico/Action/install/action_tutorials_interfaces/include/action_tutorials_interfaces/action_tutorials_interfaces/msg
[18.743s] -- Installing: /home/andre/Desktop/Git/ROS_estudo/Modulo_basico/Action/install/action_tutorials_interfaces/include/action_tutorials_interfaces/action_tutorials_interfaces/msg/rosidl_typesupport_fastrtps_cpp__visibility_control.h
[18.743s] -- Installing: /home/andre/Desktop/Git/ROS_estudo/Modulo_basico/Action/install/action_tutorials_interfaces/lib/libaction_tutorials_interfaces__rosidl_typesupport_fastrtps_cpp.so
[18.743s] -- Set runtime path of "/home/andre/Desktop/Git/ROS_estudo/Modulo_basico/Action/install/action_tutorials_interfaces/lib/libaction_tutorials_interfaces__rosidl_typesupport_fastrtps_cpp.so" to ""
[18.744s] -- Up-to-date: /home/andre/Desktop/Git/ROS_estudo/Modulo_basico/Action/install/action_tutorials_interfaces/include/action_tutorials_interfaces/action_tutorials_interfaces
[18.744s] -- Up-to-date: /home/andre/Desktop/Git/ROS_estudo/Modulo_basico/Action/install/action_tutorials_interfaces/include/action_tutorials_interfaces/action_tutorials_interfaces/action
[18.744s] -- Up-to-date: /home/andre/Desktop/Git/ROS_estudo/Modulo_basico/Action/install/action_tutorials_interfaces/include/action_tutorials_interfaces/action_tutorials_interfaces/action/detail
[18.744s] -- Installing: /home/andre/Desktop/Git/ROS_estudo/Modulo_basico/Action/install/action_tutorials_interfaces/include/action_tutorials_interfaces/action_tutorials_interfaces/action/detail/fibonacci__type_support.cpp
[18.745s] -- Installing: /home/andre/Desktop/Git/ROS_estudo/Modulo_basico/Action/install/action_tutorials_interfaces/include/action_tutorials_interfaces/action_tutorials_interfaces/action/detail/fibonacci__rosidl_typesupport_introspection_cpp.hpp
[18.745s] -- Installing: /home/andre/Desktop/Git/ROS_estudo/Modulo_basico/Action/install/action_tutorials_interfaces/lib/libaction_tutorials_interfaces__rosidl_typesupport_introspection_cpp.so
[18.746s] -- Set runtime path of "/home/andre/Desktop/Git/ROS_estudo/Modulo_basico/Action/install/action_tutorials_interfaces/lib/libaction_tutorials_interfaces__rosidl_typesupport_introspection_cpp.so" to ""
[18.746s] -- Installing: /home/andre/Desktop/Git/ROS_estudo/Modulo_basico/Action/install/action_tutorials_interfaces/lib/libaction_tutorials_interfaces__rosidl_typesupport_cpp.so
[18.746s] -- Set runtime path of "/home/andre/Desktop/Git/ROS_estudo/Modulo_basico/Action/install/action_tutorials_interfaces/lib/libaction_tutorials_interfaces__rosidl_typesupport_cpp.so" to ""
[18.747s] -- Installing: /home/andre/Desktop/Git/ROS_estudo/Modulo_basico/Action/install/action_tutorials_interfaces/share/action_tutorials_interfaces/environment/pythonpath.sh
[18.747s] -- Installing: /home/andre/Desktop/Git/ROS_estudo/Modulo_basico/Action/install/action_tutorials_interfaces/share/action_tutorials_interfaces/environment/pythonpath.dsv
[18.747s] -- Installing: /home/andre/Desktop/Git/ROS_estudo/Modulo_basico/Action/install/action_tutorials_interfaces/local/lib/python3.10/dist-packages/action_tutorials_interfaces-0.0.0-py3.10.egg-info
[18.748s] -- Installing: /home/andre/Desktop/Git/ROS_estudo/Modulo_basico/Action/install/action_tutorials_interfaces/local/lib/python3.10/dist-packages/action_tutorials_interfaces-0.0.0-py3.10.egg-info/dependency_links.txt
[18.748s] -- Installing: /home/andre/Desktop/Git/ROS_estudo/Modulo_basico/Action/install/action_tutorials_interfaces/local/lib/python3.10/dist-packages/action_tutorials_interfaces-0.0.0-py3.10.egg-info/top_level.txt
[18.748s] -- Installing: /home/andre/Desktop/Git/ROS_estudo/Modulo_basico/Action/install/action_tutorials_interfaces/local/lib/python3.10/dist-packages/action_tutorials_interfaces-0.0.0-py3.10.egg-info/PKG-INFO
[18.748s] -- Installing: /home/andre/Desktop/Git/ROS_estudo/Modulo_basico/Action/install/action_tutorials_interfaces/local/lib/python3.10/dist-packages/action_tutorials_interfaces-0.0.0-py3.10.egg-info/SOURCES.txt
[18.749s] -- Installing: /home/andre/Desktop/Git/ROS_estudo/Modulo_basico/Action/install/action_tutorials_interfaces/local/lib/python3.10/dist-packages/action_tutorials_interfaces
[18.749s] -- Installing: /home/andre/Desktop/Git/ROS_estudo/Modulo_basico/Action/install/action_tutorials_interfaces/local/lib/python3.10/dist-packages/action_tutorials_interfaces/_action_tutorials_interfaces_s.ep.rosidl_typesupport_c.c
[18.749s] -- Installing: /home/andre/Desktop/Git/ROS_estudo/Modulo_basico/Action/install/action_tutorials_interfaces/local/lib/python3.10/dist-packages/action_tutorials_interfaces/action
[18.750s] -- Installing: /home/andre/Desktop/Git/ROS_estudo/Modulo_basico/Action/install/action_tutorials_interfaces/local/lib/python3.10/dist-packages/action_tutorials_interfaces/action/__init__.py
[18.750s] -- Installing: /home/andre/Desktop/Git/ROS_estudo/Modulo_basico/Action/install/action_tutorials_interfaces/local/lib/python3.10/dist-packages/action_tutorials_interfaces/action/_fibonacci.py
[18.750s] -- Installing: /home/andre/Desktop/Git/ROS_estudo/Modulo_basico/Action/install/action_tutorials_interfaces/local/lib/python3.10/dist-packages/action_tutorials_interfaces/action/_fibonacci_s.c
[18.751s] -- Installing: /home/andre/Desktop/Git/ROS_estudo/Modulo_basico/Action/install/action_tutorials_interfaces/local/lib/python3.10/dist-packages/action_tutorials_interfaces/action_tutorials_interfaces_s__rosidl_typesupport_c.cpython-310-x86_64-linux-gnu.so
[18.751s] -- Installing: /home/andre/Desktop/Git/ROS_estudo/Modulo_basico/Action/install/action_tutorials_interfaces/local/lib/python3.10/dist-packages/action_tutorials_interfaces/__init__.py
[18.751s] -- Installing: /home/andre/Desktop/Git/ROS_estudo/Modulo_basico/Action/install/action_tutorials_interfaces/local/lib/python3.10/dist-packages/action_tutorials_interfaces/libaction_tutorials_interfaces__rosidl_generator_py.so
[18.752s] -- Installing: /home/andre/Desktop/Git/ROS_estudo/Modulo_basico/Action/install/action_tutorials_interfaces/local/lib/python3.10/dist-packages/action_tutorials_interfaces/action_tutorials_interfaces_s__rosidl_typesupport_fastrtps_c.cpython-310-x86_64-linux-gnu.so
[18.752s] -- Installing: /home/andre/Desktop/Git/ROS_estudo/Modulo_basico/Action/install/action_tutorials_interfaces/local/lib/python3.10/dist-packages/action_tutorials_interfaces/_action_tutorials_interfaces_s.ep.rosidl_typesupport_introspection_c.c
[18.753s] -- Installing: /home/andre/Desktop/Git/ROS_estudo/Modulo_basico/Action/install/action_tutorials_interfaces/local/lib/python3.10/dist-packages/action_tutorials_interfaces/action_tutorials_interfaces_s__rosidl_typesupport_introspection_c.cpython-310-x86_64-linux-gnu.so
[18.753s] -- Installing: /home/andre/Desktop/Git/ROS_estudo/Modulo_basico/Action/install/action_tutorials_interfaces/local/lib/python3.10/dist-packages/action_tutorials_interfaces/_action_tutorials_interfaces_s.ep.rosidl_typesupport_fastrtps_c.c
[18.842s] Listing '/home/andre/Desktop/Git/ROS_estudo/Modulo_basico/Action/install/action_tutorials_interfaces/local/lib/python3.10/dist-packages/action_tutorials_interfaces'...
[18.842s] Compiling '/home/andre/Desktop/Git/ROS_estudo/Modulo_basico/Action/install/action_tutorials_interfaces/local/lib/python3.10/dist-packages/action_tutorials_interfaces/__init__.py'...
[18.842s] Listing '/home/andre/Desktop/Git/ROS_estudo/Modulo_basico/Action/install/action_tutorials_interfaces/local/lib/python3.10/dist-packages/action_tutorials_interfaces/action'...
[18.842s] Compiling '/home/andre/Desktop/Git/ROS_estudo/Modulo_basico/Action/install/action_tutorials_interfaces/local/lib/python3.10/dist-packages/action_tutorials_interfaces/action/__init__.py'...
[18.843s] Compiling '/home/andre/Desktop/Git/ROS_estudo/Modulo_basico/Action/install/action_tutorials_interfaces/local/lib/python3.10/dist-packages/action_tutorials_interfaces/action/_fibonacci.py'...
[18.850s] -- Installing: /home/andre/Desktop/Git/ROS_estudo/Modulo_basico/Action/install/action_tutorials_interfaces/local/lib/python3.10/dist-packages/action_tutorials_interfaces/action_tutorials_interfaces_s__rosidl_typesupport_fastrtps_c.cpython-310-x86_64-linux-gnu.so
[18.851s] -- Set runtime path of "/home/andre/Desktop/Git/ROS_estudo/Modulo_basico/Action/install/action_tutorials_interfaces/local/lib/python3.10/dist-packages/action_tutorials_interfaces/action_tutorials_interfaces_s__rosidl_typesupport_fastrtps_c.cpython-310-x86_64-linux-gnu.so" to ""
[18.851s] -- Installing: /home/andre/Desktop/Git/ROS_estudo/Modulo_basico/Action/install/action_tutorials_interfaces/local/lib/python3.10/dist-packages/action_tutorials_interfaces/action_tutorials_interfaces_s__rosidl_typesupport_introspection_c.cpython-310-x86_64-linux-gnu.so
[18.852s] -- Set runtime path of "/home/andre/Desktop/Git/ROS_estudo/Modulo_basico/Action/install/action_tutorials_interfaces/local/lib/python3.10/dist-packages/action_tutorials_interfaces/action_tutorials_interfaces_s__rosidl_typesupport_introspection_c.cpython-310-x86_64-linux-gnu.so" to ""
[18.853s] -- Installing: /home/andre/Desktop/Git/ROS_estudo/Modulo_basico/Action/install/action_tutorials_interfaces/local/lib/python3.10/dist-packages/action_tutorials_interfaces/action_tutorials_interfaces_s__rosidl_typesupport_c.cpython-310-x86_64-linux-gnu.so
[18.854s] -- Set runtime path of "/home/andre/Desktop/Git/ROS_estudo/Modulo_basico/Action/install/action_tutorials_interfaces/local/lib/python3.10/dist-packages/action_tutorials_interfaces/action_tutorials_interfaces_s__rosidl_typesupport_c.cpython-310-x86_64-linux-gnu.so" to ""
[18.854s] -- Installing: /home/andre/Desktop/Git/ROS_estudo/Modulo_basico/Action/install/action_tutorials_interfaces/lib/libaction_tutorials_interfaces__rosidl_generator_py.so
[18.855s] -- Set runtime path of "/home/andre/Desktop/Git/ROS_estudo/Modulo_basico/Action/install/action_tutorials_interfaces/lib/libaction_tutorials_interfaces__rosidl_generator_py.so" to ""
[18.855s] -- Installing: /home/andre/Desktop/Git/ROS_estudo/Modulo_basico/Action/install/action_tutorials_interfaces/share/action_tutorials_interfaces/action/Fibonacci.idl
[18.856s] -- Installing: /home/andre/Desktop/Git/ROS_estudo/Modulo_basico/Action/install/action_tutorials_interfaces/share/action_tutorials_interfaces/action/Fibonacci.action
[18.856s] -- Installing: /home/andre/Desktop/Git/ROS_estudo/Modulo_basico/Action/install/action_tutorials_interfaces/share/ament_index/resource_index/package_run_dependencies/action_tutorials_interfaces
[18.856s] -- Installing: /home/andre/Desktop/Git/ROS_estudo/Modulo_basico/Action/install/action_tutorials_interfaces/share/ament_index/resource_index/parent_prefix_path/action_tutorials_interfaces
[18.856s] -- Installing: /home/andre/Desktop/Git/ROS_estudo/Modulo_basico/Action/install/action_tutorials_interfaces/share/action_tutorials_interfaces/environment/ament_prefix_path.sh
[18.857s] -- Installing: /home/andre/Desktop/Git/ROS_estudo/Modulo_basico/Action/install/action_tutorials_interfaces/share/action_tutorials_interfaces/environment/ament_prefix_path.dsv
[18.857s] -- Installing: /home/andre/Desktop/Git/ROS_estudo/Modulo_basico/Action/install/action_tutorials_interfaces/share/action_tutorials_interfaces/environment/path.sh
[18.857s] -- Installing: /home/andre/Desktop/Git/ROS_estudo/Modulo_basico/Action/install/action_tutorials_interfaces/share/action_tutorials_interfaces/environment/path.dsv
[18.858s] -- Installing: /home/andre/Desktop/Git/ROS_estudo/Modulo_basico/Action/install/action_tutorials_interfaces/share/action_tutorials_interfaces/local_setup.bash
[18.858s] -- Installing: /home/andre/Desktop/Git/ROS_estudo/Modulo_basico/Action/install/action_tutorials_interfaces/share/action_tutorials_interfaces/local_setup.sh
[18.859s] -- Installing: /home/andre/Desktop/Git/ROS_estudo/Modulo_basico/Action/install/action_tutorials_interfaces/share/action_tutorials_interfaces/local_setup.zsh
[18.859s] -- Installing: /home/andre/Desktop/Git/ROS_estudo/Modulo_basico/Action/install/action_tutorials_interfaces/share/action_tutorials_interfaces/local_setup.dsv
[18.860s] -- Installing: /home/andre/Desktop/Git/ROS_estudo/Modulo_basico/Action/install/action_tutorials_interfaces/share/action_tutorials_interfaces/package.dsv
[18.861s] -- Installing: /home/andre/Desktop/Git/ROS_estudo/Modulo_basico/Action/install/action_tutorials_interfaces/share/ament_index/resource_index/packages/action_tutorials_interfaces
[18.861s] -- Installing: /home/andre/Desktop/Git/ROS_estudo/Modulo_basico/Action/install/action_tutorials_interfaces/share/action_tutorials_interfaces/cmake/export_action_tutorials_interfaces__rosidl_generator_cExport.cmake
[18.861s] -- Installing: /home/andre/Desktop/Git/ROS_estudo/Modulo_basico/Action/install/action_tutorials_interfaces/share/action_tutorials_interfaces/cmake/export_action_tutorials_interfaces__rosidl_generator_cExport-noconfig.cmake
[18.861s] -- Installing: /home/andre/Desktop/Git/ROS_estudo/Modulo_basico/Action/install/action_tutorials_interfaces/share/action_tutorials_interfaces/cmake/export_action_tutorials_interfaces__rosidl_typesupport_fastrtps_cExport.cmake
[18.862s] -- Installing: /home/andre/Desktop/Git/ROS_estudo/Modulo_basico/Action/install/action_tutorials_interfaces/share/action_tutorials_interfaces/cmake/export_action_tutorials_interfaces__rosidl_typesupport_fastrtps_cExport-noconfig.cmake
[18.862s] -- Installing: /home/andre/Desktop/Git/ROS_estudo/Modulo_basico/Action/install/action_tutorials_interfaces/share/action_tutorials_interfaces/cmake/action_tutorials_interfaces__rosidl_typesupport_introspection_cExport.cmake
[18.862s] -- Installing: /home/andre/Desktop/Git/ROS_estudo/Modulo_basico/Action/install/action_tutorials_interfaces/share/action_tutorials_interfaces/cmake/action_tutorials_interfaces__rosidl_typesupport_introspection_cExport-noconfig.cmake
[18.863s] -- Installing: /home/andre/Desktop/Git/ROS_estudo/Modulo_basico/Action/install/action_tutorials_interfaces/share/action_tutorials_interfaces/cmake/action_tutorials_interfaces__rosidl_typesupport_cExport.cmake
[18.863s] -- Installing: /home/andre/Desktop/Git/ROS_estudo/Modulo_basico/Action/install/action_tutorials_interfaces/share/action_tutorials_interfaces/cmake/action_tutorials_interfaces__rosidl_typesupport_cExport-noconfig.cmake
[18.863s] -- Installing: /home/andre/Desktop/Git/ROS_estudo/Modulo_basico/Action/install/action_tutorials_interfaces/share/action_tutorials_interfaces/cmake/export_action_tutorials_interfaces__rosidl_generator_cppExport.cmake
[18.864s] -- Installing: /home/andre/Desktop/Git/ROS_estudo/Modulo_basico/Action/install/action_tutorials_interfaces/share/action_tutorials_interfaces/cmake/export_action_tutorials_interfaces__rosidl_typesupport_fastrtps_cppExport.cmake
[18.864s] -- Installing: /home/andre/Desktop/Git/ROS_estudo/Modulo_basico/Action/install/action_tutorials_interfaces/share/action_tutorials_interfaces/cmake/export_action_tutorials_interfaces__rosidl_typesupport_fastrtps_cppExport-noconfig.cmake
[18.865s] -- Installing: /home/andre/Desktop/Git/ROS_estudo/Modulo_basico/Action/install/action_tutorials_interfaces/share/action_tutorials_interfaces/cmake/action_tutorials_interfaces__rosidl_typesupport_introspection_cppExport.cmake
[18.865s] -- Installing: /home/andre/Desktop/Git/ROS_estudo/Modulo_basico/Action/install/action_tutorials_interfaces/share/action_tutorials_interfaces/cmake/action_tutorials_interfaces__rosidl_typesupport_introspection_cppExport-noconfig.cmake
[18.866s] -- Installing: /home/andre/Desktop/Git/ROS_estudo/Modulo_basico/Action/install/action_tutorials_interfaces/share/action_tutorials_interfaces/cmake/action_tutorials_interfaces__rosidl_typesupport_cppExport.cmake
[18.866s] -- Installing: /home/andre/Desktop/Git/ROS_estudo/Modulo_basico/Action/install/action_tutorials_interfaces/share/action_tutorials_interfaces/cmake/action_tutorials_interfaces__rosidl_typesupport_cppExport-noconfig.cmake
[18.867s] -- Installing: /home/andre/Desktop/Git/ROS_estudo/Modulo_basico/Action/install/action_tutorials_interfaces/share/action_tutorials_interfaces/cmake/export_action_tutorials_interfaces__rosidl_generator_pyExport.cmake
[18.867s] -- Installing: /home/andre/Desktop/Git/ROS_estudo/Modulo_basico/Action/install/action_tutorials_interfaces/share/action_tutorials_interfaces/cmake/export_action_tutorials_interfaces__rosidl_generator_pyExport-noconfig.cmake
[18.867s] -- Installing: /home/andre/Desktop/Git/ROS_estudo/Modulo_basico/Action/install/action_tutorials_interfaces/share/action_tutorials_interfaces/cmake/rosidl_cmake-extras.cmake
[18.868s] -- Installing: /home/andre/Desktop/Git/ROS_estudo/Modulo_basico/Action/install/action_tutorials_interfaces/share/action_tutorials_interfaces/cmake/ament_cmake_export_dependencies-extras.cmake
[18.868s] -- Installing: /home/andre/Desktop/Git/ROS_estudo/Modulo_basico/Action/install/action_tutorials_interfaces/share/action_tutorials_interfaces/cmake/ament_cmake_export_include_directories-extras.cmake
[18.869s] -- Installing: /home/andre/Desktop/Git/ROS_estudo/Modulo_basico/Action/install/action_tutorials_interfaces/share/action_tutorials_interfaces/cmake/ament_cmake_export_libraries-extras.cmake
[18.869s] -- Installing: /home/andre/Desktop/Git/ROS_estudo/Modulo_basico/Action/install/action_tutorials_interfaces/share/action_tutorials_interfaces/cmake/ament_cmake_export_targets-extras.cmake
[18.869s] -- Installing: /home/andre/Desktop/Git/ROS_estudo/Modulo_basico/Action/install/action_tutorials_interfaces/share/action_tutorials_interfaces/cmake/rosidl_cmake_export_typesupport_targets-extras.cmake
[18.870s] -- Installing: /home/andre/Desktop/Git/ROS_estudo/Modulo_basico/Action/install/action_tutorials_interfaces/share/action_tutorials_interfaces/cmake/rosidl_cmake_export_typesupport_libraries-extras.cmake
[18.870s] -- Installing: /home/andre/Desktop/Git/ROS_estudo/Modulo_basico/Action/install/action_tutorials_interfaces/share/action_tutorials_interfaces/cmake/action_tutorials_interfacesConfig.cmake
[18.870s] -- Installing: /home/andre/Desktop/Git/ROS_estudo/Modulo_basico/Action/install/action_tutorials_interfaces/share/action_tutorials_interfaces/cmake/action_tutorials_interfacesConfig-version.cmake
[18.871s] -- Installing: /home/andre/Desktop/Git/ROS_estudo/Modulo_basico/Action/install/action_tutorials_interfaces/share/action_tutorials_interfaces/package.xml
[18.879s] Invoked command in '/home/andre/Desktop/Git/ROS_estudo/Modulo_basico/Action/build/action_tutorials_interfaces' returned '0': CMAKE_PREFIX_PATH=/opt/ros/humble /usr/bin/cmake --install /home/andre/Desktop/Git/ROS_estudo/Modulo_basico/Action/build/action_tutorials_interfaces
