[1.899s] Invoking command in '/home/andre/Desktop/Git/ROS_estudo/Estudo/resumo_mod_basico/src/resumo_mod_basico': PYTHONPATH=/home/andre/Desktop/Git/ROS_estudo/Estudo/resumo_mod_basico/src/build/resumo_mod_basico/prefix_override:/home/andre/Desktop/Git/ROS_estudo/Estudo/resumo_mod_basico/src/install/resumo_mod_basico/lib/python3.10/site-packages:${PYTHONPATH} /usr/bin/python3 setup.py egg_info --egg-base ../build/resumo_mod_basico build --build-base /home/andre/Desktop/Git/ROS_estudo/Estudo/resumo_mod_basico/src/build/resumo_mod_basico/build install --record /home/andre/Desktop/Git/ROS_estudo/Estudo/resumo_mod_basico/src/build/resumo_mod_basico/install.log --single-version-externally-managed
[2.673s] running egg_info
[2.675s] writing ../build/resumo_mod_basico/resumo_mod_basico.egg-info/PKG-INFO
[2.676s] writing dependency_links to ../build/resumo_mod_basico/resumo_mod_basico.egg-info/dependency_links.txt
[2.677s] writing entry points to ../build/resumo_mod_basico/resumo_mod_basico.egg-info/entry_points.txt
[2.677s] writing requirements to ../build/resumo_mod_basico/resumo_mod_basico.egg-info/requires.txt
[2.677s] writing top-level names to ../build/resumo_mod_basico/resumo_mod_basico.egg-info/top_level.txt
[2.681s] reading manifest file '../build/resumo_mod_basico/resumo_mod_basico.egg-info/SOURCES.txt'
[2.683s] writing manifest file '../build/resumo_mod_basico/resumo_mod_basico.egg-info/SOURCES.txt'
[2.684s] running build
[2.684s] running build_py
[2.685s] running install
[2.685s] /usr/lib/python3/dist-packages/setuptools/command/install.py:34: SetuptoolsDeprecationWarning: setup.py install is deprecated. Use build and pip and other standards-based tools.
[2.685s]   warnings.warn(
[2.686s] running install_lib
[2.688s] running install_data
[2.690s] running install_egg_info
[2.693s] removing '/home/andre/Desktop/Git/ROS_estudo/Estudo/resumo_mod_basico/src/install/resumo_mod_basico/lib/python3.10/site-packages/resumo_mod_basico-0.0.0-py3.10.egg-info' (and everything under it)
[2.694s] Copying ../build/resumo_mod_basico/resumo_mod_basico.egg-info to /home/andre/Desktop/Git/ROS_estudo/Estudo/resumo_mod_basico/src/install/resumo_mod_basico/lib/python3.10/site-packages/resumo_mod_basico-0.0.0-py3.10.egg-info
[2.697s] running install_scripts
[2.752s] Installing client script to /home/andre/Desktop/Git/ROS_estudo/Estudo/resumo_mod_basico/src/install/resumo_mod_basico/lib/resumo_mod_basico
[2.753s] Installing service script to /home/andre/Desktop/Git/ROS_estudo/Estudo/resumo_mod_basico/src/install/resumo_mod_basico/lib/resumo_mod_basico
[2.754s] writing list of installed files to '/home/andre/Desktop/Git/ROS_estudo/Estudo/resumo_mod_basico/src/build/resumo_mod_basico/install.log'
[2.823s] Invoked command in '/home/andre/Desktop/Git/ROS_estudo/Estudo/resumo_mod_basico/src/resumo_mod_basico' returned '0': PYTHONPATH=/home/andre/Desktop/Git/ROS_estudo/Estudo/resumo_mod_basico/src/build/resumo_mod_basico/prefix_override:/home/andre/Desktop/Git/ROS_estudo/Estudo/resumo_mod_basico/src/install/resumo_mod_basico/lib/python3.10/site-packages:${PYTHONPATH} /usr/bin/python3 setup.py egg_info --egg-base ../build/resumo_mod_basico build --build-base /home/andre/Desktop/Git/ROS_estudo/Estudo/resumo_mod_basico/src/build/resumo_mod_basico/build install --record /home/andre/Desktop/Git/ROS_estudo/Estudo/resumo_mod_basico/src/build/resumo_mod_basico/install.log --single-version-externally-managed
