[3.550s] Invoking command in '/home/andre/Desktop/Git/ROS_estudo/Simulacao_ROS2/src/ros2_gazebo_estudo': PYTHONPATH=/home/andre/Desktop/Git/ROS_estudo/Simulacao_ROS2/build/ros2_gazebo_estudo/prefix_override:/home/andre/Desktop/Git/ROS_estudo/Simulacao_ROS2/install/ros2_gazebo_estudo/lib/python3.10/site-packages:${PYTHONPATH} /usr/bin/python3 setup.py egg_info --egg-base ../../build/ros2_gazebo_estudo build --build-base /home/andre/Desktop/Git/ROS_estudo/Simulacao_ROS2/build/ros2_gazebo_estudo/build install --record /home/andre/Desktop/Git/ROS_estudo/Simulacao_ROS2/build/ros2_gazebo_estudo/install.log --single-version-externally-managed
[5.237s] running egg_info
[5.240s] writing ../../build/ros2_gazebo_estudo/ros2_gazebo_estudo.egg-info/PKG-INFO
[5.241s] writing dependency_links to ../../build/ros2_gazebo_estudo/ros2_gazebo_estudo.egg-info/dependency_links.txt
[5.242s] writing entry points to ../../build/ros2_gazebo_estudo/ros2_gazebo_estudo.egg-info/entry_points.txt
[5.242s] writing requirements to ../../build/ros2_gazebo_estudo/ros2_gazebo_estudo.egg-info/requires.txt
[5.242s] writing top-level names to ../../build/ros2_gazebo_estudo/ros2_gazebo_estudo.egg-info/top_level.txt
[5.251s] reading manifest file '../../build/ros2_gazebo_estudo/ros2_gazebo_estudo.egg-info/SOURCES.txt'
[5.255s] writing manifest file '../../build/ros2_gazebo_estudo/ros2_gazebo_estudo.egg-info/SOURCES.txt'
[5.255s] running build
[5.255s] running build_py
[5.256s] /usr/lib/python3/dist-packages/setuptools/command/install.py:34: SetuptoolsDeprecationWarning: setup.py install is deprecated. Use build and pip and other standards-based tools.
[5.256s]   warnings.warn(
[5.256s] copying ros2_gazebo_estudo/just_sub.py -> /home/andre/Desktop/Git/ROS_estudo/Simulacao_ROS2/build/ros2_gazebo_estudo/build/lib/ros2_gazebo_estudo
[5.257s] running install
[5.257s] running install_lib
[5.261s] copying /home/andre/Desktop/Git/ROS_estudo/Simulacao_ROS2/build/ros2_gazebo_estudo/build/lib/ros2_gazebo_estudo/just_sub.py -> /home/andre/Desktop/Git/ROS_estudo/Simulacao_ROS2/install/ros2_gazebo_estudo/lib/python3.10/site-packages/ros2_gazebo_estudo
[5.264s] byte-compiling /home/andre/Desktop/Git/ROS_estudo/Simulacao_ROS2/install/ros2_gazebo_estudo/lib/python3.10/site-packages/ros2_gazebo_estudo/just_sub.py to just_sub.cpython-310.pyc
[5.264s] running install_data
[5.268s] running install_egg_info
[5.273s] removing '/home/andre/Desktop/Git/ROS_estudo/Simulacao_ROS2/install/ros2_gazebo_estudo/lib/python3.10/site-packages/ros2_gazebo_estudo-0.0.0-py3.10.egg-info' (and everything under it)
[5.275s] Copying ../../build/ros2_gazebo_estudo/ros2_gazebo_estudo.egg-info to /home/andre/Desktop/Git/ROS_estudo/Simulacao_ROS2/install/ros2_gazebo_estudo/lib/python3.10/site-packages/ros2_gazebo_estudo-0.0.0-py3.10.egg-info
[5.281s] running install_scripts
[5.380s] Installing sub_cmd_vel script to /home/andre/Desktop/Git/ROS_estudo/Simulacao_ROS2/install/ros2_gazebo_estudo/lib/ros2_gazebo_estudo
[5.381s] writing list of installed files to '/home/andre/Desktop/Git/ROS_estudo/Simulacao_ROS2/build/ros2_gazebo_estudo/install.log'
[5.531s] Invoked command in '/home/andre/Desktop/Git/ROS_estudo/Simulacao_ROS2/src/ros2_gazebo_estudo' returned '0': PYTHONPATH=/home/andre/Desktop/Git/ROS_estudo/Simulacao_ROS2/build/ros2_gazebo_estudo/prefix_override:/home/andre/Desktop/Git/ROS_estudo/Simulacao_ROS2/install/ros2_gazebo_estudo/lib/python3.10/site-packages:${PYTHONPATH} /usr/bin/python3 setup.py egg_info --egg-base ../../build/ros2_gazebo_estudo build --build-base /home/andre/Desktop/Git/ROS_estudo/Simulacao_ROS2/build/ros2_gazebo_estudo/build install --record /home/andre/Desktop/Git/ROS_estudo/Simulacao_ROS2/build/ros2_gazebo_estudo/install.log --single-version-externally-managed
