[0.925s] DEBUG:colcon:Command line arguments: ['/usr/bin/colcon', 'build', '--packages-select', 'ros2_gazebo_estudo']
[0.926s] DEBUG:colcon:Parsed command line arguments: Namespace(log_base=None, log_level=None, verb_name='build', build_base='build', install_base='install', merge_install=False, symlink_install=False, test_result_base=None, continue_on_error=False, executor='parallel', parallel_workers=4, event_handlers=None, ignore_user_meta=False, metas=['./colcon.meta'], base_paths=['.'], packages_ignore=None, packages_ignore_regex=None, paths=None, packages_up_to=None, packages_up_to_regex=None, packages_above=None, packages_above_and_dependencies=None, packages_above_depth=None, packages_select_by_dep=None, packages_skip_by_dep=None, packages_skip_up_to=None, packages_select_build_failed=False, packages_skip_build_finished=False, packages_select_test_failures=False, packages_skip_test_passed=False, packages_select=['ros2_gazebo_estudo'], packages_skip=None, packages_select_regex=None, packages_skip_regex=None, packages_start=None, packages_end=None, allow_overriding=[], cmake_args=None, cmake_target=None, cmake_target_skip_unavailable=False, cmake_clean_cache=False, cmake_clean_first=False, cmake_force_configure=False, ament_cmake_args=None, catkin_cmake_args=None, catkin_skip_building_tests=False, verb_parser=<colcon_defaults.argument_parser.defaults.DefaultArgumentsDecorator object at 0x7f291bb3ae30>, verb_extension=<colcon_core.verb.build.BuildVerb object at 0x7f291c29bb50>, main=<bound method BuildVerb.main of <colcon_core.verb.build.BuildVerb object at 0x7f291c29bb50>>)
[1.023s] Level 1:colcon.colcon_core.package_discovery:discover_packages(colcon_meta) check parameters
[1.024s] Level 1:colcon.colcon_core.package_discovery:discover_packages(recursive) check parameters
[1.024s] Level 1:colcon.colcon_core.package_discovery:discover_packages(ignore) check parameters
[1.024s] Level 1:colcon.colcon_core.package_discovery:discover_packages(path) check parameters
[1.024s] Level 1:colcon.colcon_core.package_discovery:discover_packages(colcon_meta) discover
[1.025s] Level 1:colcon.colcon_core.package_discovery:discover_packages(recursive) discover
[1.025s] INFO:colcon.colcon_core.package_discovery:Crawling recursively for packages in '/home/andre/Desktop/Git/ROS_estudo/Simulacao_ROS2/src'
[1.025s] Level 1:colcon.colcon_core.package_identification:_identify(.) by extensions ['ignore', 'ignore_ament_install']
[1.025s] Level 1:colcon.colcon_core.package_identification:_identify(.) by extension 'ignore'
[1.026s] Level 1:colcon.colcon_core.package_identification:_identify(.) by extension 'ignore_ament_install'
[1.026s] Level 1:colcon.colcon_core.package_identification:_identify(.) by extensions ['colcon_pkg']
[1.026s] Level 1:colcon.colcon_core.package_identification:_identify(.) by extension 'colcon_pkg'
[1.026s] Level 1:colcon.colcon_core.package_identification:_identify(.) by extensions ['colcon_meta']
[1.026s] Level 1:colcon.colcon_core.package_identification:_identify(.) by extension 'colcon_meta'
[1.026s] Level 1:colcon.colcon_core.package_identification:_identify(.) by extensions ['ros']
[1.026s] Level 1:colcon.colcon_core.package_identification:_identify(.) by extension 'ros'
[1.063s] Level 1:colcon.colcon_core.package_identification:_identify(.) by extensions ['cmake', 'python']
[1.064s] Level 1:colcon.colcon_core.package_identification:_identify(.) by extension 'cmake'
[1.064s] Level 1:colcon.colcon_core.package_identification:_identify(.) by extension 'python'
[1.064s] Level 1:colcon.colcon_core.package_identification:_identify(.) by extensions ['python_setup_py']
[1.064s] Level 1:colcon.colcon_core.package_identification:_identify(.) by extension 'python_setup_py'
[1.064s] Level 1:colcon.colcon_core.package_identification:_identify(build) by extensions ['ignore', 'ignore_ament_install']
[1.065s] Level 1:colcon.colcon_core.package_identification:_identify(build) by extension 'ignore'
[1.065s] Level 1:colcon.colcon_core.package_identification:_identify(build) ignored
[1.065s] Level 1:colcon.colcon_core.package_identification:_identify(install) by extensions ['ignore', 'ignore_ament_install']
[1.065s] Level 1:colcon.colcon_core.package_identification:_identify(install) by extension 'ignore'
[1.065s] Level 1:colcon.colcon_core.package_identification:_identify(install) ignored
[1.065s] Level 1:colcon.colcon_core.package_identification:_identify(interfaces_to_gazebo) by extensions ['ignore', 'ignore_ament_install']
[1.066s] Level 1:colcon.colcon_core.package_identification:_identify(interfaces_to_gazebo) by extension 'ignore'
[1.066s] Level 1:colcon.colcon_core.package_identification:_identify(interfaces_to_gazebo) by extension 'ignore_ament_install'
[1.066s] Level 1:colcon.colcon_core.package_identification:_identify(interfaces_to_gazebo) by extensions ['colcon_pkg']
[1.066s] Level 1:colcon.colcon_core.package_identification:_identify(interfaces_to_gazebo) by extension 'colcon_pkg'
[1.066s] Level 1:colcon.colcon_core.package_identification:_identify(interfaces_to_gazebo) by extensions ['colcon_meta']
[1.066s] Level 1:colcon.colcon_core.package_identification:_identify(interfaces_to_gazebo) by extension 'colcon_meta'
[1.066s] Level 1:colcon.colcon_core.package_identification:_identify(interfaces_to_gazebo) by extensions ['ros']
[1.066s] Level 1:colcon.colcon_core.package_identification:_identify(interfaces_to_gazebo) by extension 'ros'
[1.075s] DEBUG:colcon.colcon_core.package_identification:Package 'interfaces_to_gazebo' with type 'ros.ament_cmake' and name 'interfaces_to_gazebo'
[1.076s] Level 1:colcon.colcon_core.package_identification:_identify(log) by extensions ['ignore', 'ignore_ament_install']
[1.076s] Level 1:colcon.colcon_core.package_identification:_identify(log) by extension 'ignore'
[1.076s] Level 1:colcon.colcon_core.package_identification:_identify(log) ignored
[1.077s] Level 1:colcon.colcon_core.package_identification:_identify(ros2_gazebo_estudo) by extensions ['ignore', 'ignore_ament_install']
[1.077s] Level 1:colcon.colcon_core.package_identification:_identify(ros2_gazebo_estudo) by extension 'ignore'
[1.077s] Level 1:colcon.colcon_core.package_identification:_identify(ros2_gazebo_estudo) by extension 'ignore_ament_install'
[1.077s] Level 1:colcon.colcon_core.package_identification:_identify(ros2_gazebo_estudo) by extensions ['colcon_pkg']
[1.078s] Level 1:colcon.colcon_core.package_identification:_identify(ros2_gazebo_estudo) by extension 'colcon_pkg'
[1.078s] Level 1:colcon.colcon_core.package_identification:_identify(ros2_gazebo_estudo) by extensions ['colcon_meta']
[1.078s] Level 1:colcon.colcon_core.package_identification:_identify(ros2_gazebo_estudo) by extension 'colcon_meta'
[1.078s] Level 1:colcon.colcon_core.package_identification:_identify(ros2_gazebo_estudo) by extensions ['ros']
[1.078s] Level 1:colcon.colcon_core.package_identification:_identify(ros2_gazebo_estudo) by extension 'ros'
[1.080s] DEBUG:colcon.colcon_core.package_identification:Package 'ros2_gazebo_estudo' with type 'ros.ament_python' and name 'ros2_gazebo_estudo'
[1.080s] Level 1:colcon.colcon_core.package_discovery:discover_packages(recursive) using defaults
[1.080s] Level 1:colcon.colcon_core.package_discovery:discover_packages(ignore) discover
[1.081s] Level 1:colcon.colcon_core.package_discovery:discover_packages(ignore) using defaults
[1.081s] Level 1:colcon.colcon_core.package_discovery:discover_packages(path) discover
[1.081s] Level 1:colcon.colcon_core.package_discovery:discover_packages(path) using defaults
[1.177s] INFO:colcon.colcon_core.package_selection:Skipping not selected package 'interfaces_to_gazebo' in 'interfaces_to_gazebo'
[1.179s] Level 1:colcon.colcon_core.package_discovery:discover_packages(prefix_path) check parameters
[1.180s] Level 1:colcon.colcon_core.package_discovery:discover_packages(prefix_path) discover
[1.190s] DEBUG:colcon.colcon_installed_package_information.package_discovery:Found 2 installed packages in /home/andre/Desktop/Git/ROS_estudo/Simulacao_ROS2/src/install
[1.193s] DEBUG:colcon.colcon_installed_package_information.package_discovery:Found 1 installed packages in /home/andre/Desktop/Git/ROS_estudo/Simulacao_ROS2/src/interfaces_to_gazebo/install
[1.197s] DEBUG:colcon.colcon_installed_package_information.package_discovery:Found 3 installed packages in /home/andre/Desktop/Git/ROS_estudo/Simulacao_ROS2/install
[1.204s] DEBUG:colcon.colcon_installed_package_information.package_discovery:Found 393 installed packages in /opt/ros/humble
[1.211s] Level 1:colcon.colcon_core.package_discovery:discover_packages(prefix_path) using defaults
[1.558s] Level 5:colcon.colcon_core.verb:set package 'ros2_gazebo_estudo' build argument 'cmake_args' from command line to 'None'
[1.559s] Level 5:colcon.colcon_core.verb:set package 'ros2_gazebo_estudo' build argument 'cmake_target' from command line to 'None'
[1.559s] Level 5:colcon.colcon_core.verb:set package 'ros2_gazebo_estudo' build argument 'cmake_target_skip_unavailable' from command line to 'False'
[1.559s] Level 5:colcon.colcon_core.verb:set package 'ros2_gazebo_estudo' build argument 'cmake_clean_cache' from command line to 'False'
[1.559s] Level 5:colcon.colcon_core.verb:set package 'ros2_gazebo_estudo' build argument 'cmake_clean_first' from command line to 'False'
[1.559s] Level 5:colcon.colcon_core.verb:set package 'ros2_gazebo_estudo' build argument 'cmake_force_configure' from command line to 'False'
[1.559s] Level 5:colcon.colcon_core.verb:set package 'ros2_gazebo_estudo' build argument 'ament_cmake_args' from command line to 'None'
[1.559s] Level 5:colcon.colcon_core.verb:set package 'ros2_gazebo_estudo' build argument 'catkin_cmake_args' from command line to 'None'
[1.559s] Level 5:colcon.colcon_core.verb:set package 'ros2_gazebo_estudo' build argument 'catkin_skip_building_tests' from command line to 'False'
[1.560s] DEBUG:colcon.colcon_core.verb:Building package 'ros2_gazebo_estudo' with the following arguments: {'ament_cmake_args': None, 'build_base': '/home/andre/Desktop/Git/ROS_estudo/Simulacao_ROS2/src/build/ros2_gazebo_estudo', 'catkin_cmake_args': None, 'catkin_skip_building_tests': False, 'cmake_args': None, 'cmake_clean_cache': False, 'cmake_clean_first': False, 'cmake_force_configure': False, 'cmake_target': None, 'cmake_target_skip_unavailable': False, 'install_base': '/home/andre/Desktop/Git/ROS_estudo/Simulacao_ROS2/src/install/ros2_gazebo_estudo', 'merge_install': False, 'path': '/home/andre/Desktop/Git/ROS_estudo/Simulacao_ROS2/src/ros2_gazebo_estudo', 'symlink_install': False, 'test_result_base': None}
[1.564s] INFO:colcon.colcon_core.executor:Executing jobs using 'parallel' executor
[1.581s] DEBUG:colcon.colcon_parallel_executor.executor.parallel:run_until_complete
[1.582s] INFO:colcon.colcon_ros.task.ament_python.build:Building ROS package in '/home/andre/Desktop/Git/ROS_estudo/Simulacao_ROS2/src/ros2_gazebo_estudo' with build type 'ament_python'
[1.582s] Level 1:colcon.colcon_core.shell:create_environment_hook('ros2_gazebo_estudo', 'ament_prefix_path')
[1.639s] INFO:colcon.colcon_core.plugin_system:Skipping extension 'colcon_core.shell.bat': Not used on non-Windows systems
[1.640s] INFO:colcon.colcon_core.shell:Creating environment hook '/home/andre/Desktop/Git/ROS_estudo/Simulacao_ROS2/src/install/ros2_gazebo_estudo/share/ros2_gazebo_estudo/hook/ament_prefix_path.ps1'
[1.642s] INFO:colcon.colcon_core.shell:Creating environment descriptor '/home/andre/Desktop/Git/ROS_estudo/Simulacao_ROS2/src/install/ros2_gazebo_estudo/share/ros2_gazebo_estudo/hook/ament_prefix_path.dsv'
[1.644s] INFO:colcon.colcon_core.shell:Creating environment hook '/home/andre/Desktop/Git/ROS_estudo/Simulacao_ROS2/src/install/ros2_gazebo_estudo/share/ros2_gazebo_estudo/hook/ament_prefix_path.sh'
[1.655s] INFO:colcon.colcon_core.shell:Skip shell extension 'powershell' for command environment: Not usable outside of PowerShell
[1.656s] DEBUG:colcon.colcon_core.shell:Skip shell extension 'dsv' for command environment
[2.706s] INFO:colcon.colcon_core.task.python.build:Building Python package in '/home/andre/Desktop/Git/ROS_estudo/Simulacao_ROS2/src/ros2_gazebo_estudo'
[2.710s] INFO:colcon.colcon_core.shell:Skip shell extension 'powershell' for command environment: Not usable outside of PowerShell
[2.710s] DEBUG:colcon.colcon_core.shell:Skip shell extension 'dsv' for command environment
[3.869s] DEBUG:colcon.colcon_core.event_handler.log_command:Invoking command in '/home/andre/Desktop/Git/ROS_estudo/Simulacao_ROS2/src/ros2_gazebo_estudo': PYTHONPATH=/home/andre/Desktop/Git/ROS_estudo/Simulacao_ROS2/src/build/ros2_gazebo_estudo/prefix_override:/home/andre/Desktop/Git/ROS_estudo/Simulacao_ROS2/src/install/ros2_gazebo_estudo/lib/python3.10/site-packages:${PYTHONPATH} /usr/bin/python3 setup.py egg_info --egg-base ../build/ros2_gazebo_estudo build --build-base /home/andre/Desktop/Git/ROS_estudo/Simulacao_ROS2/src/build/ros2_gazebo_estudo/build install --record /home/andre/Desktop/Git/ROS_estudo/Simulacao_ROS2/src/build/ros2_gazebo_estudo/install.log --single-version-externally-managed
[4.873s] DEBUG:colcon.colcon_core.event_handler.log_command:Invoked command in '/home/andre/Desktop/Git/ROS_estudo/Simulacao_ROS2/src/ros2_gazebo_estudo' returned '0': PYTHONPATH=/home/andre/Desktop/Git/ROS_estudo/Simulacao_ROS2/src/build/ros2_gazebo_estudo/prefix_override:/home/andre/Desktop/Git/ROS_estudo/Simulacao_ROS2/src/install/ros2_gazebo_estudo/lib/python3.10/site-packages:${PYTHONPATH} /usr/bin/python3 setup.py egg_info --egg-base ../build/ros2_gazebo_estudo build --build-base /home/andre/Desktop/Git/ROS_estudo/Simulacao_ROS2/src/build/ros2_gazebo_estudo/build install --record /home/andre/Desktop/Git/ROS_estudo/Simulacao_ROS2/src/build/ros2_gazebo_estudo/install.log --single-version-externally-managed
[4.879s] Level 1:colcon.colcon_core.environment:checking '/home/andre/Desktop/Git/ROS_estudo/Simulacao_ROS2/src/install/ros2_gazebo_estudo' for CMake module files
[4.882s] Level 1:colcon.colcon_core.environment:checking '/home/andre/Desktop/Git/ROS_estudo/Simulacao_ROS2/src/install/ros2_gazebo_estudo' for CMake config files
[4.884s] Level 1:colcon.colcon_core.environment:checking '/home/andre/Desktop/Git/ROS_estudo/Simulacao_ROS2/src/install/ros2_gazebo_estudo/lib'
[4.885s] Level 1:colcon.colcon_core.environment:checking '/home/andre/Desktop/Git/ROS_estudo/Simulacao_ROS2/src/install/ros2_gazebo_estudo/bin'
[4.885s] Level 1:colcon.colcon_core.environment:checking '/home/andre/Desktop/Git/ROS_estudo/Simulacao_ROS2/src/install/ros2_gazebo_estudo/lib/pkgconfig/ros2_gazebo_estudo.pc'
[4.886s] Level 1:colcon.colcon_core.environment:checking '/home/andre/Desktop/Git/ROS_estudo/Simulacao_ROS2/src/install/ros2_gazebo_estudo/lib/python3.10/site-packages'
[4.886s] Level 1:colcon.colcon_core.shell:create_environment_hook('ros2_gazebo_estudo', 'pythonpath')
[4.891s] INFO:colcon.colcon_core.shell:Creating environment hook '/home/andre/Desktop/Git/ROS_estudo/Simulacao_ROS2/src/install/ros2_gazebo_estudo/share/ros2_gazebo_estudo/hook/pythonpath.ps1'
[4.892s] INFO:colcon.colcon_core.shell:Creating environment descriptor '/home/andre/Desktop/Git/ROS_estudo/Simulacao_ROS2/src/install/ros2_gazebo_estudo/share/ros2_gazebo_estudo/hook/pythonpath.dsv'
[4.894s] INFO:colcon.colcon_core.shell:Creating environment hook '/home/andre/Desktop/Git/ROS_estudo/Simulacao_ROS2/src/install/ros2_gazebo_estudo/share/ros2_gazebo_estudo/hook/pythonpath.sh'
[4.897s] Level 1:colcon.colcon_core.environment:checking '/home/andre/Desktop/Git/ROS_estudo/Simulacao_ROS2/src/install/ros2_gazebo_estudo/bin'
[4.897s] Level 1:colcon.colcon_core.environment:create_environment_scripts_only(ros2_gazebo_estudo)
[4.901s] INFO:colcon.colcon_core.shell:Creating package script '/home/andre/Desktop/Git/ROS_estudo/Simulacao_ROS2/src/install/ros2_gazebo_estudo/share/ros2_gazebo_estudo/package.ps1'
[4.905s] INFO:colcon.colcon_core.shell:Creating package descriptor '/home/andre/Desktop/Git/ROS_estudo/Simulacao_ROS2/src/install/ros2_gazebo_estudo/share/ros2_gazebo_estudo/package.dsv'
[4.908s] INFO:colcon.colcon_core.shell:Creating package script '/home/andre/Desktop/Git/ROS_estudo/Simulacao_ROS2/src/install/ros2_gazebo_estudo/share/ros2_gazebo_estudo/package.sh'
[4.911s] INFO:colcon.colcon_core.shell:Creating package script '/home/andre/Desktop/Git/ROS_estudo/Simulacao_ROS2/src/install/ros2_gazebo_estudo/share/ros2_gazebo_estudo/package.bash'
[4.913s] INFO:colcon.colcon_core.shell:Creating package script '/home/andre/Desktop/Git/ROS_estudo/Simulacao_ROS2/src/install/ros2_gazebo_estudo/share/ros2_gazebo_estudo/package.zsh'
[4.915s] Level 1:colcon.colcon_core.environment:create_file_with_runtime_dependencies(/home/andre/Desktop/Git/ROS_estudo/Simulacao_ROS2/src/install/ros2_gazebo_estudo/share/colcon-core/packages/ros2_gazebo_estudo)
[4.916s] DEBUG:colcon.colcon_parallel_executor.executor.parallel:closing loop
[4.917s] DEBUG:colcon.colcon_parallel_executor.executor.parallel:loop closed
[4.917s] DEBUG:colcon.colcon_parallel_executor.executor.parallel:run_until_complete finished with '0'
[4.917s] DEBUG:colcon.colcon_core.event_reactor:joining thread
[4.933s] INFO:colcon.colcon_core.plugin_system:Skipping extension 'colcon_notification.desktop_notification.terminal_notifier': Not used on non-Darwin systems
[4.933s] INFO:colcon.colcon_core.plugin_system:Skipping extension 'colcon_notification.desktop_notification.win32': Not used on non-Windows systems
[4.934s] INFO:colcon.colcon_notification.desktop_notification:Sending desktop notification using 'notify2'
[4.976s] DEBUG:colcon.colcon_core.event_reactor:joined thread
[4.980s] INFO:colcon.colcon_core.shell:Creating prefix script '/home/andre/Desktop/Git/ROS_estudo/Simulacao_ROS2/src/install/local_setup.ps1'
[4.985s] INFO:colcon.colcon_core.shell:Creating prefix util module '/home/andre/Desktop/Git/ROS_estudo/Simulacao_ROS2/src/install/_local_setup_util_ps1.py'
[4.989s] INFO:colcon.colcon_core.shell:Creating prefix chain script '/home/andre/Desktop/Git/ROS_estudo/Simulacao_ROS2/src/install/setup.ps1'
[4.996s] INFO:colcon.colcon_core.shell:Creating prefix script '/home/andre/Desktop/Git/ROS_estudo/Simulacao_ROS2/src/install/local_setup.sh'
[4.998s] INFO:colcon.colcon_core.shell:Creating prefix util module '/home/andre/Desktop/Git/ROS_estudo/Simulacao_ROS2/src/install/_local_setup_util_sh.py'
[5.000s] INFO:colcon.colcon_core.shell:Creating prefix chain script '/home/andre/Desktop/Git/ROS_estudo/Simulacao_ROS2/src/install/setup.sh'
[5.009s] INFO:colcon.colcon_core.shell:Creating prefix script '/home/andre/Desktop/Git/ROS_estudo/Simulacao_ROS2/src/install/local_setup.bash'
[5.012s] INFO:colcon.colcon_core.shell:Creating prefix chain script '/home/andre/Desktop/Git/ROS_estudo/Simulacao_ROS2/src/install/setup.bash'
[5.016s] INFO:colcon.colcon_core.shell:Creating prefix script '/home/andre/Desktop/Git/ROS_estudo/Simulacao_ROS2/src/install/local_setup.zsh'
[5.018s] INFO:colcon.colcon_core.shell:Creating prefix chain script '/home/andre/Desktop/Git/ROS_estudo/Simulacao_ROS2/src/install/setup.zsh'
