running egg_info
writing ../../build/ros2_gazebo_estudo/ros2_gazebo_estudo.egg-info/PKG-INFO
writing dependency_links to ../../build/ros2_gazebo_estudo/ros2_gazebo_estudo.egg-info/dependency_links.txt
writing entry points to ../../build/ros2_gazebo_estudo/ros2_gazebo_estudo.egg-info/entry_points.txt
writing requirements to ../../build/ros2_gazebo_estudo/ros2_gazebo_estudo.egg-info/requires.txt
writing top-level names to ../../build/ros2_gazebo_estudo/ros2_gazebo_estudo.egg-info/top_level.txt
reading manifest file '../../build/ros2_gazebo_estudo/ros2_gazebo_estudo.egg-info/SOURCES.txt'
writing manifest file '../../build/ros2_gazebo_estudo/ros2_gazebo_estudo.egg-info/SOURCES.txt'
running build
running build_py
running install
running install_lib
running install_data
copying package.xml -> /home/andre/Desktop/Git/ROS_estudo/Simulacao_ROS2/install/ros2_gazebo_estudo/share/ros2_gazebo_estudo
running install_egg_info
removing '/home/andre/Desktop/Git/ROS_estudo/Simulacao_ROS2/install/ros2_gazebo_estudo/lib/python3.10/site-packages/ros2_gazebo_estudo-0.0.0-py3.10.egg-info' (and everything under it)
Copying ../../build/ros2_gazebo_estudo/ros2_gazebo_estudo.egg-info to /home/andre/Desktop/Git/ROS_estudo/Simulacao_ROS2/install/ros2_gazebo_estudo/lib/python3.10/site-packages/ros2_gazebo_estudo-0.0.0-py3.10.egg-info
running install_scripts
Installing sub_cmd_vel script to /home/andre/Desktop/Git/ROS_estudo/Simulacao_ROS2/install/ros2_gazebo_estudo/lib/ros2_gazebo_estudo
writing list of installed files to '/home/andre/Desktop/Git/ROS_estudo/Simulacao_ROS2/build/ros2_gazebo_estudo/install.log'
