[2.323s] Invoking command in '/home/andre/Desktop/Git/ROS_estudo/Simulacao_ROS2/src/ros2_gazebo_estudo': PYTHONPATH=/home/andre/Desktop/Git/ROS_estudo/Simulacao_ROS2/src/build/ros2_gazebo_estudo/prefix_override:/home/andre/Desktop/Git/ROS_estudo/Simulacao_ROS2/src/install/ros2_gazebo_estudo/lib/python3.10/site-packages:${PYTHONPATH} /usr/bin/python3 setup.py egg_info --egg-base ../build/ros2_gazebo_estudo build --build-base /home/andre/Desktop/Git/ROS_estudo/Simulacao_ROS2/src/build/ros2_gazebo_estudo/build install --record /home/andre/Desktop/Git/ROS_estudo/Simulacao_ROS2/src/build/ros2_gazebo_estudo/install.log --single-version-externally-managed
[3.235s] running egg_info
[3.246s] writing ../build/ros2_gazebo_estudo/ros2_gazebo_estudo.egg-info/PKG-INFO
[3.248s] writing dependency_links to ../build/ros2_gazebo_estudo/ros2_gazebo_estudo.egg-info/dependency_links.txt
[3.250s] writing entry points to ../build/ros2_gazebo_estudo/ros2_gazebo_estudo.egg-info/entry_points.txt
[3.252s] writing requirements to ../build/ros2_gazebo_estudo/ros2_gazebo_estudo.egg-info/requires.txt
[3.253s] writing top-level names to ../build/ros2_gazebo_estudo/ros2_gazebo_estudo.egg-info/top_level.txt
[3.253s] reading manifest file '../build/ros2_gazebo_estudo/ros2_gazebo_estudo.egg-info/SOURCES.txt'
[3.255s] writing manifest file '../build/ros2_gazebo_estudo/ros2_gazebo_estudo.egg-info/SOURCES.txt'
[3.256s] running build
[3.256s] running build_py
[3.258s] running install
[3.260s] running install_lib
[3.264s] /usr/lib/python3/dist-packages/setuptools/command/install.py:34: SetuptoolsDeprecationWarning: setup.py install is deprecated. Use build and pip and other standards-based tools.
[3.264s]   warnings.warn(
[3.270s] running install_data
[3.270s] running install_egg_info
[3.278s] removing '/home/andre/Desktop/Git/ROS_estudo/Simulacao_ROS2/src/install/ros2_gazebo_estudo/lib/python3.10/site-packages/ros2_gazebo_estudo-0.0.0-py3.10.egg-info' (and everything under it)
[3.278s] Copying ../build/ros2_gazebo_estudo/ros2_gazebo_estudo.egg-info to /home/andre/Desktop/Git/ROS_estudo/Simulacao_ROS2/src/install/ros2_gazebo_estudo/lib/python3.10/site-packages/ros2_gazebo_estudo-0.0.0-py3.10.egg-info
[3.280s] running install_scripts
[3.354s] Installing CmdVel_client script to /home/andre/Desktop/Git/ROS_estudo/Simulacao_ROS2/src/install/ros2_gazebo_estudo/lib/ros2_gazebo_estudo
[3.355s] Installing LaserScan_service script to /home/andre/Desktop/Git/ROS_estudo/Simulacao_ROS2/src/install/ros2_gazebo_estudo/lib/ros2_gazebo_estudo
[3.356s] writing list of installed files to '/home/andre/Desktop/Git/ROS_estudo/Simulacao_ROS2/src/build/ros2_gazebo_estudo/install.log'
[3.439s] Invoked command in '/home/andre/Desktop/Git/ROS_estudo/Simulacao_ROS2/src/ros2_gazebo_estudo' returned '0': PYTHONPATH=/home/andre/Desktop/Git/ROS_estudo/Simulacao_ROS2/src/build/ros2_gazebo_estudo/prefix_override:/home/andre/Desktop/Git/ROS_estudo/Simulacao_ROS2/src/install/ros2_gazebo_estudo/lib/python3.10/site-packages:${PYTHONPATH} /usr/bin/python3 setup.py egg_info --egg-base ../build/ros2_gazebo_estudo build --build-base /home/andre/Desktop/Git/ROS_estudo/Simulacao_ROS2/src/build/ros2_gazebo_estudo/build install --record /home/andre/Desktop/Git/ROS_estudo/Simulacao_ROS2/src/build/ros2_gazebo_estudo/install.log --single-version-externally-managed
