[1.089s] Invoking command in '/home/andre/Desktop/Git/ROS_estudo/Modulo_basico/Parameters_class/src/python_parameters': PYTHONPATH=/home/andre/Desktop/Git/ROS_estudo/Modulo_basico/Parameters_class/src/build/python_parameters/prefix_override:/home/andre/Desktop/Git/ROS_estudo/Modulo_basico/Parameters_class/src/install/python_parameters/lib/python3.10/site-packages:${PYTHONPATH} /usr/bin/python3 setup.py egg_info --egg-base ../build/python_parameters build --build-base /home/andre/Desktop/Git/ROS_estudo/Modulo_basico/Parameters_class/src/build/python_parameters/build install --record /home/andre/Desktop/Git/ROS_estudo/Modulo_basico/Parameters_class/src/build/python_parameters/install.log --single-version-externally-managed
[1.487s] running egg_info
[1.488s] creating ../build/python_parameters/python_parameters.egg-info
[1.488s] writing ../build/python_parameters/python_parameters.egg-info/PKG-INFO
[1.489s] writing dependency_links to ../build/python_parameters/python_parameters.egg-info/dependency_links.txt
[1.489s] writing entry points to ../build/python_parameters/python_parameters.egg-info/entry_points.txt
[1.490s] writing requirements to ../build/python_parameters/python_parameters.egg-info/requires.txt
[1.490s] writing top-level names to ../build/python_parameters/python_parameters.egg-info/top_level.txt
[1.490s] writing manifest file '../build/python_parameters/python_parameters.egg-info/SOURCES.txt'
[1.492s] reading manifest file '../build/python_parameters/python_parameters.egg-info/SOURCES.txt'
[1.494s] writing manifest file '../build/python_parameters/python_parameters.egg-info/SOURCES.txt'
[1.494s] running build
[1.495s] running build_py
[1.495s] creating /home/andre/Desktop/Git/ROS_estudo/Modulo_basico/Parameters_class/src/build/python_parameters/build
[1.495s] creating /home/andre/Desktop/Git/ROS_estudo/Modulo_basico/Parameters_class/src/build/python_parameters/build/lib
[1.495s] creating /home/andre/Desktop/Git/ROS_estudo/Modulo_basico/Parameters_class/src/build/python_parameters/build/lib/python_parameters
[1.496s] copying python_parameters/__init__.py -> /home/andre/Desktop/Git/ROS_estudo/Modulo_basico/Parameters_class/src/build/python_parameters/build/lib/python_parameters
[1.496s] copying python_parameters/python_parameters_node.py -> /home/andre/Desktop/Git/ROS_estudo/Modulo_basico/Parameters_class/src/build/python_parameters/build/lib/python_parameters
[1.496s] running install
[1.496s] /usr/lib/python3/dist-packages/setuptools/command/install.py:34: SetuptoolsDeprecationWarning: setup.py install is deprecated. Use build and pip and other standards-based tools.
[1.496s]   warnings.warn(
[1.496s] running install_lib
[1.497s] creating /home/andre/Desktop/Git/ROS_estudo/Modulo_basico/Parameters_class/src/install/python_parameters/lib/python3.10/site-packages/python_parameters
[1.497s] copying /home/andre/Desktop/Git/ROS_estudo/Modulo_basico/Parameters_class/src/build/python_parameters/build/lib/python_parameters/__init__.py -> /home/andre/Desktop/Git/ROS_estudo/Modulo_basico/Parameters_class/src/install/python_parameters/lib/python3.10/site-packages/python_parameters
[1.498s] copying /home/andre/Desktop/Git/ROS_estudo/Modulo_basico/Parameters_class/src/build/python_parameters/build/lib/python_parameters/python_parameters_node.py -> /home/andre/Desktop/Git/ROS_estudo/Modulo_basico/Parameters_class/src/install/python_parameters/lib/python3.10/site-packages/python_parameters
[1.498s] byte-compiling /home/andre/Desktop/Git/ROS_estudo/Modulo_basico/Parameters_class/src/install/python_parameters/lib/python3.10/site-packages/python_parameters/__init__.py to __init__.cpython-310.pyc
[1.499s] byte-compiling /home/andre/Desktop/Git/ROS_estudo/Modulo_basico/Parameters_class/src/install/python_parameters/lib/python3.10/site-packages/python_parameters/python_parameters_node.py to python_parameters_node.cpython-310.pyc
[1.499s] running install_data
[1.500s] creating /home/andre/Desktop/Git/ROS_estudo/Modulo_basico/Parameters_class/src/install/python_parameters/share/ament_index
[1.500s] creating /home/andre/Desktop/Git/ROS_estudo/Modulo_basico/Parameters_class/src/install/python_parameters/share/ament_index/resource_index
[1.501s] creating /home/andre/Desktop/Git/ROS_estudo/Modulo_basico/Parameters_class/src/install/python_parameters/share/ament_index/resource_index/packages
[1.501s] copying resource/python_parameters -> /home/andre/Desktop/Git/ROS_estudo/Modulo_basico/Parameters_class/src/install/python_parameters/share/ament_index/resource_index/packages
[1.501s] copying package.xml -> /home/andre/Desktop/Git/ROS_estudo/Modulo_basico/Parameters_class/src/install/python_parameters/share/python_parameters
[1.501s] running install_egg_info
[1.504s] Copying ../build/python_parameters/python_parameters.egg-info to /home/andre/Desktop/Git/ROS_estudo/Modulo_basico/Parameters_class/src/install/python_parameters/lib/python3.10/site-packages/python_parameters-0.0.0-py3.10.egg-info
[1.505s] running install_scripts
[1.539s] Installing minimal_param_node script to /home/andre/Desktop/Git/ROS_estudo/Modulo_basico/Parameters_class/src/install/python_parameters/lib/python_parameters
[1.539s] writing list of installed files to '/home/andre/Desktop/Git/ROS_estudo/Modulo_basico/Parameters_class/src/build/python_parameters/install.log'
[1.584s] Invoked command in '/home/andre/Desktop/Git/ROS_estudo/Modulo_basico/Parameters_class/src/python_parameters' returned '0': PYTHONPATH=/home/andre/Desktop/Git/ROS_estudo/Modulo_basico/Parameters_class/src/build/python_parameters/prefix_override:/home/andre/Desktop/Git/ROS_estudo/Modulo_basico/Parameters_class/src/install/python_parameters/lib/python3.10/site-packages:${PYTHONPATH} /usr/bin/python3 setup.py egg_info --egg-base ../build/python_parameters build --build-base /home/andre/Desktop/Git/ROS_estudo/Modulo_basico/Parameters_class/src/build/python_parameters/build install --record /home/andre/Desktop/Git/ROS_estudo/Modulo_basico/Parameters_class/src/build/python_parameters/install.log --single-version-externally-managed
