[1.137s] DEBUG:colcon:Command line arguments: ['/usr/bin/colcon', 'build']
[1.138s] DEBUG:colcon:Parsed command line arguments: Namespace(log_base=None, log_level=None, verb_name='build', build_base='build', install_base='install', merge_install=False, symlink_install=False, test_result_base=None, continue_on_error=False, executor='parallel', parallel_workers=4, event_handlers=None, ignore_user_meta=False, metas=['./colcon.meta'], base_paths=['.'], packages_ignore=None, packages_ignore_regex=None, paths=None, packages_up_to=None, packages_up_to_regex=None, packages_above=None, packages_above_and_dependencies=None, packages_above_depth=None, packages_select_by_dep=None, packages_skip_by_dep=None, packages_skip_up_to=None, packages_select_build_failed=False, packages_skip_build_finished=False, packages_select_test_failures=False, packages_skip_test_passed=False, packages_select=None, packages_skip=None, packages_select_regex=None, packages_skip_regex=None, packages_start=None, packages_end=None, allow_overriding=[], cmake_args=None, cmake_target=None, cmake_target_skip_unavailable=False, cmake_clean_cache=False, cmake_clean_first=False, cmake_force_configure=False, ament_cmake_args=None, catkin_cmake_args=None, catkin_skip_building_tests=False, verb_parser=<colcon_defaults.argument_parser.defaults.DefaultArgumentsDecorator object at 0x7f1a636833a0>, verb_extension=<colcon_core.verb.build.BuildVerb object at 0x7f1a63dedcf0>, main=<bound method BuildVerb.main of <colcon_core.verb.build.BuildVerb object at 0x7f1a63dedcf0>>)
[1.260s] Level 1:colcon.colcon_core.package_discovery:discover_packages(colcon_meta) check parameters
[1.261s] Level 1:colcon.colcon_core.package_discovery:discover_packages(recursive) check parameters
[1.261s] Level 1:colcon.colcon_core.package_discovery:discover_packages(ignore) check parameters
[1.261s] Level 1:colcon.colcon_core.package_discovery:discover_packages(path) check parameters
[1.261s] Level 1:colcon.colcon_core.package_discovery:discover_packages(colcon_meta) discover
[1.261s] Level 1:colcon.colcon_core.package_discovery:discover_packages(recursive) discover
[1.261s] INFO:colcon.colcon_core.package_discovery:Crawling recursively for packages in '/home/andre/Desktop/Git/ROS_estudo/Simulacao_ROS2/src'
[1.261s] Level 1:colcon.colcon_core.package_identification:_identify(.) by extensions ['ignore', 'ignore_ament_install']
[1.262s] Level 1:colcon.colcon_core.package_identification:_identify(.) by extension 'ignore'
[1.262s] Level 1:colcon.colcon_core.package_identification:_identify(.) by extension 'ignore_ament_install'
[1.262s] Level 1:colcon.colcon_core.package_identification:_identify(.) by extensions ['colcon_pkg']
[1.262s] Level 1:colcon.colcon_core.package_identification:_identify(.) by extension 'colcon_pkg'
[1.262s] Level 1:colcon.colcon_core.package_identification:_identify(.) by extensions ['colcon_meta']
[1.262s] Level 1:colcon.colcon_core.package_identification:_identify(.) by extension 'colcon_meta'
[1.263s] Level 1:colcon.colcon_core.package_identification:_identify(.) by extensions ['ros']
[1.263s] Level 1:colcon.colcon_core.package_identification:_identify(.) by extension 'ros'
[1.311s] Level 1:colcon.colcon_core.package_identification:_identify(.) by extensions ['cmake', 'python']
[1.311s] Level 1:colcon.colcon_core.package_identification:_identify(.) by extension 'cmake'
[1.312s] Level 1:colcon.colcon_core.package_identification:_identify(.) by extension 'python'
[1.312s] Level 1:colcon.colcon_core.package_identification:_identify(.) by extensions ['python_setup_py']
[1.312s] Level 1:colcon.colcon_core.package_identification:_identify(.) by extension 'python_setup_py'
[1.312s] Level 1:colcon.colcon_core.package_identification:_identify(build) by extensions ['ignore', 'ignore_ament_install']
[1.313s] Level 1:colcon.colcon_core.package_identification:_identify(build) by extension 'ignore'
[1.313s] Level 1:colcon.colcon_core.package_identification:_identify(build) ignored
[1.313s] Level 1:colcon.colcon_core.package_identification:_identify(install) by extensions ['ignore', 'ignore_ament_install']
[1.313s] Level 1:colcon.colcon_core.package_identification:_identify(install) by extension 'ignore'
[1.314s] Level 1:colcon.colcon_core.package_identification:_identify(install) ignored
[1.314s] Level 1:colcon.colcon_core.package_identification:_identify(interfaces_to_gazebo) by extensions ['ignore', 'ignore_ament_install']
[1.322s] Level 1:colcon.colcon_core.package_identification:_identify(interfaces_to_gazebo) by extension 'ignore'
[1.323s] Level 1:colcon.colcon_core.package_identification:_identify(interfaces_to_gazebo) by extension 'ignore_ament_install'
[1.323s] Level 1:colcon.colcon_core.package_identification:_identify(interfaces_to_gazebo) by extensions ['colcon_pkg']
[1.323s] Level 1:colcon.colcon_core.package_identification:_identify(interfaces_to_gazebo) by extension 'colcon_pkg'
[1.323s] Level 1:colcon.colcon_core.package_identification:_identify(interfaces_to_gazebo) by extensions ['colcon_meta']
[1.323s] Level 1:colcon.colcon_core.package_identification:_identify(interfaces_to_gazebo) by extension 'colcon_meta'
[1.324s] Level 1:colcon.colcon_core.package_identification:_identify(interfaces_to_gazebo) by extensions ['ros']
[1.324s] Level 1:colcon.colcon_core.package_identification:_identify(interfaces_to_gazebo) by extension 'ros'
[1.342s] DEBUG:colcon.colcon_core.package_identification:Package 'interfaces_to_gazebo' with type 'ros.ament_cmake' and name 'interfaces_to_gazebo'
[1.342s] Level 1:colcon.colcon_core.package_identification:_identify(log) by extensions ['ignore', 'ignore_ament_install']
[1.343s] Level 1:colcon.colcon_core.package_identification:_identify(log) by extension 'ignore'
[1.343s] Level 1:colcon.colcon_core.package_identification:_identify(log) ignored
[1.343s] Level 1:colcon.colcon_core.package_identification:_identify(ros2_gazebo_estudo) by extensions ['ignore', 'ignore_ament_install']
[1.344s] Level 1:colcon.colcon_core.package_identification:_identify(ros2_gazebo_estudo) by extension 'ignore'
[1.344s] Level 1:colcon.colcon_core.package_identification:_identify(ros2_gazebo_estudo) by extension 'ignore_ament_install'
[1.344s] Level 1:colcon.colcon_core.package_identification:_identify(ros2_gazebo_estudo) by extensions ['colcon_pkg']
[1.344s] Level 1:colcon.colcon_core.package_identification:_identify(ros2_gazebo_estudo) by extension 'colcon_pkg'
[1.344s] Level 1:colcon.colcon_core.package_identification:_identify(ros2_gazebo_estudo) by extensions ['colcon_meta']
[1.344s] Level 1:colcon.colcon_core.package_identification:_identify(ros2_gazebo_estudo) by extension 'colcon_meta'
[1.345s] Level 1:colcon.colcon_core.package_identification:_identify(ros2_gazebo_estudo) by extensions ['ros']
[1.345s] Level 1:colcon.colcon_core.package_identification:_identify(ros2_gazebo_estudo) by extension 'ros'
[1.347s] DEBUG:colcon.colcon_core.package_identification:Package 'ros2_gazebo_estudo' with type 'ros.ament_python' and name 'ros2_gazebo_estudo'
[1.349s] Level 1:colcon.colcon_core.package_discovery:discover_packages(recursive) using defaults
[1.349s] Level 1:colcon.colcon_core.package_discovery:discover_packages(ignore) discover
[1.349s] Level 1:colcon.colcon_core.package_discovery:discover_packages(ignore) using defaults
[1.349s] Level 1:colcon.colcon_core.package_discovery:discover_packages(path) discover
[1.349s] Level 1:colcon.colcon_core.package_discovery:discover_packages(path) using defaults
[1.470s] Level 1:colcon.colcon_core.package_discovery:discover_packages(prefix_path) check parameters
[1.471s] Level 1:colcon.colcon_core.package_discovery:discover_packages(prefix_path) discover
[1.484s] DEBUG:colcon.colcon_installed_package_information.package_discovery:Found 2 installed packages in /home/andre/Desktop/Git/ROS_estudo/Simulacao_ROS2/src/install
[1.496s] DEBUG:colcon.colcon_installed_package_information.package_discovery:Found 393 installed packages in /opt/ros/humble
[1.506s] Level 1:colcon.colcon_core.package_discovery:discover_packages(prefix_path) using defaults
[1.843s] Level 5:colcon.colcon_core.verb:set package 'interfaces_to_gazebo' build argument 'cmake_args' from command line to 'None'
[1.844s] Level 5:colcon.colcon_core.verb:set package 'interfaces_to_gazebo' build argument 'cmake_target' from command line to 'None'
[1.844s] Level 5:colcon.colcon_core.verb:set package 'interfaces_to_gazebo' build argument 'cmake_target_skip_unavailable' from command line to 'False'
[1.844s] Level 5:colcon.colcon_core.verb:set package 'interfaces_to_gazebo' build argument 'cmake_clean_cache' from command line to 'False'
[1.844s] Level 5:colcon.colcon_core.verb:set package 'interfaces_to_gazebo' build argument 'cmake_clean_first' from command line to 'False'
[1.844s] Level 5:colcon.colcon_core.verb:set package 'interfaces_to_gazebo' build argument 'cmake_force_configure' from command line to 'False'
[1.844s] Level 5:colcon.colcon_core.verb:set package 'interfaces_to_gazebo' build argument 'ament_cmake_args' from command line to 'None'
[1.844s] Level 5:colcon.colcon_core.verb:set package 'interfaces_to_gazebo' build argument 'catkin_cmake_args' from command line to 'None'
[1.844s] Level 5:colcon.colcon_core.verb:set package 'interfaces_to_gazebo' build argument 'catkin_skip_building_tests' from command line to 'False'
[1.845s] DEBUG:colcon.colcon_core.verb:Building package 'interfaces_to_gazebo' with the following arguments: {'ament_cmake_args': None, 'build_base': '/home/andre/Desktop/Git/ROS_estudo/Simulacao_ROS2/src/build/interfaces_to_gazebo', 'catkin_cmake_args': None, 'catkin_skip_building_tests': False, 'cmake_args': None, 'cmake_clean_cache': False, 'cmake_clean_first': False, 'cmake_force_configure': False, 'cmake_target': None, 'cmake_target_skip_unavailable': False, 'install_base': '/home/andre/Desktop/Git/ROS_estudo/Simulacao_ROS2/src/install/interfaces_to_gazebo', 'merge_install': False, 'path': '/home/andre/Desktop/Git/ROS_estudo/Simulacao_ROS2/src/interfaces_to_gazebo', 'symlink_install': False, 'test_result_base': None}
[1.849s] Level 5:colcon.colcon_core.verb:set package 'ros2_gazebo_estudo' build argument 'cmake_args' from command line to 'None'
[1.849s] Level 5:colcon.colcon_core.verb:set package 'ros2_gazebo_estudo' build argument 'cmake_target' from command line to 'None'
[1.849s] Level 5:colcon.colcon_core.verb:set package 'ros2_gazebo_estudo' build argument 'cmake_target_skip_unavailable' from command line to 'False'
[1.850s] Level 5:colcon.colcon_core.verb:set package 'ros2_gazebo_estudo' build argument 'cmake_clean_cache' from command line to 'False'
[1.850s] Level 5:colcon.colcon_core.verb:set package 'ros2_gazebo_estudo' build argument 'cmake_clean_first' from command line to 'False'
[1.850s] Level 5:colcon.colcon_core.verb:set package 'ros2_gazebo_estudo' build argument 'cmake_force_configure' from command line to 'False'
[1.850s] Level 5:colcon.colcon_core.verb:set package 'ros2_gazebo_estudo' build argument 'ament_cmake_args' from command line to 'None'
[1.850s] Level 5:colcon.colcon_core.verb:set package 'ros2_gazebo_estudo' build argument 'catkin_cmake_args' from command line to 'None'
[1.850s] Level 5:colcon.colcon_core.verb:set package 'ros2_gazebo_estudo' build argument 'catkin_skip_building_tests' from command line to 'False'
[1.850s] DEBUG:colcon.colcon_core.verb:Building package 'ros2_gazebo_estudo' with the following arguments: {'ament_cmake_args': None, 'build_base': '/home/andre/Desktop/Git/ROS_estudo/Simulacao_ROS2/src/build/ros2_gazebo_estudo', 'catkin_cmake_args': None, 'catkin_skip_building_tests': False, 'cmake_args': None, 'cmake_clean_cache': False, 'cmake_clean_first': False, 'cmake_force_configure': False, 'cmake_target': None, 'cmake_target_skip_unavailable': False, 'install_base': '/home/andre/Desktop/Git/ROS_estudo/Simulacao_ROS2/src/install/ros2_gazebo_estudo', 'merge_install': False, 'path': '/home/andre/Desktop/Git/ROS_estudo/Simulacao_ROS2/src/ros2_gazebo_estudo', 'symlink_install': False, 'test_result_base': None}
[1.853s] INFO:colcon.colcon_core.executor:Executing jobs using 'parallel' executor
[1.869s] DEBUG:colcon.colcon_parallel_executor.executor.parallel:run_until_complete
[1.871s] INFO:colcon.colcon_ros.task.ament_cmake.build:Building ROS package in '/home/andre/Desktop/Git/ROS_estudo/Simulacao_ROS2/src/interfaces_to_gazebo' with build type 'ament_cmake'
[1.873s] INFO:colcon.colcon_cmake.task.cmake.build:Building CMake package in '/home/andre/Desktop/Git/ROS_estudo/Simulacao_ROS2/src/interfaces_to_gazebo'
[1.896s] INFO:colcon.colcon_core.plugin_system:Skipping extension 'colcon_core.shell.bat': Not used on non-Windows systems
[1.898s] INFO:colcon.colcon_core.shell:Skip shell extension 'powershell' for command environment: Not usable outside of PowerShell
[1.899s] DEBUG:colcon.colcon_core.shell:Skip shell extension 'dsv' for command environment
[1.927s] INFO:colcon.colcon_ros.task.ament_python.build:Building ROS package in '/home/andre/Desktop/Git/ROS_estudo/Simulacao_ROS2/src/ros2_gazebo_estudo' with build type 'ament_python'
[1.927s] Level 1:colcon.colcon_core.shell:create_environment_hook('ros2_gazebo_estudo', 'ament_prefix_path')
[1.932s] INFO:colcon.colcon_core.shell:Creating environment hook '/home/andre/Desktop/Git/ROS_estudo/Simulacao_ROS2/src/install/ros2_gazebo_estudo/share/ros2_gazebo_estudo/hook/ament_prefix_path.ps1'
[1.939s] INFO:colcon.colcon_core.shell:Creating environment descriptor '/home/andre/Desktop/Git/ROS_estudo/Simulacao_ROS2/src/install/ros2_gazebo_estudo/share/ros2_gazebo_estudo/hook/ament_prefix_path.dsv'
[1.941s] INFO:colcon.colcon_core.shell:Creating environment hook '/home/andre/Desktop/Git/ROS_estudo/Simulacao_ROS2/src/install/ros2_gazebo_estudo/share/ros2_gazebo_estudo/hook/ament_prefix_path.sh'
[1.953s] INFO:colcon.colcon_core.shell:Skip shell extension 'powershell' for command environment: Not usable outside of PowerShell
[1.954s] DEBUG:colcon.colcon_core.shell:Skip shell extension 'dsv' for command environment
[1.992s] DEBUG:colcon.colcon_core.event_handler.log_command:Invoking command in '/home/andre/Desktop/Git/ROS_estudo/Simulacao_ROS2/src/build/interfaces_to_gazebo': CMAKE_PREFIX_PATH=${CMAKE_PREFIX_PATH}:/home/andre/Desktop/Git/ROS_estudo/Simulacao_ROS2/src/install/ros2_gazebo_estudo:/opt/ros/humble /usr/bin/cmake --build /home/andre/Desktop/Git/ROS_estudo/Simulacao_ROS2/src/build/interfaces_to_gazebo -- -j4 -l4
[3.913s] INFO:colcon.colcon_core.task.python.build:Building Python package in '/home/andre/Desktop/Git/ROS_estudo/Simulacao_ROS2/src/ros2_gazebo_estudo'
[3.917s] INFO:colcon.colcon_core.shell:Skip shell extension 'powershell' for command environment: Not usable outside of PowerShell
[3.918s] DEBUG:colcon.colcon_core.shell:Skip shell extension 'dsv' for command environment
[5.767s] DEBUG:colcon.colcon_core.event_handler.log_command:Invoked command in '/home/andre/Desktop/Git/ROS_estudo/Simulacao_ROS2/src/build/interfaces_to_gazebo' returned '0': CMAKE_PREFIX_PATH=${CMAKE_PREFIX_PATH}:/home/andre/Desktop/Git/ROS_estudo/Simulacao_ROS2/src/install/ros2_gazebo_estudo:/opt/ros/humble /usr/bin/cmake --build /home/andre/Desktop/Git/ROS_estudo/Simulacao_ROS2/src/build/interfaces_to_gazebo -- -j4 -l4
[6.172s] DEBUG:colcon.colcon_core.event_handler.log_command:Invoking command in '/home/andre/Desktop/Git/ROS_estudo/Simulacao_ROS2/src/build/interfaces_to_gazebo': CMAKE_PREFIX_PATH=${CMAKE_PREFIX_PATH}:/home/andre/Desktop/Git/ROS_estudo/Simulacao_ROS2/src/install/ros2_gazebo_estudo:/opt/ros/humble /usr/bin/cmake --install /home/andre/Desktop/Git/ROS_estudo/Simulacao_ROS2/src/build/interfaces_to_gazebo
[6.396s] DEBUG:colcon.colcon_core.event_handler.log_command:Invoking command in '/home/andre/Desktop/Git/ROS_estudo/Simulacao_ROS2/src/ros2_gazebo_estudo': PYTHONPATH=/home/andre/Desktop/Git/ROS_estudo/Simulacao_ROS2/src/build/ros2_gazebo_estudo/prefix_override:/home/andre/Desktop/Git/ROS_estudo/Simulacao_ROS2/src/install/ros2_gazebo_estudo/lib/python3.10/site-packages:${PYTHONPATH} /usr/bin/python3 setup.py egg_info --egg-base ../build/ros2_gazebo_estudo build --build-base /home/andre/Desktop/Git/ROS_estudo/Simulacao_ROS2/src/build/ros2_gazebo_estudo/build install --record /home/andre/Desktop/Git/ROS_estudo/Simulacao_ROS2/src/build/ros2_gazebo_estudo/install.log --single-version-externally-managed
[6.549s] Level 1:colcon.colcon_core.environment:create_environment_scripts_only(interfaces_to_gazebo)
[6.559s] DEBUG:colcon.colcon_core.event_handler.log_command:Invoked command in '/home/andre/Desktop/Git/ROS_estudo/Simulacao_ROS2/src/build/interfaces_to_gazebo' returned '0': CMAKE_PREFIX_PATH=${CMAKE_PREFIX_PATH}:/home/andre/Desktop/Git/ROS_estudo/Simulacao_ROS2/src/install/ros2_gazebo_estudo:/opt/ros/humble /usr/bin/cmake --install /home/andre/Desktop/Git/ROS_estudo/Simulacao_ROS2/src/build/interfaces_to_gazebo
[6.609s] Level 1:colcon.colcon_core.environment:checking '/home/andre/Desktop/Git/ROS_estudo/Simulacao_ROS2/src/install/interfaces_to_gazebo' for CMake module files
[6.615s] Level 1:colcon.colcon_core.environment:checking '/home/andre/Desktop/Git/ROS_estudo/Simulacao_ROS2/src/install/interfaces_to_gazebo' for CMake config files
[6.617s] Level 1:colcon.colcon_core.shell:create_environment_hook('interfaces_to_gazebo', 'cmake_prefix_path')
[6.625s] INFO:colcon.colcon_core.shell:Creating environment hook '/home/andre/Desktop/Git/ROS_estudo/Simulacao_ROS2/src/install/interfaces_to_gazebo/share/interfaces_to_gazebo/hook/cmake_prefix_path.ps1'
[6.626s] INFO:colcon.colcon_core.shell:Creating environment descriptor '/home/andre/Desktop/Git/ROS_estudo/Simulacao_ROS2/src/install/interfaces_to_gazebo/share/interfaces_to_gazebo/hook/cmake_prefix_path.dsv'
[6.635s] INFO:colcon.colcon_core.shell:Creating environment hook '/home/andre/Desktop/Git/ROS_estudo/Simulacao_ROS2/src/install/interfaces_to_gazebo/share/interfaces_to_gazebo/hook/cmake_prefix_path.sh'
[6.637s] Level 1:colcon.colcon_core.environment:checking '/home/andre/Desktop/Git/ROS_estudo/Simulacao_ROS2/src/install/interfaces_to_gazebo/lib'
[6.637s] Level 1:colcon.colcon_core.shell:create_environment_hook('interfaces_to_gazebo', 'ld_library_path_lib')
[6.646s] INFO:colcon.colcon_core.shell:Creating environment hook '/home/andre/Desktop/Git/ROS_estudo/Simulacao_ROS2/src/install/interfaces_to_gazebo/share/interfaces_to_gazebo/hook/ld_library_path_lib.ps1'
[6.651s] INFO:colcon.colcon_core.shell:Creating environment descriptor '/home/andre/Desktop/Git/ROS_estudo/Simulacao_ROS2/src/install/interfaces_to_gazebo/share/interfaces_to_gazebo/hook/ld_library_path_lib.dsv'
[6.652s] INFO:colcon.colcon_core.shell:Creating environment hook '/home/andre/Desktop/Git/ROS_estudo/Simulacao_ROS2/src/install/interfaces_to_gazebo/share/interfaces_to_gazebo/hook/ld_library_path_lib.sh'
[6.653s] Level 1:colcon.colcon_core.environment:checking '/home/andre/Desktop/Git/ROS_estudo/Simulacao_ROS2/src/install/interfaces_to_gazebo/bin'
[6.654s] Level 1:colcon.colcon_core.environment:checking '/home/andre/Desktop/Git/ROS_estudo/Simulacao_ROS2/src/install/interfaces_to_gazebo/lib/pkgconfig/interfaces_to_gazebo.pc'
[6.655s] Level 1:colcon.colcon_core.environment:checking '/home/andre/Desktop/Git/ROS_estudo/Simulacao_ROS2/src/install/interfaces_to_gazebo/lib/python3.10/site-packages'
[6.656s] Level 1:colcon.colcon_core.environment:checking '/home/andre/Desktop/Git/ROS_estudo/Simulacao_ROS2/src/install/interfaces_to_gazebo/bin'
[6.666s] INFO:colcon.colcon_core.shell:Creating package script '/home/andre/Desktop/Git/ROS_estudo/Simulacao_ROS2/src/install/interfaces_to_gazebo/share/interfaces_to_gazebo/package.ps1'
[6.669s] INFO:colcon.colcon_core.shell:Creating package descriptor '/home/andre/Desktop/Git/ROS_estudo/Simulacao_ROS2/src/install/interfaces_to_gazebo/share/interfaces_to_gazebo/package.dsv'
[6.671s] INFO:colcon.colcon_core.shell:Creating package script '/home/andre/Desktop/Git/ROS_estudo/Simulacao_ROS2/src/install/interfaces_to_gazebo/share/interfaces_to_gazebo/package.sh'
[6.675s] INFO:colcon.colcon_core.shell:Creating package script '/home/andre/Desktop/Git/ROS_estudo/Simulacao_ROS2/src/install/interfaces_to_gazebo/share/interfaces_to_gazebo/package.bash'
[6.677s] INFO:colcon.colcon_core.shell:Creating package script '/home/andre/Desktop/Git/ROS_estudo/Simulacao_ROS2/src/install/interfaces_to_gazebo/share/interfaces_to_gazebo/package.zsh'
[6.688s] Level 1:colcon.colcon_core.environment:create_file_with_runtime_dependencies(/home/andre/Desktop/Git/ROS_estudo/Simulacao_ROS2/src/install/interfaces_to_gazebo/share/colcon-core/packages/interfaces_to_gazebo)
[7.267s] Level 1:colcon.colcon_core.environment:create_environment_scripts_only(interfaces_to_gazebo)
[7.313s] Level 1:colcon.colcon_core.environment:checking '/home/andre/Desktop/Git/ROS_estudo/Simulacao_ROS2/src/install/interfaces_to_gazebo' for CMake module files
[7.320s] Level 1:colcon.colcon_core.environment:checking '/home/andre/Desktop/Git/ROS_estudo/Simulacao_ROS2/src/install/interfaces_to_gazebo' for CMake config files
[7.325s] Level 1:colcon.colcon_core.shell:create_environment_hook('interfaces_to_gazebo', 'cmake_prefix_path')
[7.331s] INFO:colcon.colcon_core.shell:Creating environment hook '/home/andre/Desktop/Git/ROS_estudo/Simulacao_ROS2/src/install/interfaces_to_gazebo/share/interfaces_to_gazebo/hook/cmake_prefix_path.ps1'
[7.338s] INFO:colcon.colcon_core.shell:Creating environment descriptor '/home/andre/Desktop/Git/ROS_estudo/Simulacao_ROS2/src/install/interfaces_to_gazebo/share/interfaces_to_gazebo/hook/cmake_prefix_path.dsv'
[7.340s] INFO:colcon.colcon_core.shell:Creating environment hook '/home/andre/Desktop/Git/ROS_estudo/Simulacao_ROS2/src/install/interfaces_to_gazebo/share/interfaces_to_gazebo/hook/cmake_prefix_path.sh'
[7.348s] Level 1:colcon.colcon_core.environment:checking '/home/andre/Desktop/Git/ROS_estudo/Simulacao_ROS2/src/install/interfaces_to_gazebo/lib'
[7.348s] Level 1:colcon.colcon_core.shell:create_environment_hook('interfaces_to_gazebo', 'ld_library_path_lib')
[7.356s] INFO:colcon.colcon_core.shell:Creating environment hook '/home/andre/Desktop/Git/ROS_estudo/Simulacao_ROS2/src/install/interfaces_to_gazebo/share/interfaces_to_gazebo/hook/ld_library_path_lib.ps1'
[7.363s] INFO:colcon.colcon_core.shell:Creating environment descriptor '/home/andre/Desktop/Git/ROS_estudo/Simulacao_ROS2/src/install/interfaces_to_gazebo/share/interfaces_to_gazebo/hook/ld_library_path_lib.dsv'
[7.365s] INFO:colcon.colcon_core.shell:Creating environment hook '/home/andre/Desktop/Git/ROS_estudo/Simulacao_ROS2/src/install/interfaces_to_gazebo/share/interfaces_to_gazebo/hook/ld_library_path_lib.sh'
[7.366s] Level 1:colcon.colcon_core.environment:checking '/home/andre/Desktop/Git/ROS_estudo/Simulacao_ROS2/src/install/interfaces_to_gazebo/bin'
[7.366s] Level 1:colcon.colcon_core.environment:checking '/home/andre/Desktop/Git/ROS_estudo/Simulacao_ROS2/src/install/interfaces_to_gazebo/lib/pkgconfig/interfaces_to_gazebo.pc'
[7.367s] Level 1:colcon.colcon_core.environment:checking '/home/andre/Desktop/Git/ROS_estudo/Simulacao_ROS2/src/install/interfaces_to_gazebo/lib/python3.10/site-packages'
[7.369s] Level 1:colcon.colcon_core.environment:checking '/home/andre/Desktop/Git/ROS_estudo/Simulacao_ROS2/src/install/interfaces_to_gazebo/bin'
[7.374s] INFO:colcon.colcon_core.shell:Creating package script '/home/andre/Desktop/Git/ROS_estudo/Simulacao_ROS2/src/install/interfaces_to_gazebo/share/interfaces_to_gazebo/package.ps1'
[7.376s] INFO:colcon.colcon_core.shell:Creating package descriptor '/home/andre/Desktop/Git/ROS_estudo/Simulacao_ROS2/src/install/interfaces_to_gazebo/share/interfaces_to_gazebo/package.dsv'
[7.377s] INFO:colcon.colcon_core.shell:Creating package script '/home/andre/Desktop/Git/ROS_estudo/Simulacao_ROS2/src/install/interfaces_to_gazebo/share/interfaces_to_gazebo/package.sh'
[7.379s] INFO:colcon.colcon_core.shell:Creating package script '/home/andre/Desktop/Git/ROS_estudo/Simulacao_ROS2/src/install/interfaces_to_gazebo/share/interfaces_to_gazebo/package.bash'
[7.381s] INFO:colcon.colcon_core.shell:Creating package script '/home/andre/Desktop/Git/ROS_estudo/Simulacao_ROS2/src/install/interfaces_to_gazebo/share/interfaces_to_gazebo/package.zsh'
[7.382s] Level 1:colcon.colcon_core.environment:create_file_with_runtime_dependencies(/home/andre/Desktop/Git/ROS_estudo/Simulacao_ROS2/src/install/interfaces_to_gazebo/share/colcon-core/packages/interfaces_to_gazebo)
[7.893s] Level 1:colcon.colcon_core.environment:checking '/home/andre/Desktop/Git/ROS_estudo/Simulacao_ROS2/src/install/ros2_gazebo_estudo' for CMake module files
[7.898s] DEBUG:colcon.colcon_core.event_handler.log_command:Invoked command in '/home/andre/Desktop/Git/ROS_estudo/Simulacao_ROS2/src/ros2_gazebo_estudo' returned '0': PYTHONPATH=/home/andre/Desktop/Git/ROS_estudo/Simulacao_ROS2/src/build/ros2_gazebo_estudo/prefix_override:/home/andre/Desktop/Git/ROS_estudo/Simulacao_ROS2/src/install/ros2_gazebo_estudo/lib/python3.10/site-packages:${PYTHONPATH} /usr/bin/python3 setup.py egg_info --egg-base ../build/ros2_gazebo_estudo build --build-base /home/andre/Desktop/Git/ROS_estudo/Simulacao_ROS2/src/build/ros2_gazebo_estudo/build install --record /home/andre/Desktop/Git/ROS_estudo/Simulacao_ROS2/src/build/ros2_gazebo_estudo/install.log --single-version-externally-managed
[7.899s] Level 1:colcon.colcon_core.environment:checking '/home/andre/Desktop/Git/ROS_estudo/Simulacao_ROS2/src/install/ros2_gazebo_estudo' for CMake config files
[7.902s] Level 1:colcon.colcon_core.environment:checking '/home/andre/Desktop/Git/ROS_estudo/Simulacao_ROS2/src/install/ros2_gazebo_estudo/lib'
[7.902s] Level 1:colcon.colcon_core.environment:checking '/home/andre/Desktop/Git/ROS_estudo/Simulacao_ROS2/src/install/ros2_gazebo_estudo/bin'
[7.902s] Level 1:colcon.colcon_core.environment:checking '/home/andre/Desktop/Git/ROS_estudo/Simulacao_ROS2/src/install/ros2_gazebo_estudo/lib/pkgconfig/ros2_gazebo_estudo.pc'
[7.904s] Level 1:colcon.colcon_core.environment:checking '/home/andre/Desktop/Git/ROS_estudo/Simulacao_ROS2/src/install/ros2_gazebo_estudo/lib/python3.10/site-packages'
[7.904s] Level 1:colcon.colcon_core.shell:create_environment_hook('ros2_gazebo_estudo', 'pythonpath')
[7.915s] INFO:colcon.colcon_core.shell:Creating environment hook '/home/andre/Desktop/Git/ROS_estudo/Simulacao_ROS2/src/install/ros2_gazebo_estudo/share/ros2_gazebo_estudo/hook/pythonpath.ps1'
[7.916s] INFO:colcon.colcon_core.shell:Creating environment descriptor '/home/andre/Desktop/Git/ROS_estudo/Simulacao_ROS2/src/install/ros2_gazebo_estudo/share/ros2_gazebo_estudo/hook/pythonpath.dsv'
[7.917s] INFO:colcon.colcon_core.shell:Creating environment hook '/home/andre/Desktop/Git/ROS_estudo/Simulacao_ROS2/src/install/ros2_gazebo_estudo/share/ros2_gazebo_estudo/hook/pythonpath.sh'
[7.928s] Level 1:colcon.colcon_core.environment:checking '/home/andre/Desktop/Git/ROS_estudo/Simulacao_ROS2/src/install/ros2_gazebo_estudo/bin'
[7.928s] Level 1:colcon.colcon_core.environment:create_environment_scripts_only(ros2_gazebo_estudo)
[7.934s] INFO:colcon.colcon_core.shell:Creating package script '/home/andre/Desktop/Git/ROS_estudo/Simulacao_ROS2/src/install/ros2_gazebo_estudo/share/ros2_gazebo_estudo/package.ps1'
[7.936s] INFO:colcon.colcon_core.shell:Creating package descriptor '/home/andre/Desktop/Git/ROS_estudo/Simulacao_ROS2/src/install/ros2_gazebo_estudo/share/ros2_gazebo_estudo/package.dsv'
[7.937s] INFO:colcon.colcon_core.shell:Creating package script '/home/andre/Desktop/Git/ROS_estudo/Simulacao_ROS2/src/install/ros2_gazebo_estudo/share/ros2_gazebo_estudo/package.sh'
[7.948s] INFO:colcon.colcon_core.shell:Creating package script '/home/andre/Desktop/Git/ROS_estudo/Simulacao_ROS2/src/install/ros2_gazebo_estudo/share/ros2_gazebo_estudo/package.bash'
[7.950s] INFO:colcon.colcon_core.shell:Creating package script '/home/andre/Desktop/Git/ROS_estudo/Simulacao_ROS2/src/install/ros2_gazebo_estudo/share/ros2_gazebo_estudo/package.zsh'
[7.951s] Level 1:colcon.colcon_core.environment:create_file_with_runtime_dependencies(/home/andre/Desktop/Git/ROS_estudo/Simulacao_ROS2/src/install/ros2_gazebo_estudo/share/colcon-core/packages/ros2_gazebo_estudo)
[7.962s] DEBUG:colcon.colcon_parallel_executor.executor.parallel:closing loop
[7.963s] DEBUG:colcon.colcon_parallel_executor.executor.parallel:loop closed
[7.963s] DEBUG:colcon.colcon_parallel_executor.executor.parallel:run_until_complete finished with '0'
[7.963s] DEBUG:colcon.colcon_core.event_reactor:joining thread
[7.995s] INFO:colcon.colcon_core.plugin_system:Skipping extension 'colcon_notification.desktop_notification.terminal_notifier': Not used on non-Darwin systems
[7.996s] INFO:colcon.colcon_core.plugin_system:Skipping extension 'colcon_notification.desktop_notification.win32': Not used on non-Windows systems
[7.996s] INFO:colcon.colcon_notification.desktop_notification:Sending desktop notification using 'notify2'
[8.050s] DEBUG:colcon.colcon_core.event_reactor:joined thread
[8.055s] INFO:colcon.colcon_core.shell:Creating prefix script '/home/andre/Desktop/Git/ROS_estudo/Simulacao_ROS2/src/install/local_setup.ps1'
[8.058s] INFO:colcon.colcon_core.shell:Creating prefix util module '/home/andre/Desktop/Git/ROS_estudo/Simulacao_ROS2/src/install/_local_setup_util_ps1.py'
[8.068s] INFO:colcon.colcon_core.shell:Creating prefix chain script '/home/andre/Desktop/Git/ROS_estudo/Simulacao_ROS2/src/install/setup.ps1'
[8.073s] INFO:colcon.colcon_core.shell:Creating prefix script '/home/andre/Desktop/Git/ROS_estudo/Simulacao_ROS2/src/install/local_setup.sh'
[8.081s] INFO:colcon.colcon_core.shell:Creating prefix util module '/home/andre/Desktop/Git/ROS_estudo/Simulacao_ROS2/src/install/_local_setup_util_sh.py'
[8.083s] INFO:colcon.colcon_core.shell:Creating prefix chain script '/home/andre/Desktop/Git/ROS_estudo/Simulacao_ROS2/src/install/setup.sh'
[8.101s] INFO:colcon.colcon_core.shell:Creating prefix script '/home/andre/Desktop/Git/ROS_estudo/Simulacao_ROS2/src/install/local_setup.bash'
[8.103s] INFO:colcon.colcon_core.shell:Creating prefix chain script '/home/andre/Desktop/Git/ROS_estudo/Simulacao_ROS2/src/install/setup.bash'
[8.114s] INFO:colcon.colcon_core.shell:Creating prefix script '/home/andre/Desktop/Git/ROS_estudo/Simulacao_ROS2/src/install/local_setup.zsh'
[8.117s] INFO:colcon.colcon_core.shell:Creating prefix chain script '/home/andre/Desktop/Git/ROS_estudo/Simulacao_ROS2/src/install/setup.zsh'
