[1.480s] Invoking command in '/home/andre/Desktop/Git/ROS_estudo/Estudo/resumo_mod_basico/src/resumo_mod_basico': PYTHONPATH=/home/andre/Desktop/Git/ROS_estudo/Estudo/resumo_mod_basico/src/build/resumo_mod_basico/prefix_override:/home/andre/Desktop/Git/ROS_estudo/Estudo/resumo_mod_basico/src/install/resumo_mod_basico/lib/python3.10/site-packages:${PYTHONPATH} /usr/bin/python3 setup.py egg_info --egg-base ../build/resumo_mod_basico build --build-base /home/andre/Desktop/Git/ROS_estudo/Estudo/resumo_mod_basico/src/build/resumo_mod_basico/build install --record /home/andre/Desktop/Git/ROS_estudo/Estudo/resumo_mod_basico/src/build/resumo_mod_basico/install.log --single-version-externally-managed
[1.991s] running egg_info
[1.993s] writing ../build/resumo_mod_basico/resumo_mod_basico.egg-info/PKG-INFO
[1.993s] writing dependency_links to ../build/resumo_mod_basico/resumo_mod_basico.egg-info/dependency_links.txt
[1.993s] writing entry points to ../build/resumo_mod_basico/resumo_mod_basico.egg-info/entry_points.txt
[1.994s] writing requirements to ../build/resumo_mod_basico/resumo_mod_basico.egg-info/requires.txt
[1.994s] writing top-level names to ../build/resumo_mod_basico/resumo_mod_basico.egg-info/top_level.txt
[1.997s] reading manifest file '../build/resumo_mod_basico/resumo_mod_basico.egg-info/SOURCES.txt'
[1.999s] writing manifest file '../build/resumo_mod_basico/resumo_mod_basico.egg-info/SOURCES.txt'
[1.999s] running build
[1.999s] running build_py
[2.000s] copying resumo_mod_basico/client.py -> /home/andre/Desktop/Git/ROS_estudo/Estudo/resumo_mod_basico/src/build/resumo_mod_basico/build/lib/resumo_mod_basico
[2.000s] copying resumo_mod_basico/service.py -> /home/andre/Desktop/Git/ROS_estudo/Estudo/resumo_mod_basico/src/build/resumo_mod_basico/build/lib/resumo_mod_basico
[2.000s] running install
[2.001s] /usr/lib/python3/dist-packages/setuptools/command/install.py:34: SetuptoolsDeprecationWarning: setup.py install is deprecated. Use build and pip and other standards-based tools.
[2.001s]   warnings.warn(
[2.001s] running install_lib
[2.003s] copying /home/andre/Desktop/Git/ROS_estudo/Estudo/resumo_mod_basico/src/build/resumo_mod_basico/build/lib/resumo_mod_basico/client.py -> /home/andre/Desktop/Git/ROS_estudo/Estudo/resumo_mod_basico/src/install/resumo_mod_basico/lib/python3.10/site-packages/resumo_mod_basico
[2.003s] copying /home/andre/Desktop/Git/ROS_estudo/Estudo/resumo_mod_basico/src/build/resumo_mod_basico/build/lib/resumo_mod_basico/service.py -> /home/andre/Desktop/Git/ROS_estudo/Estudo/resumo_mod_basico/src/install/resumo_mod_basico/lib/python3.10/site-packages/resumo_mod_basico
[2.004s] byte-compiling /home/andre/Desktop/Git/ROS_estudo/Estudo/resumo_mod_basico/src/install/resumo_mod_basico/lib/python3.10/site-packages/resumo_mod_basico/client.py to client.cpython-310.pyc
[2.005s] byte-compiling /home/andre/Desktop/Git/ROS_estudo/Estudo/resumo_mod_basico/src/install/resumo_mod_basico/lib/python3.10/site-packages/resumo_mod_basico/service.py to service.cpython-310.pyc
[2.006s] running install_data
[2.007s] running install_egg_info
[2.010s] removing '/home/andre/Desktop/Git/ROS_estudo/Estudo/resumo_mod_basico/src/install/resumo_mod_basico/lib/python3.10/site-packages/resumo_mod_basico-0.0.0-py3.10.egg-info' (and everything under it)
[2.011s] Copying ../build/resumo_mod_basico/resumo_mod_basico.egg-info to /home/andre/Desktop/Git/ROS_estudo/Estudo/resumo_mod_basico/src/install/resumo_mod_basico/lib/python3.10/site-packages/resumo_mod_basico-0.0.0-py3.10.egg-info
[2.013s] running install_scripts
[2.056s] Installing client script to /home/andre/Desktop/Git/ROS_estudo/Estudo/resumo_mod_basico/src/install/resumo_mod_basico/lib/resumo_mod_basico
[2.057s] Installing service script to /home/andre/Desktop/Git/ROS_estudo/Estudo/resumo_mod_basico/src/install/resumo_mod_basico/lib/resumo_mod_basico
[2.057s] writing list of installed files to '/home/andre/Desktop/Git/ROS_estudo/Estudo/resumo_mod_basico/src/build/resumo_mod_basico/install.log'
[2.099s] Invoked command in '/home/andre/Desktop/Git/ROS_estudo/Estudo/resumo_mod_basico/src/resumo_mod_basico' returned '0': PYTHONPATH=/home/andre/Desktop/Git/ROS_estudo/Estudo/resumo_mod_basico/src/build/resumo_mod_basico/prefix_override:/home/andre/Desktop/Git/ROS_estudo/Estudo/resumo_mod_basico/src/install/resumo_mod_basico/lib/python3.10/site-packages:${PYTHONPATH} /usr/bin/python3 setup.py egg_info --egg-base ../build/resumo_mod_basico build --build-base /home/andre/Desktop/Git/ROS_estudo/Estudo/resumo_mod_basico/src/build/resumo_mod_basico/build install --record /home/andre/Desktop/Git/ROS_estudo/Estudo/resumo_mod_basico/src/build/resumo_mod_basico/install.log --single-version-externally-managed
