[1.566s] Invoking command in '/home/andre/Documents/codes/ros/Pub_sub_simples/src/py_pubsub': PYTHONPATH=/home/andre/Documents/codes/ros/Pub_sub_simples/src/build/py_pubsub/prefix_override:/home/andre/Documents/codes/ros/Pub_sub_simples/src/install/py_pubsub/lib/python3.10/site-packages:${PYTHONPATH} /usr/bin/python3 setup.py egg_info --egg-base ../build/py_pubsub build --build-base /home/andre/Documents/codes/ros/Pub_sub_simples/src/build/py_pubsub/build install --record /home/andre/Documents/codes/ros/Pub_sub_simples/src/build/py_pubsub/install.log --single-version-externally-managed
[2.078s] running egg_info
[2.079s] writing ../build/py_pubsub/py_pubsub.egg-info/PKG-INFO
[2.079s] writing dependency_links to ../build/py_pubsub/py_pubsub.egg-info/dependency_links.txt
[2.080s] writing entry points to ../build/py_pubsub/py_pubsub.egg-info/entry_points.txt
[2.080s] writing requirements to ../build/py_pubsub/py_pubsub.egg-info/requires.txt
[2.080s] writing top-level names to ../build/py_pubsub/py_pubsub.egg-info/top_level.txt
[2.085s] reading manifest file '../build/py_pubsub/py_pubsub.egg-info/SOURCES.txt'
[2.095s] writing manifest file '../build/py_pubsub/py_pubsub.egg-info/SOURCES.txt'
[2.096s] running build
[2.096s] running build_py
[2.096s] running install
[2.097s] /usr/lib/python3/dist-packages/setuptools/command/install.py:34: SetuptoolsDeprecationWarning: setup.py install is deprecated. Use build and pip and other standards-based tools.
[2.097s]   warnings.warn(
[2.097s] running install_lib
[2.099s] running install_data
[2.100s] running install_egg_info
[2.103s] removing '/home/andre/Documents/codes/ros/Pub_sub_simples/src/install/py_pubsub/lib/python3.10/site-packages/py_pubsub-0.0.0-py3.10.egg-info' (and everything under it)
[2.103s] Copying ../build/py_pubsub/py_pubsub.egg-info to /home/andre/Documents/codes/ros/Pub_sub_simples/src/install/py_pubsub/lib/python3.10/site-packages/py_pubsub-0.0.0-py3.10.egg-info
[2.105s] running install_scripts
[2.149s] Installing listener script to /home/andre/Documents/codes/ros/Pub_sub_simples/src/install/py_pubsub/lib/py_pubsub
[2.151s] Installing talker script to /home/andre/Documents/codes/ros/Pub_sub_simples/src/install/py_pubsub/lib/py_pubsub
[2.152s] writing list of installed files to '/home/andre/Documents/codes/ros/Pub_sub_simples/src/build/py_pubsub/install.log'
[2.198s] Invoked command in '/home/andre/Documents/codes/ros/Pub_sub_simples/src/py_pubsub' returned '0': PYTHONPATH=/home/andre/Documents/codes/ros/Pub_sub_simples/src/build/py_pubsub/prefix_override:/home/andre/Documents/codes/ros/Pub_sub_simples/src/install/py_pubsub/lib/python3.10/site-packages:${PYTHONPATH} /usr/bin/python3 setup.py egg_info --egg-base ../build/py_pubsub build --build-base /home/andre/Documents/codes/ros/Pub_sub_simples/src/build/py_pubsub/build install --record /home/andre/Documents/codes/ros/Pub_sub_simples/src/build/py_pubsub/install.log --single-version-externally-managed
