[0.077s] Invoking command in '/home/andre/Desktop/Git/ROS_estudo/Simulacao_ROS2/src/build/interfaces_to_gazebo': CMAKE_PREFIX_PATH=/opt/ros/humble /usr/bin/cmake --build /home/andre/Desktop/Git/ROS_estudo/Simulacao_ROS2/src/build/interfaces_to_gazebo -- -j4 -l4
[0.503s] [  3%] Built target interfaces_to_gazebo__cpp
[0.572s] [  3%] Built target ament_cmake_python_copy_interfaces_to_gazebo
[0.644s] [ 12%] Built target interfaces_to_gazebo__rosidl_typesupport_fastrtps_cpp
[0.712s] [ 22%] Built target interfaces_to_gazebo__rosidl_typesupport_introspection_cpp
[1.605s] running egg_info
[1.608s] writing interfaces_to_gazebo.egg-info/PKG-INFO
[1.609s] writing dependency_links to interfaces_to_gazebo.egg-info/dependency_links.txt
[1.609s] writing top-level names to interfaces_to_gazebo.egg-info/top_level.txt
[1.619s] reading manifest file 'interfaces_to_gazebo.egg-info/SOURCES.txt'
[1.635s] writing manifest file 'interfaces_to_gazebo.egg-info/SOURCES.txt'
[1.723s] [ 22%] Built target ament_cmake_python_build_interfaces_to_gazebo_egg
[1.792s] [ 32%] Built target interfaces_to_gazebo__rosidl_typesupport_cpp
[1.874s] [ 41%] Built target interfaces_to_gazebo__rosidl_generator_c
[1.942s] [ 51%] Built target interfaces_to_gazebo__rosidl_typesupport_fastrtps_c
[1.994s] [ 61%] Built target interfaces_to_gazebo__rosidl_typesupport_c
[2.069s] [ 70%] Built target interfaces_to_gazebo__rosidl_typesupport_introspection_c
[2.120s] [ 70%] Built target interfaces_to_gazebo
[2.170s] [ 74%] Built target interfaces_to_gazebo__py
[2.219s] [ 80%] Built target interfaces_to_gazebo__rosidl_generator_py
[2.293s] [ 87%] Built target interfaces_to_gazebo__rosidl_typesupport_fastrtps_c__pyext
[2.380s] [ 93%] Built target interfaces_to_gazebo__rosidl_typesupport_c__pyext
[2.470s] [100%] Built target interfaces_to_gazebo__rosidl_typesupport_introspection_c__pyext
[2.517s] Invoked command in '/home/andre/Desktop/Git/ROS_estudo/Simulacao_ROS2/src/build/interfaces_to_gazebo' returned '0': CMAKE_PREFIX_PATH=/opt/ros/humble /usr/bin/cmake --build /home/andre/Desktop/Git/ROS_estudo/Simulacao_ROS2/src/build/interfaces_to_gazebo -- -j4 -l4
[2.741s] Invoking command in '/home/andre/Desktop/Git/ROS_estudo/Simulacao_ROS2/src/build/interfaces_to_gazebo': CMAKE_PREFIX_PATH=/opt/ros/humble /usr/bin/cmake --install /home/andre/Desktop/Git/ROS_estudo/Simulacao_ROS2/src/build/interfaces_to_gazebo
[2.802s] -- Install configuration: ""
[2.802s] -- Up-to-date: /home/andre/Desktop/Git/ROS_estudo/Simulacao_ROS2/src/install/interfaces_to_gazebo/share/ament_index/resource_index/rosidl_interfaces/interfaces_to_gazebo
[2.802s] -- Up-to-date: /home/andre/Desktop/Git/ROS_estudo/Simulacao_ROS2/src/install/interfaces_to_gazebo/include/interfaces_to_gazebo/interfaces_to_gazebo
[2.803s] -- Up-to-date: /home/andre/Desktop/Git/ROS_estudo/Simulacao_ROS2/src/install/interfaces_to_gazebo/include/interfaces_to_gazebo/interfaces_to_gazebo/srv
[2.803s] -- Up-to-date: /home/andre/Desktop/Git/ROS_estudo/Simulacao_ROS2/src/install/interfaces_to_gazebo/include/interfaces_to_gazebo/interfaces_to_gazebo/srv/detail
[2.803s] -- Up-to-date: /home/andre/Desktop/Git/ROS_estudo/Simulacao_ROS2/src/install/interfaces_to_gazebo/include/interfaces_to_gazebo/interfaces_to_gazebo/srv/detail/rqt_laser_scan__functions.h
[2.804s] -- Up-to-date: /home/andre/Desktop/Git/ROS_estudo/Simulacao_ROS2/src/install/interfaces_to_gazebo/include/interfaces_to_gazebo/interfaces_to_gazebo/srv/detail/rqt_laser_scan__type_support.h
[2.804s] -- Up-to-date: /home/andre/Desktop/Git/ROS_estudo/Simulacao_ROS2/src/install/interfaces_to_gazebo/include/interfaces_to_gazebo/interfaces_to_gazebo/srv/detail/rqt_laser_scan__functions.c
[2.804s] -- Up-to-date: /home/andre/Desktop/Git/ROS_estudo/Simulacao_ROS2/src/install/interfaces_to_gazebo/include/interfaces_to_gazebo/interfaces_to_gazebo/srv/detail/rqt_laser_scan__struct.h
[2.804s] -- Up-to-date: /home/andre/Desktop/Git/ROS_estudo/Simulacao_ROS2/src/install/interfaces_to_gazebo/include/interfaces_to_gazebo/interfaces_to_gazebo/srv/rqt_laser_scan.h
[2.810s] -- Up-to-date: /home/andre/Desktop/Git/ROS_estudo/Simulacao_ROS2/src/install/interfaces_to_gazebo/include/interfaces_to_gazebo/interfaces_to_gazebo/msg
[2.810s] -- Up-to-date: /home/andre/Desktop/Git/ROS_estudo/Simulacao_ROS2/src/install/interfaces_to_gazebo/include/interfaces_to_gazebo/interfaces_to_gazebo/msg/rosidl_generator_c__visibility_control.h
[2.810s] -- Up-to-date: /home/andre/Desktop/Git/ROS_estudo/Simulacao_ROS2/src/install/interfaces_to_gazebo/share/interfaces_to_gazebo/environment/library_path.sh
[2.811s] -- Up-to-date: /home/andre/Desktop/Git/ROS_estudo/Simulacao_ROS2/src/install/interfaces_to_gazebo/share/interfaces_to_gazebo/environment/library_path.dsv
[2.811s] -- Up-to-date: /home/andre/Desktop/Git/ROS_estudo/Simulacao_ROS2/src/install/interfaces_to_gazebo/lib/libinterfaces_to_gazebo__rosidl_generator_c.so
[2.812s] -- Up-to-date: /home/andre/Desktop/Git/ROS_estudo/Simulacao_ROS2/src/install/interfaces_to_gazebo/include/interfaces_to_gazebo/interfaces_to_gazebo
[2.813s] -- Up-to-date: /home/andre/Desktop/Git/ROS_estudo/Simulacao_ROS2/src/install/interfaces_to_gazebo/include/interfaces_to_gazebo/interfaces_to_gazebo/srv
[2.814s] -- Up-to-date: /home/andre/Desktop/Git/ROS_estudo/Simulacao_ROS2/src/install/interfaces_to_gazebo/include/interfaces_to_gazebo/interfaces_to_gazebo/srv/detail
[2.815s] -- Up-to-date: /home/andre/Desktop/Git/ROS_estudo/Simulacao_ROS2/src/install/interfaces_to_gazebo/include/interfaces_to_gazebo/interfaces_to_gazebo/srv/detail/rqt_laser_scan__rosidl_typesupport_fastrtps_c.h
[2.820s] -- Up-to-date: /home/andre/Desktop/Git/ROS_estudo/Simulacao_ROS2/src/install/interfaces_to_gazebo/include/interfaces_to_gazebo/interfaces_to_gazebo/msg
[2.820s] -- Up-to-date: /home/andre/Desktop/Git/ROS_estudo/Simulacao_ROS2/src/install/interfaces_to_gazebo/include/interfaces_to_gazebo/interfaces_to_gazebo/msg/rosidl_typesupport_fastrtps_c__visibility_control.h
[2.822s] -- Up-to-date: /home/andre/Desktop/Git/ROS_estudo/Simulacao_ROS2/src/install/interfaces_to_gazebo/lib/libinterfaces_to_gazebo__rosidl_typesupport_fastrtps_c.so
[2.822s] -- Up-to-date: /home/andre/Desktop/Git/ROS_estudo/Simulacao_ROS2/src/install/interfaces_to_gazebo/include/interfaces_to_gazebo/interfaces_to_gazebo
[2.823s] -- Up-to-date: /home/andre/Desktop/Git/ROS_estudo/Simulacao_ROS2/src/install/interfaces_to_gazebo/include/interfaces_to_gazebo/interfaces_to_gazebo/srv
[2.823s] -- Up-to-date: /home/andre/Desktop/Git/ROS_estudo/Simulacao_ROS2/src/install/interfaces_to_gazebo/include/interfaces_to_gazebo/interfaces_to_gazebo/srv/rqt_laser_scan.hpp
[2.823s] -- Up-to-date: /home/andre/Desktop/Git/ROS_estudo/Simulacao_ROS2/src/install/interfaces_to_gazebo/include/interfaces_to_gazebo/interfaces_to_gazebo/srv/detail
[2.832s] -- Up-to-date: /home/andre/Desktop/Git/ROS_estudo/Simulacao_ROS2/src/install/interfaces_to_gazebo/include/interfaces_to_gazebo/interfaces_to_gazebo/srv/detail/rqt_laser_scan__struct.hpp
[2.836s] -- Up-to-date: /home/andre/Desktop/Git/ROS_estudo/Simulacao_ROS2/src/install/interfaces_to_gazebo/include/interfaces_to_gazebo/interfaces_to_gazebo/srv/detail/rqt_laser_scan__builder.hpp
[2.836s] -- Up-to-date: /home/andre/Desktop/Git/ROS_estudo/Simulacao_ROS2/src/install/interfaces_to_gazebo/include/interfaces_to_gazebo/interfaces_to_gazebo/srv/detail/rqt_laser_scan__traits.hpp
[2.836s] -- Up-to-date: /home/andre/Desktop/Git/ROS_estudo/Simulacao_ROS2/src/install/interfaces_to_gazebo/include/interfaces_to_gazebo/interfaces_to_gazebo
[2.836s] -- Up-to-date: /home/andre/Desktop/Git/ROS_estudo/Simulacao_ROS2/src/install/interfaces_to_gazebo/include/interfaces_to_gazebo/interfaces_to_gazebo/srv
[2.837s] -- Up-to-date: /home/andre/Desktop/Git/ROS_estudo/Simulacao_ROS2/src/install/interfaces_to_gazebo/include/interfaces_to_gazebo/interfaces_to_gazebo/srv/detail
[2.837s] -- Up-to-date: /home/andre/Desktop/Git/ROS_estudo/Simulacao_ROS2/src/install/interfaces_to_gazebo/include/interfaces_to_gazebo/interfaces_to_gazebo/srv/detail/rqt_laser_scan__rosidl_typesupport_fastrtps_cpp.hpp
[2.837s] -- Up-to-date: /home/andre/Desktop/Git/ROS_estudo/Simulacao_ROS2/src/install/interfaces_to_gazebo/include/interfaces_to_gazebo/interfaces_to_gazebo/srv/detail/dds_fastrtps
[2.838s] -- Up-to-date: /home/andre/Desktop/Git/ROS_estudo/Simulacao_ROS2/src/install/interfaces_to_gazebo/include/interfaces_to_gazebo/interfaces_to_gazebo/msg
[2.838s] -- Up-to-date: /home/andre/Desktop/Git/ROS_estudo/Simulacao_ROS2/src/install/interfaces_to_gazebo/include/interfaces_to_gazebo/interfaces_to_gazebo/msg/rosidl_typesupport_fastrtps_cpp__visibility_control.h
[2.838s] -- Up-to-date: /home/andre/Desktop/Git/ROS_estudo/Simulacao_ROS2/src/install/interfaces_to_gazebo/lib/libinterfaces_to_gazebo__rosidl_typesupport_fastrtps_cpp.so
[2.838s] -- Up-to-date: /home/andre/Desktop/Git/ROS_estudo/Simulacao_ROS2/src/install/interfaces_to_gazebo/include/interfaces_to_gazebo/interfaces_to_gazebo
[2.838s] -- Up-to-date: /home/andre/Desktop/Git/ROS_estudo/Simulacao_ROS2/src/install/interfaces_to_gazebo/include/interfaces_to_gazebo/interfaces_to_gazebo/srv
[2.839s] -- Up-to-date: /home/andre/Desktop/Git/ROS_estudo/Simulacao_ROS2/src/install/interfaces_to_gazebo/include/interfaces_to_gazebo/interfaces_to_gazebo/srv/detail
[2.839s] -- Up-to-date: /home/andre/Desktop/Git/ROS_estudo/Simulacao_ROS2/src/install/interfaces_to_gazebo/include/interfaces_to_gazebo/interfaces_to_gazebo/srv/detail/rqt_laser_scan__type_support.c
[2.839s] -- Up-to-date: /home/andre/Desktop/Git/ROS_estudo/Simulacao_ROS2/src/install/interfaces_to_gazebo/include/interfaces_to_gazebo/interfaces_to_gazebo/srv/detail/rqt_laser_scan__rosidl_typesupport_introspection_c.h
[2.839s] -- Up-to-date: /home/andre/Desktop/Git/ROS_estudo/Simulacao_ROS2/src/install/interfaces_to_gazebo/include/interfaces_to_gazebo/interfaces_to_gazebo/msg
[2.840s] -- Up-to-date: /home/andre/Desktop/Git/ROS_estudo/Simulacao_ROS2/src/install/interfaces_to_gazebo/include/interfaces_to_gazebo/interfaces_to_gazebo/msg/rosidl_typesupport_introspection_c__visibility_control.h
[2.840s] -- Up-to-date: /home/andre/Desktop/Git/ROS_estudo/Simulacao_ROS2/src/install/interfaces_to_gazebo/lib/libinterfaces_to_gazebo__rosidl_typesupport_introspection_c.so
[2.840s] -- Up-to-date: /home/andre/Desktop/Git/ROS_estudo/Simulacao_ROS2/src/install/interfaces_to_gazebo/lib/libinterfaces_to_gazebo__rosidl_typesupport_c.so
[2.841s] -- Up-to-date: /home/andre/Desktop/Git/ROS_estudo/Simulacao_ROS2/src/install/interfaces_to_gazebo/include/interfaces_to_gazebo/interfaces_to_gazebo
[2.841s] -- Up-to-date: /home/andre/Desktop/Git/ROS_estudo/Simulacao_ROS2/src/install/interfaces_to_gazebo/include/interfaces_to_gazebo/interfaces_to_gazebo/srv
[2.841s] -- Up-to-date: /home/andre/Desktop/Git/ROS_estudo/Simulacao_ROS2/src/install/interfaces_to_gazebo/include/interfaces_to_gazebo/interfaces_to_gazebo/srv/detail
[2.841s] -- Up-to-date: /home/andre/Desktop/Git/ROS_estudo/Simulacao_ROS2/src/install/interfaces_to_gazebo/include/interfaces_to_gazebo/interfaces_to_gazebo/srv/detail/rqt_laser_scan__rosidl_typesupport_introspection_cpp.hpp
[2.841s] -- Up-to-date: /home/andre/Desktop/Git/ROS_estudo/Simulacao_ROS2/src/install/interfaces_to_gazebo/include/interfaces_to_gazebo/interfaces_to_gazebo/srv/detail/rqt_laser_scan__type_support.cpp
[2.842s] -- Up-to-date: /home/andre/Desktop/Git/ROS_estudo/Simulacao_ROS2/src/install/interfaces_to_gazebo/lib/libinterfaces_to_gazebo__rosidl_typesupport_introspection_cpp.so
[2.842s] -- Up-to-date: /home/andre/Desktop/Git/ROS_estudo/Simulacao_ROS2/src/install/interfaces_to_gazebo/lib/libinterfaces_to_gazebo__rosidl_typesupport_cpp.so
[2.842s] -- Up-to-date: /home/andre/Desktop/Git/ROS_estudo/Simulacao_ROS2/src/install/interfaces_to_gazebo/share/interfaces_to_gazebo/environment/pythonpath.sh
[2.842s] -- Up-to-date: /home/andre/Desktop/Git/ROS_estudo/Simulacao_ROS2/src/install/interfaces_to_gazebo/share/interfaces_to_gazebo/environment/pythonpath.dsv
[2.843s] -- Up-to-date: /home/andre/Desktop/Git/ROS_estudo/Simulacao_ROS2/src/install/interfaces_to_gazebo/local/lib/python3.10/dist-packages/interfaces_to_gazebo-0.0.0-py3.10.egg-info
[2.843s] -- Installing: /home/andre/Desktop/Git/ROS_estudo/Simulacao_ROS2/src/install/interfaces_to_gazebo/local/lib/python3.10/dist-packages/interfaces_to_gazebo-0.0.0-py3.10.egg-info/dependency_links.txt
[2.843s] -- Installing: /home/andre/Desktop/Git/ROS_estudo/Simulacao_ROS2/src/install/interfaces_to_gazebo/local/lib/python3.10/dist-packages/interfaces_to_gazebo-0.0.0-py3.10.egg-info/top_level.txt
[2.843s] -- Installing: /home/andre/Desktop/Git/ROS_estudo/Simulacao_ROS2/src/install/interfaces_to_gazebo/local/lib/python3.10/dist-packages/interfaces_to_gazebo-0.0.0-py3.10.egg-info/PKG-INFO
[2.844s] -- Installing: /home/andre/Desktop/Git/ROS_estudo/Simulacao_ROS2/src/install/interfaces_to_gazebo/local/lib/python3.10/dist-packages/interfaces_to_gazebo-0.0.0-py3.10.egg-info/SOURCES.txt
[2.844s] -- Up-to-date: /home/andre/Desktop/Git/ROS_estudo/Simulacao_ROS2/src/install/interfaces_to_gazebo/local/lib/python3.10/dist-packages/interfaces_to_gazebo
[2.844s] -- Up-to-date: /home/andre/Desktop/Git/ROS_estudo/Simulacao_ROS2/src/install/interfaces_to_gazebo/local/lib/python3.10/dist-packages/interfaces_to_gazebo/srv
[2.844s] -- Up-to-date: /home/andre/Desktop/Git/ROS_estudo/Simulacao_ROS2/src/install/interfaces_to_gazebo/local/lib/python3.10/dist-packages/interfaces_to_gazebo/srv/__init__.py
[2.845s] -- Up-to-date: /home/andre/Desktop/Git/ROS_estudo/Simulacao_ROS2/src/install/interfaces_to_gazebo/local/lib/python3.10/dist-packages/interfaces_to_gazebo/srv/_rqt_laser_scan_s.c
[2.845s] -- Up-to-date: /home/andre/Desktop/Git/ROS_estudo/Simulacao_ROS2/src/install/interfaces_to_gazebo/local/lib/python3.10/dist-packages/interfaces_to_gazebo/srv/_rqt_laser_scan.py
[2.845s] -- Up-to-date: /home/andre/Desktop/Git/ROS_estudo/Simulacao_ROS2/src/install/interfaces_to_gazebo/local/lib/python3.10/dist-packages/interfaces_to_gazebo/interfaces_to_gazebo_s__rosidl_typesupport_introspection_c.cpython-310-x86_64-linux-gnu.so
[2.845s] -- Up-to-date: /home/andre/Desktop/Git/ROS_estudo/Simulacao_ROS2/src/install/interfaces_to_gazebo/local/lib/python3.10/dist-packages/interfaces_to_gazebo/__init__.py
[2.845s] -- Up-to-date: /home/andre/Desktop/Git/ROS_estudo/Simulacao_ROS2/src/install/interfaces_to_gazebo/local/lib/python3.10/dist-packages/interfaces_to_gazebo/libinterfaces_to_gazebo__rosidl_generator_py.so
[2.846s] -- Up-to-date: /home/andre/Desktop/Git/ROS_estudo/Simulacao_ROS2/src/install/interfaces_to_gazebo/local/lib/python3.10/dist-packages/interfaces_to_gazebo/interfaces_to_gazebo_s__rosidl_typesupport_c.cpython-310-x86_64-linux-gnu.so
[2.846s] -- Up-to-date: /home/andre/Desktop/Git/ROS_estudo/Simulacao_ROS2/src/install/interfaces_to_gazebo/local/lib/python3.10/dist-packages/interfaces_to_gazebo/interfaces_to_gazebo_s__rosidl_typesupport_fastrtps_c.cpython-310-x86_64-linux-gnu.so
[2.846s] -- Up-to-date: /home/andre/Desktop/Git/ROS_estudo/Simulacao_ROS2/src/install/interfaces_to_gazebo/local/lib/python3.10/dist-packages/interfaces_to_gazebo/_interfaces_to_gazebo_s.ep.rosidl_typesupport_c.c
[2.846s] -- Up-to-date: /home/andre/Desktop/Git/ROS_estudo/Simulacao_ROS2/src/install/interfaces_to_gazebo/local/lib/python3.10/dist-packages/interfaces_to_gazebo/_interfaces_to_gazebo_s.ep.rosidl_typesupport_fastrtps_c.c
[2.847s] -- Up-to-date: /home/andre/Desktop/Git/ROS_estudo/Simulacao_ROS2/src/install/interfaces_to_gazebo/local/lib/python3.10/dist-packages/interfaces_to_gazebo/_interfaces_to_gazebo_s.ep.rosidl_typesupport_introspection_c.c
[3.014s] Listing '/home/andre/Desktop/Git/ROS_estudo/Simulacao_ROS2/src/install/interfaces_to_gazebo/local/lib/python3.10/dist-packages/interfaces_to_gazebo'...
[3.015s] Listing '/home/andre/Desktop/Git/ROS_estudo/Simulacao_ROS2/src/install/interfaces_to_gazebo/local/lib/python3.10/dist-packages/interfaces_to_gazebo/srv'...
[3.041s] -- Up-to-date: /home/andre/Desktop/Git/ROS_estudo/Simulacao_ROS2/src/install/interfaces_to_gazebo/local/lib/python3.10/dist-packages/interfaces_to_gazebo/interfaces_to_gazebo_s__rosidl_typesupport_fastrtps_c.cpython-310-x86_64-linux-gnu.so
[3.043s] -- Up-to-date: /home/andre/Desktop/Git/ROS_estudo/Simulacao_ROS2/src/install/interfaces_to_gazebo/local/lib/python3.10/dist-packages/interfaces_to_gazebo/interfaces_to_gazebo_s__rosidl_typesupport_introspection_c.cpython-310-x86_64-linux-gnu.so
[3.044s] -- Up-to-date: /home/andre/Desktop/Git/ROS_estudo/Simulacao_ROS2/src/install/interfaces_to_gazebo/local/lib/python3.10/dist-packages/interfaces_to_gazebo/interfaces_to_gazebo_s__rosidl_typesupport_c.cpython-310-x86_64-linux-gnu.so
[3.044s] -- Up-to-date: /home/andre/Desktop/Git/ROS_estudo/Simulacao_ROS2/src/install/interfaces_to_gazebo/lib/libinterfaces_to_gazebo__rosidl_generator_py.so
[3.044s] -- Up-to-date: /home/andre/Desktop/Git/ROS_estudo/Simulacao_ROS2/src/install/interfaces_to_gazebo/share/interfaces_to_gazebo/srv/RqtLaserScan.idl
[3.045s] -- Up-to-date: /home/andre/Desktop/Git/ROS_estudo/Simulacao_ROS2/src/install/interfaces_to_gazebo/share/interfaces_to_gazebo/srv/RqtLaserScan.srv
[3.051s] -- Up-to-date: /home/andre/Desktop/Git/ROS_estudo/Simulacao_ROS2/src/install/interfaces_to_gazebo/share/interfaces_to_gazebo/srv/RqtLaserScan_Request.msg
[3.052s] -- Up-to-date: /home/andre/Desktop/Git/ROS_estudo/Simulacao_ROS2/src/install/interfaces_to_gazebo/share/interfaces_to_gazebo/srv/RqtLaserScan_Response.msg
[3.052s] -- Up-to-date: /home/andre/Desktop/Git/ROS_estudo/Simulacao_ROS2/src/install/interfaces_to_gazebo/share/ament_index/resource_index/package_run_dependencies/interfaces_to_gazebo
[3.053s] -- Up-to-date: /home/andre/Desktop/Git/ROS_estudo/Simulacao_ROS2/src/install/interfaces_to_gazebo/share/ament_index/resource_index/parent_prefix_path/interfaces_to_gazebo
[3.055s] -- Up-to-date: /home/andre/Desktop/Git/ROS_estudo/Simulacao_ROS2/src/install/interfaces_to_gazebo/share/interfaces_to_gazebo/environment/ament_prefix_path.sh
[3.055s] -- Up-to-date: /home/andre/Desktop/Git/ROS_estudo/Simulacao_ROS2/src/install/interfaces_to_gazebo/share/interfaces_to_gazebo/environment/ament_prefix_path.dsv
[3.055s] -- Up-to-date: /home/andre/Desktop/Git/ROS_estudo/Simulacao_ROS2/src/install/interfaces_to_gazebo/share/interfaces_to_gazebo/environment/path.sh
[3.056s] -- Up-to-date: /home/andre/Desktop/Git/ROS_estudo/Simulacao_ROS2/src/install/interfaces_to_gazebo/share/interfaces_to_gazebo/environment/path.dsv
[3.056s] -- Up-to-date: /home/andre/Desktop/Git/ROS_estudo/Simulacao_ROS2/src/install/interfaces_to_gazebo/share/interfaces_to_gazebo/local_setup.bash
[3.056s] -- Up-to-date: /home/andre/Desktop/Git/ROS_estudo/Simulacao_ROS2/src/install/interfaces_to_gazebo/share/interfaces_to_gazebo/local_setup.sh
[3.056s] -- Up-to-date: /home/andre/Desktop/Git/ROS_estudo/Simulacao_ROS2/src/install/interfaces_to_gazebo/share/interfaces_to_gazebo/local_setup.zsh
[3.057s] -- Up-to-date: /home/andre/Desktop/Git/ROS_estudo/Simulacao_ROS2/src/install/interfaces_to_gazebo/share/interfaces_to_gazebo/local_setup.dsv
[3.058s] -- Installing: /home/andre/Desktop/Git/ROS_estudo/Simulacao_ROS2/src/install/interfaces_to_gazebo/share/interfaces_to_gazebo/package.dsv
[3.058s] -- Up-to-date: /home/andre/Desktop/Git/ROS_estudo/Simulacao_ROS2/src/install/interfaces_to_gazebo/share/ament_index/resource_index/packages/interfaces_to_gazebo
[3.059s] -- Up-to-date: /home/andre/Desktop/Git/ROS_estudo/Simulacao_ROS2/src/install/interfaces_to_gazebo/share/interfaces_to_gazebo/cmake/export_interfaces_to_gazebo__rosidl_generator_cExport.cmake
[3.066s] -- Up-to-date: /home/andre/Desktop/Git/ROS_estudo/Simulacao_ROS2/src/install/interfaces_to_gazebo/share/interfaces_to_gazebo/cmake/export_interfaces_to_gazebo__rosidl_generator_cExport-noconfig.cmake
[3.067s] -- Up-to-date: /home/andre/Desktop/Git/ROS_estudo/Simulacao_ROS2/src/install/interfaces_to_gazebo/share/interfaces_to_gazebo/cmake/export_interfaces_to_gazebo__rosidl_typesupport_fastrtps_cExport.cmake
[3.067s] -- Up-to-date: /home/andre/Desktop/Git/ROS_estudo/Simulacao_ROS2/src/install/interfaces_to_gazebo/share/interfaces_to_gazebo/cmake/export_interfaces_to_gazebo__rosidl_typesupport_fastrtps_cExport-noconfig.cmake
[3.068s] -- Up-to-date: /home/andre/Desktop/Git/ROS_estudo/Simulacao_ROS2/src/install/interfaces_to_gazebo/share/interfaces_to_gazebo/cmake/export_interfaces_to_gazebo__rosidl_generator_cppExport.cmake
[3.068s] -- Up-to-date: /home/andre/Desktop/Git/ROS_estudo/Simulacao_ROS2/src/install/interfaces_to_gazebo/share/interfaces_to_gazebo/cmake/export_interfaces_to_gazebo__rosidl_typesupport_fastrtps_cppExport.cmake
[3.068s] -- Up-to-date: /home/andre/Desktop/Git/ROS_estudo/Simulacao_ROS2/src/install/interfaces_to_gazebo/share/interfaces_to_gazebo/cmake/export_interfaces_to_gazebo__rosidl_typesupport_fastrtps_cppExport-noconfig.cmake
[3.069s] -- Up-to-date: /home/andre/Desktop/Git/ROS_estudo/Simulacao_ROS2/src/install/interfaces_to_gazebo/share/interfaces_to_gazebo/cmake/interfaces_to_gazebo__rosidl_typesupport_introspection_cExport.cmake
[3.069s] -- Up-to-date: /home/andre/Desktop/Git/ROS_estudo/Simulacao_ROS2/src/install/interfaces_to_gazebo/share/interfaces_to_gazebo/cmake/interfaces_to_gazebo__rosidl_typesupport_introspection_cExport-noconfig.cmake
[3.070s] -- Up-to-date: /home/andre/Desktop/Git/ROS_estudo/Simulacao_ROS2/src/install/interfaces_to_gazebo/share/interfaces_to_gazebo/cmake/interfaces_to_gazebo__rosidl_typesupport_cExport.cmake
[3.070s] -- Up-to-date: /home/andre/Desktop/Git/ROS_estudo/Simulacao_ROS2/src/install/interfaces_to_gazebo/share/interfaces_to_gazebo/cmake/interfaces_to_gazebo__rosidl_typesupport_cExport-noconfig.cmake
[3.070s] -- Up-to-date: /home/andre/Desktop/Git/ROS_estudo/Simulacao_ROS2/src/install/interfaces_to_gazebo/share/interfaces_to_gazebo/cmake/interfaces_to_gazebo__rosidl_typesupport_introspection_cppExport.cmake
[3.070s] -- Up-to-date: /home/andre/Desktop/Git/ROS_estudo/Simulacao_ROS2/src/install/interfaces_to_gazebo/share/interfaces_to_gazebo/cmake/interfaces_to_gazebo__rosidl_typesupport_introspection_cppExport-noconfig.cmake
[3.071s] -- Up-to-date: /home/andre/Desktop/Git/ROS_estudo/Simulacao_ROS2/src/install/interfaces_to_gazebo/share/interfaces_to_gazebo/cmake/interfaces_to_gazebo__rosidl_typesupport_cppExport.cmake
[3.071s] -- Up-to-date: /home/andre/Desktop/Git/ROS_estudo/Simulacao_ROS2/src/install/interfaces_to_gazebo/share/interfaces_to_gazebo/cmake/interfaces_to_gazebo__rosidl_typesupport_cppExport-noconfig.cmake
[3.071s] -- Up-to-date: /home/andre/Desktop/Git/ROS_estudo/Simulacao_ROS2/src/install/interfaces_to_gazebo/share/interfaces_to_gazebo/cmake/export_interfaces_to_gazebo__rosidl_generator_pyExport.cmake
[3.071s] -- Up-to-date: /home/andre/Desktop/Git/ROS_estudo/Simulacao_ROS2/src/install/interfaces_to_gazebo/share/interfaces_to_gazebo/cmake/export_interfaces_to_gazebo__rosidl_generator_pyExport-noconfig.cmake
[3.072s] -- Up-to-date: /home/andre/Desktop/Git/ROS_estudo/Simulacao_ROS2/src/install/interfaces_to_gazebo/share/interfaces_to_gazebo/cmake/rosidl_cmake-extras.cmake
[3.072s] -- Up-to-date: /home/andre/Desktop/Git/ROS_estudo/Simulacao_ROS2/src/install/interfaces_to_gazebo/share/interfaces_to_gazebo/cmake/ament_cmake_export_dependencies-extras.cmake
[3.072s] -- Up-to-date: /home/andre/Desktop/Git/ROS_estudo/Simulacao_ROS2/src/install/interfaces_to_gazebo/share/interfaces_to_gazebo/cmake/ament_cmake_export_include_directories-extras.cmake
[3.072s] -- Up-to-date: /home/andre/Desktop/Git/ROS_estudo/Simulacao_ROS2/src/install/interfaces_to_gazebo/share/interfaces_to_gazebo/cmake/ament_cmake_export_libraries-extras.cmake
[3.072s] -- Up-to-date: /home/andre/Desktop/Git/ROS_estudo/Simulacao_ROS2/src/install/interfaces_to_gazebo/share/interfaces_to_gazebo/cmake/ament_cmake_export_targets-extras.cmake
[3.073s] -- Up-to-date: /home/andre/Desktop/Git/ROS_estudo/Simulacao_ROS2/src/install/interfaces_to_gazebo/share/interfaces_to_gazebo/cmake/rosidl_cmake_export_typesupport_targets-extras.cmake
[3.073s] -- Up-to-date: /home/andre/Desktop/Git/ROS_estudo/Simulacao_ROS2/src/install/interfaces_to_gazebo/share/interfaces_to_gazebo/cmake/rosidl_cmake_export_typesupport_libraries-extras.cmake
[3.073s] -- Up-to-date: /home/andre/Desktop/Git/ROS_estudo/Simulacao_ROS2/src/install/interfaces_to_gazebo/share/interfaces_to_gazebo/cmake/interfaces_to_gazeboConfig.cmake
[3.073s] -- Up-to-date: /home/andre/Desktop/Git/ROS_estudo/Simulacao_ROS2/src/install/interfaces_to_gazebo/share/interfaces_to_gazebo/cmake/interfaces_to_gazeboConfig-version.cmake
[3.074s] -- Up-to-date: /home/andre/Desktop/Git/ROS_estudo/Simulacao_ROS2/src/install/interfaces_to_gazebo/share/interfaces_to_gazebo/package.xml
[3.090s] Invoked command in '/home/andre/Desktop/Git/ROS_estudo/Simulacao_ROS2/src/build/interfaces_to_gazebo' returned '0': CMAKE_PREFIX_PATH=/opt/ros/humble /usr/bin/cmake --install /home/andre/Desktop/Git/ROS_estudo/Simulacao_ROS2/src/build/interfaces_to_gazebo
