[1.126s] Invoking command in '/home/andre/Desktop/Git/ROS_estudo/Service_custom/src/py_srvcli': PYTHONPATH=/home/andre/Desktop/Git/ROS_estudo/Service_custom/src/build/py_srvcli/prefix_override:/home/andre/Desktop/Git/ROS_estudo/Service_custom/src/install/py_srvcli/lib/python3.10/site-packages:${PYTHONPATH} /usr/bin/python3 setup.py egg_info --egg-base ../build/py_srvcli build --build-base /home/andre/Desktop/Git/ROS_estudo/Service_custom/src/build/py_srvcli/build install --record /home/andre/Desktop/Git/ROS_estudo/Service_custom/src/build/py_srvcli/install.log --single-version-externally-managed
[1.557s] running egg_info
[1.558s] writing ../build/py_srvcli/py_srvcli.egg-info/PKG-INFO
[1.559s] writing dependency_links to ../build/py_srvcli/py_srvcli.egg-info/dependency_links.txt
[1.559s] writing entry points to ../build/py_srvcli/py_srvcli.egg-info/entry_points.txt
[1.559s] writing requirements to ../build/py_srvcli/py_srvcli.egg-info/requires.txt
[1.559s] writing top-level names to ../build/py_srvcli/py_srvcli.egg-info/top_level.txt
[1.562s] reading manifest file '../build/py_srvcli/py_srvcli.egg-info/SOURCES.txt'
[1.564s] writing manifest file '../build/py_srvcli/py_srvcli.egg-info/SOURCES.txt'
[1.564s] running build
[1.564s] running build_py
[1.564s] copying py_srvcli/client.py -> /home/andre/Desktop/Git/ROS_estudo/Service_custom/src/build/py_srvcli/build/lib/py_srvcli
[1.565s] copying py_srvcli/service.py -> /home/andre/Desktop/Git/ROS_estudo/Service_custom/src/build/py_srvcli/build/lib/py_srvcli
[1.565s] running install
[1.566s] /usr/lib/python3/dist-packages/setuptools/command/install.py:34: SetuptoolsDeprecationWarning: setup.py install is deprecated. Use build and pip and other standards-based tools.
[1.566s]   warnings.warn(
[1.566s] running install_lib
[1.567s] copying /home/andre/Desktop/Git/ROS_estudo/Service_custom/src/build/py_srvcli/build/lib/py_srvcli/client.py -> /home/andre/Desktop/Git/ROS_estudo/Service_custom/src/install/py_srvcli/lib/python3.10/site-packages/py_srvcli
[1.568s] copying /home/andre/Desktop/Git/ROS_estudo/Service_custom/src/build/py_srvcli/build/lib/py_srvcli/service.py -> /home/andre/Desktop/Git/ROS_estudo/Service_custom/src/install/py_srvcli/lib/python3.10/site-packages/py_srvcli
[1.569s] byte-compiling /home/andre/Desktop/Git/ROS_estudo/Service_custom/src/install/py_srvcli/lib/python3.10/site-packages/py_srvcli/client.py to client.cpython-310.pyc
[1.570s] byte-compiling /home/andre/Desktop/Git/ROS_estudo/Service_custom/src/install/py_srvcli/lib/python3.10/site-packages/py_srvcli/service.py to service.cpython-310.pyc
[1.571s] running install_data
[1.571s] copying package.xml -> /home/andre/Desktop/Git/ROS_estudo/Service_custom/src/install/py_srvcli/share/py_srvcli
[1.572s] running install_egg_info
[1.574s] removing '/home/andre/Desktop/Git/ROS_estudo/Service_custom/src/install/py_srvcli/lib/python3.10/site-packages/py_srvcli-0.0.0-py3.10.egg-info' (and everything under it)
[1.575s] Copying ../build/py_srvcli/py_srvcli.egg-info to /home/andre/Desktop/Git/ROS_estudo/Service_custom/src/install/py_srvcli/lib/python3.10/site-packages/py_srvcli-0.0.0-py3.10.egg-info
[1.577s] running install_scripts
[1.614s] Installing client script to /home/andre/Desktop/Git/ROS_estudo/Service_custom/src/install/py_srvcli/lib/py_srvcli
[1.614s] Installing service script to /home/andre/Desktop/Git/ROS_estudo/Service_custom/src/install/py_srvcli/lib/py_srvcli
[1.615s] writing list of installed files to '/home/andre/Desktop/Git/ROS_estudo/Service_custom/src/build/py_srvcli/install.log'
[1.665s] Invoked command in '/home/andre/Desktop/Git/ROS_estudo/Service_custom/src/py_srvcli' returned '0': PYTHONPATH=/home/andre/Desktop/Git/ROS_estudo/Service_custom/src/build/py_srvcli/prefix_override:/home/andre/Desktop/Git/ROS_estudo/Service_custom/src/install/py_srvcli/lib/python3.10/site-packages:${PYTHONPATH} /usr/bin/python3 setup.py egg_info --egg-base ../build/py_srvcli build --build-base /home/andre/Desktop/Git/ROS_estudo/Service_custom/src/build/py_srvcli/build install --record /home/andre/Desktop/Git/ROS_estudo/Service_custom/src/build/py_srvcli/install.log --single-version-externally-managed
