-- Found ament_cmake: 1.3.3 (/opt/ros/humble/share/ament_cmake/cmake)
-- Found ament_lint_auto: 0.12.5 (/opt/ros/humble/share/ament_lint_auto/cmake)
-- Found geometry_msgs: 4.2.3 (/opt/ros/humble/share/geometry_msgs/cmake)
-- Found rosidl_generator_c: 3.1.4 (/opt/ros/humble/share/rosidl_generator_c/cmake)
-- Found rosidl_adapter: 3.1.4 (/opt/ros/humble/share/rosidl_adapter/cmake)
-- Found rosidl_generator_cpp: 3.1.4 (/opt/ros/humble/share/rosidl_generator_cpp/cmake)
-- Using all available rosidl_typesupport_c: rosidl_typesupport_fastrtps_c;rosidl_typesupport_introspection_c
-- Using all available rosidl_typesupport_cpp: rosidl_typesupport_fastrtps_cpp;rosidl_typesupport_introspection_cpp
-- Found rosidl_default_generators: 1.2.0 (/opt/ros/humble/share/rosidl_default_generators/cmake)
-- Found ament_cmake_ros: 0.10.0 (/opt/ros/humble/share/ament_cmake_ros/cmake)
-- Using all available rosidl_typesupport_c: rosidl_typesupport_fastrtps_c;rosidl_typesupport_introspection_c
-- Using all available rosidl_typesupport_cpp: rosidl_typesupport_fastrtps_cpp;rosidl_typesupport_introspection_cpp
-- Found PythonInterp: /usr/bin/python3 (found suitable version "3.10.6", minimum required is "3.6") 
-- Found python_cmake_module: 0.10.0 (/opt/ros/humble/share/python_cmake_module/cmake)
-- Found PythonLibs: /usr/lib/x86_64-linux-gnu/libpython3.10.so (found suitable version "3.10.6", minimum required is "3.5") 
-- Using PYTHON_EXECUTABLE: /usr/bin/python3
-- Using PYTHON_INCLUDE_DIRS: /usr/include/python3.10
-- Using PYTHON_LIBRARIES: /usr/lib/x86_64-linux-gnu/libpython3.10.so
-- Found PythonExtra: .so  
-- Added test 'cppcheck' to perform static code analysis on C / C++ code
-- Configured cppcheck include dirs: $<BUILD_INTERFACE:/home/andre/Desktop/Git/ROS_estudo/Simulacao_ROS2/src/interfaces_to_gazebo/build/interfaces_to_gazebo/rosidl_generator_c>;$<BUILD_INTERFACE:/home/andre/Desktop/Git/ROS_estudo/Simulacao_ROS2/src/interfaces_to_gazebo/build/interfaces_to_gazebo/rosidl_typesupport_fastrtps_c>;$<BUILD_INTERFACE:/home/andre/Desktop/Git/ROS_estudo/Simulacao_ROS2/src/interfaces_to_gazebo/build/interfaces_to_gazebo/rosidl_generator_cpp>;$<BUILD_INTERFACE:/home/andre/Desktop/Git/ROS_estudo/Simulacao_ROS2/src/interfaces_to_gazebo/build/interfaces_to_gazebo/rosidl_typesupport_fastrtps_cpp>;$<BUILD_INTERFACE:/home/andre/Desktop/Git/ROS_estudo/Simulacao_ROS2/src/interfaces_to_gazebo/build/interfaces_to_gazebo/rosidl_typesupport_introspection_c>;$<BUILD_INTERFACE:/home/andre/Desktop/Git/ROS_estudo/Simulacao_ROS2/src/interfaces_to_gazebo/build/interfaces_to_gazebo/rosidl_typesupport_introspection_cpp>;/home/andre/Desktop/Git/ROS_estudo/Simulacao_ROS2/src/interfaces_to_gazebo/build/interfaces_to_gazebo/rosidl_generator_c;/home/andre/Desktop/Git/ROS_estudo/Simulacao_ROS2/src/interfaces_to_gazebo/build/interfaces_to_gazebo/rosidl_generator_py
-- Configured cppcheck exclude dirs and/or files: 
-- Added test 'flake8' to check Python code syntax and style conventions
-- Added test 'lint_cmake' to check CMake code style
-- Added test 'pep257' to check Python code against some of the docstring style conventions in PEP 257
-- Added test 'uncrustify' to check C / C++ code style
-- Configured uncrustify additional arguments: 
-- Added test 'xmllint' to check XML markup files
-- Configuring done
-- Generating done
-- Build files have been written to: /home/andre/Desktop/Git/ROS_estudo/Simulacao_ROS2/src/interfaces_to_gazebo/build/interfaces_to_gazebo
[  3%] [34m[1mGenerating C code for ROS interfaces[0m
[  6%] [34m[1mGenerating C++ code for ROS interfaces[0m
[  6%] Built target ament_cmake_python_copy_interfaces_to_gazebo
running egg_info
creating interfaces_to_gazebo.egg-info
writing interfaces_to_gazebo.egg-info/PKG-INFO
writing dependency_links to interfaces_to_gazebo.egg-info/dependency_links.txt
writing top-level names to interfaces_to_gazebo.egg-info/top_level.txt
writing manifest file 'interfaces_to_gazebo.egg-info/SOURCES.txt'
reading manifest file 'interfaces_to_gazebo.egg-info/SOURCES.txt'
writing manifest file 'interfaces_to_gazebo.egg-info/SOURCES.txt'
[  6%] Built target ament_cmake_python_build_interfaces_to_gazebo_egg
[  6%] Built target interfaces_to_gazebo__cpp
[  9%] [32mBuilding C object CMakeFiles/interfaces_to_gazebo__rosidl_generator_c.dir/rosidl_generator_c/interfaces_to_gazebo/srv/detail/rqt_laser_scan__functions.c.o[0m
[ 12%] [34m[1mGenerating C++ type support for eProsima Fast-RTPS[0m
[ 16%] [34m[1mGenerating C++ type support dispatch for ROS interfaces[0m
[ 19%] [34m[1mGenerating C++ introspection for ROS interfaces[0m
[ 22%] [32m[1mLinking C shared library libinterfaces_to_gazebo__rosidl_generator_c.so[0m
[ 22%] Built target interfaces_to_gazebo__rosidl_generator_c
[ 25%] [34m[1mGenerating C type support for eProsima Fast-RTPS[0m
[ 29%] [32mBuilding CXX object CMakeFiles/interfaces_to_gazebo__rosidl_typesupport_cpp.dir/rosidl_typesupport_cpp/interfaces_to_gazebo/srv/rqt_laser_scan__type_support.cpp.o[0m
[ 32%] [32mBuilding CXX object CMakeFiles/interfaces_to_gazebo__rosidl_typesupport_introspection_cpp.dir/rosidl_typesupport_introspection_cpp/interfaces_to_gazebo/srv/detail/rqt_laser_scan__type_support.cpp.o[0m
[ 35%] [32mBuilding CXX object CMakeFiles/interfaces_to_gazebo__rosidl_typesupport_fastrtps_cpp.dir/rosidl_typesupport_fastrtps_cpp/interfaces_to_gazebo/srv/detail/dds_fastrtps/rqt_laser_scan__type_support.cpp.o[0m
[ 38%] [32mBuilding CXX object CMakeFiles/interfaces_to_gazebo__rosidl_typesupport_fastrtps_c.dir/rosidl_typesupport_fastrtps_c/interfaces_to_gazebo/srv/detail/rqt_laser_scan__type_support_c.cpp.o[0m
[ 41%] [32m[1mLinking CXX shared library libinterfaces_to_gazebo__rosidl_typesupport_cpp.so[0m
[ 41%] Built target interfaces_to_gazebo__rosidl_typesupport_cpp
[ 45%] [32m[1mLinking CXX shared library libinterfaces_to_gazebo__rosidl_typesupport_fastrtps_c.so[0m
[ 48%] [32m[1mLinking CXX shared library libinterfaces_to_gazebo__rosidl_typesupport_introspection_cpp.so[0m
[ 51%] [32m[1mLinking CXX shared library libinterfaces_to_gazebo__rosidl_typesupport_fastrtps_cpp.so[0m
[ 51%] Built target interfaces_to_gazebo__rosidl_typesupport_fastrtps_c
[ 51%] Built target interfaces_to_gazebo__rosidl_typesupport_introspection_cpp
[ 51%] Built target interfaces_to_gazebo__rosidl_typesupport_fastrtps_cpp
[ 54%] [34m[1mGenerating C type support dispatch for ROS interfaces[0m
[ 58%] [32mBuilding CXX object CMakeFiles/interfaces_to_gazebo__rosidl_typesupport_c.dir/rosidl_typesupport_c/interfaces_to_gazebo/srv/rqt_laser_scan__type_support.cpp.o[0m
[ 61%] [32m[1mLinking CXX shared library libinterfaces_to_gazebo__rosidl_typesupport_c.so[0m
[ 61%] Built target interfaces_to_gazebo__rosidl_typesupport_c
[ 64%] [34m[1mGenerating C introspection for ROS interfaces[0m
[ 67%] [32mBuilding C object CMakeFiles/interfaces_to_gazebo__rosidl_typesupport_introspection_c.dir/rosidl_typesupport_introspection_c/interfaces_to_gazebo/srv/detail/rqt_laser_scan__type_support.c.o[0m
[ 70%] [32m[1mLinking C shared library libinterfaces_to_gazebo__rosidl_typesupport_introspection_c.so[0m
[ 70%] Built target interfaces_to_gazebo__rosidl_typesupport_introspection_c
[ 70%] Built target interfaces_to_gazebo
[ 74%] [34m[1mGenerating Python code for ROS interfaces[0m
[ 74%] Built target interfaces_to_gazebo__py
[ 77%] [32mBuilding C object CMakeFiles/interfaces_to_gazebo__rosidl_generator_py.dir/rosidl_generator_py/interfaces_to_gazebo/srv/_rqt_laser_scan_s.c.o[0m
[ 80%] [32m[1mLinking C shared library rosidl_generator_py/interfaces_to_gazebo/libinterfaces_to_gazebo__rosidl_generator_py.so[0m
[ 80%] Built target interfaces_to_gazebo__rosidl_generator_py
[ 83%] [32mBuilding C object CMakeFiles/interfaces_to_gazebo__rosidl_typesupport_fastrtps_c__pyext.dir/rosidl_generator_py/interfaces_to_gazebo/_interfaces_to_gazebo_s.ep.rosidl_typesupport_fastrtps_c.c.o[0m
[ 87%] [32m[1mLinking C shared library rosidl_generator_py/interfaces_to_gazebo/interfaces_to_gazebo_s__rosidl_typesupport_fastrtps_c.cpython-310-x86_64-linux-gnu.so[0m
[ 87%] Built target interfaces_to_gazebo__rosidl_typesupport_fastrtps_c__pyext
[ 90%] [32mBuilding C object CMakeFiles/interfaces_to_gazebo__rosidl_typesupport_c__pyext.dir/rosidl_generator_py/interfaces_to_gazebo/_interfaces_to_gazebo_s.ep.rosidl_typesupport_c.c.o[0m
[ 93%] [32m[1mLinking C shared library rosidl_generator_py/interfaces_to_gazebo/interfaces_to_gazebo_s__rosidl_typesupport_c.cpython-310-x86_64-linux-gnu.so[0m
[ 93%] Built target interfaces_to_gazebo__rosidl_typesupport_c__pyext
[ 96%] [32mBuilding C object CMakeFiles/interfaces_to_gazebo__rosidl_typesupport_introspection_c__pyext.dir/rosidl_generator_py/interfaces_to_gazebo/_interfaces_to_gazebo_s.ep.rosidl_typesupport_introspection_c.c.o[0m
[100%] [32m[1mLinking C shared library rosidl_generator_py/interfaces_to_gazebo/interfaces_to_gazebo_s__rosidl_typesupport_introspection_c.cpython-310-x86_64-linux-gnu.so[0m
[100%] Built target interfaces_to_gazebo__rosidl_typesupport_introspection_c__pyext
-- Install configuration: ""
-- Installing: /home/andre/Desktop/Git/ROS_estudo/Simulacao_ROS2/src/interfaces_to_gazebo/install/interfaces_to_gazebo/share/ament_index/resource_index/rosidl_interfaces/interfaces_to_gazebo
-- Installing: /home/andre/Desktop/Git/ROS_estudo/Simulacao_ROS2/src/interfaces_to_gazebo/install/interfaces_to_gazebo/include/interfaces_to_gazebo/interfaces_to_gazebo
-- Installing: /home/andre/Desktop/Git/ROS_estudo/Simulacao_ROS2/src/interfaces_to_gazebo/install/interfaces_to_gazebo/include/interfaces_to_gazebo/interfaces_to_gazebo/srv
-- Installing: /home/andre/Desktop/Git/ROS_estudo/Simulacao_ROS2/src/interfaces_to_gazebo/install/interfaces_to_gazebo/include/interfaces_to_gazebo/interfaces_to_gazebo/srv/detail
-- Installing: /home/andre/Desktop/Git/ROS_estudo/Simulacao_ROS2/src/interfaces_to_gazebo/install/interfaces_to_gazebo/include/interfaces_to_gazebo/interfaces_to_gazebo/srv/detail/rqt_laser_scan__functions.h
-- Installing: /home/andre/Desktop/Git/ROS_estudo/Simulacao_ROS2/src/interfaces_to_gazebo/install/interfaces_to_gazebo/include/interfaces_to_gazebo/interfaces_to_gazebo/srv/detail/rqt_laser_scan__type_support.h
-- Installing: /home/andre/Desktop/Git/ROS_estudo/Simulacao_ROS2/src/interfaces_to_gazebo/install/interfaces_to_gazebo/include/interfaces_to_gazebo/interfaces_to_gazebo/srv/detail/rqt_laser_scan__functions.c
-- Installing: /home/andre/Desktop/Git/ROS_estudo/Simulacao_ROS2/src/interfaces_to_gazebo/install/interfaces_to_gazebo/include/interfaces_to_gazebo/interfaces_to_gazebo/srv/detail/rqt_laser_scan__struct.h
-- Installing: /home/andre/Desktop/Git/ROS_estudo/Simulacao_ROS2/src/interfaces_to_gazebo/install/interfaces_to_gazebo/include/interfaces_to_gazebo/interfaces_to_gazebo/srv/rqt_laser_scan.h
-- Installing: /home/andre/Desktop/Git/ROS_estudo/Simulacao_ROS2/src/interfaces_to_gazebo/install/interfaces_to_gazebo/include/interfaces_to_gazebo/interfaces_to_gazebo/msg
-- Installing: /home/andre/Desktop/Git/ROS_estudo/Simulacao_ROS2/src/interfaces_to_gazebo/install/interfaces_to_gazebo/include/interfaces_to_gazebo/interfaces_to_gazebo/msg/rosidl_generator_c__visibility_control.h
-- Installing: /home/andre/Desktop/Git/ROS_estudo/Simulacao_ROS2/src/interfaces_to_gazebo/install/interfaces_to_gazebo/share/interfaces_to_gazebo/environment/library_path.sh
-- Installing: /home/andre/Desktop/Git/ROS_estudo/Simulacao_ROS2/src/interfaces_to_gazebo/install/interfaces_to_gazebo/share/interfaces_to_gazebo/environment/library_path.dsv
-- Installing: /home/andre/Desktop/Git/ROS_estudo/Simulacao_ROS2/src/interfaces_to_gazebo/install/interfaces_to_gazebo/lib/libinterfaces_to_gazebo__rosidl_generator_c.so
-- Set runtime path of "/home/andre/Desktop/Git/ROS_estudo/Simulacao_ROS2/src/interfaces_to_gazebo/install/interfaces_to_gazebo/lib/libinterfaces_to_gazebo__rosidl_generator_c.so" to ""
-- Up-to-date: /home/andre/Desktop/Git/ROS_estudo/Simulacao_ROS2/src/interfaces_to_gazebo/install/interfaces_to_gazebo/include/interfaces_to_gazebo/interfaces_to_gazebo
-- Up-to-date: /home/andre/Desktop/Git/ROS_estudo/Simulacao_ROS2/src/interfaces_to_gazebo/install/interfaces_to_gazebo/include/interfaces_to_gazebo/interfaces_to_gazebo/srv
-- Up-to-date: /home/andre/Desktop/Git/ROS_estudo/Simulacao_ROS2/src/interfaces_to_gazebo/install/interfaces_to_gazebo/include/interfaces_to_gazebo/interfaces_to_gazebo/srv/detail
-- Installing: /home/andre/Desktop/Git/ROS_estudo/Simulacao_ROS2/src/interfaces_to_gazebo/install/interfaces_to_gazebo/include/interfaces_to_gazebo/interfaces_to_gazebo/srv/detail/rqt_laser_scan__rosidl_typesupport_fastrtps_c.h
-- Up-to-date: /home/andre/Desktop/Git/ROS_estudo/Simulacao_ROS2/src/interfaces_to_gazebo/install/interfaces_to_gazebo/include/interfaces_to_gazebo/interfaces_to_gazebo/msg
-- Installing: /home/andre/Desktop/Git/ROS_estudo/Simulacao_ROS2/src/interfaces_to_gazebo/install/interfaces_to_gazebo/include/interfaces_to_gazebo/interfaces_to_gazebo/msg/rosidl_typesupport_fastrtps_c__visibility_control.h
-- Installing: /home/andre/Desktop/Git/ROS_estudo/Simulacao_ROS2/src/interfaces_to_gazebo/install/interfaces_to_gazebo/lib/libinterfaces_to_gazebo__rosidl_typesupport_fastrtps_c.so
-- Set runtime path of "/home/andre/Desktop/Git/ROS_estudo/Simulacao_ROS2/src/interfaces_to_gazebo/install/interfaces_to_gazebo/lib/libinterfaces_to_gazebo__rosidl_typesupport_fastrtps_c.so" to ""
-- Up-to-date: /home/andre/Desktop/Git/ROS_estudo/Simulacao_ROS2/src/interfaces_to_gazebo/install/interfaces_to_gazebo/include/interfaces_to_gazebo/interfaces_to_gazebo
-- Up-to-date: /home/andre/Desktop/Git/ROS_estudo/Simulacao_ROS2/src/interfaces_to_gazebo/install/interfaces_to_gazebo/include/interfaces_to_gazebo/interfaces_to_gazebo/srv
-- Installing: /home/andre/Desktop/Git/ROS_estudo/Simulacao_ROS2/src/interfaces_to_gazebo/install/interfaces_to_gazebo/include/interfaces_to_gazebo/interfaces_to_gazebo/srv/rqt_laser_scan.hpp
-- Up-to-date: /home/andre/Desktop/Git/ROS_estudo/Simulacao_ROS2/src/interfaces_to_gazebo/install/interfaces_to_gazebo/include/interfaces_to_gazebo/interfaces_to_gazebo/srv/detail
-- Installing: /home/andre/Desktop/Git/ROS_estudo/Simulacao_ROS2/src/interfaces_to_gazebo/install/interfaces_to_gazebo/include/interfaces_to_gazebo/interfaces_to_gazebo/srv/detail/rqt_laser_scan__struct.hpp
-- Installing: /home/andre/Desktop/Git/ROS_estudo/Simulacao_ROS2/src/interfaces_to_gazebo/install/interfaces_to_gazebo/include/interfaces_to_gazebo/interfaces_to_gazebo/srv/detail/rqt_laser_scan__builder.hpp
-- Installing: /home/andre/Desktop/Git/ROS_estudo/Simulacao_ROS2/src/interfaces_to_gazebo/install/interfaces_to_gazebo/include/interfaces_to_gazebo/interfaces_to_gazebo/srv/detail/rqt_laser_scan__traits.hpp
-- Up-to-date: /home/andre/Desktop/Git/ROS_estudo/Simulacao_ROS2/src/interfaces_to_gazebo/install/interfaces_to_gazebo/include/interfaces_to_gazebo/interfaces_to_gazebo
-- Up-to-date: /home/andre/Desktop/Git/ROS_estudo/Simulacao_ROS2/src/interfaces_to_gazebo/install/interfaces_to_gazebo/include/interfaces_to_gazebo/interfaces_to_gazebo/srv
-- Up-to-date: /home/andre/Desktop/Git/ROS_estudo/Simulacao_ROS2/src/interfaces_to_gazebo/install/interfaces_to_gazebo/include/interfaces_to_gazebo/interfaces_to_gazebo/srv/detail
-- Installing: /home/andre/Desktop/Git/ROS_estudo/Simulacao_ROS2/src/interfaces_to_gazebo/install/interfaces_to_gazebo/include/interfaces_to_gazebo/interfaces_to_gazebo/srv/detail/rqt_laser_scan__rosidl_typesupport_fastrtps_cpp.hpp
-- Installing: /home/andre/Desktop/Git/ROS_estudo/Simulacao_ROS2/src/interfaces_to_gazebo/install/interfaces_to_gazebo/include/interfaces_to_gazebo/interfaces_to_gazebo/srv/detail/dds_fastrtps
-- Up-to-date: /home/andre/Desktop/Git/ROS_estudo/Simulacao_ROS2/src/interfaces_to_gazebo/install/interfaces_to_gazebo/include/interfaces_to_gazebo/interfaces_to_gazebo/msg
-- Installing: /home/andre/Desktop/Git/ROS_estudo/Simulacao_ROS2/src/interfaces_to_gazebo/install/interfaces_to_gazebo/include/interfaces_to_gazebo/interfaces_to_gazebo/msg/rosidl_typesupport_fastrtps_cpp__visibility_control.h
-- Installing: /home/andre/Desktop/Git/ROS_estudo/Simulacao_ROS2/src/interfaces_to_gazebo/install/interfaces_to_gazebo/lib/libinterfaces_to_gazebo__rosidl_typesupport_fastrtps_cpp.so
-- Set runtime path of "/home/andre/Desktop/Git/ROS_estudo/Simulacao_ROS2/src/interfaces_to_gazebo/install/interfaces_to_gazebo/lib/libinterfaces_to_gazebo__rosidl_typesupport_fastrtps_cpp.so" to ""
-- Up-to-date: /home/andre/Desktop/Git/ROS_estudo/Simulacao_ROS2/src/interfaces_to_gazebo/install/interfaces_to_gazebo/include/interfaces_to_gazebo/interfaces_to_gazebo
-- Up-to-date: /home/andre/Desktop/Git/ROS_estudo/Simulacao_ROS2/src/interfaces_to_gazebo/install/interfaces_to_gazebo/include/interfaces_to_gazebo/interfaces_to_gazebo/srv
-- Up-to-date: /home/andre/Desktop/Git/ROS_estudo/Simulacao_ROS2/src/interfaces_to_gazebo/install/interfaces_to_gazebo/include/interfaces_to_gazebo/interfaces_to_gazebo/srv/detail
-- Installing: /home/andre/Desktop/Git/ROS_estudo/Simulacao_ROS2/src/interfaces_to_gazebo/install/interfaces_to_gazebo/include/interfaces_to_gazebo/interfaces_to_gazebo/srv/detail/rqt_laser_scan__type_support.c
-- Installing: /home/andre/Desktop/Git/ROS_estudo/Simulacao_ROS2/src/interfaces_to_gazebo/install/interfaces_to_gazebo/include/interfaces_to_gazebo/interfaces_to_gazebo/srv/detail/rqt_laser_scan__rosidl_typesupport_introspection_c.h
-- Up-to-date: /home/andre/Desktop/Git/ROS_estudo/Simulacao_ROS2/src/interfaces_to_gazebo/install/interfaces_to_gazebo/include/interfaces_to_gazebo/interfaces_to_gazebo/msg
-- Installing: /home/andre/Desktop/Git/ROS_estudo/Simulacao_ROS2/src/interfaces_to_gazebo/install/interfaces_to_gazebo/include/interfaces_to_gazebo/interfaces_to_gazebo/msg/rosidl_typesupport_introspection_c__visibility_control.h
-- Installing: /home/andre/Desktop/Git/ROS_estudo/Simulacao_ROS2/src/interfaces_to_gazebo/install/interfaces_to_gazebo/lib/libinterfaces_to_gazebo__rosidl_typesupport_introspection_c.so
-- Set runtime path of "/home/andre/Desktop/Git/ROS_estudo/Simulacao_ROS2/src/interfaces_to_gazebo/install/interfaces_to_gazebo/lib/libinterfaces_to_gazebo__rosidl_typesupport_introspection_c.so" to ""
-- Installing: /home/andre/Desktop/Git/ROS_estudo/Simulacao_ROS2/src/interfaces_to_gazebo/install/interfaces_to_gazebo/lib/libinterfaces_to_gazebo__rosidl_typesupport_c.so
-- Set runtime path of "/home/andre/Desktop/Git/ROS_estudo/Simulacao_ROS2/src/interfaces_to_gazebo/install/interfaces_to_gazebo/lib/libinterfaces_to_gazebo__rosidl_typesupport_c.so" to ""
-- Up-to-date: /home/andre/Desktop/Git/ROS_estudo/Simulacao_ROS2/src/interfaces_to_gazebo/install/interfaces_to_gazebo/include/interfaces_to_gazebo/interfaces_to_gazebo
-- Up-to-date: /home/andre/Desktop/Git/ROS_estudo/Simulacao_ROS2/src/interfaces_to_gazebo/install/interfaces_to_gazebo/include/interfaces_to_gazebo/interfaces_to_gazebo/srv
-- Up-to-date: /home/andre/Desktop/Git/ROS_estudo/Simulacao_ROS2/src/interfaces_to_gazebo/install/interfaces_to_gazebo/include/interfaces_to_gazebo/interfaces_to_gazebo/srv/detail
-- Installing: /home/andre/Desktop/Git/ROS_estudo/Simulacao_ROS2/src/interfaces_to_gazebo/install/interfaces_to_gazebo/include/interfaces_to_gazebo/interfaces_to_gazebo/srv/detail/rqt_laser_scan__rosidl_typesupport_introspection_cpp.hpp
-- Installing: /home/andre/Desktop/Git/ROS_estudo/Simulacao_ROS2/src/interfaces_to_gazebo/install/interfaces_to_gazebo/include/interfaces_to_gazebo/interfaces_to_gazebo/srv/detail/rqt_laser_scan__type_support.cpp
-- Installing: /home/andre/Desktop/Git/ROS_estudo/Simulacao_ROS2/src/interfaces_to_gazebo/install/interfaces_to_gazebo/lib/libinterfaces_to_gazebo__rosidl_typesupport_introspection_cpp.so
-- Set runtime path of "/home/andre/Desktop/Git/ROS_estudo/Simulacao_ROS2/src/interfaces_to_gazebo/install/interfaces_to_gazebo/lib/libinterfaces_to_gazebo__rosidl_typesupport_introspection_cpp.so" to ""
-- Installing: /home/andre/Desktop/Git/ROS_estudo/Simulacao_ROS2/src/interfaces_to_gazebo/install/interfaces_to_gazebo/lib/libinterfaces_to_gazebo__rosidl_typesupport_cpp.so
-- Set runtime path of "/home/andre/Desktop/Git/ROS_estudo/Simulacao_ROS2/src/interfaces_to_gazebo/install/interfaces_to_gazebo/lib/libinterfaces_to_gazebo__rosidl_typesupport_cpp.so" to ""
-- Installing: /home/andre/Desktop/Git/ROS_estudo/Simulacao_ROS2/src/interfaces_to_gazebo/install/interfaces_to_gazebo/share/interfaces_to_gazebo/environment/pythonpath.sh
-- Installing: /home/andre/Desktop/Git/ROS_estudo/Simulacao_ROS2/src/interfaces_to_gazebo/install/interfaces_to_gazebo/share/interfaces_to_gazebo/environment/pythonpath.dsv
-- Installing: /home/andre/Desktop/Git/ROS_estudo/Simulacao_ROS2/src/interfaces_to_gazebo/install/interfaces_to_gazebo/local/lib/python3.10/dist-packages/interfaces_to_gazebo-0.0.0-py3.10.egg-info
-- Installing: /home/andre/Desktop/Git/ROS_estudo/Simulacao_ROS2/src/interfaces_to_gazebo/install/interfaces_to_gazebo/local/lib/python3.10/dist-packages/interfaces_to_gazebo-0.0.0-py3.10.egg-info/dependency_links.txt
-- Installing: /home/andre/Desktop/Git/ROS_estudo/Simulacao_ROS2/src/interfaces_to_gazebo/install/interfaces_to_gazebo/local/lib/python3.10/dist-packages/interfaces_to_gazebo-0.0.0-py3.10.egg-info/top_level.txt
-- Installing: /home/andre/Desktop/Git/ROS_estudo/Simulacao_ROS2/src/interfaces_to_gazebo/install/interfaces_to_gazebo/local/lib/python3.10/dist-packages/interfaces_to_gazebo-0.0.0-py3.10.egg-info/PKG-INFO
-- Installing: /home/andre/Desktop/Git/ROS_estudo/Simulacao_ROS2/src/interfaces_to_gazebo/install/interfaces_to_gazebo/local/lib/python3.10/dist-packages/interfaces_to_gazebo-0.0.0-py3.10.egg-info/SOURCES.txt
-- Installing: /home/andre/Desktop/Git/ROS_estudo/Simulacao_ROS2/src/interfaces_to_gazebo/install/interfaces_to_gazebo/local/lib/python3.10/dist-packages/interfaces_to_gazebo
-- Installing: /home/andre/Desktop/Git/ROS_estudo/Simulacao_ROS2/src/interfaces_to_gazebo/install/interfaces_to_gazebo/local/lib/python3.10/dist-packages/interfaces_to_gazebo/srv
-- Installing: /home/andre/Desktop/Git/ROS_estudo/Simulacao_ROS2/src/interfaces_to_gazebo/install/interfaces_to_gazebo/local/lib/python3.10/dist-packages/interfaces_to_gazebo/srv/__init__.py
-- Installing: /home/andre/Desktop/Git/ROS_estudo/Simulacao_ROS2/src/interfaces_to_gazebo/install/interfaces_to_gazebo/local/lib/python3.10/dist-packages/interfaces_to_gazebo/srv/_rqt_laser_scan_s.c
-- Installing: /home/andre/Desktop/Git/ROS_estudo/Simulacao_ROS2/src/interfaces_to_gazebo/install/interfaces_to_gazebo/local/lib/python3.10/dist-packages/interfaces_to_gazebo/srv/_rqt_laser_scan.py
-- Installing: /home/andre/Desktop/Git/ROS_estudo/Simulacao_ROS2/src/interfaces_to_gazebo/install/interfaces_to_gazebo/local/lib/python3.10/dist-packages/interfaces_to_gazebo/interfaces_to_gazebo_s__rosidl_typesupport_introspection_c.cpython-310-x86_64-linux-gnu.so
-- Installing: /home/andre/Desktop/Git/ROS_estudo/Simulacao_ROS2/src/interfaces_to_gazebo/install/interfaces_to_gazebo/local/lib/python3.10/dist-packages/interfaces_to_gazebo/__init__.py
-- Installing: /home/andre/Desktop/Git/ROS_estudo/Simulacao_ROS2/src/interfaces_to_gazebo/install/interfaces_to_gazebo/local/lib/python3.10/dist-packages/interfaces_to_gazebo/libinterfaces_to_gazebo__rosidl_generator_py.so
-- Installing: /home/andre/Desktop/Git/ROS_estudo/Simulacao_ROS2/src/interfaces_to_gazebo/install/interfaces_to_gazebo/local/lib/python3.10/dist-packages/interfaces_to_gazebo/interfaces_to_gazebo_s__rosidl_typesupport_c.cpython-310-x86_64-linux-gnu.so
-- Installing: /home/andre/Desktop/Git/ROS_estudo/Simulacao_ROS2/src/interfaces_to_gazebo/install/interfaces_to_gazebo/local/lib/python3.10/dist-packages/interfaces_to_gazebo/interfaces_to_gazebo_s__rosidl_typesupport_fastrtps_c.cpython-310-x86_64-linux-gnu.so
-- Installing: /home/andre/Desktop/Git/ROS_estudo/Simulacao_ROS2/src/interfaces_to_gazebo/install/interfaces_to_gazebo/local/lib/python3.10/dist-packages/interfaces_to_gazebo/_interfaces_to_gazebo_s.ep.rosidl_typesupport_c.c
-- Installing: /home/andre/Desktop/Git/ROS_estudo/Simulacao_ROS2/src/interfaces_to_gazebo/install/interfaces_to_gazebo/local/lib/python3.10/dist-packages/interfaces_to_gazebo/_interfaces_to_gazebo_s.ep.rosidl_typesupport_fastrtps_c.c
-- Installing: /home/andre/Desktop/Git/ROS_estudo/Simulacao_ROS2/src/interfaces_to_gazebo/install/interfaces_to_gazebo/local/lib/python3.10/dist-packages/interfaces_to_gazebo/_interfaces_to_gazebo_s.ep.rosidl_typesupport_introspection_c.c
Listing '/home/andre/Desktop/Git/ROS_estudo/Simulacao_ROS2/src/interfaces_to_gazebo/install/interfaces_to_gazebo/local/lib/python3.10/dist-packages/interfaces_to_gazebo'...
Compiling '/home/andre/Desktop/Git/ROS_estudo/Simulacao_ROS2/src/interfaces_to_gazebo/install/interfaces_to_gazebo/local/lib/python3.10/dist-packages/interfaces_to_gazebo/__init__.py'...
Listing '/home/andre/Desktop/Git/ROS_estudo/Simulacao_ROS2/src/interfaces_to_gazebo/install/interfaces_to_gazebo/local/lib/python3.10/dist-packages/interfaces_to_gazebo/srv'...
Compiling '/home/andre/Desktop/Git/ROS_estudo/Simulacao_ROS2/src/interfaces_to_gazebo/install/interfaces_to_gazebo/local/lib/python3.10/dist-packages/interfaces_to_gazebo/srv/__init__.py'...
Compiling '/home/andre/Desktop/Git/ROS_estudo/Simulacao_ROS2/src/interfaces_to_gazebo/install/interfaces_to_gazebo/local/lib/python3.10/dist-packages/interfaces_to_gazebo/srv/_rqt_laser_scan.py'...
-- Installing: /home/andre/Desktop/Git/ROS_estudo/Simulacao_ROS2/src/interfaces_to_gazebo/install/interfaces_to_gazebo/local/lib/python3.10/dist-packages/interfaces_to_gazebo/interfaces_to_gazebo_s__rosidl_typesupport_fastrtps_c.cpython-310-x86_64-linux-gnu.so
-- Set runtime path of "/home/andre/Desktop/Git/ROS_estudo/Simulacao_ROS2/src/interfaces_to_gazebo/install/interfaces_to_gazebo/local/lib/python3.10/dist-packages/interfaces_to_gazebo/interfaces_to_gazebo_s__rosidl_typesupport_fastrtps_c.cpython-310-x86_64-linux-gnu.so" to ""
-- Installing: /home/andre/Desktop/Git/ROS_estudo/Simulacao_ROS2/src/interfaces_to_gazebo/install/interfaces_to_gazebo/local/lib/python3.10/dist-packages/interfaces_to_gazebo/interfaces_to_gazebo_s__rosidl_typesupport_introspection_c.cpython-310-x86_64-linux-gnu.so
-- Set runtime path of "/home/andre/Desktop/Git/ROS_estudo/Simulacao_ROS2/src/interfaces_to_gazebo/install/interfaces_to_gazebo/local/lib/python3.10/dist-packages/interfaces_to_gazebo/interfaces_to_gazebo_s__rosidl_typesupport_introspection_c.cpython-310-x86_64-linux-gnu.so" to ""
-- Installing: /home/andre/Desktop/Git/ROS_estudo/Simulacao_ROS2/src/interfaces_to_gazebo/install/interfaces_to_gazebo/local/lib/python3.10/dist-packages/interfaces_to_gazebo/interfaces_to_gazebo_s__rosidl_typesupport_c.cpython-310-x86_64-linux-gnu.so
-- Set runtime path of "/home/andre/Desktop/Git/ROS_estudo/Simulacao_ROS2/src/interfaces_to_gazebo/install/interfaces_to_gazebo/local/lib/python3.10/dist-packages/interfaces_to_gazebo/interfaces_to_gazebo_s__rosidl_typesupport_c.cpython-310-x86_64-linux-gnu.so" to ""
-- Installing: /home/andre/Desktop/Git/ROS_estudo/Simulacao_ROS2/src/interfaces_to_gazebo/install/interfaces_to_gazebo/lib/libinterfaces_to_gazebo__rosidl_generator_py.so
-- Set runtime path of "/home/andre/Desktop/Git/ROS_estudo/Simulacao_ROS2/src/interfaces_to_gazebo/install/interfaces_to_gazebo/lib/libinterfaces_to_gazebo__rosidl_generator_py.so" to ""
-- Installing: /home/andre/Desktop/Git/ROS_estudo/Simulacao_ROS2/src/interfaces_to_gazebo/install/interfaces_to_gazebo/share/interfaces_to_gazebo/srv/RqtLaserScan.idl
-- Installing: /home/andre/Desktop/Git/ROS_estudo/Simulacao_ROS2/src/interfaces_to_gazebo/install/interfaces_to_gazebo/share/interfaces_to_gazebo/srv/RqtLaserScan.srv
-- Installing: /home/andre/Desktop/Git/ROS_estudo/Simulacao_ROS2/src/interfaces_to_gazebo/install/interfaces_to_gazebo/share/interfaces_to_gazebo/srv/RqtLaserScan_Request.msg
-- Installing: /home/andre/Desktop/Git/ROS_estudo/Simulacao_ROS2/src/interfaces_to_gazebo/install/interfaces_to_gazebo/share/interfaces_to_gazebo/srv/RqtLaserScan_Response.msg
-- Installing: /home/andre/Desktop/Git/ROS_estudo/Simulacao_ROS2/src/interfaces_to_gazebo/install/interfaces_to_gazebo/share/ament_index/resource_index/package_run_dependencies/interfaces_to_gazebo
-- Installing: /home/andre/Desktop/Git/ROS_estudo/Simulacao_ROS2/src/interfaces_to_gazebo/install/interfaces_to_gazebo/share/ament_index/resource_index/parent_prefix_path/interfaces_to_gazebo
-- Installing: /home/andre/Desktop/Git/ROS_estudo/Simulacao_ROS2/src/interfaces_to_gazebo/install/interfaces_to_gazebo/share/interfaces_to_gazebo/environment/ament_prefix_path.sh
-- Installing: /home/andre/Desktop/Git/ROS_estudo/Simulacao_ROS2/src/interfaces_to_gazebo/install/interfaces_to_gazebo/share/interfaces_to_gazebo/environment/ament_prefix_path.dsv
-- Installing: /home/andre/Desktop/Git/ROS_estudo/Simulacao_ROS2/src/interfaces_to_gazebo/install/interfaces_to_gazebo/share/interfaces_to_gazebo/environment/path.sh
-- Installing: /home/andre/Desktop/Git/ROS_estudo/Simulacao_ROS2/src/interfaces_to_gazebo/install/interfaces_to_gazebo/share/interfaces_to_gazebo/environment/path.dsv
-- Installing: /home/andre/Desktop/Git/ROS_estudo/Simulacao_ROS2/src/interfaces_to_gazebo/install/interfaces_to_gazebo/share/interfaces_to_gazebo/local_setup.bash
-- Installing: /home/andre/Desktop/Git/ROS_estudo/Simulacao_ROS2/src/interfaces_to_gazebo/install/interfaces_to_gazebo/share/interfaces_to_gazebo/local_setup.sh
-- Installing: /home/andre/Desktop/Git/ROS_estudo/Simulacao_ROS2/src/interfaces_to_gazebo/install/interfaces_to_gazebo/share/interfaces_to_gazebo/local_setup.zsh
-- Installing: /home/andre/Desktop/Git/ROS_estudo/Simulacao_ROS2/src/interfaces_to_gazebo/install/interfaces_to_gazebo/share/interfaces_to_gazebo/local_setup.dsv
-- Installing: /home/andre/Desktop/Git/ROS_estudo/Simulacao_ROS2/src/interfaces_to_gazebo/install/interfaces_to_gazebo/share/interfaces_to_gazebo/package.dsv
-- Installing: /home/andre/Desktop/Git/ROS_estudo/Simulacao_ROS2/src/interfaces_to_gazebo/install/interfaces_to_gazebo/share/ament_index/resource_index/packages/interfaces_to_gazebo
-- Installing: /home/andre/Desktop/Git/ROS_estudo/Simulacao_ROS2/src/interfaces_to_gazebo/install/interfaces_to_gazebo/share/interfaces_to_gazebo/cmake/export_interfaces_to_gazebo__rosidl_generator_cExport.cmake
-- Installing: /home/andre/Desktop/Git/ROS_estudo/Simulacao_ROS2/src/interfaces_to_gazebo/install/interfaces_to_gazebo/share/interfaces_to_gazebo/cmake/export_interfaces_to_gazebo__rosidl_generator_cExport-noconfig.cmake
-- Installing: /home/andre/Desktop/Git/ROS_estudo/Simulacao_ROS2/src/interfaces_to_gazebo/install/interfaces_to_gazebo/share/interfaces_to_gazebo/cmake/export_interfaces_to_gazebo__rosidl_typesupport_fastrtps_cExport.cmake
-- Installing: /home/andre/Desktop/Git/ROS_estudo/Simulacao_ROS2/src/interfaces_to_gazebo/install/interfaces_to_gazebo/share/interfaces_to_gazebo/cmake/export_interfaces_to_gazebo__rosidl_typesupport_fastrtps_cExport-noconfig.cmake
-- Installing: /home/andre/Desktop/Git/ROS_estudo/Simulacao_ROS2/src/interfaces_to_gazebo/install/interfaces_to_gazebo/share/interfaces_to_gazebo/cmake/export_interfaces_to_gazebo__rosidl_generator_cppExport.cmake
-- Installing: /home/andre/Desktop/Git/ROS_estudo/Simulacao_ROS2/src/interfaces_to_gazebo/install/interfaces_to_gazebo/share/interfaces_to_gazebo/cmake/export_interfaces_to_gazebo__rosidl_typesupport_fastrtps_cppExport.cmake
-- Installing: /home/andre/Desktop/Git/ROS_estudo/Simulacao_ROS2/src/interfaces_to_gazebo/install/interfaces_to_gazebo/share/interfaces_to_gazebo/cmake/export_interfaces_to_gazebo__rosidl_typesupport_fastrtps_cppExport-noconfig.cmake
-- Installing: /home/andre/Desktop/Git/ROS_estudo/Simulacao_ROS2/src/interfaces_to_gazebo/install/interfaces_to_gazebo/share/interfaces_to_gazebo/cmake/interfaces_to_gazebo__rosidl_typesupport_introspection_cExport.cmake
-- Installing: /home/andre/Desktop/Git/ROS_estudo/Simulacao_ROS2/src/interfaces_to_gazebo/install/interfaces_to_gazebo/share/interfaces_to_gazebo/cmake/interfaces_to_gazebo__rosidl_typesupport_introspection_cExport-noconfig.cmake
-- Installing: /home/andre/Desktop/Git/ROS_estudo/Simulacao_ROS2/src/interfaces_to_gazebo/install/interfaces_to_gazebo/share/interfaces_to_gazebo/cmake/interfaces_to_gazebo__rosidl_typesupport_cExport.cmake
-- Installing: /home/andre/Desktop/Git/ROS_estudo/Simulacao_ROS2/src/interfaces_to_gazebo/install/interfaces_to_gazebo/share/interfaces_to_gazebo/cmake/interfaces_to_gazebo__rosidl_typesupport_cExport-noconfig.cmake
-- Installing: /home/andre/Desktop/Git/ROS_estudo/Simulacao_ROS2/src/interfaces_to_gazebo/install/interfaces_to_gazebo/share/interfaces_to_gazebo/cmake/interfaces_to_gazebo__rosidl_typesupport_introspection_cppExport.cmake
-- Installing: /home/andre/Desktop/Git/ROS_estudo/Simulacao_ROS2/src/interfaces_to_gazebo/install/interfaces_to_gazebo/share/interfaces_to_gazebo/cmake/interfaces_to_gazebo__rosidl_typesupport_introspection_cppExport-noconfig.cmake
-- Installing: /home/andre/Desktop/Git/ROS_estudo/Simulacao_ROS2/src/interfaces_to_gazebo/install/interfaces_to_gazebo/share/interfaces_to_gazebo/cmake/interfaces_to_gazebo__rosidl_typesupport_cppExport.cmake
-- Installing: /home/andre/Desktop/Git/ROS_estudo/Simulacao_ROS2/src/interfaces_to_gazebo/install/interfaces_to_gazebo/share/interfaces_to_gazebo/cmake/interfaces_to_gazebo__rosidl_typesupport_cppExport-noconfig.cmake
-- Installing: /home/andre/Desktop/Git/ROS_estudo/Simulacao_ROS2/src/interfaces_to_gazebo/install/interfaces_to_gazebo/share/interfaces_to_gazebo/cmake/export_interfaces_to_gazebo__rosidl_generator_pyExport.cmake
-- Installing: /home/andre/Desktop/Git/ROS_estudo/Simulacao_ROS2/src/interfaces_to_gazebo/install/interfaces_to_gazebo/share/interfaces_to_gazebo/cmake/export_interfaces_to_gazebo__rosidl_generator_pyExport-noconfig.cmake
-- Installing: /home/andre/Desktop/Git/ROS_estudo/Simulacao_ROS2/src/interfaces_to_gazebo/install/interfaces_to_gazebo/share/interfaces_to_gazebo/cmake/rosidl_cmake-extras.cmake
-- Installing: /home/andre/Desktop/Git/ROS_estudo/Simulacao_ROS2/src/interfaces_to_gazebo/install/interfaces_to_gazebo/share/interfaces_to_gazebo/cmake/ament_cmake_export_dependencies-extras.cmake
-- Installing: /home/andre/Desktop/Git/ROS_estudo/Simulacao_ROS2/src/interfaces_to_gazebo/install/interfaces_to_gazebo/share/interfaces_to_gazebo/cmake/ament_cmake_export_include_directories-extras.cmake
-- Installing: /home/andre/Desktop/Git/ROS_estudo/Simulacao_ROS2/src/interfaces_to_gazebo/install/interfaces_to_gazebo/share/interfaces_to_gazebo/cmake/ament_cmake_export_libraries-extras.cmake
-- Installing: /home/andre/Desktop/Git/ROS_estudo/Simulacao_ROS2/src/interfaces_to_gazebo/install/interfaces_to_gazebo/share/interfaces_to_gazebo/cmake/ament_cmake_export_targets-extras.cmake
-- Installing: /home/andre/Desktop/Git/ROS_estudo/Simulacao_ROS2/src/interfaces_to_gazebo/install/interfaces_to_gazebo/share/interfaces_to_gazebo/cmake/rosidl_cmake_export_typesupport_targets-extras.cmake
-- Installing: /home/andre/Desktop/Git/ROS_estudo/Simulacao_ROS2/src/interfaces_to_gazebo/install/interfaces_to_gazebo/share/interfaces_to_gazebo/cmake/rosidl_cmake_export_typesupport_libraries-extras.cmake
-- Installing: /home/andre/Desktop/Git/ROS_estudo/Simulacao_ROS2/src/interfaces_to_gazebo/install/interfaces_to_gazebo/share/interfaces_to_gazebo/cmake/interfaces_to_gazeboConfig.cmake
-- Installing: /home/andre/Desktop/Git/ROS_estudo/Simulacao_ROS2/src/interfaces_to_gazebo/install/interfaces_to_gazebo/share/interfaces_to_gazebo/cmake/interfaces_to_gazeboConfig-version.cmake
-- Installing: /home/andre/Desktop/Git/ROS_estudo/Simulacao_ROS2/src/interfaces_to_gazebo/install/interfaces_to_gazebo/share/interfaces_to_gazebo/package.xml
