[1.915s] Invoking command in '/home/andre/Desktop/Git/ROS_estudo/Simulacao_ROS2/src/ros2_gazebo_estudo': PYTHONPATH=/home/andre/Desktop/Git/ROS_estudo/Simulacao_ROS2/build/ros2_gazebo_estudo/prefix_override:/home/andre/Desktop/Git/ROS_estudo/Simulacao_ROS2/install/ros2_gazebo_estudo/lib/python3.10/site-packages:${PYTHONPATH} /usr/bin/python3 setup.py egg_info --egg-base ../../build/ros2_gazebo_estudo build --build-base /home/andre/Desktop/Git/ROS_estudo/Simulacao_ROS2/build/ros2_gazebo_estudo/build install --record /home/andre/Desktop/Git/ROS_estudo/Simulacao_ROS2/build/ros2_gazebo_estudo/install.log --single-version-externally-managed
[2.759s] running egg_info
[2.761s] writing ../../build/ros2_gazebo_estudo/ros2_gazebo_estudo.egg-info/PKG-INFO
[2.762s] writing dependency_links to ../../build/ros2_gazebo_estudo/ros2_gazebo_estudo.egg-info/dependency_links.txt
[2.762s] writing entry points to ../../build/ros2_gazebo_estudo/ros2_gazebo_estudo.egg-info/entry_points.txt
[2.763s] writing requirements to ../../build/ros2_gazebo_estudo/ros2_gazebo_estudo.egg-info/requires.txt
[2.763s] writing top-level names to ../../build/ros2_gazebo_estudo/ros2_gazebo_estudo.egg-info/top_level.txt
[2.768s] reading manifest file '../../build/ros2_gazebo_estudo/ros2_gazebo_estudo.egg-info/SOURCES.txt'
[2.770s] writing manifest file '../../build/ros2_gazebo_estudo/ros2_gazebo_estudo.egg-info/SOURCES.txt'
[2.770s] running build
[2.771s] running build_py
[2.771s] copying ros2_gazebo_estudo/just_pub.py -> /home/andre/Desktop/Git/ROS_estudo/Simulacao_ROS2/build/ros2_gazebo_estudo/build/lib/ros2_gazebo_estudo
[2.771s] running install
[2.772s] /usr/lib/python3/dist-packages/setuptools/command/install.py:34: SetuptoolsDeprecationWarning: setup.py install is deprecated. Use build and pip and other standards-based tools.
[2.772s]   warnings.warn(
[2.773s] running install_lib
[2.775s] copying /home/andre/Desktop/Git/ROS_estudo/Simulacao_ROS2/build/ros2_gazebo_estudo/build/lib/ros2_gazebo_estudo/just_pub.py -> /home/andre/Desktop/Git/ROS_estudo/Simulacao_ROS2/install/ros2_gazebo_estudo/lib/python3.10/site-packages/ros2_gazebo_estudo
[2.776s] byte-compiling /home/andre/Desktop/Git/ROS_estudo/Simulacao_ROS2/install/ros2_gazebo_estudo/lib/python3.10/site-packages/ros2_gazebo_estudo/just_pub.py to just_pub.cpython-310.pyc
[2.778s] running install_data
[2.781s] running install_egg_info
[2.786s] removing '/home/andre/Desktop/Git/ROS_estudo/Simulacao_ROS2/install/ros2_gazebo_estudo/lib/python3.10/site-packages/ros2_gazebo_estudo-0.0.0-py3.10.egg-info' (and everything under it)
[2.788s] Copying ../../build/ros2_gazebo_estudo/ros2_gazebo_estudo.egg-info to /home/andre/Desktop/Git/ROS_estudo/Simulacao_ROS2/install/ros2_gazebo_estudo/lib/python3.10/site-packages/ros2_gazebo_estudo-0.0.0-py3.10.egg-info
[2.792s] running install_scripts
[2.870s] Installing sub_cmd_vel script to /home/andre/Desktop/Git/ROS_estudo/Simulacao_ROS2/install/ros2_gazebo_estudo/lib/ros2_gazebo_estudo
[2.871s] writing list of installed files to '/home/andre/Desktop/Git/ROS_estudo/Simulacao_ROS2/build/ros2_gazebo_estudo/install.log'
[2.944s] Invoked command in '/home/andre/Desktop/Git/ROS_estudo/Simulacao_ROS2/src/ros2_gazebo_estudo' returned '0': PYTHONPATH=/home/andre/Desktop/Git/ROS_estudo/Simulacao_ROS2/build/ros2_gazebo_estudo/prefix_override:/home/andre/Desktop/Git/ROS_estudo/Simulacao_ROS2/install/ros2_gazebo_estudo/lib/python3.10/site-packages:${PYTHONPATH} /usr/bin/python3 setup.py egg_info --egg-base ../../build/ros2_gazebo_estudo build --build-base /home/andre/Desktop/Git/ROS_estudo/Simulacao_ROS2/build/ros2_gazebo_estudo/build install --record /home/andre/Desktop/Git/ROS_estudo/Simulacao_ROS2/build/ros2_gazebo_estudo/install.log --single-version-externally-managed
