[0.028s] Invoking command in '/home/andre/Desktop/Git/ROS_estudo/Service_custom/src/build/tutorial_interfaces': CMAKE_PREFIX_PATH=${CMAKE_PREFIX_PATH}:/home/andre/Desktop/Git/ROS_estudo/Service_custom/src/install/py_srvcli:/opt/ros/humble /usr/bin/cmake /home/andre/Desktop/Git/ROS_estudo/Service_custom/src/tutorial_interfaces -DCMAKE_INSTALL_PREFIX=/home/andre/Desktop/Git/ROS_estudo/Service_custom/src/install/tutorial_interfaces
[0.126s] -- The C compiler identification is GNU 11.3.0
[0.218s] -- The CXX compiler identification is GNU 11.3.0
[0.231s] -- Detecting C compiler ABI info
[0.339s] -- Detecting C compiler ABI info - done
[0.354s] -- Check for working C compiler: /usr/bin/cc - skipped
[0.354s] -- Detecting C compile features
[0.355s] -- Detecting C compile features - done
[0.361s] -- Detecting CXX compiler ABI info
[0.481s] -- Detecting CXX compiler ABI info - done
[0.498s] -- Check for working CXX compiler: /usr/bin/c++ - skipped
[0.499s] -- Detecting CXX compile features
[0.500s] -- Detecting CXX compile features - done
[0.505s] -- Found ament_cmake: 1.3.3 (/opt/ros/humble/share/ament_cmake/cmake)
[0.814s] -- Found Python3: /usr/bin/python3.10 (found version "3.10.6") found components: Interpreter 
[0.990s] -- Found ament_lint_auto: 0.12.4 (/opt/ros/humble/share/ament_lint_auto/cmake)
[1.141s] -- Found geometry_msgs: 4.2.2 (/opt/ros/humble/share/geometry_msgs/cmake)
[1.203s] -- Found rosidl_generator_c: 3.1.4 (/opt/ros/humble/share/rosidl_generator_c/cmake)
[1.214s] -- Found rosidl_adapter: 3.1.4 (/opt/ros/humble/share/rosidl_adapter/cmake)
[1.230s] -- Found rosidl_generator_cpp: 3.1.4 (/opt/ros/humble/share/rosidl_generator_cpp/cmake)
[1.257s] -- Using all available rosidl_typesupport_c: rosidl_typesupport_fastrtps_c;rosidl_typesupport_introspection_c
[1.293s] -- Using all available rosidl_typesupport_cpp: rosidl_typesupport_fastrtps_cpp;rosidl_typesupport_introspection_cpp
[1.556s] -- Found rosidl_default_generators: 1.2.0 (/opt/ros/humble/share/rosidl_default_generators/cmake)
[1.571s] [31mCMake Error at /opt/ros/humble/share/rosidl_cmake/cmake/rosidl_generate_interfaces.cmake:93 (message):
[1.572s]   rosidl_generate_interfaces() the passed file 'msg/Num.msg' doesn't exist
[1.572s]   relative to the CMAKE_CURRENT_SOURCE_DIR
[1.572s]   '/home/andre/Desktop/Git/ROS_estudo/Service_custom/src/tutorial_interfaces'
[1.572s] Call Stack (most recent call first):
[1.573s]   CMakeLists.txt:29 (rosidl_generate_interfaces)
[1.573s] 
[1.573s] [0m
[1.573s] -- Configuring incomplete, errors occurred!
[1.573s] See also "/home/andre/Desktop/Git/ROS_estudo/Service_custom/src/build/tutorial_interfaces/CMakeFiles/CMakeOutput.log".
[1.581s] Invoked command in '/home/andre/Desktop/Git/ROS_estudo/Service_custom/src/build/tutorial_interfaces' returned '1': CMAKE_PREFIX_PATH=${CMAKE_PREFIX_PATH}:/home/andre/Desktop/Git/ROS_estudo/Service_custom/src/install/py_srvcli:/opt/ros/humble /usr/bin/cmake /home/andre/Desktop/Git/ROS_estudo/Service_custom/src/tutorial_interfaces -DCMAKE_INSTALL_PREFIX=/home/andre/Desktop/Git/ROS_estudo/Service_custom/src/install/tutorial_interfaces
