[1.116s] DEBUG:colcon:Command line arguments: ['/usr/bin/colcon', 'build', '--packages-select', 'ros2_gazebo_estudo']
[1.117s] DEBUG:colcon:Parsed command line arguments: Namespace(log_base=None, log_level=None, verb_name='build', build_base='build', install_base='install', merge_install=False, symlink_install=False, test_result_base=None, continue_on_error=False, executor='parallel', parallel_workers=4, event_handlers=None, ignore_user_meta=False, metas=['./colcon.meta'], base_paths=['.'], packages_ignore=None, packages_ignore_regex=None, paths=None, packages_up_to=None, packages_up_to_regex=None, packages_above=None, packages_above_and_dependencies=None, packages_above_depth=None, packages_select_by_dep=None, packages_skip_by_dep=None, packages_skip_up_to=None, packages_select_build_failed=False, packages_skip_build_finished=False, packages_select_test_failures=False, packages_skip_test_passed=False, packages_select=['ros2_gazebo_estudo'], packages_skip=None, packages_select_regex=None, packages_skip_regex=None, packages_start=None, packages_end=None, allow_overriding=[], cmake_args=None, cmake_target=None, cmake_target_skip_unavailable=False, cmake_clean_cache=False, cmake_clean_first=False, cmake_force_configure=False, ament_cmake_args=None, catkin_cmake_args=None, catkin_skip_building_tests=False, verb_parser=<colcon_defaults.argument_parser.defaults.DefaultArgumentsDecorator object at 0x7f97ecd73280>, verb_extension=<colcon_core.verb.build.BuildVerb object at 0x7f97ed4dc070>, main=<bound method BuildVerb.main of <colcon_core.verb.build.BuildVerb object at 0x7f97ed4dc070>>)
[1.203s] Level 1:colcon.colcon_core.package_discovery:discover_packages(colcon_meta) check parameters
[1.203s] Level 1:colcon.colcon_core.package_discovery:discover_packages(recursive) check parameters
[1.203s] Level 1:colcon.colcon_core.package_discovery:discover_packages(ignore) check parameters
[1.203s] Level 1:colcon.colcon_core.package_discovery:discover_packages(path) check parameters
[1.203s] Level 1:colcon.colcon_core.package_discovery:discover_packages(colcon_meta) discover
[1.203s] Level 1:colcon.colcon_core.package_discovery:discover_packages(recursive) discover
[1.204s] INFO:colcon.colcon_core.package_discovery:Crawling recursively for packages in '/home/andre/Desktop/Git/ROS_estudo/Simulacao_ROS2'
[1.204s] Level 1:colcon.colcon_core.package_identification:_identify(.) by extensions ['ignore', 'ignore_ament_install']
[1.204s] Level 1:colcon.colcon_core.package_identification:_identify(.) by extension 'ignore'
[1.204s] Level 1:colcon.colcon_core.package_identification:_identify(.) by extension 'ignore_ament_install'
[1.204s] Level 1:colcon.colcon_core.package_identification:_identify(.) by extensions ['colcon_pkg']
[1.205s] Level 1:colcon.colcon_core.package_identification:_identify(.) by extension 'colcon_pkg'
[1.205s] Level 1:colcon.colcon_core.package_identification:_identify(.) by extensions ['colcon_meta']
[1.205s] Level 1:colcon.colcon_core.package_identification:_identify(.) by extension 'colcon_meta'
[1.205s] Level 1:colcon.colcon_core.package_identification:_identify(.) by extensions ['ros']
[1.205s] Level 1:colcon.colcon_core.package_identification:_identify(.) by extension 'ros'
[1.260s] Level 1:colcon.colcon_core.package_identification:_identify(.) by extensions ['cmake', 'python']
[1.261s] Level 1:colcon.colcon_core.package_identification:_identify(.) by extension 'cmake'
[1.261s] Level 1:colcon.colcon_core.package_identification:_identify(.) by extension 'python'
[1.261s] Level 1:colcon.colcon_core.package_identification:_identify(.) by extensions ['python_setup_py']
[1.261s] Level 1:colcon.colcon_core.package_identification:_identify(.) by extension 'python_setup_py'
[1.262s] Level 1:colcon.colcon_core.package_identification:_identify(build) by extensions ['ignore', 'ignore_ament_install']
[1.262s] Level 1:colcon.colcon_core.package_identification:_identify(build) by extension 'ignore'
[1.262s] Level 1:colcon.colcon_core.package_identification:_identify(build) ignored
[1.263s] Level 1:colcon.colcon_core.package_identification:_identify(install) by extensions ['ignore', 'ignore_ament_install']
[1.263s] Level 1:colcon.colcon_core.package_identification:_identify(install) by extension 'ignore'
[1.263s] Level 1:colcon.colcon_core.package_identification:_identify(install) ignored
[1.264s] Level 1:colcon.colcon_core.package_identification:_identify(log) by extensions ['ignore', 'ignore_ament_install']
[1.264s] Level 1:colcon.colcon_core.package_identification:_identify(log) by extension 'ignore'
[1.264s] Level 1:colcon.colcon_core.package_identification:_identify(log) ignored
[1.265s] Level 1:colcon.colcon_core.package_identification:_identify(src) by extensions ['ignore', 'ignore_ament_install']
[1.265s] Level 1:colcon.colcon_core.package_identification:_identify(src) by extension 'ignore'
[1.265s] Level 1:colcon.colcon_core.package_identification:_identify(src) by extension 'ignore_ament_install'
[1.265s] Level 1:colcon.colcon_core.package_identification:_identify(src) by extensions ['colcon_pkg']
[1.265s] Level 1:colcon.colcon_core.package_identification:_identify(src) by extension 'colcon_pkg'
[1.265s] Level 1:colcon.colcon_core.package_identification:_identify(src) by extensions ['colcon_meta']
[1.266s] Level 1:colcon.colcon_core.package_identification:_identify(src) by extension 'colcon_meta'
[1.266s] Level 1:colcon.colcon_core.package_identification:_identify(src) by extensions ['ros']
[1.266s] Level 1:colcon.colcon_core.package_identification:_identify(src) by extension 'ros'
[1.266s] Level 1:colcon.colcon_core.package_identification:_identify(src) by extensions ['cmake', 'python']
[1.266s] Level 1:colcon.colcon_core.package_identification:_identify(src) by extension 'cmake'
[1.266s] Level 1:colcon.colcon_core.package_identification:_identify(src) by extension 'python'
[1.267s] Level 1:colcon.colcon_core.package_identification:_identify(src) by extensions ['python_setup_py']
[1.267s] Level 1:colcon.colcon_core.package_identification:_identify(src) by extension 'python_setup_py'
[1.267s] Level 1:colcon.colcon_core.package_identification:_identify(src/build) by extensions ['ignore', 'ignore_ament_install']
[1.267s] Level 1:colcon.colcon_core.package_identification:_identify(src/build) by extension 'ignore'
[1.267s] Level 1:colcon.colcon_core.package_identification:_identify(src/build) ignored
[1.267s] Level 1:colcon.colcon_core.package_identification:_identify(src/install) by extensions ['ignore', 'ignore_ament_install']
[1.268s] Level 1:colcon.colcon_core.package_identification:_identify(src/install) by extension 'ignore'
[1.268s] Level 1:colcon.colcon_core.package_identification:_identify(src/install) ignored
[1.268s] Level 1:colcon.colcon_core.package_identification:_identify(src/interfaces_to_gazebo) by extensions ['ignore', 'ignore_ament_install']
[1.268s] Level 1:colcon.colcon_core.package_identification:_identify(src/interfaces_to_gazebo) by extension 'ignore'
[1.268s] Level 1:colcon.colcon_core.package_identification:_identify(src/interfaces_to_gazebo) by extension 'ignore_ament_install'
[1.269s] Level 1:colcon.colcon_core.package_identification:_identify(src/interfaces_to_gazebo) by extensions ['colcon_pkg']
[1.269s] Level 1:colcon.colcon_core.package_identification:_identify(src/interfaces_to_gazebo) by extension 'colcon_pkg'
[1.269s] Level 1:colcon.colcon_core.package_identification:_identify(src/interfaces_to_gazebo) by extensions ['colcon_meta']
[1.269s] Level 1:colcon.colcon_core.package_identification:_identify(src/interfaces_to_gazebo) by extension 'colcon_meta'
[1.269s] Level 1:colcon.colcon_core.package_identification:_identify(src/interfaces_to_gazebo) by extensions ['ros']
[1.269s] Level 1:colcon.colcon_core.package_identification:_identify(src/interfaces_to_gazebo) by extension 'ros'
[1.276s] DEBUG:colcon.colcon_core.package_identification:Package 'src/interfaces_to_gazebo' with type 'ros.ament_cmake' and name 'interfaces_to_gazebo'
[1.277s] Level 1:colcon.colcon_core.package_identification:_identify(src/log) by extensions ['ignore', 'ignore_ament_install']
[1.278s] Level 1:colcon.colcon_core.package_identification:_identify(src/log) by extension 'ignore'
[1.278s] Level 1:colcon.colcon_core.package_identification:_identify(src/log) ignored
[1.278s] Level 1:colcon.colcon_core.package_identification:_identify(src/ros2_gazebo_estudo) by extensions ['ignore', 'ignore_ament_install']
[1.278s] Level 1:colcon.colcon_core.package_identification:_identify(src/ros2_gazebo_estudo) by extension 'ignore'
[1.278s] Level 1:colcon.colcon_core.package_identification:_identify(src/ros2_gazebo_estudo) by extension 'ignore_ament_install'
[1.278s] Level 1:colcon.colcon_core.package_identification:_identify(src/ros2_gazebo_estudo) by extensions ['colcon_pkg']
[1.278s] Level 1:colcon.colcon_core.package_identification:_identify(src/ros2_gazebo_estudo) by extension 'colcon_pkg'
[1.279s] Level 1:colcon.colcon_core.package_identification:_identify(src/ros2_gazebo_estudo) by extensions ['colcon_meta']
[1.279s] Level 1:colcon.colcon_core.package_identification:_identify(src/ros2_gazebo_estudo) by extension 'colcon_meta'
[1.279s] Level 1:colcon.colcon_core.package_identification:_identify(src/ros2_gazebo_estudo) by extensions ['ros']
[1.279s] Level 1:colcon.colcon_core.package_identification:_identify(src/ros2_gazebo_estudo) by extension 'ros'
[1.280s] DEBUG:colcon.colcon_core.package_identification:Package 'src/ros2_gazebo_estudo' with type 'ros.ament_python' and name 'ros2_gazebo_estudo'
[1.280s] Level 1:colcon.colcon_core.package_discovery:discover_packages(recursive) using defaults
[1.280s] Level 1:colcon.colcon_core.package_discovery:discover_packages(ignore) discover
[1.280s] Level 1:colcon.colcon_core.package_discovery:discover_packages(ignore) using defaults
[1.280s] Level 1:colcon.colcon_core.package_discovery:discover_packages(path) discover
[1.280s] Level 1:colcon.colcon_core.package_discovery:discover_packages(path) using defaults
[1.343s] INFO:colcon.colcon_core.package_selection:Skipping not selected package 'interfaces_to_gazebo' in 'src/interfaces_to_gazebo'
[1.346s] Level 1:colcon.colcon_core.package_discovery:discover_packages(prefix_path) check parameters
[1.346s] Level 1:colcon.colcon_core.package_discovery:discover_packages(prefix_path) discover
[1.354s] DEBUG:colcon.colcon_installed_package_information.package_discovery:Found 3 installed packages in /home/andre/Desktop/Git/ROS_estudo/Simulacao_ROS2/install
[1.358s] DEBUG:colcon.colcon_installed_package_information.package_discovery:Found 1 installed packages in /home/andre/Desktop/Git/ROS_estudo/Simulacao_ROS2/src/interfaces_to_gazebo/install
[1.365s] DEBUG:colcon.colcon_installed_package_information.package_discovery:Found 393 installed packages in /opt/ros/humble
[1.372s] Level 1:colcon.colcon_core.package_discovery:discover_packages(prefix_path) using defaults
[1.655s] Level 5:colcon.colcon_core.verb:set package 'ros2_gazebo_estudo' build argument 'cmake_args' from command line to 'None'
[1.655s] Level 5:colcon.colcon_core.verb:set package 'ros2_gazebo_estudo' build argument 'cmake_target' from command line to 'None'
[1.655s] Level 5:colcon.colcon_core.verb:set package 'ros2_gazebo_estudo' build argument 'cmake_target_skip_unavailable' from command line to 'False'
[1.655s] Level 5:colcon.colcon_core.verb:set package 'ros2_gazebo_estudo' build argument 'cmake_clean_cache' from command line to 'False'
[1.655s] Level 5:colcon.colcon_core.verb:set package 'ros2_gazebo_estudo' build argument 'cmake_clean_first' from command line to 'False'
[1.656s] Level 5:colcon.colcon_core.verb:set package 'ros2_gazebo_estudo' build argument 'cmake_force_configure' from command line to 'False'
[1.656s] Level 5:colcon.colcon_core.verb:set package 'ros2_gazebo_estudo' build argument 'ament_cmake_args' from command line to 'None'
[1.656s] Level 5:colcon.colcon_core.verb:set package 'ros2_gazebo_estudo' build argument 'catkin_cmake_args' from command line to 'None'
[1.656s] Level 5:colcon.colcon_core.verb:set package 'ros2_gazebo_estudo' build argument 'catkin_skip_building_tests' from command line to 'False'
[1.656s] DEBUG:colcon.colcon_core.verb:Building package 'ros2_gazebo_estudo' with the following arguments: {'ament_cmake_args': None, 'build_base': '/home/andre/Desktop/Git/ROS_estudo/Simulacao_ROS2/build/ros2_gazebo_estudo', 'catkin_cmake_args': None, 'catkin_skip_building_tests': False, 'cmake_args': None, 'cmake_clean_cache': False, 'cmake_clean_first': False, 'cmake_force_configure': False, 'cmake_target': None, 'cmake_target_skip_unavailable': False, 'install_base': '/home/andre/Desktop/Git/ROS_estudo/Simulacao_ROS2/install/ros2_gazebo_estudo', 'merge_install': False, 'path': '/home/andre/Desktop/Git/ROS_estudo/Simulacao_ROS2/src/ros2_gazebo_estudo', 'symlink_install': False, 'test_result_base': None}
[1.658s] INFO:colcon.colcon_core.executor:Executing jobs using 'parallel' executor
[1.668s] DEBUG:colcon.colcon_parallel_executor.executor.parallel:run_until_complete
[1.669s] INFO:colcon.colcon_ros.task.ament_python.build:Building ROS package in '/home/andre/Desktop/Git/ROS_estudo/Simulacao_ROS2/src/ros2_gazebo_estudo' with build type 'ament_python'
[1.669s] Level 1:colcon.colcon_core.shell:create_environment_hook('ros2_gazebo_estudo', 'ament_prefix_path')
[1.683s] INFO:colcon.colcon_core.plugin_system:Skipping extension 'colcon_core.shell.bat': Not used on non-Windows systems
[1.684s] INFO:colcon.colcon_core.shell:Creating environment hook '/home/andre/Desktop/Git/ROS_estudo/Simulacao_ROS2/install/ros2_gazebo_estudo/share/ros2_gazebo_estudo/hook/ament_prefix_path.ps1'
[1.685s] INFO:colcon.colcon_core.shell:Creating environment descriptor '/home/andre/Desktop/Git/ROS_estudo/Simulacao_ROS2/install/ros2_gazebo_estudo/share/ros2_gazebo_estudo/hook/ament_prefix_path.dsv'
[1.686s] INFO:colcon.colcon_core.shell:Creating environment hook '/home/andre/Desktop/Git/ROS_estudo/Simulacao_ROS2/install/ros2_gazebo_estudo/share/ros2_gazebo_estudo/hook/ament_prefix_path.sh'
[1.693s] INFO:colcon.colcon_core.shell:Skip shell extension 'powershell' for command environment: Not usable outside of PowerShell
[1.693s] DEBUG:colcon.colcon_core.shell:Skip shell extension 'dsv' for command environment
[2.641s] INFO:colcon.colcon_core.task.python.build:Building Python package in '/home/andre/Desktop/Git/ROS_estudo/Simulacao_ROS2/src/ros2_gazebo_estudo'
[2.644s] INFO:colcon.colcon_core.shell:Skip shell extension 'powershell' for command environment: Not usable outside of PowerShell
[2.644s] DEBUG:colcon.colcon_core.shell:Skip shell extension 'dsv' for command environment
[3.726s] DEBUG:colcon.colcon_core.event_handler.log_command:Invoking command in '/home/andre/Desktop/Git/ROS_estudo/Simulacao_ROS2/src/ros2_gazebo_estudo': PYTHONPATH=/home/andre/Desktop/Git/ROS_estudo/Simulacao_ROS2/build/ros2_gazebo_estudo/prefix_override:/home/andre/Desktop/Git/ROS_estudo/Simulacao_ROS2/install/ros2_gazebo_estudo/lib/python3.10/site-packages:${PYTHONPATH} /usr/bin/python3 setup.py egg_info --egg-base ../../build/ros2_gazebo_estudo build --build-base /home/andre/Desktop/Git/ROS_estudo/Simulacao_ROS2/build/ros2_gazebo_estudo/build install --record /home/andre/Desktop/Git/ROS_estudo/Simulacao_ROS2/build/ros2_gazebo_estudo/install.log --single-version-externally-managed
[4.690s] DEBUG:colcon.colcon_core.event_handler.log_command:Invoked command in '/home/andre/Desktop/Git/ROS_estudo/Simulacao_ROS2/src/ros2_gazebo_estudo' returned '0': PYTHONPATH=/home/andre/Desktop/Git/ROS_estudo/Simulacao_ROS2/build/ros2_gazebo_estudo/prefix_override:/home/andre/Desktop/Git/ROS_estudo/Simulacao_ROS2/install/ros2_gazebo_estudo/lib/python3.10/site-packages:${PYTHONPATH} /usr/bin/python3 setup.py egg_info --egg-base ../../build/ros2_gazebo_estudo build --build-base /home/andre/Desktop/Git/ROS_estudo/Simulacao_ROS2/build/ros2_gazebo_estudo/build install --record /home/andre/Desktop/Git/ROS_estudo/Simulacao_ROS2/build/ros2_gazebo_estudo/install.log --single-version-externally-managed
[4.692s] Level 1:colcon.colcon_core.environment:checking '/home/andre/Desktop/Git/ROS_estudo/Simulacao_ROS2/install/ros2_gazebo_estudo' for CMake module files
[4.694s] Level 1:colcon.colcon_core.environment:checking '/home/andre/Desktop/Git/ROS_estudo/Simulacao_ROS2/install/ros2_gazebo_estudo' for CMake config files
[4.696s] Level 1:colcon.colcon_core.environment:checking '/home/andre/Desktop/Git/ROS_estudo/Simulacao_ROS2/install/ros2_gazebo_estudo/lib'
[4.697s] Level 1:colcon.colcon_core.environment:checking '/home/andre/Desktop/Git/ROS_estudo/Simulacao_ROS2/install/ros2_gazebo_estudo/bin'
[4.697s] Level 1:colcon.colcon_core.environment:checking '/home/andre/Desktop/Git/ROS_estudo/Simulacao_ROS2/install/ros2_gazebo_estudo/lib/pkgconfig/ros2_gazebo_estudo.pc'
[4.698s] Level 1:colcon.colcon_core.environment:checking '/home/andre/Desktop/Git/ROS_estudo/Simulacao_ROS2/install/ros2_gazebo_estudo/lib/python3.10/site-packages'
[4.698s] Level 1:colcon.colcon_core.shell:create_environment_hook('ros2_gazebo_estudo', 'pythonpath')
[4.702s] INFO:colcon.colcon_core.shell:Creating environment hook '/home/andre/Desktop/Git/ROS_estudo/Simulacao_ROS2/install/ros2_gazebo_estudo/share/ros2_gazebo_estudo/hook/pythonpath.ps1'
[4.703s] INFO:colcon.colcon_core.shell:Creating environment descriptor '/home/andre/Desktop/Git/ROS_estudo/Simulacao_ROS2/install/ros2_gazebo_estudo/share/ros2_gazebo_estudo/hook/pythonpath.dsv'
[4.704s] INFO:colcon.colcon_core.shell:Creating environment hook '/home/andre/Desktop/Git/ROS_estudo/Simulacao_ROS2/install/ros2_gazebo_estudo/share/ros2_gazebo_estudo/hook/pythonpath.sh'
[4.705s] Level 1:colcon.colcon_core.environment:checking '/home/andre/Desktop/Git/ROS_estudo/Simulacao_ROS2/install/ros2_gazebo_estudo/bin'
[4.706s] Level 1:colcon.colcon_core.environment:create_environment_scripts_only(ros2_gazebo_estudo)
[4.710s] INFO:colcon.colcon_core.shell:Creating package script '/home/andre/Desktop/Git/ROS_estudo/Simulacao_ROS2/install/ros2_gazebo_estudo/share/ros2_gazebo_estudo/package.ps1'
[4.713s] INFO:colcon.colcon_core.shell:Creating package descriptor '/home/andre/Desktop/Git/ROS_estudo/Simulacao_ROS2/install/ros2_gazebo_estudo/share/ros2_gazebo_estudo/package.dsv'
[4.715s] INFO:colcon.colcon_core.shell:Creating package script '/home/andre/Desktop/Git/ROS_estudo/Simulacao_ROS2/install/ros2_gazebo_estudo/share/ros2_gazebo_estudo/package.sh'
[4.717s] INFO:colcon.colcon_core.shell:Creating package script '/home/andre/Desktop/Git/ROS_estudo/Simulacao_ROS2/install/ros2_gazebo_estudo/share/ros2_gazebo_estudo/package.bash'
[4.719s] INFO:colcon.colcon_core.shell:Creating package script '/home/andre/Desktop/Git/ROS_estudo/Simulacao_ROS2/install/ros2_gazebo_estudo/share/ros2_gazebo_estudo/package.zsh'
[4.721s] Level 1:colcon.colcon_core.environment:create_file_with_runtime_dependencies(/home/andre/Desktop/Git/ROS_estudo/Simulacao_ROS2/install/ros2_gazebo_estudo/share/colcon-core/packages/ros2_gazebo_estudo)
[4.722s] DEBUG:colcon.colcon_parallel_executor.executor.parallel:closing loop
[4.723s] DEBUG:colcon.colcon_parallel_executor.executor.parallel:loop closed
[4.724s] DEBUG:colcon.colcon_parallel_executor.executor.parallel:run_until_complete finished with '0'
[4.725s] DEBUG:colcon.colcon_core.event_reactor:joining thread
[4.740s] INFO:colcon.colcon_core.plugin_system:Skipping extension 'colcon_notification.desktop_notification.terminal_notifier': Not used on non-Darwin systems
[4.741s] INFO:colcon.colcon_core.plugin_system:Skipping extension 'colcon_notification.desktop_notification.win32': Not used on non-Windows systems
[4.741s] INFO:colcon.colcon_notification.desktop_notification:Sending desktop notification using 'notify2'
[4.778s] DEBUG:colcon.colcon_core.event_reactor:joined thread
[4.784s] INFO:colcon.colcon_core.shell:Creating prefix script '/home/andre/Desktop/Git/ROS_estudo/Simulacao_ROS2/install/local_setup.ps1'
[4.786s] INFO:colcon.colcon_core.shell:Creating prefix util module '/home/andre/Desktop/Git/ROS_estudo/Simulacao_ROS2/install/_local_setup_util_ps1.py'
[4.793s] INFO:colcon.colcon_core.shell:Creating prefix chain script '/home/andre/Desktop/Git/ROS_estudo/Simulacao_ROS2/install/setup.ps1'
[4.801s] INFO:colcon.colcon_core.shell:Creating prefix script '/home/andre/Desktop/Git/ROS_estudo/Simulacao_ROS2/install/local_setup.sh'
[4.803s] INFO:colcon.colcon_core.shell:Creating prefix util module '/home/andre/Desktop/Git/ROS_estudo/Simulacao_ROS2/install/_local_setup_util_sh.py'
[4.805s] INFO:colcon.colcon_core.shell:Creating prefix chain script '/home/andre/Desktop/Git/ROS_estudo/Simulacao_ROS2/install/setup.sh'
[4.810s] INFO:colcon.colcon_core.shell:Creating prefix script '/home/andre/Desktop/Git/ROS_estudo/Simulacao_ROS2/install/local_setup.bash'
[4.812s] INFO:colcon.colcon_core.shell:Creating prefix chain script '/home/andre/Desktop/Git/ROS_estudo/Simulacao_ROS2/install/setup.bash'
[4.817s] INFO:colcon.colcon_core.shell:Creating prefix script '/home/andre/Desktop/Git/ROS_estudo/Simulacao_ROS2/install/local_setup.zsh'
[4.819s] INFO:colcon.colcon_core.shell:Creating prefix chain script '/home/andre/Desktop/Git/ROS_estudo/Simulacao_ROS2/install/setup.zsh'
