[1.092s] Invoking command in '/home/andre/Documents/codes/ros/Service_simples/py_srvcli': PYTHONPATH=/home/andre/Documents/codes/ros/Service_simples/build/py_srvcli/prefix_override:/home/andre/Documents/codes/ros/Service_simples/install/py_srvcli/lib/python3.10/site-packages:${PYTHONPATH} /usr/bin/python3 setup.py egg_info --egg-base ../build/py_srvcli build --build-base /home/andre/Documents/codes/ros/Service_simples/build/py_srvcli/build install --record /home/andre/Documents/codes/ros/Service_simples/build/py_srvcli/install.log --single-version-externally-managed
[1.525s] running egg_info
[1.526s] writing ../build/py_srvcli/py_srvcli.egg-info/PKG-INFO
[1.526s] writing dependency_links to ../build/py_srvcli/py_srvcli.egg-info/dependency_links.txt
[1.527s] writing entry points to ../build/py_srvcli/py_srvcli.egg-info/entry_points.txt
[1.527s] writing requirements to ../build/py_srvcli/py_srvcli.egg-info/requires.txt
[1.527s] writing top-level names to ../build/py_srvcli/py_srvcli.egg-info/top_level.txt
[1.532s] reading manifest file '../build/py_srvcli/py_srvcli.egg-info/SOURCES.txt'
[1.547s] writing manifest file '../build/py_srvcli/py_srvcli.egg-info/SOURCES.txt'
[1.548s] running build
[1.548s] running build_py
[1.548s] running install
[1.549s] /usr/lib/python3/dist-packages/setuptools/command/install.py:34: SetuptoolsDeprecationWarning: setup.py install is deprecated. Use build and pip and other standards-based tools.
[1.549s]   warnings.warn(
[1.549s] running install_lib
[1.551s] running install_data
[1.552s] running install_egg_info
[1.555s] removing '/home/andre/Documents/codes/ros/Service_simples/install/py_srvcli/lib/python3.10/site-packages/py_srvcli-0.0.0-py3.10.egg-info' (and everything under it)
[1.555s] Copying ../build/py_srvcli/py_srvcli.egg-info to /home/andre/Documents/codes/ros/Service_simples/install/py_srvcli/lib/python3.10/site-packages/py_srvcli-0.0.0-py3.10.egg-info
[1.557s] running install_scripts
[1.591s] Installing client script to /home/andre/Documents/codes/ros/Service_simples/install/py_srvcli/lib/py_srvcli
[1.592s] Installing service script to /home/andre/Documents/codes/ros/Service_simples/install/py_srvcli/lib/py_srvcli
[1.592s] writing list of installed files to '/home/andre/Documents/codes/ros/Service_simples/build/py_srvcli/install.log'
[1.639s] Invoked command in '/home/andre/Documents/codes/ros/Service_simples/py_srvcli' returned '0': PYTHONPATH=/home/andre/Documents/codes/ros/Service_simples/build/py_srvcli/prefix_override:/home/andre/Documents/codes/ros/Service_simples/install/py_srvcli/lib/python3.10/site-packages:${PYTHONPATH} /usr/bin/python3 setup.py egg_info --egg-base ../build/py_srvcli build --build-base /home/andre/Documents/codes/ros/Service_simples/build/py_srvcli/build install --record /home/andre/Documents/codes/ros/Service_simples/build/py_srvcli/install.log --single-version-externally-managed
