[1.552s] DEBUG:colcon:Command line arguments: ['/usr/bin/colcon', 'build', '--packages-select', 'ros2_gazebo_estudo']
[1.552s] DEBUG:colcon:Parsed command line arguments: Namespace(log_base=None, log_level=None, verb_name='build', build_base='build', install_base='install', merge_install=False, symlink_install=False, test_result_base=None, continue_on_error=False, executor='parallel', parallel_workers=4, event_handlers=None, ignore_user_meta=False, metas=['./colcon.meta'], base_paths=['.'], packages_ignore=None, packages_ignore_regex=None, paths=None, packages_up_to=None, packages_up_to_regex=None, packages_above=None, packages_above_and_dependencies=None, packages_above_depth=None, packages_select_by_dep=None, packages_skip_by_dep=None, packages_skip_up_to=None, packages_select_build_failed=False, packages_skip_build_finished=False, packages_select_test_failures=False, packages_skip_test_passed=False, packages_select=['ros2_gazebo_estudo'], packages_skip=None, packages_select_regex=None, packages_skip_regex=None, packages_start=None, packages_end=None, allow_overriding=[], cmake_args=None, cmake_target=None, cmake_target_skip_unavailable=False, cmake_clean_cache=False, cmake_clean_first=False, cmake_force_configure=False, ament_cmake_args=None, catkin_cmake_args=None, catkin_skip_building_tests=False, verb_parser=<colcon_defaults.argument_parser.defaults.DefaultArgumentsDecorator object at 0x7f2423507070>, verb_extension=<colcon_core.verb.build.BuildVerb object at 0x7f2423c682e0>, main=<bound method BuildVerb.main of <colcon_core.verb.build.BuildVerb object at 0x7f2423c682e0>>)
[1.687s] Level 1:colcon.colcon_core.package_discovery:discover_packages(colcon_meta) check parameters
[1.687s] Level 1:colcon.colcon_core.package_discovery:discover_packages(recursive) check parameters
[1.689s] Level 1:colcon.colcon_core.package_discovery:discover_packages(ignore) check parameters
[1.689s] Level 1:colcon.colcon_core.package_discovery:discover_packages(path) check parameters
[1.689s] Level 1:colcon.colcon_core.package_discovery:discover_packages(colcon_meta) discover
[1.693s] Level 1:colcon.colcon_core.package_discovery:discover_packages(recursive) discover
[1.693s] INFO:colcon.colcon_core.package_discovery:Crawling recursively for packages in '/home/andre/Desktop/Git/ROS_estudo/Simulacao_ROS2/src'
[1.693s] Level 1:colcon.colcon_core.package_identification:_identify(.) by extensions ['ignore', 'ignore_ament_install']
[1.694s] Level 1:colcon.colcon_core.package_identification:_identify(.) by extension 'ignore'
[1.694s] Level 1:colcon.colcon_core.package_identification:_identify(.) by extension 'ignore_ament_install'
[1.694s] Level 1:colcon.colcon_core.package_identification:_identify(.) by extensions ['colcon_pkg']
[1.694s] Level 1:colcon.colcon_core.package_identification:_identify(.) by extension 'colcon_pkg'
[1.694s] Level 1:colcon.colcon_core.package_identification:_identify(.) by extensions ['colcon_meta']
[1.694s] Level 1:colcon.colcon_core.package_identification:_identify(.) by extension 'colcon_meta'
[1.695s] Level 1:colcon.colcon_core.package_identification:_identify(.) by extensions ['ros']
[1.695s] Level 1:colcon.colcon_core.package_identification:_identify(.) by extension 'ros'
[1.754s] Level 1:colcon.colcon_core.package_identification:_identify(.) by extensions ['cmake', 'python']
[1.754s] Level 1:colcon.colcon_core.package_identification:_identify(.) by extension 'cmake'
[1.754s] Level 1:colcon.colcon_core.package_identification:_identify(.) by extension 'python'
[1.755s] Level 1:colcon.colcon_core.package_identification:_identify(.) by extensions ['python_setup_py']
[1.755s] Level 1:colcon.colcon_core.package_identification:_identify(.) by extension 'python_setup_py'
[1.755s] Level 1:colcon.colcon_core.package_identification:_identify(build) by extensions ['ignore', 'ignore_ament_install']
[1.755s] Level 1:colcon.colcon_core.package_identification:_identify(build) by extension 'ignore'
[1.755s] Level 1:colcon.colcon_core.package_identification:_identify(build) ignored
[1.756s] Level 1:colcon.colcon_core.package_identification:_identify(install) by extensions ['ignore', 'ignore_ament_install']
[1.756s] Level 1:colcon.colcon_core.package_identification:_identify(install) by extension 'ignore'
[1.757s] Level 1:colcon.colcon_core.package_identification:_identify(install) ignored
[1.757s] Level 1:colcon.colcon_core.package_identification:_identify(interfaces_to_gazebo) by extensions ['ignore', 'ignore_ament_install']
[1.757s] Level 1:colcon.colcon_core.package_identification:_identify(interfaces_to_gazebo) by extension 'ignore'
[1.757s] Level 1:colcon.colcon_core.package_identification:_identify(interfaces_to_gazebo) by extension 'ignore_ament_install'
[1.758s] Level 1:colcon.colcon_core.package_identification:_identify(interfaces_to_gazebo) by extensions ['colcon_pkg']
[1.758s] Level 1:colcon.colcon_core.package_identification:_identify(interfaces_to_gazebo) by extension 'colcon_pkg'
[1.758s] Level 1:colcon.colcon_core.package_identification:_identify(interfaces_to_gazebo) by extensions ['colcon_meta']
[1.758s] Level 1:colcon.colcon_core.package_identification:_identify(interfaces_to_gazebo) by extension 'colcon_meta'
[1.758s] Level 1:colcon.colcon_core.package_identification:_identify(interfaces_to_gazebo) by extensions ['ros']
[1.758s] Level 1:colcon.colcon_core.package_identification:_identify(interfaces_to_gazebo) by extension 'ros'
[1.766s] DEBUG:colcon.colcon_core.package_identification:Package 'interfaces_to_gazebo' with type 'ros.ament_cmake' and name 'interfaces_to_gazebo'
[1.767s] Level 1:colcon.colcon_core.package_identification:_identify(log) by extensions ['ignore', 'ignore_ament_install']
[1.767s] Level 1:colcon.colcon_core.package_identification:_identify(log) by extension 'ignore'
[1.767s] Level 1:colcon.colcon_core.package_identification:_identify(log) ignored
[1.768s] Level 1:colcon.colcon_core.package_identification:_identify(ros2_gazebo_estudo) by extensions ['ignore', 'ignore_ament_install']
[1.768s] Level 1:colcon.colcon_core.package_identification:_identify(ros2_gazebo_estudo) by extension 'ignore'
[1.769s] Level 1:colcon.colcon_core.package_identification:_identify(ros2_gazebo_estudo) by extension 'ignore_ament_install'
[1.769s] Level 1:colcon.colcon_core.package_identification:_identify(ros2_gazebo_estudo) by extensions ['colcon_pkg']
[1.769s] Level 1:colcon.colcon_core.package_identification:_identify(ros2_gazebo_estudo) by extension 'colcon_pkg'
[1.769s] Level 1:colcon.colcon_core.package_identification:_identify(ros2_gazebo_estudo) by extensions ['colcon_meta']
[1.769s] Level 1:colcon.colcon_core.package_identification:_identify(ros2_gazebo_estudo) by extension 'colcon_meta'
[1.770s] Level 1:colcon.colcon_core.package_identification:_identify(ros2_gazebo_estudo) by extensions ['ros']
[1.770s] Level 1:colcon.colcon_core.package_identification:_identify(ros2_gazebo_estudo) by extension 'ros'
[1.771s] DEBUG:colcon.colcon_core.package_identification:Package 'ros2_gazebo_estudo' with type 'ros.ament_python' and name 'ros2_gazebo_estudo'
[1.772s] Level 1:colcon.colcon_core.package_discovery:discover_packages(recursive) using defaults
[1.772s] Level 1:colcon.colcon_core.package_discovery:discover_packages(ignore) discover
[1.772s] Level 1:colcon.colcon_core.package_discovery:discover_packages(ignore) using defaults
[1.772s] Level 1:colcon.colcon_core.package_discovery:discover_packages(path) discover
[1.772s] Level 1:colcon.colcon_core.package_discovery:discover_packages(path) using defaults
[1.870s] INFO:colcon.colcon_core.package_selection:Skipping not selected package 'interfaces_to_gazebo' in 'interfaces_to_gazebo'
[1.873s] Level 1:colcon.colcon_core.package_discovery:discover_packages(prefix_path) check parameters
[1.873s] Level 1:colcon.colcon_core.package_discovery:discover_packages(prefix_path) discover
[1.879s] DEBUG:colcon.colcon_installed_package_information.package_discovery:Found 2 installed packages in /home/andre/Desktop/Git/ROS_estudo/Simulacao_ROS2/src/install
[1.884s] DEBUG:colcon.colcon_installed_package_information.package_discovery:Found 393 installed packages in /opt/ros/humble
[1.893s] Level 1:colcon.colcon_core.package_discovery:discover_packages(prefix_path) using defaults
[2.260s] Level 5:colcon.colcon_core.verb:set package 'ros2_gazebo_estudo' build argument 'cmake_args' from command line to 'None'
[2.261s] Level 5:colcon.colcon_core.verb:set package 'ros2_gazebo_estudo' build argument 'cmake_target' from command line to 'None'
[2.261s] Level 5:colcon.colcon_core.verb:set package 'ros2_gazebo_estudo' build argument 'cmake_target_skip_unavailable' from command line to 'False'
[2.262s] Level 5:colcon.colcon_core.verb:set package 'ros2_gazebo_estudo' build argument 'cmake_clean_cache' from command line to 'False'
[2.262s] Level 5:colcon.colcon_core.verb:set package 'ros2_gazebo_estudo' build argument 'cmake_clean_first' from command line to 'False'
[2.262s] Level 5:colcon.colcon_core.verb:set package 'ros2_gazebo_estudo' build argument 'cmake_force_configure' from command line to 'False'
[2.262s] Level 5:colcon.colcon_core.verb:set package 'ros2_gazebo_estudo' build argument 'ament_cmake_args' from command line to 'None'
[2.262s] Level 5:colcon.colcon_core.verb:set package 'ros2_gazebo_estudo' build argument 'catkin_cmake_args' from command line to 'None'
[2.262s] Level 5:colcon.colcon_core.verb:set package 'ros2_gazebo_estudo' build argument 'catkin_skip_building_tests' from command line to 'False'
[2.262s] DEBUG:colcon.colcon_core.verb:Building package 'ros2_gazebo_estudo' with the following arguments: {'ament_cmake_args': None, 'build_base': '/home/andre/Desktop/Git/ROS_estudo/Simulacao_ROS2/src/build/ros2_gazebo_estudo', 'catkin_cmake_args': None, 'catkin_skip_building_tests': False, 'cmake_args': None, 'cmake_clean_cache': False, 'cmake_clean_first': False, 'cmake_force_configure': False, 'cmake_target': None, 'cmake_target_skip_unavailable': False, 'install_base': '/home/andre/Desktop/Git/ROS_estudo/Simulacao_ROS2/src/install/ros2_gazebo_estudo', 'merge_install': False, 'path': '/home/andre/Desktop/Git/ROS_estudo/Simulacao_ROS2/src/ros2_gazebo_estudo', 'symlink_install': False, 'test_result_base': None}
[2.264s] INFO:colcon.colcon_core.executor:Executing jobs using 'parallel' executor
[2.282s] DEBUG:colcon.colcon_parallel_executor.executor.parallel:run_until_complete
[2.283s] INFO:colcon.colcon_ros.task.ament_python.build:Building ROS package in '/home/andre/Desktop/Git/ROS_estudo/Simulacao_ROS2/src/ros2_gazebo_estudo' with build type 'ament_python'
[2.283s] Level 1:colcon.colcon_core.shell:create_environment_hook('ros2_gazebo_estudo', 'ament_prefix_path')
[2.310s] INFO:colcon.colcon_core.plugin_system:Skipping extension 'colcon_core.shell.bat': Not used on non-Windows systems
[2.312s] INFO:colcon.colcon_core.shell:Creating environment hook '/home/andre/Desktop/Git/ROS_estudo/Simulacao_ROS2/src/install/ros2_gazebo_estudo/share/ros2_gazebo_estudo/hook/ament_prefix_path.ps1'
[2.315s] INFO:colcon.colcon_core.shell:Creating environment descriptor '/home/andre/Desktop/Git/ROS_estudo/Simulacao_ROS2/src/install/ros2_gazebo_estudo/share/ros2_gazebo_estudo/hook/ament_prefix_path.dsv'
[2.319s] INFO:colcon.colcon_core.shell:Creating environment hook '/home/andre/Desktop/Git/ROS_estudo/Simulacao_ROS2/src/install/ros2_gazebo_estudo/share/ros2_gazebo_estudo/hook/ament_prefix_path.sh'
[2.327s] INFO:colcon.colcon_core.shell:Skip shell extension 'powershell' for command environment: Not usable outside of PowerShell
[2.327s] DEBUG:colcon.colcon_core.shell:Skip shell extension 'dsv' for command environment
[3.585s] INFO:colcon.colcon_core.task.python.build:Building Python package in '/home/andre/Desktop/Git/ROS_estudo/Simulacao_ROS2/src/ros2_gazebo_estudo'
[3.590s] INFO:colcon.colcon_core.shell:Skip shell extension 'powershell' for command environment: Not usable outside of PowerShell
[3.591s] DEBUG:colcon.colcon_core.shell:Skip shell extension 'dsv' for command environment
[5.278s] DEBUG:colcon.colcon_core.event_handler.log_command:Invoking command in '/home/andre/Desktop/Git/ROS_estudo/Simulacao_ROS2/src/ros2_gazebo_estudo': PYTHONPATH=/home/andre/Desktop/Git/ROS_estudo/Simulacao_ROS2/src/build/ros2_gazebo_estudo/prefix_override:/home/andre/Desktop/Git/ROS_estudo/Simulacao_ROS2/src/install/ros2_gazebo_estudo/lib/python3.10/site-packages:${PYTHONPATH} /usr/bin/python3 setup.py egg_info --egg-base ../build/ros2_gazebo_estudo build --build-base /home/andre/Desktop/Git/ROS_estudo/Simulacao_ROS2/src/build/ros2_gazebo_estudo/build install --record /home/andre/Desktop/Git/ROS_estudo/Simulacao_ROS2/src/build/ros2_gazebo_estudo/install.log --single-version-externally-managed
[6.740s] DEBUG:colcon.colcon_core.event_handler.log_command:Invoked command in '/home/andre/Desktop/Git/ROS_estudo/Simulacao_ROS2/src/ros2_gazebo_estudo' returned '0': PYTHONPATH=/home/andre/Desktop/Git/ROS_estudo/Simulacao_ROS2/src/build/ros2_gazebo_estudo/prefix_override:/home/andre/Desktop/Git/ROS_estudo/Simulacao_ROS2/src/install/ros2_gazebo_estudo/lib/python3.10/site-packages:${PYTHONPATH} /usr/bin/python3 setup.py egg_info --egg-base ../build/ros2_gazebo_estudo build --build-base /home/andre/Desktop/Git/ROS_estudo/Simulacao_ROS2/src/build/ros2_gazebo_estudo/build install --record /home/andre/Desktop/Git/ROS_estudo/Simulacao_ROS2/src/build/ros2_gazebo_estudo/install.log --single-version-externally-managed
[6.755s] Level 1:colcon.colcon_core.environment:checking '/home/andre/Desktop/Git/ROS_estudo/Simulacao_ROS2/src/install/ros2_gazebo_estudo' for CMake module files
[6.756s] Level 1:colcon.colcon_core.environment:checking '/home/andre/Desktop/Git/ROS_estudo/Simulacao_ROS2/src/install/ros2_gazebo_estudo' for CMake config files
[6.783s] Level 1:colcon.colcon_core.environment:checking '/home/andre/Desktop/Git/ROS_estudo/Simulacao_ROS2/src/install/ros2_gazebo_estudo/lib'
[6.784s] Level 1:colcon.colcon_core.environment:checking '/home/andre/Desktop/Git/ROS_estudo/Simulacao_ROS2/src/install/ros2_gazebo_estudo/bin'
[6.784s] Level 1:colcon.colcon_core.environment:checking '/home/andre/Desktop/Git/ROS_estudo/Simulacao_ROS2/src/install/ros2_gazebo_estudo/lib/pkgconfig/ros2_gazebo_estudo.pc'
[6.785s] Level 1:colcon.colcon_core.environment:checking '/home/andre/Desktop/Git/ROS_estudo/Simulacao_ROS2/src/install/ros2_gazebo_estudo/lib/python3.10/site-packages'
[6.785s] Level 1:colcon.colcon_core.shell:create_environment_hook('ros2_gazebo_estudo', 'pythonpath')
[6.791s] INFO:colcon.colcon_core.shell:Creating environment hook '/home/andre/Desktop/Git/ROS_estudo/Simulacao_ROS2/src/install/ros2_gazebo_estudo/share/ros2_gazebo_estudo/hook/pythonpath.ps1'
[6.793s] INFO:colcon.colcon_core.shell:Creating environment descriptor '/home/andre/Desktop/Git/ROS_estudo/Simulacao_ROS2/src/install/ros2_gazebo_estudo/share/ros2_gazebo_estudo/hook/pythonpath.dsv'
[6.794s] INFO:colcon.colcon_core.shell:Creating environment hook '/home/andre/Desktop/Git/ROS_estudo/Simulacao_ROS2/src/install/ros2_gazebo_estudo/share/ros2_gazebo_estudo/hook/pythonpath.sh'
[6.796s] Level 1:colcon.colcon_core.environment:checking '/home/andre/Desktop/Git/ROS_estudo/Simulacao_ROS2/src/install/ros2_gazebo_estudo/bin'
[6.796s] Level 1:colcon.colcon_core.environment:create_environment_scripts_only(ros2_gazebo_estudo)
[6.805s] INFO:colcon.colcon_core.shell:Creating package script '/home/andre/Desktop/Git/ROS_estudo/Simulacao_ROS2/src/install/ros2_gazebo_estudo/share/ros2_gazebo_estudo/package.ps1'
[6.809s] INFO:colcon.colcon_core.shell:Creating package descriptor '/home/andre/Desktop/Git/ROS_estudo/Simulacao_ROS2/src/install/ros2_gazebo_estudo/share/ros2_gazebo_estudo/package.dsv'
[6.812s] INFO:colcon.colcon_core.shell:Creating package script '/home/andre/Desktop/Git/ROS_estudo/Simulacao_ROS2/src/install/ros2_gazebo_estudo/share/ros2_gazebo_estudo/package.sh'
[6.817s] INFO:colcon.colcon_core.shell:Creating package script '/home/andre/Desktop/Git/ROS_estudo/Simulacao_ROS2/src/install/ros2_gazebo_estudo/share/ros2_gazebo_estudo/package.bash'
[6.822s] INFO:colcon.colcon_core.shell:Creating package script '/home/andre/Desktop/Git/ROS_estudo/Simulacao_ROS2/src/install/ros2_gazebo_estudo/share/ros2_gazebo_estudo/package.zsh'
[6.826s] Level 1:colcon.colcon_core.environment:create_file_with_runtime_dependencies(/home/andre/Desktop/Git/ROS_estudo/Simulacao_ROS2/src/install/ros2_gazebo_estudo/share/colcon-core/packages/ros2_gazebo_estudo)
[6.827s] DEBUG:colcon.colcon_parallel_executor.executor.parallel:closing loop
[6.827s] DEBUG:colcon.colcon_parallel_executor.executor.parallel:loop closed
[6.828s] DEBUG:colcon.colcon_parallel_executor.executor.parallel:run_until_complete finished with '0'
[6.828s] DEBUG:colcon.colcon_core.event_reactor:joining thread
[6.858s] INFO:colcon.colcon_core.plugin_system:Skipping extension 'colcon_notification.desktop_notification.terminal_notifier': Not used on non-Darwin systems
[6.858s] INFO:colcon.colcon_core.plugin_system:Skipping extension 'colcon_notification.desktop_notification.win32': Not used on non-Windows systems
[6.858s] INFO:colcon.colcon_notification.desktop_notification:Sending desktop notification using 'notify2'
[6.911s] DEBUG:colcon.colcon_core.event_reactor:joined thread
[6.921s] INFO:colcon.colcon_core.shell:Creating prefix script '/home/andre/Desktop/Git/ROS_estudo/Simulacao_ROS2/src/install/local_setup.ps1'
[6.923s] INFO:colcon.colcon_core.shell:Creating prefix util module '/home/andre/Desktop/Git/ROS_estudo/Simulacao_ROS2/src/install/_local_setup_util_ps1.py'
[6.931s] INFO:colcon.colcon_core.shell:Creating prefix chain script '/home/andre/Desktop/Git/ROS_estudo/Simulacao_ROS2/src/install/setup.ps1'
[6.937s] INFO:colcon.colcon_core.shell:Creating prefix script '/home/andre/Desktop/Git/ROS_estudo/Simulacao_ROS2/src/install/local_setup.sh'
[6.940s] INFO:colcon.colcon_core.shell:Creating prefix util module '/home/andre/Desktop/Git/ROS_estudo/Simulacao_ROS2/src/install/_local_setup_util_sh.py'
[6.944s] INFO:colcon.colcon_core.shell:Creating prefix chain script '/home/andre/Desktop/Git/ROS_estudo/Simulacao_ROS2/src/install/setup.sh'
[6.952s] INFO:colcon.colcon_core.shell:Creating prefix script '/home/andre/Desktop/Git/ROS_estudo/Simulacao_ROS2/src/install/local_setup.bash'
[6.954s] INFO:colcon.colcon_core.shell:Creating prefix chain script '/home/andre/Desktop/Git/ROS_estudo/Simulacao_ROS2/src/install/setup.bash'
[6.959s] INFO:colcon.colcon_core.shell:Creating prefix script '/home/andre/Desktop/Git/ROS_estudo/Simulacao_ROS2/src/install/local_setup.zsh'
[6.963s] INFO:colcon.colcon_core.shell:Creating prefix chain script '/home/andre/Desktop/Git/ROS_estudo/Simulacao_ROS2/src/install/setup.zsh'
