[1.309s] Invoking command in '/home/andre/Desktop/Git/ROS_estudo/Estudo/resumo_mod_basico/src/resumo_mod_basico': PYTHONPATH=/home/andre/Desktop/Git/ROS_estudo/Estudo/resumo_mod_basico/src/build/resumo_mod_basico/prefix_override:/home/andre/Desktop/Git/ROS_estudo/Estudo/resumo_mod_basico/src/install/resumo_mod_basico/lib/python3.10/site-packages:${PYTHONPATH} /usr/bin/python3 setup.py egg_info --egg-base ../build/resumo_mod_basico build --build-base /home/andre/Desktop/Git/ROS_estudo/Estudo/resumo_mod_basico/src/build/resumo_mod_basico/build install --record /home/andre/Desktop/Git/ROS_estudo/Estudo/resumo_mod_basico/src/build/resumo_mod_basico/install.log --single-version-externally-managed
[1.771s] running egg_info
[1.772s] writing ../build/resumo_mod_basico/resumo_mod_basico.egg-info/PKG-INFO
[1.773s] writing dependency_links to ../build/resumo_mod_basico/resumo_mod_basico.egg-info/dependency_links.txt
[1.773s] writing entry points to ../build/resumo_mod_basico/resumo_mod_basico.egg-info/entry_points.txt
[1.773s] writing requirements to ../build/resumo_mod_basico/resumo_mod_basico.egg-info/requires.txt
[1.774s] writing top-level names to ../build/resumo_mod_basico/resumo_mod_basico.egg-info/top_level.txt
[1.777s] reading manifest file '../build/resumo_mod_basico/resumo_mod_basico.egg-info/SOURCES.txt'
[1.779s] writing manifest file '../build/resumo_mod_basico/resumo_mod_basico.egg-info/SOURCES.txt'
[1.779s] running build
[1.780s] running build_py
[1.780s] running install
[1.780s] /usr/lib/python3/dist-packages/setuptools/command/install.py:34: SetuptoolsDeprecationWarning: setup.py install is deprecated. Use build and pip and other standards-based tools.
[1.781s]   warnings.warn(
[1.781s] running install_lib
[1.783s] running install_data
[1.784s] running install_egg_info
[1.786s] removing '/home/andre/Desktop/Git/ROS_estudo/Estudo/resumo_mod_basico/src/install/resumo_mod_basico/lib/python3.10/site-packages/resumo_mod_basico-0.0.0-py3.10.egg-info' (and everything under it)
[1.787s] Copying ../build/resumo_mod_basico/resumo_mod_basico.egg-info to /home/andre/Desktop/Git/ROS_estudo/Estudo/resumo_mod_basico/src/install/resumo_mod_basico/lib/python3.10/site-packages/resumo_mod_basico-0.0.0-py3.10.egg-info
[1.789s] running install_scripts
[1.834s] Installing client script to /home/andre/Desktop/Git/ROS_estudo/Estudo/resumo_mod_basico/src/install/resumo_mod_basico/lib/resumo_mod_basico
[1.835s] Installing service script to /home/andre/Desktop/Git/ROS_estudo/Estudo/resumo_mod_basico/src/install/resumo_mod_basico/lib/resumo_mod_basico
[1.835s] writing list of installed files to '/home/andre/Desktop/Git/ROS_estudo/Estudo/resumo_mod_basico/src/build/resumo_mod_basico/install.log'
[1.897s] Invoked command in '/home/andre/Desktop/Git/ROS_estudo/Estudo/resumo_mod_basico/src/resumo_mod_basico' returned '0': PYTHONPATH=/home/andre/Desktop/Git/ROS_estudo/Estudo/resumo_mod_basico/src/build/resumo_mod_basico/prefix_override:/home/andre/Desktop/Git/ROS_estudo/Estudo/resumo_mod_basico/src/install/resumo_mod_basico/lib/python3.10/site-packages:${PYTHONPATH} /usr/bin/python3 setup.py egg_info --egg-base ../build/resumo_mod_basico build --build-base /home/andre/Desktop/Git/ROS_estudo/Estudo/resumo_mod_basico/src/build/resumo_mod_basico/build install --record /home/andre/Desktop/Git/ROS_estudo/Estudo/resumo_mod_basico/src/build/resumo_mod_basico/install.log --single-version-externally-managed
